11/23/2022 3:34:38 PM---Messages--:****************************: ################NEW CONNECTION###############***********************
11/23/2022 3:34:38 PM---Messages--:Connected With   : Database :- TVI_PilotCompany
11/23/2022 3:35:57 PM---Messages--:****************************: ################NEW CONNECTION###############***********************
11/23/2022 3:35:57 PM---Messages--:Connected With   : Database :- TVI_PilotCompany
11/23/2022 3:36:18 PM---Messages--:-#####--Claim ID:- 88093: -------#####--Success Factor ID:- 1611--------
11/23/2022 3:36:18 PM---Messages--:-#####--Claim ID:- 88156: -------#####--Success Factor ID:- 1909--------
11/23/2022 3:36:18 PM---Messages--:-#####--Claim ID:- 87283: -------#####--Success Factor ID:- 1853--------
11/23/2022 3:36:18 PM---Messages--:-#####--Claim ID:- 87121: -------#####--Success Factor ID:- 1853--------
11/23/2022 3:36:18 PM---Messages--:-#####--Claim ID:- 87122: -------#####--Success Factor ID:- 1853--------
11/23/2022 3:36:18 PM---Messages--:-#####--Claim ID:- 87123: -------#####--Success Factor ID:- 1853--------
11/23/2022 3:36:19 PM---Messages--:-#####--Claim ID:- 84907: -------#####--Success Factor ID:- 1853--------
11/23/2022 3:36:19 PM---Messages--:-#####--Claim ID:- 84908: -------#####--Success Factor ID:- 1853--------
11/23/2022 3:36:19 PM---Messages--:-#####--Claim ID:- 82911: -------#####--Success Factor ID:- 1853--------
11/23/2022 3:36:19 PM---Messages--:-#####--Claim ID:- 87872: -------#####--Success Factor ID:- 1905--------
11/23/2022 3:36:19 PM---Messages--:-#####--Claim ID:- 86982: -------#####--Success Factor ID:- 914--------
11/23/2022 3:36:19 PM---Messages--:-#####--Claim ID:- 87061: -------#####--Success Factor ID:- 1980--------
11/23/2022 3:36:19 PM---Messages--:-#####--Claim ID:- 88803: -------#####--Success Factor ID:- 1653--------
11/23/2022 3:36:19 PM---Messages--:-#####--Claim ID:- 87137: -------#####--Success Factor ID:- 1938--------
11/23/2022 3:36:19 PM---Messages--:-#####--Claim ID:- 82539: -------#####--Success Factor ID:- 1229--------
11/23/2022 3:36:19 PM---Messages--:-#####--Claim ID:- 88799: -------#####--Success Factor ID:- 1910--------
11/23/2022 3:36:19 PM---Messages--:-#####--Claim ID:- 87666: -------#####--Success Factor ID:- 1910--------
11/23/2022 3:36:20 PM---Messages--:-#####--Claim ID:- 83631: -------#####--Success Factor ID:- 1655--------
11/23/2022 3:36:20 PM---Messages--:-#####--Claim ID:- 86466: -------#####--Success Factor ID:- 1274--------
11/23/2022 3:36:20 PM---Messages--:-#####--Claim ID:- 87339: -------#####--Success Factor ID:- 1861--------
11/23/2022 3:36:20 PM---Messages--:-#####--Claim ID:- 87340: -------#####--Success Factor ID:- 1861--------
11/23/2022 3:36:20 PM---Messages--:-#####--Claim ID:- 87672: -------#####--Success Factor ID:- 1631--------
11/23/2022 3:36:20 PM---Messages--:-#####--Claim ID:- 88265: -------#####--Success Factor ID:- 1733--------
11/23/2022 3:36:20 PM---Messages--:-#####--Claim ID:- 88448: -------#####--Success Factor ID:- 1397--------
11/23/2022 3:36:20 PM---Messages--:-#####--Claim ID:- 83311: -------#####--Success Factor ID:- 1502--------
11/23/2022 3:36:20 PM---Messages--:-#####--Claim ID:- 82495: -------#####--Success Factor ID:- 1869--------
11/23/2022 3:36:20 PM---Messages--:-#####--Claim ID:- 86489: -------#####--Success Factor ID:- 1869--------
11/23/2022 3:36:20 PM---Messages--:-#####--Claim ID:- 87980: -------#####--Success Factor ID:- 2044--------
11/23/2022 3:36:20 PM---Messages--:-#####--Claim ID:- 87990: -------#####--Success Factor ID:- 2044--------
11/23/2022 3:36:20 PM---Messages--:-#####--Claim ID:- 88327: -------#####--Success Factor ID:- 2044--------
11/23/2022 3:36:20 PM---Messages--:-#####--Claim ID:- 86680: -------#####--Success Factor ID:- 1510--------
11/23/2022 3:36:21 PM---Messages--:-#####--Claim ID:- 87149: -------#####--Success Factor ID:- 1895--------
11/23/2022 3:36:21 PM---Messages--:-#####--Claim ID:- 87417: -------#####--Success Factor ID:- 1994--------
11/23/2022 3:36:21 PM---Messages--:-#####--Claim ID:- 87418: -------#####--Success Factor ID:- 1994--------
11/23/2022 3:36:21 PM---Messages--:-#####--Claim ID:- 87419: -------#####--Success Factor ID:- 1994--------
11/23/2022 3:36:21 PM---Messages--:-#####--Claim ID:- 87420: -------#####--Success Factor ID:- 1994--------
11/23/2022 3:36:21 PM---Messages--:-#####--Claim ID:- 87877: -------#####--Success Factor ID:- 2067--------
11/23/2022 3:36:21 PM---Messages--:-#####--Claim ID:- 86823: -------#####--Success Factor ID:- 1410--------
11/23/2022 3:36:21 PM---Messages--:-#####--Claim ID:- 86824: -------#####--Success Factor ID:- 1410--------
11/23/2022 3:36:21 PM---Messages--:-#####--Claim ID:- 86825: -------#####--Success Factor ID:- 1410--------
11/23/2022 3:36:21 PM---Messages--:-#####--Claim ID:- 86826: -------#####--Success Factor ID:- 1410--------
11/23/2022 3:36:21 PM---Messages--:-#####--Claim ID:- 87015: -------#####--Success Factor ID:- 2098--------
11/23/2022 3:36:21 PM---Messages--:-#####--Claim ID:- 87016: -------#####--Success Factor ID:- 2098--------
11/23/2022 3:36:21 PM---Messages--:-#####--Claim ID:- 87017: -------#####--Success Factor ID:- 2098--------
11/23/2022 3:36:21 PM---Messages--:-#####--Claim ID:- 87018: -------#####--Success Factor ID:- 2098--------
11/23/2022 3:36:21 PM---Messages--:-#####--Claim ID:- 87019: -------#####--Success Factor ID:- 2098--------
11/23/2022 3:36:21 PM---Messages--:-#####--Claim ID:- 87020: -------#####--Success Factor ID:- 2098--------
11/23/2022 3:36:21 PM---Messages--:-#####--Claim ID:- 87707: -------#####--Success Factor ID:- 1579--------
11/23/2022 3:36:22 PM---Messages--:-#####--Claim ID:- 87739: -------#####--Success Factor ID:- 1780--------
11/23/2022 3:36:22 PM---Messages--:-#####--Claim ID:- 87633: -------#####--Success Factor ID:- 1442--------
11/23/2022 3:36:22 PM---Messages--:-#####--Claim ID:- 87725: -------#####--Success Factor ID:- 1826--------
11/23/2022 3:36:22 PM---Messages--:-#####--Claim ID:- 87908: -------#####--Success Factor ID:- 1714--------
11/23/2022 3:36:22 PM---Messages--:-#####--Claim ID:- 84931: -------#####--Success Factor ID:- 1529--------
11/23/2022 3:36:22 PM---Messages--:-#####--Claim ID:- 84937: -------#####--Success Factor ID:- 1529--------
11/23/2022 3:36:22 PM---Messages--:-#####--Claim ID:- 85191: -------#####--Success Factor ID:- 1529--------
11/23/2022 3:36:22 PM---Messages--:-#####--Claim ID:- 86800: -------#####--Success Factor ID:- 1529--------
11/23/2022 3:36:22 PM---Messages--:-#####--Claim ID:- 87845: -------#####--Success Factor ID:- 1390--------
11/23/2022 3:36:22 PM---Messages--:-#####--Claim ID:- 87847: -------#####--Success Factor ID:- 1390--------
11/23/2022 3:36:23 PM---Messages--:-#####--Claim ID:- 84859: -------#####--Success Factor ID:- 1416--------
11/23/2022 3:36:23 PM---Messages--:-#####--Claim ID:- 84860: -------#####--Success Factor ID:- 1416--------
11/23/2022 3:36:23 PM---Messages--:-#####--Claim ID:- 84864: -------#####--Success Factor ID:- 1416--------
11/23/2022 3:36:23 PM---Messages--:-#####--Claim ID:- 87462: -------#####--Success Factor ID:- 2005--------
11/23/2022 3:36:23 PM---Messages--:-#####--Claim ID:- 87471: -------#####--Success Factor ID:- 2005--------
11/23/2022 3:36:23 PM---Messages--:-#####--Claim ID:- 87476: -------#####--Success Factor ID:- 1601--------
11/23/2022 3:36:23 PM---Messages--:-#####--Claim ID:- 87477: -------#####--Success Factor ID:- 1601--------
11/23/2022 3:36:23 PM---Messages--:-#####--Claim ID:- 87002: -------#####--Success Factor ID:- 2028--------
11/23/2022 3:36:23 PM---Messages--:-#####--Claim ID:- 88216: -------#####--Success Factor ID:- 2049--------
11/23/2022 3:36:23 PM---Messages--:-#####--Claim ID:- 88217: -------#####--Success Factor ID:- 2049--------
11/23/2022 3:36:23 PM---Messages--:-#####--Claim ID:- 87176: -------#####--Success Factor ID:- 1916--------
11/23/2022 3:36:23 PM---Messages--:-#####--Claim ID:- 87409: -------#####--Success Factor ID:- 1756--------
11/23/2022 3:36:23 PM---Messages--:-#####--Claim ID:- 87410: -------#####--Success Factor ID:- 1756--------
11/23/2022 3:36:23 PM---Messages--:-#####--Claim ID:- 87411: -------#####--Success Factor ID:- 1756--------
11/23/2022 3:36:23 PM---Messages--:-#####--Claim ID:- 87412: -------#####--Success Factor ID:- 1756--------
11/23/2022 3:36:23 PM---Messages--:-#####--Claim ID:- 87621: -------#####--Success Factor ID:- 265--------
11/23/2022 3:36:24 PM---Messages--:-#####--Claim ID:- 88295: -------#####--Success Factor ID:- 1961--------
11/23/2022 3:36:24 PM---Messages--:-#####--Claim ID:- 82608: -------#####--Success Factor ID:- 1828--------
11/23/2022 3:36:24 PM---Messages--:-#####--Claim ID:- 82610: -------#####--Success Factor ID:- 1828--------
11/23/2022 3:36:24 PM---Messages--:-#####--Claim ID:- 85332: -------#####--Success Factor ID:- 2074--------
11/23/2022 3:36:24 PM---Messages--:-#####--Claim ID:- 87030: -------#####--Success Factor ID:- 2074--------
11/23/2022 3:36:24 PM---Messages--:-#####--Claim ID:- 86765: -------#####--Success Factor ID:- 1719--------
11/23/2022 3:36:24 PM---Messages--:-#####--Claim ID:- 84973: -------#####--Success Factor ID:- 1962--------
11/23/2022 3:36:24 PM---Messages--:-#####--Claim ID:- 87243: -------#####--Success Factor ID:- 2030--------
11/23/2022 3:36:24 PM---Messages--:-#####--Claim ID:- 86182: -------#####--Success Factor ID:- 1952--------
11/23/2022 3:36:24 PM---Messages--:-#####--Claim ID:- 87133: -------#####--Success Factor ID:- 1985--------
11/23/2022 3:36:25 PM---Messages--:-#####--Claim ID:- 87162: -------#####--Success Factor ID:- 1779--------
11/23/2022 3:36:25 PM---Messages--:-#####--Claim ID:- 87163: -------#####--Success Factor ID:- 1779--------
11/23/2022 3:36:25 PM---Messages--:-#####--Claim ID:- 87038: -------#####--Success Factor ID:- 1785--------
11/23/2022 3:36:25 PM---Messages--:-#####--Claim ID:- 87039: -------#####--Success Factor ID:- 1785--------
11/23/2022 3:36:25 PM---Messages--:Adding Success Factor: -------
11/23/2022 3:36:50 PM---Messages--:Success Factor is added successfully: -------------------
11/23/2022 3:36:54 PM---Messages--:Main: Object reference not set to an instance of an object.
11/23/2022 4:16:15 PM---Messages--:****************************: ################NEW CONNECTION###############***********************
11/23/2022 4:16:15 PM---Messages--:Connected With   : Database :- TVI_PilotCompany
11/23/2022 4:16:15 PM---Messages--:Main: Object reference not set to an instance of an object.
11/23/2022 4:17:00 PM---Messages--:****************************: ################NEW CONNECTION###############***********************
11/23/2022 4:17:00 PM---Messages--:Connected With   : Database :- TVI_PilotCompany
11/23/2022 4:17:00 PM---Messages--:Main: Object reference not set to an instance of an object.
11/23/2022 4:17:25 PM---Messages--:****************************: ################NEW CONNECTION###############***********************
11/23/2022 4:17:25 PM---Messages--:Connected With   : Database :- TVI_PilotCompany
11/23/2022 4:18:03 PM---Messages--:****************************: ################NEW CONNECTION###############***********************
11/23/2022 4:18:03 PM---Messages--:Connected With   : Database :- TVI_PilotCompany
11/23/2022 4:20:16 PM---Messages--:****************************: ################NEW CONNECTION###############***********************
11/23/2022 4:20:16 PM---Messages--:Connected With   : Database :- TVI_PilotCompany
11/23/2022 4:21:22 PM---Messages--:****************************: ################NEW CONNECTION###############***********************
11/23/2022 4:21:22 PM---Messages--:Connected With   : Database :- TVI_PilotCompany
11/23/2022 4:30:44 PM---Messages--:****************************: ################NEW CONNECTION###############***********************
11/23/2022 4:30:44 PM---Messages--:Connected With   : Database :- TVI_PilotCompany
11/23/2022 4:30:51 PM---Messages--:Main: 'D:\Dhananjay Development Code\Code\Testing Development\SFDownloadFile1\' could not be found. Check the spelling of the file name, and verify that the file location is correct.

If you are trying to open the file from your list of most recently used files, make sure that the file has not been renamed, moved, or deleted.
11/23/2022 4:31:36 PM---Messages--:****************************: ################NEW CONNECTION###############***********************
11/23/2022 4:31:36 PM---Messages--:Connected With   : Database :- TVI_PilotCompany
11/23/2022 4:34:36 PM---Messages--:****************************: ################NEW CONNECTION###############***********************
11/23/2022 4:34:37 PM---Messages--:Connected With   : Database :- TVI_PilotCompany
11/23/2022 4:37:37 PM---Messages--:****************************: ################NEW CONNECTION###############***********************
11/23/2022 4:37:37 PM---Messages--:Connected With   : Database :- TVI_PilotCompany
11/23/2022 4:39:28 PM---Messages--:****************************: ################NEW CONNECTION###############***********************
11/23/2022 4:39:28 PM---Messages--:Connected With   : Database :- TVI_PilotCompany
11/23/2022 4:41:06 PM---Messages--:****************************: ################NEW CONNECTION###############***********************
11/23/2022 4:41:06 PM---Messages--:Connected With   : Database :- TVI_PilotCompany
11/23/2022 4:42:50 PM---Messages--:****************************: ################NEW CONNECTION###############***********************
11/23/2022 4:42:50 PM---Messages--:Connected With   : Database :- TVI_PilotCompany
11/23/2022 4:45:02 PM---Messages--:****************************: ################NEW CONNECTION###############***********************
11/23/2022 4:45:02 PM---Messages--:Connected With   : Database :- TVI_PilotCompany
11/23/2022 4:46:11 PM---Messages--:****************************: ################NEW CONNECTION###############***********************
11/23/2022 4:46:11 PM---Messages--:Connected With   : Database :- TVI_PilotCompany
11/23/2022 4:49:53 PM---Messages--:****************************: ################NEW CONNECTION###############***********************
11/23/2022 4:49:53 PM---Messages--:Connected With   : Database :- TVI_PilotCompany
11/23/2022 4:50:35 PM---Messages--:****************************: ################NEW CONNECTION###############***********************
11/23/2022 4:50:35 PM---Messages--:Connected With   : Database :- TVI_PilotCompany
11/23/2022 4:52:24 PM---Messages--:****************************: ################NEW CONNECTION###############***********************
11/23/2022 4:52:24 PM---Messages--:Connected With   : Database :- TVI_PilotCompany
11/23/2022 4:54:17 PM---Messages--:****************************: ################NEW CONNECTION###############***********************
11/23/2022 4:54:17 PM---Messages--:Connected With   : Database :- TVI_PilotCompany
11/23/2022 4:55:12 PM---Messages--:****************************: ################NEW CONNECTION###############***********************
11/23/2022 4:55:12 PM---Messages--:Connected With   : Database :- TVI_PilotCompany
11/23/2022 4:55:22 PM---Messages--:Main: Exception from HRESULT: 0x800AC472
11/23/2022 4:56:51 PM---Messages--:****************************: ################NEW CONNECTION###############***********************
11/23/2022 4:56:51 PM---Messages--:Connected With   : Database :- TVI_PilotCompany
11/23/2022 5:07:53 PM---Messages--:****************************: ################NEW CONNECTION###############***********************
11/23/2022 5:07:53 PM---Messages--:Connected With   : Database :- TVI_PilotCompany
11/23/2022 5:09:21 PM---Messages--:****************************: ################NEW CONNECTION###############***********************
11/23/2022 5:09:21 PM---Messages--:Connected With   : Database :- TVI_PilotCompany
11/23/2022 5:10:40 PM---Messages--:****************************: ################NEW CONNECTION###############***********************
11/23/2022 5:10:40 PM---Messages--:Connected With   : Database :- TVI_PilotCompany
11/23/2022 5:11:50 PM---Messages--:****************************: ################NEW CONNECTION###############***********************
11/23/2022 5:11:50 PM---Messages--:Connected With   : Database :- TVI_PilotCompany
