8/18/2022 1:43:59 PM---Messages--:****************************: ################NEW CONNECTION###############***********************
8/18/2022 1:43:59 PM---Messages--:Connected With   : Database :- TVI_PilotCompany
8/18/2022 1:49:16 PM---Messages--:-#####--Claim ID:- 24854: -------#####--Success Factor ID:- 1754--------
8/18/2022 1:49:16 PM---Messages--:-#####--Claim ID:- 33337: -------#####--Success Factor ID:- 1754--------
8/18/2022 1:49:17 PM---Messages--:-#####--Claim ID:- 34380: -------#####--Success Factor ID:- 1754--------
8/18/2022 1:49:17 PM---Messages--:-#####--Claim ID:- 21681: -------#####--Success Factor ID:- 1754--------
8/18/2022 1:49:17 PM---Messages--:-#####--Claim ID:- 33838: -------#####--Success Factor ID:- 1754--------
8/18/2022 1:49:17 PM---Messages--:-#####--Claim ID:- 24107: -------#####--Success Factor ID:- 884--------
8/18/2022 1:49:17 PM---Messages--:-#####--Claim ID:- 28511: -------#####--Success Factor ID:- 884--------
8/18/2022 1:49:17 PM---Messages--:-#####--Claim ID:- 32581: -------#####--Success Factor ID:- 884--------
8/18/2022 1:49:17 PM---Messages--:-#####--Claim ID:- 32582: -------#####--Success Factor ID:- 884--------
8/18/2022 1:49:17 PM---Messages--:-#####--Claim ID:- : -------#####--Success Factor ID:- 884--------
8/18/2022 1:49:17 PM---Messages--:ToDate: Index was outside the bounds of the array.
8/18/2022 1:49:17 PM---Messages--:ToDate: Index was outside the bounds of the array.
8/18/2022 1:49:17 PM---Messages--:-#####--Claim ID:- : -------#####--Success Factor ID:- 884--------
8/18/2022 1:49:17 PM---Messages--:Main: Object reference not set to an instance of an object.
8/18/2022 2:34:59 PM---Messages--:****************************: ################NEW CONNECTION###############***********************
8/18/2022 2:34:59 PM---Messages--:Connected With   : Database :- TVI_PilotCompany
8/18/2022 2:38:06 PM---Messages--:-#####--Claim ID:- 24854: -------#####--Success Factor ID:- 1754--------
8/18/2022 2:38:06 PM---Messages--:-#####--Claim ID:- 33337: -------#####--Success Factor ID:- 1754--------
8/18/2022 2:38:06 PM---Messages--:-#####--Claim ID:- 34380: -------#####--Success Factor ID:- 1754--------
8/18/2022 2:38:06 PM---Messages--:-#####--Claim ID:- 21681: -------#####--Success Factor ID:- 1754--------
8/18/2022 2:38:06 PM---Messages--:-#####--Claim ID:- 33838: -------#####--Success Factor ID:- 1754--------
8/18/2022 2:38:06 PM---Messages--:-#####--Claim ID:- 24107: -------#####--Success Factor ID:- 884--------
8/18/2022 2:38:06 PM---Messages--:-#####--Claim ID:- 28511: -------#####--Success Factor ID:- 884--------
8/18/2022 2:38:06 PM---Messages--:-#####--Claim ID:- 32581: -------#####--Success Factor ID:- 884--------
8/18/2022 2:38:06 PM---Messages--:-#####--Claim ID:- 32582: -------#####--Success Factor ID:- 884--------
8/18/2022 2:38:06 PM---Messages--:-#####--Claim ID:- : -------#####--Success Factor ID:- 884--------
8/18/2022 2:38:06 PM---Messages--:ToDate: Index was outside the bounds of the array.
8/18/2022 2:38:06 PM---Messages--:ToDate: Index was outside the bounds of the array.
8/18/2022 2:38:06 PM---Messages--:-#####--Claim ID:- : -------#####--Success Factor ID:- 884--------
8/18/2022 2:38:06 PM---Messages--:Main: Object reference not set to an instance of an object.
8/18/2022 2:38:50 PM---Messages--:****************************: ################NEW CONNECTION###############***********************
8/18/2022 2:38:50 PM---Messages--:Connected With   : Database :- TVI_PilotCompany
8/18/2022 2:51:39 PM---Messages--:-#####--Claim ID:- 24854: -------#####--Success Factor ID:- 1754--------
8/18/2022 2:51:39 PM---Messages--:-#####--Claim ID:- 33337: -------#####--Success Factor ID:- 1754--------
8/18/2022 2:51:39 PM---Messages--:-#####--Claim ID:- 34380: -------#####--Success Factor ID:- 1754--------
8/18/2022 2:51:39 PM---Messages--:-#####--Claim ID:- 21681: -------#####--Success Factor ID:- 1754--------
8/18/2022 2:51:39 PM---Messages--:-#####--Claim ID:- 33838: -------#####--Success Factor ID:- 1754--------
8/18/2022 2:51:40 PM---Messages--:-#####--Claim ID:- 24107: -------#####--Success Factor ID:- 884--------
8/18/2022 2:51:40 PM---Messages--:-#####--Claim ID:- 28511: -------#####--Success Factor ID:- 884--------
8/18/2022 2:51:40 PM---Messages--:-#####--Claim ID:- 32581: -------#####--Success Factor ID:- 884--------
8/18/2022 2:51:40 PM---Messages--:-#####--Claim ID:- 32582: -------#####--Success Factor ID:- 884--------
8/18/2022 2:51:40 PM---Messages--:-#####--Claim ID:- : -------#####--Success Factor ID:- 884--------
8/18/2022 2:51:40 PM---Messages--:ToDate: Index was outside the bounds of the array.
8/18/2022 2:51:40 PM---Messages--:ToDate: Index was outside the bounds of the array.
8/18/2022 2:51:40 PM---Messages--:-#####--Claim ID:- : -------#####--Success Factor ID:- 884--------
8/18/2022 2:55:18 PM---Messages--:****************************: ################NEW CONNECTION###############***********************
8/18/2022 2:55:18 PM---Messages--:Connected With   : Database :- TVI_PilotCompany
8/18/2022 3:00:25 PM---Messages--:-#####--Claim ID:- 24854: -------#####--Success Factor ID:- 1754--------
8/18/2022 3:00:25 PM---Messages--:-#####--Claim ID:- 33337: -------#####--Success Factor ID:- 1754--------
8/18/2022 3:00:25 PM---Messages--:-#####--Claim ID:- 34380: -------#####--Success Factor ID:- 1754--------
8/18/2022 3:00:25 PM---Messages--:-#####--Claim ID:- 21681: -------#####--Success Factor ID:- 1754--------
8/18/2022 3:00:26 PM---Messages--:-#####--Claim ID:- 33838: -------#####--Success Factor ID:- 1754--------
8/18/2022 3:00:26 PM---Messages--:-#####--Claim ID:- 24107: -------#####--Success Factor ID:- 884--------
8/18/2022 3:00:26 PM---Messages--:-#####--Claim ID:- 28511: -------#####--Success Factor ID:- 884--------
8/18/2022 3:00:26 PM---Messages--:-#####--Claim ID:- 32581: -------#####--Success Factor ID:- 884--------
8/18/2022 3:00:26 PM---Messages--:-#####--Claim ID:- 32582: -------#####--Success Factor ID:- 884--------
8/18/2022 3:00:26 PM---Messages--:-#####--Claim ID:- : -------#####--Success Factor ID:- 884--------
8/18/2022 3:00:26 PM---Messages--:ToDate: Index was outside the bounds of the array.
8/18/2022 3:00:26 PM---Messages--:ToDate: Index was outside the bounds of the array.
8/18/2022 3:00:26 PM---Messages--:-#####--Claim ID:- : -------#####--Success Factor ID:- 884--------
8/18/2022 3:00:26 PM---Messages--:Main: Object reference not set to an instance of an object.
8/18/2022 3:01:14 PM---Messages--:****************************: ################NEW CONNECTION###############***********************
8/18/2022 3:01:14 PM---Messages--:Connected With   : Database :- TVI_PilotCompany
8/18/2022 3:01:14 PM---Messages--:Main: Object reference not set to an instance of an object.
8/18/2022 3:01:41 PM---Messages--:****************************: ################NEW CONNECTION###############***********************
8/18/2022 3:01:41 PM---Messages--:Connected With   : Database :- TVI_PilotCompany
8/18/2022 3:01:41 PM---Messages--:Main: Object reference not set to an instance of an object.
8/18/2022 3:10:11 PM---Messages--:****************************: ################NEW CONNECTION###############***********************
8/18/2022 3:10:11 PM---Messages--:Connected With   : Database :- TVI_PilotCompany
8/18/2022 3:10:12 PM---Messages--:Main: Object reference not set to an instance of an object.
8/18/2022 3:28:24 PM---Messages--:****************************: ################NEW CONNECTION###############***********************
8/18/2022 3:28:24 PM---Messages--:Connected With   : Database :- TVI_PilotCompany
8/18/2022 5:20:49 PM---Messages--:-#####--Claim ID:- 24854: -------#####--Success Factor ID:- 1754--------
8/18/2022 5:21:59 PM---Messages--:-#####--Claim ID:- 33337: -------#####--Success Factor ID:- 1754--------
8/18/2022 5:22:21 PM---Messages--:-#####--Claim ID:- 34380: -------#####--Success Factor ID:- 1754--------
8/18/2022 5:22:21 PM---Messages--:-#####--Claim ID:- 21681: -------#####--Success Factor ID:- 1754--------
8/18/2022 5:22:21 PM---Messages--:-#####--Claim ID:- 33838: -------#####--Success Factor ID:- 1754--------
8/18/2022 5:22:25 PM---Messages--:-#####--Claim ID:- 24107: -------#####--Success Factor ID:- 884--------
8/18/2022 5:22:25 PM---Messages--:-#####--Claim ID:- 28511: -------#####--Success Factor ID:- 884--------
8/18/2022 5:22:25 PM---Messages--:-#####--Claim ID:- 32581: -------#####--Success Factor ID:- 884--------
8/18/2022 5:22:25 PM---Messages--:-#####--Claim ID:- 32582: -------#####--Success Factor ID:- 884--------
8/18/2022 5:22:25 PM---Messages--:-#####--Claim ID:- : -------#####--Success Factor ID:- 884--------
8/18/2022 5:22:25 PM---Messages--:ToDate: Index was outside the bounds of the array.
8/18/2022 5:22:25 PM---Messages--:ToDate: Index was outside the bounds of the array.
8/18/2022 5:22:25 PM---Messages--:-#####--Claim ID:- : -------#####--Success Factor ID:- 884--------
8/18/2022 5:22:25 PM---Messages--:Main: Object reference not set to an instance of an object.
8/18/2022 5:23:21 PM---Messages--:****************************: ################NEW CONNECTION###############***********************
8/18/2022 5:23:21 PM---Messages--:Connected With   : Database :- TVI_PilotCompany
8/18/2022 5:23:22 PM---Messages--:Main: Object reference not set to an instance of an object.
8/18/2022 5:24:50 PM---Messages--:****************************: ################NEW CONNECTION###############***********************
8/18/2022 5:24:50 PM---Messages--:Connected With   : Database :- TVI_PilotCompany
8/18/2022 5:24:54 PM---Messages--:-#####--Claim ID:- 33599: -------#####--Success Factor ID:- 1018--------
8/18/2022 5:24:54 PM---Messages--:ToDate: Index was outside the bounds of the array.
8/18/2022 5:24:54 PM---Messages--:ToDate: Index was outside the bounds of the array.
8/18/2022 5:24:54 PM---Messages--:Adding Success Factor: -------
8/18/2022 5:25:43 PM---Messages--:ExecuteDataSet: Conversion failed when converting date and/or time from character string.
8/18/2022 5:25:43 PM---Messages--:Success Factor is added successfully: -------------------
8/18/2022 5:25:43 PM---Messages--:Main: Object reference not set to an instance of an object.
8/18/2022 6:03:19 PM---Messages--:****************************: ################NEW CONNECTION###############***********************
8/18/2022 6:03:19 PM---Messages--:Connected With   : Database :- TVI_PilotCompany
8/18/2022 6:03:23 PM---Messages--:Adding Success Factor: -------
8/18/2022 6:03:59 PM---Messages--:ExecuteDataSet: Incorrect syntax near 'VALUES'.
8/18/2022 6:03:59 PM---Messages--:ExecuteDataSet: Incorrect syntax near 'VALUES'.
8/18/2022 6:03:59 PM---Messages--:Success Factor is added successfully: -------------------
8/18/2022 6:03:59 PM---Messages--:Main: Object reference not set to an instance of an object.
8/18/2022 6:07:13 PM---Messages--:****************************: ################NEW CONNECTION###############***********************
8/18/2022 6:07:13 PM---Messages--:Connected With   : Database :- TVI_PilotCompany
8/18/2022 6:11:31 PM---Messages--:****************************: ################NEW CONNECTION###############***********************
8/18/2022 6:11:31 PM---Messages--:Connected With   : Database :- TVI_PilotCompany
8/18/2022 6:38:31 PM---Messages--:****************************: ################NEW CONNECTION###############***********************
8/18/2022 6:38:31 PM---Messages--:Connected With   : Database :- TVI_PilotCompany
