4/6/2021 4:47:44 PM---Messages--:****************************: ################NEW CONNECTION###############***********************
4/6/2021 4:47:44 PM---Messages--:Connected With   : Database :- ZTVI_TestCompany
4/6/2021 4:49:19 PM---Messages--:-#####--Claim ID:- 49773: -------#####--Success Factor ID:- 1654--------
4/6/2021 4:49:19 PM---Messages--:Adding Success Factor: -------
4/6/2021 4:50:51 PM---Messages--:Success Factor is added successfully: -------------------
4/6/2021 5:03:41 PM---Messages--:****************************: ################NEW CONNECTION###############***********************
4/6/2021 5:03:41 PM---Messages--:Connected With   : Database :- ZTVI_TestCompany
4/6/2021 5:10:00 PM---Messages--:****************************: ################NEW CONNECTION###############***********************
4/6/2021 5:10:00 PM---Messages--:Connected With   : Database :- ZTVI_TestCompany
4/6/2021 5:15:17 PM---Messages--:****************************: ################NEW CONNECTION###############***********************
4/6/2021 5:15:17 PM---Messages--:Connected With   : Database :- ZTVI_TestCompany
4/6/2021 5:15:54 PM---Messages--:-#####--Claim ID:- 1111222: -------#####--Success Factor ID:- 1654--------
4/6/2021 5:15:54 PM---Messages--:-#####--Claim ID:- 49773: -------#####--Success Factor ID:- 1654--------
4/6/2021 5:15:54 PM---Messages--:Adding Success Factor: -------
4/6/2021 5:16:01 PM---Messages--:Success Factor is added successfully: -------------------
4/6/2021 5:47:05 PM---Messages--:****************************: ################NEW CONNECTION###############***********************
4/6/2021 5:47:05 PM---Messages--:Connected With   : Database :- ZTVI_TestCompany
4/6/2021 5:47:23 PM---Messages--:-#####--Claim ID:- 1111222: -------#####--Success Factor ID:- 1654--------
4/6/2021 5:53:28 PM---Messages--:****************************: ################NEW CONNECTION###############***********************
4/6/2021 5:53:28 PM---Messages--:Connected With   : Database :- ZTVI_TestCompany
4/6/2021 5:54:01 PM---Messages--:-#####--Claim ID:- 1111222: -------#####--Success Factor ID:- 1654--------
4/6/2021 5:54:01 PM---Messages--:-#####--Claim ID:- 49773: -------#####--Success Factor ID:- 1654--------
4/6/2021 5:54:01 PM---Messages--:Adding Success Factor: -------
4/6/2021 5:54:22 PM---Messages--:Success Factor is added successfully: -------------------
4/6/2021 8:09:09 PM---Messages--:****************************: ################NEW CONNECTION###############***********************
4/6/2021 8:09:09 PM---Messages--:Connected With   : Database :- ZTVI_TestCompany
