7/29/2022 12:00:58 PM---Messages--:****************************: ################NEW CONNECTION###############***********************
7/29/2022 12:00:58 PM---Messages--:Connected With   : Database :- TVI_PilotCompany
7/29/2022 12:05:52 PM---Messages--:-#####--Claim ID:- 75102: -------#####--Success Factor ID:- DT171--------
7/29/2022 12:05:52 PM---Messages--:-#####--Claim ID:- 73784: -------#####--Success Factor ID:- DT171--------
7/29/2022 12:05:52 PM---Messages--:ToDate: Index was outside the bounds of the array.
7/29/2022 12:05:52 PM---Messages--:ToDate: Index was outside the bounds of the array.
7/29/2022 12:05:52 PM---Messages--:-#####--Claim ID:- 73780: -------#####--Success Factor ID:- DT171--------
7/29/2022 12:05:52 PM---Messages--:ToDate: Index was outside the bounds of the array.
7/29/2022 12:05:52 PM---Messages--:ToDate: Index was outside the bounds of the array.
7/29/2022 12:05:52 PM---Messages--:-#####--Claim ID:- 73776: -------#####--Success Factor ID:- DT171--------
7/29/2022 12:05:52 PM---Messages--:ToDate: Index was outside the bounds of the array.
7/29/2022 12:05:52 PM---Messages--:ToDate: Index was outside the bounds of the array.
7/29/2022 12:05:52 PM---Messages--:-#####--Claim ID:- 74052: -------#####--Success Factor ID:- DT181--------
7/29/2022 12:05:52 PM---Messages--:-#####--Claim ID:- 75644: -------#####--Success Factor ID:- DT181--------
7/29/2022 12:05:53 PM---Messages--:-#####--Claim ID:- 75646: -------#####--Success Factor ID:- DT181--------
7/29/2022 12:05:53 PM---Messages--:ToDate: Index was outside the bounds of the array.
7/29/2022 12:05:53 PM---Messages--:ToDate: Index was outside the bounds of the array.
7/29/2022 12:05:54 PM---Messages--:-#####--Claim ID:- 74762: -------#####--Success Factor ID:- DT270--------
7/29/2022 12:05:54 PM---Messages--:-#####--Claim ID:- 75410: -------#####--Success Factor ID:- DT244--------
7/29/2022 12:05:54 PM---Messages--:-#####--Claim ID:- 76221: -------#####--Success Factor ID:- DT269--------
7/29/2022 12:05:54 PM---Messages--:-#####--Claim ID:- 76530: -------#####--Success Factor ID:- DT269--------
7/29/2022 12:05:54 PM---Messages--:ToDate: Index was outside the bounds of the array.
7/29/2022 12:05:54 PM---Messages--:ToDate: Index was outside the bounds of the array.
7/29/2022 12:05:54 PM---Messages--:-#####--Claim ID:- 76225: -------#####--Success Factor ID:- DT269--------
7/29/2022 12:05:54 PM---Messages--:ToDate: Index was outside the bounds of the array.
7/29/2022 12:05:54 PM---Messages--:ToDate: Index was outside the bounds of the array.
7/29/2022 12:05:54 PM---Messages--:-#####--Claim ID:- 76223: -------#####--Success Factor ID:- DT269--------
7/29/2022 12:05:55 PM---Messages--:ToDate: Index was outside the bounds of the array.
7/29/2022 12:05:55 PM---Messages--:ToDate: Index was outside the bounds of the array.
7/29/2022 12:05:55 PM---Messages--:-#####--Claim ID:- 76466: -------#####--Success Factor ID:- DT231--------
7/29/2022 12:05:55 PM---Messages--:-#####--Claim ID:- 76468: -------#####--Success Factor ID:- DT231--------
7/29/2022 12:05:56 PM---Messages--:ToDate: Index was outside the bounds of the array.
7/29/2022 12:05:56 PM---Messages--:ToDate: Index was outside the bounds of the array.
7/29/2022 12:05:56 PM---Messages--:-#####--Claim ID:- 76690: -------#####--Success Factor ID:- DT271--------
7/29/2022 12:05:56 PM---Messages--:-#####--Claim ID:- 77606: -------#####--Success Factor ID:- DT271--------
7/29/2022 12:05:56 PM---Messages--:ToDate: Index was outside the bounds of the array.
7/29/2022 12:05:56 PM---Messages--:ToDate: Index was outside the bounds of the array.
7/29/2022 12:05:56 PM---Messages--:-#####--Claim ID:- 76675: -------#####--Success Factor ID:- DT271--------
7/29/2022 12:05:57 PM---Messages--:ToDate: Index was outside the bounds of the array.
7/29/2022 12:05:57 PM---Messages--:ToDate: Index was outside the bounds of the array.
7/29/2022 12:05:57 PM---Messages--:-#####--Claim ID:- 76790: -------#####--Success Factor ID:- DT042--------
7/29/2022 12:05:57 PM---Messages--:-#####--Claim ID:- 76788: -------#####--Success Factor ID:- DT042--------
7/29/2022 12:05:57 PM---Messages--:ToDate: Index was outside the bounds of the array.
7/29/2022 12:05:57 PM---Messages--:ToDate: Index was outside the bounds of the array.
7/29/2022 12:05:57 PM---Messages--:-#####--Claim ID:- 74758: -------#####--Success Factor ID:- 1613--------
7/29/2022 12:05:57 PM---Messages--:ToDate: Index was outside the bounds of the array.
7/29/2022 12:05:57 PM---Messages--:ToDate: Index was outside the bounds of the array.
7/29/2022 12:05:57 PM---Messages--:-#####--Claim ID:- 74750: -------#####--Success Factor ID:- 1285--------
7/29/2022 12:05:57 PM---Messages--:ToDate: Index was outside the bounds of the array.
7/29/2022 12:05:57 PM---Messages--:ToDate: Index was outside the bounds of the array.
7/29/2022 12:05:57 PM---Messages--:-#####--Claim ID:- 74616: -------#####--Success Factor ID:- 1791--------
7/29/2022 12:05:57 PM---Messages--:ToDate: Index was outside the bounds of the array.
7/29/2022 12:05:58 PM---Messages--:ToDate: Index was outside the bounds of the array.
7/29/2022 12:05:58 PM---Messages--:-#####--Claim ID:- 74736: -------#####--Success Factor ID:- 1543--------
7/29/2022 12:05:58 PM---Messages--:ToDate: Index was outside the bounds of the array.
7/29/2022 12:05:58 PM---Messages--:ToDate: Index was outside the bounds of the array.
7/29/2022 12:05:58 PM---Messages--:-#####--Claim ID:- 73578: -------#####--Success Factor ID:- 1997--------
7/29/2022 12:05:58 PM---Messages--:ToDate: Index was outside the bounds of the array.
7/29/2022 12:05:58 PM---Messages--:ToDate: Index was outside the bounds of the array.
7/29/2022 12:05:58 PM---Messages--:-#####--Claim ID:- 73577: -------#####--Success Factor ID:- 1997--------
7/29/2022 12:05:58 PM---Messages--:ToDate: Index was outside the bounds of the array.
7/29/2022 12:05:58 PM---Messages--:ToDate: Index was outside the bounds of the array.
7/29/2022 12:05:58 PM---Messages--:-#####--Claim ID:- 74668: -------#####--Success Factor ID:- DT243--------
7/29/2022 12:05:58 PM---Messages--:ToDate: Index was outside the bounds of the array.
7/29/2022 12:05:58 PM---Messages--:ToDate: Index was outside the bounds of the array.
7/29/2022 12:05:58 PM---Messages--:-#####--Claim ID:- 74666: -------#####--Success Factor ID:- DT243--------
7/29/2022 12:05:58 PM---Messages--:ToDate: Index was outside the bounds of the array.
7/29/2022 12:05:59 PM---Messages--:ToDate: Index was outside the bounds of the array.
7/29/2022 12:05:59 PM---Messages--:-#####--Claim ID:- 74664: -------#####--Success Factor ID:- DT243--------
7/29/2022 12:05:59 PM---Messages--:ToDate: Index was outside the bounds of the array.
7/29/2022 12:05:59 PM---Messages--:ToDate: Index was outside the bounds of the array.
7/29/2022 12:05:59 PM---Messages--:-#####--Claim ID:- 74654: -------#####--Success Factor ID:- 1862--------
7/29/2022 12:05:59 PM---Messages--:ToDate: Index was outside the bounds of the array.
7/29/2022 12:05:59 PM---Messages--:ToDate: Index was outside the bounds of the array.
7/29/2022 12:05:59 PM---Messages--:-#####--Claim ID:- 74653: -------#####--Success Factor ID:- 1862--------
7/29/2022 12:05:59 PM---Messages--:ToDate: Index was outside the bounds of the array.
7/29/2022 12:06:00 PM---Messages--:ToDate: Index was outside the bounds of the array.
7/29/2022 12:06:00 PM---Messages--:-#####--Claim ID:- 74647: -------#####--Success Factor ID:- 1909--------
7/29/2022 12:06:00 PM---Messages--:ToDate: Index was outside the bounds of the array.
7/29/2022 12:06:00 PM---Messages--:ToDate: Index was outside the bounds of the array.
7/29/2022 12:06:00 PM---Messages--:-#####--Claim ID:- 74612: -------#####--Success Factor ID:- 1790--------
7/29/2022 12:06:00 PM---Messages--:ToDate: Index was outside the bounds of the array.
7/29/2022 12:06:00 PM---Messages--:ToDate: Index was outside the bounds of the array.
7/29/2022 12:06:00 PM---Messages--:-#####--Claim ID:- 74607: -------#####--Success Factor ID:- 1662--------
7/29/2022 12:06:00 PM---Messages--:ToDate: Index was outside the bounds of the array.
7/29/2022 12:06:00 PM---Messages--:ToDate: Index was outside the bounds of the array.
7/29/2022 12:06:00 PM---Messages--:-#####--Claim ID:- 75704: -------#####--Success Factor ID:- 1662--------
7/29/2022 12:06:01 PM---Messages--:ToDate: Index was outside the bounds of the array.
7/29/2022 12:06:01 PM---Messages--:ToDate: Index was outside the bounds of the array.
7/29/2022 12:06:01 PM---Messages--:-#####--Claim ID:- 74605: -------#####--Success Factor ID:- 1242--------
7/29/2022 12:06:01 PM---Messages--:ToDate: Index was outside the bounds of the array.
7/29/2022 12:06:01 PM---Messages--:ToDate: Index was outside the bounds of the array.
7/29/2022 12:06:01 PM---Messages--:-#####--Claim ID:- 74584: -------#####--Success Factor ID:- 1938--------
7/29/2022 12:06:02 PM---Messages--:ToDate: Index was outside the bounds of the array.
7/29/2022 12:06:02 PM---Messages--:ToDate: Index was outside the bounds of the array.
7/29/2022 12:06:02 PM---Messages--:-#####--Claim ID:- 74585: -------#####--Success Factor ID:- 1938--------
7/29/2022 12:06:02 PM---Messages--:ToDate: Index was outside the bounds of the array.
7/29/2022 12:06:02 PM---Messages--:ToDate: Index was outside the bounds of the array.
7/29/2022 12:06:02 PM---Messages--:-#####--Claim ID:- 74586: -------#####--Success Factor ID:- 1938--------
7/29/2022 12:06:02 PM---Messages--:ToDate: Index was outside the bounds of the array.
7/29/2022 12:06:02 PM---Messages--:ToDate: Index was outside the bounds of the array.
7/29/2022 12:06:02 PM---Messages--:-#####--Claim ID:- 74587: -------#####--Success Factor ID:- 1938--------
7/29/2022 12:06:02 PM---Messages--:ToDate: Index was outside the bounds of the array.
7/29/2022 12:06:02 PM---Messages--:ToDate: Index was outside the bounds of the array.
7/29/2022 12:06:02 PM---Messages--:-#####--Claim ID:- 74561: -------#####--Success Factor ID:- 1873--------
7/29/2022 12:06:02 PM---Messages--:ToDate: Index was outside the bounds of the array.
7/29/2022 12:06:02 PM---Messages--:ToDate: Index was outside the bounds of the array.
7/29/2022 12:06:02 PM---Messages--:-#####--Claim ID:- 74560: -------#####--Success Factor ID:- 1873--------
7/29/2022 12:06:03 PM---Messages--:ToDate: Index was outside the bounds of the array.
7/29/2022 12:06:03 PM---Messages--:ToDate: Index was outside the bounds of the array.
7/29/2022 12:06:03 PM---Messages--:-#####--Claim ID:- 69132: -------#####--Success Factor ID:- 1873--------
7/29/2022 12:06:03 PM---Messages--:ToDate: Index was outside the bounds of the array.
7/29/2022 12:06:03 PM---Messages--:ToDate: Index was outside the bounds of the array.
7/29/2022 12:06:03 PM---Messages--:-#####--Claim ID:- 74533: -------#####--Success Factor ID:- 1760--------
7/29/2022 12:06:04 PM---Messages--:ToDate: Index was outside the bounds of the array.
7/29/2022 12:06:04 PM---Messages--:ToDate: Index was outside the bounds of the array.
7/29/2022 12:06:04 PM---Messages--:-#####--Claim ID:- 74529: -------#####--Success Factor ID:- 1838--------
7/29/2022 12:06:04 PM---Messages--:ToDate: Index was outside the bounds of the array.
7/29/2022 12:06:04 PM---Messages--:ToDate: Index was outside the bounds of the array.
7/29/2022 12:06:04 PM---Messages--:-#####--Claim ID:- 74526: -------#####--Success Factor ID:- 1838--------
7/29/2022 12:06:04 PM---Messages--:ToDate: Index was outside the bounds of the array.
7/29/2022 12:06:04 PM---Messages--:ToDate: Index was outside the bounds of the array.
7/29/2022 12:06:04 PM---Messages--:-#####--Claim ID:- 74527: -------#####--Success Factor ID:- 1838--------
7/29/2022 12:06:05 PM---Messages--:ToDate: Index was outside the bounds of the array.
7/29/2022 12:06:05 PM---Messages--:ToDate: Index was outside the bounds of the array.
7/29/2022 12:06:05 PM---Messages--:-#####--Claim ID:- 74501: -------#####--Success Factor ID:- 1410--------
7/29/2022 12:06:06 PM---Messages--:ToDate: Index was outside the bounds of the array.
7/29/2022 12:06:06 PM---Messages--:ToDate: Index was outside the bounds of the array.
7/29/2022 12:06:06 PM---Messages--:-#####--Claim ID:- 74470: -------#####--Success Factor ID:- 1410--------
7/29/2022 12:06:06 PM---Messages--:ToDate: Index was outside the bounds of the array.
7/29/2022 12:06:07 PM---Messages--:ToDate: Index was outside the bounds of the array.
7/29/2022 12:06:07 PM---Messages--:-#####--Claim ID:- 73488: -------#####--Success Factor ID:- 1977--------
7/29/2022 12:06:07 PM---Messages--:ToDate: Index was outside the bounds of the array.
7/29/2022 12:06:07 PM---Messages--:ToDate: Index was outside the bounds of the array.
7/29/2022 12:06:07 PM---Messages--:-#####--Claim ID:- 73489: -------#####--Success Factor ID:- 1977--------
7/29/2022 12:06:07 PM---Messages--:ToDate: Index was outside the bounds of the array.
7/29/2022 12:06:07 PM---Messages--:ToDate: Index was outside the bounds of the array.
7/29/2022 12:06:07 PM---Messages--:-#####--Claim ID:- 76097: -------#####--Success Factor ID:- 1977--------
7/29/2022 12:06:08 PM---Messages--:ToDate: Index was outside the bounds of the array.
7/29/2022 12:06:08 PM---Messages--:ToDate: Index was outside the bounds of the array.
7/29/2022 12:06:08 PM---Messages--:-#####--Claim ID:- 76093: -------#####--Success Factor ID:- 1977--------
7/29/2022 12:06:08 PM---Messages--:ToDate: Index was outside the bounds of the array.
7/29/2022 12:06:08 PM---Messages--:ToDate: Index was outside the bounds of the array.
7/29/2022 12:06:08 PM---Messages--:-#####--Claim ID:- 76083: -------#####--Success Factor ID:- 1977--------
7/29/2022 12:06:09 PM---Messages--:ToDate: Index was outside the bounds of the array.
7/29/2022 12:06:09 PM---Messages--:ToDate: Index was outside the bounds of the array.
7/29/2022 12:06:09 PM---Messages--:-#####--Claim ID:- 76081: -------#####--Success Factor ID:- 1977--------
7/29/2022 12:06:09 PM---Messages--:ToDate: Index was outside the bounds of the array.
7/29/2022 12:06:09 PM---Messages--:ToDate: Index was outside the bounds of the array.
7/29/2022 12:06:09 PM---Messages--:-#####--Claim ID:- 76983: -------#####--Success Factor ID:- 1977--------
7/29/2022 12:06:10 PM---Messages--:ToDate: Index was outside the bounds of the array.
7/29/2022 12:06:10 PM---Messages--:ToDate: Index was outside the bounds of the array.
7/29/2022 12:06:10 PM---Messages--:-#####--Claim ID:- 74430: -------#####--Success Factor ID:- 1691--------
7/29/2022 12:06:10 PM---Messages--:ToDate: Index was outside the bounds of the array.
7/29/2022 12:06:10 PM---Messages--:ToDate: Index was outside the bounds of the array.
7/29/2022 12:06:10 PM---Messages--:-#####--Claim ID:- 74206: -------#####--Success Factor ID:- 1691--------
7/29/2022 12:06:11 PM---Messages--:ToDate: Index was outside the bounds of the array.
7/29/2022 12:06:11 PM---Messages--:ToDate: Index was outside the bounds of the array.
7/29/2022 12:06:11 PM---Messages--:-#####--Claim ID:- 71798: -------#####--Success Factor ID:- 1960--------
7/29/2022 12:06:11 PM---Messages--:ToDate: Index was outside the bounds of the array.
7/29/2022 12:06:11 PM---Messages--:ToDate: Index was outside the bounds of the array.
7/29/2022 12:06:11 PM---Messages--:-#####--Claim ID:- 74376: -------#####--Success Factor ID:- 1--------
7/29/2022 12:06:11 PM---Messages--:ToDate: Index was outside the bounds of the array.
7/29/2022 12:06:11 PM---Messages--:ToDate: Index was outside the bounds of the array.
7/29/2022 12:06:12 PM---Messages--:-#####--Claim ID:- 74367: -------#####--Success Factor ID:- 1631--------
7/29/2022 12:06:12 PM---Messages--:ToDate: Index was outside the bounds of the array.
7/29/2022 12:06:12 PM---Messages--:ToDate: Index was outside the bounds of the array.
7/29/2022 12:06:13 PM---Messages--:-#####--Claim ID:- 74363: -------#####--Success Factor ID:- 1442--------
7/29/2022 12:06:13 PM---Messages--:ToDate: Index was outside the bounds of the array.
7/29/2022 12:06:14 PM---Messages--:ToDate: Index was outside the bounds of the array.
7/29/2022 12:06:14 PM---Messages--:-#####--Claim ID:- 74338: -------#####--Success Factor ID:- 1895--------
7/29/2022 12:06:14 PM---Messages--:ToDate: Index was outside the bounds of the array.
7/29/2022 12:06:14 PM---Messages--:ToDate: Index was outside the bounds of the array.
7/29/2022 12:06:14 PM---Messages--:-#####--Claim ID:- 74337: -------#####--Success Factor ID:- 1895--------
7/29/2022 12:06:14 PM---Messages--:ToDate: Index was outside the bounds of the array.
7/29/2022 12:06:14 PM---Messages--:ToDate: Index was outside the bounds of the array.
7/29/2022 12:06:14 PM---Messages--:-#####--Claim ID:- 74336: -------#####--Success Factor ID:- 1895--------
7/29/2022 12:06:14 PM---Messages--:ToDate: Index was outside the bounds of the array.
7/29/2022 12:06:15 PM---Messages--:ToDate: Index was outside the bounds of the array.
7/29/2022 12:06:15 PM---Messages--:-#####--Claim ID:- 74335: -------#####--Success Factor ID:- 1895--------
7/29/2022 12:06:15 PM---Messages--:ToDate: Index was outside the bounds of the array.
7/29/2022 12:06:15 PM---Messages--:ToDate: Index was outside the bounds of the array.
7/29/2022 12:06:15 PM---Messages--:-#####--Claim ID:- 74334: -------#####--Success Factor ID:- 1895--------
7/29/2022 12:06:15 PM---Messages--:ToDate: Index was outside the bounds of the array.
7/29/2022 12:06:15 PM---Messages--:ToDate: Index was outside the bounds of the array.
7/29/2022 12:06:15 PM---Messages--:-#####--Claim ID:- 74339: -------#####--Success Factor ID:- 1895--------
7/29/2022 12:06:15 PM---Messages--:ToDate: Index was outside the bounds of the array.
7/29/2022 12:06:15 PM---Messages--:ToDate: Index was outside the bounds of the array.
7/29/2022 12:06:15 PM---Messages--:-#####--Claim ID:- 74295: -------#####--Success Factor ID:- 1942--------
7/29/2022 12:06:15 PM---Messages--:ToDate: Index was outside the bounds of the array.
7/29/2022 12:06:15 PM---Messages--:ToDate: Index was outside the bounds of the array.
7/29/2022 12:06:15 PM---Messages--:-#####--Claim ID:- 74296: -------#####--Success Factor ID:- 1942--------
7/29/2022 12:06:16 PM---Messages--:ToDate: Index was outside the bounds of the array.
7/29/2022 12:06:16 PM---Messages--:ToDate: Index was outside the bounds of the array.
7/29/2022 12:06:16 PM---Messages--:-#####--Claim ID:- 74148: -------#####--Success Factor ID:- 872--------
7/29/2022 12:06:16 PM---Messages--:ToDate: Index was outside the bounds of the array.
7/29/2022 12:06:16 PM---Messages--:ToDate: Index was outside the bounds of the array.
7/29/2022 12:06:16 PM---Messages--:-#####--Claim ID:- 74132: -------#####--Success Factor ID:- 1793--------
7/29/2022 12:06:16 PM---Messages--:ToDate: Index was outside the bounds of the array.
7/29/2022 12:06:16 PM---Messages--:ToDate: Index was outside the bounds of the array.
7/29/2022 12:06:17 PM---Messages--:-#####--Claim ID:- 74108: -------#####--Success Factor ID:- 1655--------
7/29/2022 12:06:17 PM---Messages--:ToDate: Index was outside the bounds of the array.
7/29/2022 12:06:17 PM---Messages--:ToDate: Index was outside the bounds of the array.
7/29/2022 12:06:17 PM---Messages--:-#####--Claim ID:- 74106: -------#####--Success Factor ID:- 1655--------
7/29/2022 12:06:18 PM---Messages--:ToDate: Index was outside the bounds of the array.
7/29/2022 12:06:18 PM---Messages--:ToDate: Index was outside the bounds of the array.
7/29/2022 12:06:18 PM---Messages--:-#####--Claim ID:- 68950: -------#####--Success Factor ID:- 1655--------
7/29/2022 12:06:18 PM---Messages--:ToDate: Index was outside the bounds of the array.
7/29/2022 12:06:18 PM---Messages--:ToDate: Index was outside the bounds of the array.
7/29/2022 12:06:18 PM---Messages--:-#####--Claim ID:- 68948: -------#####--Success Factor ID:- 1655--------
7/29/2022 12:06:19 PM---Messages--:ToDate: Index was outside the bounds of the array.
7/29/2022 12:06:19 PM---Messages--:ToDate: Index was outside the bounds of the array.
7/29/2022 12:06:19 PM---Messages--:-#####--Claim ID:- 74091: -------#####--Success Factor ID:- DT186--------
7/29/2022 12:06:19 PM---Messages--:ToDate: Index was outside the bounds of the array.
7/29/2022 12:06:19 PM---Messages--:ToDate: Index was outside the bounds of the array.
7/29/2022 12:06:19 PM---Messages--:-#####--Claim ID:- 74097: -------#####--Success Factor ID:- DT186--------
7/29/2022 12:06:20 PM---Messages--:ToDate: Index was outside the bounds of the array.
7/29/2022 12:06:20 PM---Messages--:ToDate: Index was outside the bounds of the array.
7/29/2022 12:06:20 PM---Messages--:-#####--Claim ID:- 74096: -------#####--Success Factor ID:- DT186--------
7/29/2022 12:06:20 PM---Messages--:ToDate: Index was outside the bounds of the array.
7/29/2022 12:06:20 PM---Messages--:ToDate: Index was outside the bounds of the array.
7/29/2022 12:06:20 PM---Messages--:-#####--Claim ID:- 74095: -------#####--Success Factor ID:- DT186--------
7/29/2022 12:06:20 PM---Messages--:ToDate: Index was outside the bounds of the array.
7/29/2022 12:06:20 PM---Messages--:ToDate: Index was outside the bounds of the array.
7/29/2022 12:06:20 PM---Messages--:-#####--Claim ID:- 74092: -------#####--Success Factor ID:- DT186--------
7/29/2022 12:06:20 PM---Messages--:ToDate: Index was outside the bounds of the array.
7/29/2022 12:06:20 PM---Messages--:ToDate: Index was outside the bounds of the array.
7/29/2022 12:06:20 PM---Messages--:-#####--Claim ID:- 74098: -------#####--Success Factor ID:- DT186--------
7/29/2022 12:06:20 PM---Messages--:ToDate: Index was outside the bounds of the array.
7/29/2022 12:06:20 PM---Messages--:ToDate: Index was outside the bounds of the array.
7/29/2022 12:06:20 PM---Messages--:-#####--Claim ID:- 74094: -------#####--Success Factor ID:- DT186--------
7/29/2022 12:06:20 PM---Messages--:ToDate: Index was outside the bounds of the array.
7/29/2022 12:06:20 PM---Messages--:ToDate: Index was outside the bounds of the array.
7/29/2022 12:06:20 PM---Messages--:-#####--Claim ID:- 74093: -------#####--Success Factor ID:- DT186--------
7/29/2022 12:06:20 PM---Messages--:ToDate: Index was outside the bounds of the array.
7/29/2022 12:06:20 PM---Messages--:ToDate: Index was outside the bounds of the array.
7/29/2022 12:06:21 PM---Messages--:-#####--Claim ID:- 74078: -------#####--Success Factor ID:- 1943--------
7/29/2022 12:06:21 PM---Messages--:ToDate: Index was outside the bounds of the array.
7/29/2022 12:06:21 PM---Messages--:ToDate: Index was outside the bounds of the array.
7/29/2022 12:06:21 PM---Messages--:-#####--Claim ID:- 74048: -------#####--Success Factor ID:- 1714--------
7/29/2022 12:06:21 PM---Messages--:ToDate: Index was outside the bounds of the array.
7/29/2022 12:06:21 PM---Messages--:ToDate: Index was outside the bounds of the array.
7/29/2022 12:06:21 PM---Messages--:-#####--Claim ID:- 74013: -------#####--Success Factor ID:- 1396--------
7/29/2022 12:06:22 PM---Messages--:ToDate: Index was outside the bounds of the array.
7/29/2022 12:06:22 PM---Messages--:ToDate: Index was outside the bounds of the array.
7/29/2022 12:06:22 PM---Messages--:-#####--Claim ID:- 74003: -------#####--Success Factor ID:- 1257--------
7/29/2022 12:06:22 PM---Messages--:ToDate: Index was outside the bounds of the array.
7/29/2022 12:06:22 PM---Messages--:ToDate: Index was outside the bounds of the array.
7/29/2022 12:06:23 PM---Messages--:-#####--Claim ID:- 73993: -------#####--Success Factor ID:- DT212--------
7/29/2022 12:06:23 PM---Messages--:ToDate: Index was outside the bounds of the array.
7/29/2022 12:06:23 PM---Messages--:ToDate: Index was outside the bounds of the array.
7/29/2022 12:06:23 PM---Messages--:-#####--Claim ID:- 73989: -------#####--Success Factor ID:- DT212--------
7/29/2022 12:06:23 PM---Messages--:ToDate: Index was outside the bounds of the array.
7/29/2022 12:06:23 PM---Messages--:ToDate: Index was outside the bounds of the array.
7/29/2022 12:06:23 PM---Messages--:-#####--Claim ID:- 73992: -------#####--Success Factor ID:- DT212--------
7/29/2022 12:06:24 PM---Messages--:ToDate: Index was outside the bounds of the array.
7/29/2022 12:06:24 PM---Messages--:ToDate: Index was outside the bounds of the array.
7/29/2022 12:06:24 PM---Messages--:-#####--Claim ID:- 73988: -------#####--Success Factor ID:- DT212--------
7/29/2022 12:06:25 PM---Messages--:ToDate: Index was outside the bounds of the array.
7/29/2022 12:06:25 PM---Messages--:ToDate: Index was outside the bounds of the array.
7/29/2022 12:06:25 PM---Messages--:-#####--Claim ID:- 73994: -------#####--Success Factor ID:- DT212--------
7/29/2022 12:06:25 PM---Messages--:ToDate: Index was outside the bounds of the array.
7/29/2022 12:06:25 PM---Messages--:ToDate: Index was outside the bounds of the array.
7/29/2022 12:06:25 PM---Messages--:-#####--Claim ID:- 73995: -------#####--Success Factor ID:- DT212--------
7/29/2022 12:06:26 PM---Messages--:ToDate: Index was outside the bounds of the array.
7/29/2022 12:06:26 PM---Messages--:ToDate: Index was outside the bounds of the array.
7/29/2022 12:06:26 PM---Messages--:-#####--Claim ID:- 73991: -------#####--Success Factor ID:- DT212--------
7/29/2022 12:06:26 PM---Messages--:ToDate: Index was outside the bounds of the array.
7/29/2022 12:06:26 PM---Messages--:ToDate: Index was outside the bounds of the array.
7/29/2022 12:06:26 PM---Messages--:-#####--Claim ID:- 73990: -------#####--Success Factor ID:- DT212--------
7/29/2022 12:06:27 PM---Messages--:ToDate: Index was outside the bounds of the array.
7/29/2022 12:06:27 PM---Messages--:ToDate: Index was outside the bounds of the array.
7/29/2022 12:06:27 PM---Messages--:-#####--Claim ID:- 73959: -------#####--Success Factor ID:- 1828--------
7/29/2022 12:06:27 PM---Messages--:ToDate: Index was outside the bounds of the array.
7/29/2022 12:06:27 PM---Messages--:ToDate: Index was outside the bounds of the array.
7/29/2022 12:06:27 PM---Messages--:-#####--Claim ID:- 73957: -------#####--Success Factor ID:- 1828--------
7/29/2022 12:06:27 PM---Messages--:ToDate: Index was outside the bounds of the array.
7/29/2022 12:06:27 PM---Messages--:ToDate: Index was outside the bounds of the array.
7/29/2022 12:06:27 PM---Messages--:-#####--Claim ID:- 73948: -------#####--Success Factor ID:- 1509--------
7/29/2022 12:06:27 PM---Messages--:ToDate: Index was outside the bounds of the array.
7/29/2022 12:06:28 PM---Messages--:ToDate: Index was outside the bounds of the array.
7/29/2022 12:06:28 PM---Messages--:-#####--Claim ID:- 73928: -------#####--Success Factor ID:- 1871--------
7/29/2022 12:06:28 PM---Messages--:ToDate: Index was outside the bounds of the array.
7/29/2022 12:06:28 PM---Messages--:ToDate: Index was outside the bounds of the array.
7/29/2022 12:06:28 PM---Messages--:-#####--Claim ID:- 69144: -------#####--Success Factor ID:- 1871--------
7/29/2022 12:06:28 PM---Messages--:ToDate: Index was outside the bounds of the array.
7/29/2022 12:06:28 PM---Messages--:ToDate: Index was outside the bounds of the array.
7/29/2022 12:06:28 PM---Messages--:-#####--Claim ID:- 73895: -------#####--Success Factor ID:- 1628--------
7/29/2022 12:06:28 PM---Messages--:ToDate: Index was outside the bounds of the array.
7/29/2022 12:06:28 PM---Messages--:ToDate: Index was outside the bounds of the array.
7/29/2022 12:06:28 PM---Messages--:-#####--Claim ID:- 73407: -------#####--Success Factor ID:- 1628--------
7/29/2022 12:06:28 PM---Messages--:ToDate: Index was outside the bounds of the array.
7/29/2022 12:06:29 PM---Messages--:ToDate: Index was outside the bounds of the array.
7/29/2022 12:06:29 PM---Messages--:-#####--Claim ID:- 72833: -------#####--Success Factor ID:- 1628--------
7/29/2022 12:06:29 PM---Messages--:ToDate: Index was outside the bounds of the array.
7/29/2022 12:06:29 PM---Messages--:ToDate: Index was outside the bounds of the array.
7/29/2022 12:06:29 PM---Messages--:-#####--Claim ID:- 73857: -------#####--Success Factor ID:- DT191--------
7/29/2022 12:06:30 PM---Messages--:ToDate: Index was outside the bounds of the array.
7/29/2022 12:06:30 PM---Messages--:ToDate: Index was outside the bounds of the array.
7/29/2022 12:06:30 PM---Messages--:-#####--Claim ID:- 73856: -------#####--Success Factor ID:- DT191--------
7/29/2022 12:06:30 PM---Messages--:ToDate: Index was outside the bounds of the array.
7/29/2022 12:06:30 PM---Messages--:ToDate: Index was outside the bounds of the array.
7/29/2022 12:06:30 PM---Messages--:-#####--Claim ID:- 73841: -------#####--Success Factor ID:- DT290--------
7/29/2022 12:06:30 PM---Messages--:ToDate: Index was outside the bounds of the array.
7/29/2022 12:06:30 PM---Messages--:ToDate: Index was outside the bounds of the array.
7/29/2022 12:06:30 PM---Messages--:-#####--Claim ID:- 73839: -------#####--Success Factor ID:- DT290--------
7/29/2022 12:06:30 PM---Messages--:ToDate: Index was outside the bounds of the array.
7/29/2022 12:06:30 PM---Messages--:ToDate: Index was outside the bounds of the array.
7/29/2022 12:06:30 PM---Messages--:-#####--Claim ID:- 73830: -------#####--Success Factor ID:- DT290--------
7/29/2022 12:06:31 PM---Messages--:ToDate: Index was outside the bounds of the array.
7/29/2022 12:06:31 PM---Messages--:ToDate: Index was outside the bounds of the array.
7/29/2022 12:06:31 PM---Messages--:-#####--Claim ID:- 73832: -------#####--Success Factor ID:- DT290--------
7/29/2022 12:06:31 PM---Messages--:-#####--Claim ID:- 73806: -------#####--Success Factor ID:- 1630--------
7/29/2022 12:06:31 PM---Messages--:ToDate: Index was outside the bounds of the array.
7/29/2022 12:06:31 PM---Messages--:ToDate: Index was outside the bounds of the array.
7/29/2022 12:06:31 PM---Messages--:-#####--Claim ID:- 73802: -------#####--Success Factor ID:- 884--------
7/29/2022 12:06:31 PM---Messages--:ToDate: Index was outside the bounds of the array.
7/29/2022 12:06:31 PM---Messages--:ToDate: Index was outside the bounds of the array.
7/29/2022 12:06:31 PM---Messages--:-#####--Claim ID:- 73800: -------#####--Success Factor ID:- 884--------
7/29/2022 12:06:31 PM---Messages--:ToDate: Index was outside the bounds of the array.
7/29/2022 12:06:31 PM---Messages--:ToDate: Index was outside the bounds of the array.
7/29/2022 12:06:31 PM---Messages--:-#####--Claim ID:- 73801: -------#####--Success Factor ID:- 884--------
7/29/2022 12:06:31 PM---Messages--:ToDate: Index was outside the bounds of the array.
7/29/2022 12:06:31 PM---Messages--:ToDate: Index was outside the bounds of the array.
7/29/2022 12:06:31 PM---Messages--:-#####--Claim ID:- 73798: -------#####--Success Factor ID:- 884--------
7/29/2022 12:06:32 PM---Messages--:ToDate: Index was outside the bounds of the array.
7/29/2022 12:06:32 PM---Messages--:ToDate: Index was outside the bounds of the array.
7/29/2022 12:06:32 PM---Messages--:-#####--Claim ID:- 73799: -------#####--Success Factor ID:- 884--------
7/29/2022 12:06:32 PM---Messages--:ToDate: Index was outside the bounds of the array.
7/29/2022 12:06:32 PM---Messages--:ToDate: Index was outside the bounds of the array.
7/29/2022 12:06:32 PM---Messages--:-#####--Claim ID:- 71514: -------#####--Success Factor ID:- 884--------
7/29/2022 12:06:32 PM---Messages--:ToDate: Index was outside the bounds of the array.
7/29/2022 12:06:32 PM---Messages--:ToDate: Index was outside the bounds of the array.
7/29/2022 12:06:32 PM---Messages--:-#####--Claim ID:- 77363: -------#####--Success Factor ID:- 884--------
7/29/2022 12:06:32 PM---Messages--:ToDate: Index was outside the bounds of the array.
7/29/2022 12:06:32 PM---Messages--:ToDate: Index was outside the bounds of the array.
7/29/2022 12:06:33 PM---Messages--:-#####--Claim ID:- 73766: -------#####--Success Factor ID:- 1995--------
7/29/2022 12:06:33 PM---Messages--:ToDate: Index was outside the bounds of the array.
7/29/2022 12:06:33 PM---Messages--:ToDate: Index was outside the bounds of the array.
7/29/2022 12:06:33 PM---Messages--:-#####--Claim ID:- 73764: -------#####--Success Factor ID:- 1995--------
7/29/2022 12:06:33 PM---Messages--:ToDate: Index was outside the bounds of the array.
7/29/2022 12:06:33 PM---Messages--:ToDate: Index was outside the bounds of the array.
7/29/2022 12:06:33 PM---Messages--:-#####--Claim ID:- 73765: -------#####--Success Factor ID:- 1995--------
7/29/2022 12:06:33 PM---Messages--:ToDate: Index was outside the bounds of the array.
7/29/2022 12:06:33 PM---Messages--:ToDate: Index was outside the bounds of the array.
7/29/2022 12:06:33 PM---Messages--:-#####--Claim ID:- 73760: -------#####--Success Factor ID:- 1374--------
7/29/2022 12:06:33 PM---Messages--:ToDate: Index was outside the bounds of the array.
7/29/2022 12:06:33 PM---Messages--:ToDate: Index was outside the bounds of the array.
7/29/2022 12:06:33 PM---Messages--:-#####--Claim ID:- 73715: -------#####--Success Factor ID:- 1990--------
7/29/2022 12:06:33 PM---Messages--:ToDate: Index was outside the bounds of the array.
7/29/2022 12:06:33 PM---Messages--:ToDate: Index was outside the bounds of the array.
7/29/2022 12:06:34 PM---Messages--:-#####--Claim ID:- 73703: -------#####--Success Factor ID:- 265--------
7/29/2022 12:06:34 PM---Messages--:ToDate: Index was outside the bounds of the array.
7/29/2022 12:06:34 PM---Messages--:ToDate: Index was outside the bounds of the array.
7/29/2022 12:06:34 PM---Messages--:-#####--Claim ID:- 73701: -------#####--Success Factor ID:- 1510--------
7/29/2022 12:06:34 PM---Messages--:ToDate: Index was outside the bounds of the array.
7/29/2022 12:06:34 PM---Messages--:ToDate: Index was outside the bounds of the array.
7/29/2022 12:06:35 PM---Messages--:-#####--Claim ID:- 73634: -------#####--Success Factor ID:- 1599--------
7/29/2022 12:06:36 PM---Messages--:ToDate: Index was outside the bounds of the array.
7/29/2022 12:06:36 PM---Messages--:ToDate: Index was outside the bounds of the array.
7/29/2022 12:06:36 PM---Messages--:-#####--Claim ID:- 73571: -------#####--Success Factor ID:- 1861--------
7/29/2022 12:06:36 PM---Messages--:ToDate: Index was outside the bounds of the array.
7/29/2022 12:06:36 PM---Messages--:ToDate: Index was outside the bounds of the array.
7/29/2022 12:06:36 PM---Messages--:-#####--Claim ID:- 73570: -------#####--Success Factor ID:- 1861--------
7/29/2022 12:06:36 PM---Messages--:ToDate: Index was outside the bounds of the array.
7/29/2022 12:06:36 PM---Messages--:ToDate: Index was outside the bounds of the array.
7/29/2022 12:06:36 PM---Messages--:-#####--Claim ID:- 73569: -------#####--Success Factor ID:- 1861--------
7/29/2022 12:06:36 PM---Messages--:ToDate: Index was outside the bounds of the array.
7/29/2022 12:06:36 PM---Messages--:ToDate: Index was outside the bounds of the array.
7/29/2022 12:06:36 PM---Messages--:-#####--Claim ID:- 73543: -------#####--Success Factor ID:- 1870--------
7/29/2022 12:06:36 PM---Messages--:ToDate: Index was outside the bounds of the array.
7/29/2022 12:06:36 PM---Messages--:ToDate: Index was outside the bounds of the array.
7/29/2022 12:06:36 PM---Messages--:-#####--Claim ID:- 73541: -------#####--Success Factor ID:- 1870--------
7/29/2022 12:06:36 PM---Messages--:ToDate: Index was outside the bounds of the array.
7/29/2022 12:06:36 PM---Messages--:ToDate: Index was outside the bounds of the array.
7/29/2022 12:06:36 PM---Messages--:-#####--Claim ID:- 73538: -------#####--Success Factor ID:- 1853--------
7/29/2022 12:06:36 PM---Messages--:ToDate: Index was outside the bounds of the array.
7/29/2022 12:06:36 PM---Messages--:ToDate: Index was outside the bounds of the array.
7/29/2022 12:06:36 PM---Messages--:-#####--Claim ID:- 73537: -------#####--Success Factor ID:- 1853--------
7/29/2022 12:06:37 PM---Messages--:ToDate: Index was outside the bounds of the array.
7/29/2022 12:06:37 PM---Messages--:ToDate: Index was outside the bounds of the array.
7/29/2022 12:06:37 PM---Messages--:-#####--Claim ID:- 75144: -------#####--Success Factor ID:- 1604--------
7/29/2022 12:06:37 PM---Messages--:ToDate: Index was outside the bounds of the array.
7/29/2022 12:06:37 PM---Messages--:ToDate: Index was outside the bounds of the array.
7/29/2022 12:06:37 PM---Messages--:-#####--Claim ID:- 74776: -------#####--Success Factor ID:- 1046--------
7/29/2022 12:06:37 PM---Messages--:ToDate: Index was outside the bounds of the array.
7/29/2022 12:06:37 PM---Messages--:ToDate: Index was outside the bounds of the array.
7/29/2022 12:06:37 PM---Messages--:-#####--Claim ID:- 74775: -------#####--Success Factor ID:- 1046--------
7/29/2022 12:06:37 PM---Messages--:ToDate: Index was outside the bounds of the array.
7/29/2022 12:06:37 PM---Messages--:ToDate: Index was outside the bounds of the array.
7/29/2022 12:06:38 PM---Messages--:-#####--Claim ID:- 73357: -------#####--Success Factor ID:- 1877--------
7/29/2022 12:06:38 PM---Messages--:ToDate: Index was outside the bounds of the array.
7/29/2022 12:06:38 PM---Messages--:ToDate: Index was outside the bounds of the array.
7/29/2022 12:06:38 PM---Messages--:-#####--Claim ID:- 73356: -------#####--Success Factor ID:- 1877--------
7/29/2022 12:06:38 PM---Messages--:ToDate: Index was outside the bounds of the array.
7/29/2022 12:06:38 PM---Messages--:ToDate: Index was outside the bounds of the array.
7/29/2022 12:06:38 PM---Messages--:-#####--Claim ID:- 73351: -------#####--Success Factor ID:- 1877--------
7/29/2022 12:06:39 PM---Messages--:ToDate: Index was outside the bounds of the array.
7/29/2022 12:06:39 PM---Messages--:ToDate: Index was outside the bounds of the array.
7/29/2022 12:06:39 PM---Messages--:-#####--Claim ID:- 72721: -------#####--Success Factor ID:- 1898--------
7/29/2022 12:06:41 PM---Messages--:ToDate: Index was outside the bounds of the array.
7/29/2022 12:06:41 PM---Messages--:ToDate: Index was outside the bounds of the array.
7/29/2022 12:06:41 PM---Messages--:-#####--Claim ID:- 77085: -------#####--Success Factor ID:- 1898--------
7/29/2022 12:06:41 PM---Messages--:ToDate: Index was outside the bounds of the array.
7/29/2022 12:06:41 PM---Messages--:ToDate: Index was outside the bounds of the array.
7/29/2022 12:06:41 PM---Messages--:-#####--Claim ID:- 69168: -------#####--Success Factor ID:- 1898--------
7/29/2022 12:06:41 PM---Messages--:ToDate: Index was outside the bounds of the array.
7/29/2022 12:06:41 PM---Messages--:ToDate: Index was outside the bounds of the array.
7/29/2022 12:06:41 PM---Messages--:-#####--Claim ID:- 73165: -------#####--Success Factor ID:- 1567--------
7/29/2022 12:06:41 PM---Messages--:ToDate: Index was outside the bounds of the array.
7/29/2022 12:06:42 PM---Messages--:ToDate: Index was outside the bounds of the array.
7/29/2022 12:06:42 PM---Messages--:-#####--Claim ID:- 73163: -------#####--Success Factor ID:- 1567--------
7/29/2022 12:06:42 PM---Messages--:ToDate: Index was outside the bounds of the array.
7/29/2022 12:06:42 PM---Messages--:ToDate: Index was outside the bounds of the array.
7/29/2022 12:06:42 PM---Messages--:-#####--Claim ID:- 72214: -------#####--Success Factor ID:- 1857--------
7/29/2022 12:06:42 PM---Messages--:ToDate: Index was outside the bounds of the array.
7/29/2022 12:06:43 PM---Messages--:ToDate: Index was outside the bounds of the array.
7/29/2022 12:06:43 PM---Messages--:-#####--Claim ID:- 73522: -------#####--Success Factor ID:- 1779--------
7/29/2022 12:06:43 PM---Messages--:ToDate: Index was outside the bounds of the array.
7/29/2022 12:06:43 PM---Messages--:ToDate: Index was outside the bounds of the array.
7/29/2022 12:06:43 PM---Messages--:-#####--Claim ID:- 73521: -------#####--Success Factor ID:- 1779--------
7/29/2022 12:06:43 PM---Messages--:ToDate: Index was outside the bounds of the array.
7/29/2022 12:06:43 PM---Messages--:ToDate: Index was outside the bounds of the array.
7/29/2022 12:06:43 PM---Messages--:-#####--Claim ID:- 73520: -------#####--Success Factor ID:- 1779--------
7/29/2022 12:06:43 PM---Messages--:ToDate: Index was outside the bounds of the array.
7/29/2022 12:06:43 PM---Messages--:ToDate: Index was outside the bounds of the array.
7/29/2022 12:06:43 PM---Messages--:-#####--Claim ID:- 73523: -------#####--Success Factor ID:- 1779--------
7/29/2022 12:06:43 PM---Messages--:ToDate: Index was outside the bounds of the array.
7/29/2022 12:06:43 PM---Messages--:ToDate: Index was outside the bounds of the array.
7/29/2022 12:06:43 PM---Messages--:-#####--Claim ID:- 76634: -------#####--Success Factor ID:- 1779--------
7/29/2022 12:06:44 PM---Messages--:ToDate: Index was outside the bounds of the array.
7/29/2022 12:06:44 PM---Messages--:ToDate: Index was outside the bounds of the array.
7/29/2022 12:06:44 PM---Messages--:-#####--Claim ID:- 76635: -------#####--Success Factor ID:- 1779--------
7/29/2022 12:06:44 PM---Messages--:ToDate: Index was outside the bounds of the array.
7/29/2022 12:06:44 PM---Messages--:ToDate: Index was outside the bounds of the array.
7/29/2022 12:06:44 PM---Messages--:-#####--Claim ID:- 76636: -------#####--Success Factor ID:- 1779--------
7/29/2022 12:06:45 PM---Messages--:ToDate: Index was outside the bounds of the array.
7/29/2022 12:06:45 PM---Messages--:ToDate: Index was outside the bounds of the array.
7/29/2022 12:06:45 PM---Messages--:-#####--Claim ID:- 76633: -------#####--Success Factor ID:- 1779--------
7/29/2022 12:06:45 PM---Messages--:ToDate: Index was outside the bounds of the array.
7/29/2022 12:06:45 PM---Messages--:ToDate: Index was outside the bounds of the array.
7/29/2022 12:06:45 PM---Messages--:-#####--Claim ID:- 73515: -------#####--Success Factor ID:- 1884--------
7/29/2022 12:06:45 PM---Messages--:ToDate: Index was outside the bounds of the array.
7/29/2022 12:06:45 PM---Messages--:ToDate: Index was outside the bounds of the array.
7/29/2022 12:06:45 PM---Messages--:-#####--Claim ID:- 73511: -------#####--Success Factor ID:- 1884--------
7/29/2022 12:06:45 PM---Messages--:ToDate: Index was outside the bounds of the array.
7/29/2022 12:06:45 PM---Messages--:ToDate: Index was outside the bounds of the array.
7/29/2022 12:06:45 PM---Messages--:-#####--Claim ID:- 73479: -------#####--Success Factor ID:- 1546--------
7/29/2022 12:06:45 PM---Messages--:ToDate: Index was outside the bounds of the array.
7/29/2022 12:06:45 PM---Messages--:ToDate: Index was outside the bounds of the array.
7/29/2022 12:06:45 PM---Messages--:-#####--Claim ID:- 73477: -------#####--Success Factor ID:- 1546--------
7/29/2022 12:06:45 PM---Messages--:ToDate: Index was outside the bounds of the array.
7/29/2022 12:06:45 PM---Messages--:ToDate: Index was outside the bounds of the array.
7/29/2022 12:06:46 PM---Messages--:-#####--Claim ID:- 73473: -------#####--Success Factor ID:- 914--------
7/29/2022 12:06:46 PM---Messages--:ToDate: Index was outside the bounds of the array.
7/29/2022 12:06:46 PM---Messages--:ToDate: Index was outside the bounds of the array.
7/29/2022 12:06:46 PM---Messages--:-#####--Claim ID:- 76913: -------#####--Success Factor ID:- 1916--------
7/29/2022 12:06:46 PM---Messages--:ToDate: Index was outside the bounds of the array.
7/29/2022 12:06:46 PM---Messages--:ToDate: Index was outside the bounds of the array.
7/29/2022 12:06:46 PM---Messages--:-#####--Claim ID:- 77668: -------#####--Success Factor ID:- 1199--------
7/29/2022 12:06:47 PM---Messages--:ToDate: Index was outside the bounds of the array.
7/29/2022 12:06:47 PM---Messages--:ToDate: Index was outside the bounds of the array.
7/29/2022 12:06:47 PM---Messages--:-#####--Claim ID:- 75356: -------#####--Success Factor ID:- DT274--------
7/29/2022 12:06:48 PM---Messages--:ToDate: Index was outside the bounds of the array.
7/29/2022 12:06:48 PM---Messages--:ToDate: Index was outside the bounds of the array.
7/29/2022 12:06:48 PM---Messages--:-#####--Claim ID:- 69155: -------#####--Success Factor ID:- DT146--------
7/29/2022 12:06:48 PM---Messages--:ToDate: Index was outside the bounds of the array.
7/29/2022 12:06:48 PM---Messages--:ToDate: Index was outside the bounds of the array.
7/29/2022 12:06:48 PM---Messages--:-#####--Claim ID:- 69156: -------#####--Success Factor ID:- DT146--------
7/29/2022 12:06:48 PM---Messages--:ToDate: Index was outside the bounds of the array.
7/29/2022 12:06:48 PM---Messages--:ToDate: Index was outside the bounds of the array.
7/29/2022 12:06:49 PM---Messages--:-#####--Claim ID:- 69748: -------#####--Success Factor ID:- 1503--------
7/29/2022 12:06:49 PM---Messages--:ToDate: Index was outside the bounds of the array.
7/29/2022 12:06:49 PM---Messages--:ToDate: Index was outside the bounds of the array.
7/29/2022 12:06:49 PM---Messages--:-#####--Claim ID:- 69744: -------#####--Success Factor ID:- 1503--------
7/29/2022 12:06:49 PM---Messages--:ToDate: Index was outside the bounds of the array.
7/29/2022 12:06:49 PM---Messages--:ToDate: Index was outside the bounds of the array.
7/29/2022 12:06:49 PM---Messages--:-#####--Claim ID:- 68920: -------#####--Success Factor ID:- 1503--------
7/29/2022 12:06:49 PM---Messages--:ToDate: Index was outside the bounds of the array.
7/29/2022 12:06:49 PM---Messages--:ToDate: Index was outside the bounds of the array.
7/29/2022 12:06:49 PM---Messages--:-#####--Claim ID:- 68912: -------#####--Success Factor ID:- 1503--------
7/29/2022 12:06:49 PM---Messages--:ToDate: Index was outside the bounds of the array.
7/29/2022 12:06:49 PM---Messages--:ToDate: Index was outside the bounds of the array.
7/29/2022 12:06:49 PM---Messages--:-#####--Claim ID:- 69736: -------#####--Success Factor ID:- 1588--------
7/29/2022 12:06:49 PM---Messages--:ToDate: Index was outside the bounds of the array.
7/29/2022 12:06:50 PM---Messages--:ToDate: Index was outside the bounds of the array.
7/29/2022 12:06:50 PM---Messages--:-#####--Claim ID:- 69438: -------#####--Success Factor ID:- 1588--------
7/29/2022 12:06:50 PM---Messages--:ToDate: Index was outside the bounds of the array.
7/29/2022 12:06:50 PM---Messages--:ToDate: Index was outside the bounds of the array.
7/29/2022 12:06:50 PM---Messages--:-#####--Claim ID:- 69433: -------#####--Success Factor ID:- 1588--------
7/29/2022 12:06:50 PM---Messages--:ToDate: Index was outside the bounds of the array.
7/29/2022 12:06:50 PM---Messages--:ToDate: Index was outside the bounds of the array.
7/29/2022 12:06:50 PM---Messages--:-#####--Claim ID:- 69630: -------#####--Success Factor ID:- 1669--------
7/29/2022 12:06:50 PM---Messages--:ToDate: Index was outside the bounds of the array.
7/29/2022 12:06:50 PM---Messages--:ToDate: Index was outside the bounds of the array.
7/29/2022 12:06:50 PM---Messages--:-#####--Claim ID:- 57000: -------#####--Success Factor ID:- 1463--------
7/29/2022 12:06:50 PM---Messages--:ToDate: Index was outside the bounds of the array.
7/29/2022 12:06:50 PM---Messages--:ToDate: Index was outside the bounds of the array.
7/29/2022 12:06:51 PM---Messages--:-#####--Claim ID:- 69188: -------#####--Success Factor ID:- 1905--------
7/29/2022 12:06:51 PM---Messages--:ToDate: Index was outside the bounds of the array.
7/29/2022 12:06:51 PM---Messages--:ToDate: Index was outside the bounds of the array.
7/29/2022 12:06:51 PM---Messages--:-#####--Claim ID:- 69184: -------#####--Success Factor ID:- 1905--------
7/29/2022 12:06:51 PM---Messages--:ToDate: Index was outside the bounds of the array.
7/29/2022 12:06:51 PM---Messages--:ToDate: Index was outside the bounds of the array.
7/29/2022 12:06:51 PM---Messages--:-#####--Claim ID:- 69074: -------#####--Success Factor ID:- 1827--------
7/29/2022 12:06:51 PM---Messages--:ToDate: Index was outside the bounds of the array.
7/29/2022 12:06:51 PM---Messages--:ToDate: Index was outside the bounds of the array.
7/29/2022 12:06:51 PM---Messages--:-#####--Claim ID:- 69062: -------#####--Success Factor ID:- 1827--------
7/29/2022 12:06:51 PM---Messages--:ToDate: Index was outside the bounds of the array.
7/29/2022 12:06:51 PM---Messages--:ToDate: Index was outside the bounds of the array.
7/29/2022 12:06:51 PM---Messages--:-#####--Claim ID:- 69020: -------#####--Success Factor ID:- 1229--------
7/29/2022 12:06:51 PM---Messages--:ToDate: Index was outside the bounds of the array.
7/29/2022 12:06:52 PM---Messages--:ToDate: Index was outside the bounds of the array.
7/29/2022 12:06:52 PM---Messages--:-#####--Claim ID:- 69016: -------#####--Success Factor ID:- 466--------
7/29/2022 12:06:52 PM---Messages--:ToDate: Index was outside the bounds of the array.
7/29/2022 12:06:52 PM---Messages--:ToDate: Index was outside the bounds of the array.
7/29/2022 12:06:52 PM---Messages--:-#####--Claim ID:- 69012: -------#####--Success Factor ID:- 1502--------
7/29/2022 12:06:52 PM---Messages--:ToDate: Index was outside the bounds of the array.
7/29/2022 12:06:52 PM---Messages--:ToDate: Index was outside the bounds of the array.
7/29/2022 12:06:52 PM---Messages--:-#####--Claim ID:- 68994: -------#####--Success Factor ID:- 1502--------
7/29/2022 12:06:52 PM---Messages--:ToDate: Index was outside the bounds of the array.
7/29/2022 12:06:52 PM---Messages--:ToDate: Index was outside the bounds of the array.
7/29/2022 12:06:52 PM---Messages--:-#####--Claim ID:- 69008: -------#####--Success Factor ID:- 1227--------
7/29/2022 12:06:53 PM---Messages--:ToDate: Index was outside the bounds of the array.
7/29/2022 12:06:53 PM---Messages--:ToDate: Index was outside the bounds of the array.
7/29/2022 12:06:53 PM---Messages--:-#####--Claim ID:- 68956: -------#####--Success Factor ID:- 1869--------
7/29/2022 12:06:53 PM---Messages--:ToDate: Index was outside the bounds of the array.
7/29/2022 12:06:53 PM---Messages--:ToDate: Index was outside the bounds of the array.
7/29/2022 12:06:53 PM---Messages--:-#####--Claim ID:- 68814: -------#####--Success Factor ID:- 1869--------
7/29/2022 12:06:53 PM---Messages--:ToDate: Index was outside the bounds of the array.
7/29/2022 12:06:53 PM---Messages--:ToDate: Index was outside the bounds of the array.
7/29/2022 12:06:53 PM---Messages--:Adding Success Factor: -------
7/29/2022 12:07:05 PM---Messages--:Success Factor is added successfully: -------------------
7/29/2022 12:07:06 PM---Messages--:Main: Object reference not set to an instance of an object.
