02-09-24 11:49:32---Messages--:****************************: ################NEW CONNECTION###############***********************
02-09-24 11:49:32---Messages--:Connected With   : Database :- TVI_PilotCompany
02-09-24 11:49:32---Messages--:****** START *******: Download file from SFTP Server         
02-09-24 11:50:13---Messages--:****** END *******: File download completed         
02-09-24 11:50:13---Messages--:*******START*******: Move file into SFTP server to Source folder
02-09-24 11:50:16---Messages--:*******File Move*******: Move file into SFTP server to Source folder file Name:-EINV_IRN_JSON
02-09-24 11:50:16---Messages--:*******File Move*******: Move file into SFTP server to Source folder file Name:-ISR_Details_SAP_B1_02092024113529_PSD.csv
02-09-24 11:50:16---Messages--:*******File Move*******: Move file into SFTP server to Source folder file Name:-ISR_Details_SAP_B1_29082024115450_ERR.csv
02-09-24 11:50:16---Messages--:*******File Move*******: Move file into SFTP server to Source folder file Name:-ISR_Details_SAP_B1_29082024115450_PSD.csv
02-09-24 11:50:16---Messages--:*******File Move*******: Move file into SFTP server to Source folder file Name:-ISR_Details_SAP_B1_29082024121835_PSD.csv
02-09-24 11:50:16---Messages--:*******END*******: Move file into SFTP server to Source folder
02-09-24 12:21:53---Messages--:****************************: ################NEW CONNECTION###############***********************
02-09-24 12:21:53---Messages--:Connected With   : Database :- TVI_PilotCompany
02-09-24 12:21:53---Messages--:****** START *******: Download file from SFTP Server         
02-09-24 12:22:00---Messages--:****** END *******: File download completed         
02-09-24 12:22:00---Messages--:*******START*******: Move file into SFTP server to Source folder
02-09-24 12:22:03---Messages--:*******File Move*******: Move file into SFTP server to Source folder file Name:-EINV_IRN_JSON
02-09-24 12:22:03---Messages--:*******File Move*******: Move file into SFTP server to Source folder file Name:-ISR_Details_SAP_B1_02092024120502_PSD.csv
02-09-24 12:22:03---Messages--:*******END*******: Move file into SFTP server to Source folder
02-09-24 12:26:22---Messages--:****************************: ################NEW CONNECTION###############***********************
02-09-24 12:26:22---Messages--:Connected With   : Database :- TVI_PilotCompany
02-09-24 12:26:22---Messages--:****** START *******: Download file from SFTP Server         
02-09-24 12:26:31---Messages--:****** END *******: File download completed         
02-09-24 12:26:31---Messages--:*******START*******: Move file into SFTP server to Source folder
02-09-24 12:26:34---Messages--:*******File Move*******: Move file into SFTP server to Source folder file Name:-EINV_IRN_JSON
02-09-24 12:26:34---Messages--:*******File Move*******: Move file into SFTP server to Source folder file Name:-ISR_Details_SAP_B1_02092024122031_PSD.csv
02-09-24 12:26:34---Messages--:*******END*******: Move file into SFTP server to Source folder
02-09-24 14:30:45---Messages--:****************************: ################NEW CONNECTION###############***********************
02-09-24 14:30:45---Messages--:Connected With   : Database :- TVI_PilotCompany
02-09-24 14:30:45---Messages--:****** START *******: Download file from SFTP Server         
02-09-24 14:30:53---Messages--:****** END *******: File download completed         
02-09-24 14:30:53---Messages--:*******START*******: Move file into SFTP server to Source folder
02-09-24 14:30:56---Messages--:*******File Move*******: Move file into SFTP server to Source folder file Name:-EINV_IRN_JSON
02-09-24 14:30:57---Messages--:*******File Move*******: Move file into SFTP server to Source folder file Name:-ISR_Details_SAP_B1_02092024141401_ERR.csv
02-09-24 14:30:57---Messages--:*******File Move*******: Move file into SFTP server to Source folder file Name:-ISR_Details_SAP_B1_02092024141401_PSD.csv
02-09-24 14:30:57---Messages--:*******END*******: Move file into SFTP server to Source folder
02-09-24 14:53:20---Messages--:****************************: ################NEW CONNECTION###############***********************
02-09-24 14:53:20---Messages--:Connected With   : Database :- TVI_PilotCompany
02-09-24 14:53:20---Messages--:****** START *******: Download file from SFTP Server         
02-09-24 14:53:29---Messages--:****** END *******: File download completed         
02-09-24 14:53:29---Messages--:*******START*******: Move file into SFTP server to Source folder
02-09-24 14:53:32---Messages--:*******File Move*******: Move file into SFTP server to Source folder file Name:-EINV_IRN_JSON
02-09-24 14:53:32---Messages--:*******File Move*******: Move file into SFTP server to Source folder file Name:-ISR_Details_SAP_B1_02092024144256_ERR.csv
02-09-24 14:53:32---Messages--:*******File Move*******: Move file into SFTP server to Source folder file Name:-ISR_Details_SAP_B1_02092024144256_PSD.csv
02-09-24 14:53:32---Messages--:*******END*******: Move file into SFTP server to Source folder
