1/14/2021 10:17:09 AM---Messages--:****************************: ################NEW CONNECTION###############***********************
1/14/2021 10:17:09 AM---Messages--:Connected With   : Database :- TVI_PilotCompany
1/14/2021 10:17:44 AM---Messages--:-#####--Claim ID:- 45363: -------#####--Success Factor ID:- SRMT344--------
1/14/2021 10:17:44 AM---Messages--:-#####--Claim ID:- 45122: -------#####--Success Factor ID:- TF20--------
1/14/2021 10:17:44 AM---Messages--:-#####--Claim ID:- 45582: -------#####--Success Factor ID:- SRMT101--------
1/14/2021 10:17:44 AM---Messages--:-#####--Claim ID:- 45583: -------#####--Success Factor ID:- SRMT101--------
1/14/2021 10:17:44 AM---Messages--:-#####--Claim ID:- 45399: -------#####--Success Factor ID:- SRMT332--------
1/14/2021 10:17:44 AM---Messages--:-#####--Claim ID:- 45403: -------#####--Success Factor ID:- SRMT332--------
1/14/2021 10:17:44 AM---Messages--:-#####--Claim ID:- 45401: -------#####--Success Factor ID:- SRMT332--------
1/14/2021 10:17:44 AM---Messages--:-#####--Claim ID:- 45397: -------#####--Success Factor ID:- SRMT332--------
1/14/2021 10:28:13 AM---Messages--:****************************: ################NEW CONNECTION###############***********************
1/14/2021 10:28:13 AM---Messages--:Connected With   : Database :- TVI_PilotCompany
1/14/2021 10:28:25 AM---Messages--:-#####--Claim ID:- 45363: -------#####--Success Factor ID:- SRMT344--------
1/14/2021 10:28:25 AM---Messages--:-#####--Claim ID:- 45122: -------#####--Success Factor ID:- TF20--------
1/14/2021 10:28:25 AM---Messages--:-#####--Claim ID:- 45582: -------#####--Success Factor ID:- SRMT101--------
1/14/2021 10:28:25 AM---Messages--:ToDate: Index was outside the bounds of the array.
1/14/2021 10:28:25 AM---Messages--:ToDate: Index was outside the bounds of the array.
1/14/2021 10:28:25 AM---Messages--:-#####--Claim ID:- 45583: -------#####--Success Factor ID:- SRMT101--------
1/14/2021 10:28:26 AM---Messages--:-#####--Claim ID:- 45399: -------#####--Success Factor ID:- SRMT332--------
1/14/2021 10:28:26 AM---Messages--:-#####--Claim ID:- 45403: -------#####--Success Factor ID:- SRMT332--------
1/14/2021 10:28:26 AM---Messages--:-#####--Claim ID:- 45401: -------#####--Success Factor ID:- SRMT332--------
1/14/2021 10:28:26 AM---Messages--:-#####--Claim ID:- 45397: -------#####--Success Factor ID:- SRMT332--------
1/14/2021 10:29:10 AM---Messages--:****************************: ################NEW CONNECTION###############***********************
1/14/2021 10:29:10 AM---Messages--:Connected With   : Database :- TVI_PilotCompany
1/14/2021 10:29:20 AM---Messages--:-#####--Claim ID:- 45363: -------#####--Success Factor ID:- SRMT344--------
1/14/2021 10:29:20 AM---Messages--:-#####--Claim ID:- 45122: -------#####--Success Factor ID:- TF20--------
1/14/2021 10:29:20 AM---Messages--:-#####--Claim ID:- 45582: -------#####--Success Factor ID:- SRMT101--------
1/14/2021 10:29:20 AM---Messages--:ToDate: Index was outside the bounds of the array.
1/14/2021 10:29:20 AM---Messages--:ToDate: Index was outside the bounds of the array.
1/14/2021 10:29:20 AM---Messages--:-#####--Claim ID:- 45583: -------#####--Success Factor ID:- SRMT101--------
1/14/2021 10:29:20 AM---Messages--:-#####--Claim ID:- 45399: -------#####--Success Factor ID:- SRMT332--------
1/14/2021 10:29:20 AM---Messages--:-#####--Claim ID:- 45403: -------#####--Success Factor ID:- SRMT332--------
1/14/2021 10:29:20 AM---Messages--:-#####--Claim ID:- 45401: -------#####--Success Factor ID:- SRMT332--------
1/14/2021 10:29:20 AM---Messages--:-#####--Claim ID:- 45397: -------#####--Success Factor ID:- SRMT332--------
1/14/2021 10:29:29 AM---Messages--:-#####--Claim ID:- 45066: -------#####--Success Factor ID:- SRMT337--------
1/14/2021 10:29:29 AM---Messages--:-#####--Claim ID:- 45515: -------#####--Success Factor ID:- DT183--------
1/14/2021 10:29:29 AM---Messages--:ToDate: Index was outside the bounds of the array.
1/14/2021 10:29:29 AM---Messages--:-#####--Claim ID:- 45601: -------#####--Success Factor ID:- SRMT334--------
1/14/2021 10:29:29 AM---Messages--:ToDate: Index was outside the bounds of the array.
1/14/2021 10:29:29 AM---Messages--:-#####--Claim ID:- 45311: -------#####--Success Factor ID:- 1229--------
1/14/2021 10:29:29 AM---Messages--:-#####--Claim ID:- 45547: -------#####--Success Factor ID:- 1687--------
1/14/2021 10:29:29 AM---Messages--:-#####--Claim ID:- 45327: -------#####--Success Factor ID:- 1772--------
1/14/2021 10:29:30 AM---Messages--:-#####--Claim ID:- 45179: -------#####--Success Factor ID:- 1724--------
1/14/2021 10:29:30 AM---Messages--:-#####--Claim ID:- 45269: -------#####--Success Factor ID:- 1696--------
1/14/2021 10:29:30 AM---Messages--:-#####--Claim ID:- 45303: -------#####--Success Factor ID:- 1773--------
1/14/2021 10:29:30 AM---Messages--:-#####--Claim ID:- 45032: -------#####--Success Factor ID:- 1384--------
1/14/2021 10:29:30 AM---Messages--:-#####--Claim ID:- 45036: -------#####--Success Factor ID:- 1722--------
1/14/2021 10:29:30 AM---Messages--:-#####--Claim ID:- 45087: -------#####--Success Factor ID:- 1700--------
1/14/2021 10:29:30 AM---Messages--:-#####--Claim ID:- 45131: -------#####--Success Factor ID:- 1809--------
1/14/2021 10:29:30 AM---Messages--:-#####--Claim ID:- 45078: -------#####--Success Factor ID:- 1739--------
1/14/2021 10:29:30 AM---Messages--:-#####--Claim ID:- 44832: -------#####--Success Factor ID:- 1855--------
1/14/2021 10:29:30 AM---Messages--:ToDate: Index was outside the bounds of the array.
1/14/2021 10:29:30 AM---Messages--:-#####--Claim ID:- 45102: -------#####--Success Factor ID:- 1425--------
1/14/2021 10:29:31 AM---Messages--:ToDate: Index was outside the bounds of the array.
1/14/2021 10:29:31 AM---Messages--:-#####--Claim ID:- 45439: -------#####--Success Factor ID:- 1496--------
1/14/2021 10:29:31 AM---Messages--:-#####--Claim ID:- 44952: -------#####--Success Factor ID:- 1514--------
1/14/2021 10:29:31 AM---Messages--:-#####--Claim ID:- 45083: -------#####--Success Factor ID:- 1322--------
1/14/2021 10:29:31 AM---Messages--:-#####--Claim ID:- 44234: -------#####--Success Factor ID:- 1322--------
1/14/2021 10:29:31 AM---Messages--:ToDate: Index was outside the bounds of the array.
1/14/2021 10:29:31 AM---Messages--:-#####--Claim ID:- 45205: -------#####--Success Factor ID:- 521--------
1/14/2021 10:29:31 AM---Messages--:-#####--Claim ID:- 43919: -------#####--Success Factor ID:- 521--------
1/14/2021 10:29:31 AM---Messages--:ToDate: Index was outside the bounds of the array.
1/14/2021 10:29:31 AM---Messages--:-#####--Claim ID:- 44793: -------#####--Success Factor ID:- 1506--------
1/14/2021 10:29:31 AM---Messages--:-#####--Claim ID:- 45020: -------#####--Success Factor ID:- 1406--------
1/14/2021 10:29:31 AM---Messages--:-#####--Claim ID:- 44860: -------#####--Success Factor ID:- 1755--------
1/14/2021 10:29:32 AM---Messages--:-#####--Claim ID:- 45024: -------#####--Success Factor ID:- 1048--------
1/14/2021 10:29:32 AM---Messages--:-#####--Claim ID:- 45108: -------#####--Success Factor ID:- 1747--------
1/14/2021 10:29:32 AM---Messages--:-#####--Claim ID:- 45085: -------#####--Success Factor ID:- 1226--------
1/14/2021 10:29:32 AM---Messages--:-#####--Claim ID:- 44966: -------#####--Success Factor ID:- 884--------
1/14/2021 10:29:32 AM---Messages--:ToDate: Index was outside the bounds of the array.
1/14/2021 10:29:32 AM---Messages--:-#####--Claim ID:- 44676: -------#####--Success Factor ID:- 1818--------
1/14/2021 10:29:32 AM---Messages--:ToDate: Index was outside the bounds of the array.
1/14/2021 10:29:32 AM---Messages--:-#####--Claim ID:- 44678: -------#####--Success Factor ID:- 1818--------
1/14/2021 10:29:33 AM---Messages--:ToDate: Index was outside the bounds of the array.
1/14/2021 10:29:33 AM---Messages--:-#####--Claim ID:- 45527: -------#####--Success Factor ID:- 1517--------
1/14/2021 10:29:33 AM---Messages--:ToDate: Index was outside the bounds of the array.
1/14/2021 10:29:33 AM---Messages--:-#####--Claim ID:- 45531: -------#####--Success Factor ID:- 1734--------
1/14/2021 10:29:33 AM---Messages--:ToDate: Index was outside the bounds of the array.
1/14/2021 10:29:33 AM---Messages--:-#####--Claim ID:- 44525: -------#####--Success Factor ID:- 1388--------
1/14/2021 10:29:33 AM---Messages--:ToDate: Index was outside the bounds of the array.
1/14/2021 10:29:33 AM---Messages--:-#####--Claim ID:- 45389: -------#####--Success Factor ID:- 265--------
1/14/2021 10:29:33 AM---Messages--:ToDate: Index was outside the bounds of the array.
1/14/2021 10:29:33 AM---Messages--:-#####--Claim ID:- 45393: -------#####--Success Factor ID:- 265--------
1/14/2021 10:29:33 AM---Messages--:-#####--Claim ID:- 45391: -------#####--Success Factor ID:- 265--------
1/14/2021 10:29:40 AM---Messages--:-#####--Claim ID:- 45171: -------#####--Success Factor ID:- 1182--------
1/14/2021 10:29:40 AM---Messages--:-#####--Claim ID:- 43960: -------#####--Success Factor ID:- 1182--------
1/14/2021 10:29:41 AM---Messages--:ToDate: Index was outside the bounds of the array.
1/14/2021 10:29:41 AM---Messages--:-#####--Claim ID:- 45405: -------#####--Success Factor ID:- 1182--------
1/14/2021 10:29:41 AM---Messages--:-#####--Claim ID:- 44763: -------#####--Success Factor ID:- 1593--------
1/14/2021 10:29:41 AM---Messages--:-#####--Claim ID:- 45323: -------#####--Success Factor ID:- 460--------
1/14/2021 10:29:41 AM---Messages--:ToDate: Index was outside the bounds of the array.
1/14/2021 10:29:41 AM---Messages--:-#####--Claim ID:- 45313: -------#####--Success Factor ID:- 1793--------
1/14/2021 10:29:41 AM---Messages--:ToDate: Index was outside the bounds of the array.
1/14/2021 10:29:41 AM---Messages--:-#####--Claim ID:- 45030: -------#####--Success Factor ID:- 1566--------
1/14/2021 10:29:41 AM---Messages--:-#####--Claim ID:- 45100: -------#####--Success Factor ID:- 1648--------
1/14/2021 10:29:41 AM---Messages--:ToDate: Index was outside the bounds of the array.
1/14/2021 10:29:41 AM---Messages--:-#####--Claim ID:- 45163: -------#####--Success Factor ID:- 688--------
1/14/2021 10:29:42 AM---Messages--:ToDate: Index was outside the bounds of the array.
1/14/2021 10:29:42 AM---Messages--:-#####--Claim ID:- 45018: -------#####--Success Factor ID:- 766--------
1/14/2021 10:29:42 AM---Messages--:-#####--Claim ID:- 45000: -------#####--Success Factor ID:- 1515--------
1/14/2021 10:29:42 AM---Messages--:-#####--Claim ID:- 44771: -------#####--Success Factor ID:- 914--------
1/14/2021 10:29:42 AM---Messages--:-#####--Claim ID:- 44972: -------#####--Success Factor ID:- 1832--------
1/14/2021 10:29:45 AM---Messages--:ToDate: Index was outside the bounds of the array.
1/14/2021 10:29:45 AM---Messages--:-#####--Claim ID:- 44956: -------#####--Success Factor ID:- 498--------
1/14/2021 10:29:46 AM---Messages--:-#####--Claim ID:- 44203: -------#####--Success Factor ID:- 1701--------
1/14/2021 10:29:46 AM---Messages--:ToDate: Index was outside the bounds of the array.
1/14/2021 10:29:46 AM---Messages--:-#####--Claim ID:- 44161: -------#####--Success Factor ID:- 1400--------
1/14/2021 10:29:46 AM---Messages--:ToDate: Index was outside the bounds of the array.
1/14/2021 10:29:46 AM---Messages--:-#####--Claim ID:- 44865: -------#####--Success Factor ID:- 1400--------
1/14/2021 10:29:46 AM---Messages--:-#####--Claim ID:- 44061: -------#####--Success Factor ID:- 1505--------
1/14/2021 10:29:46 AM---Messages--:ToDate: Index was outside the bounds of the array.
1/14/2021 10:29:46 AM---Messages--:-#####--Claim ID:- 44824: -------#####--Success Factor ID:- 1505--------
1/14/2021 10:29:46 AM---Messages--:-#####--Claim ID:- 43998: -------#####--Success Factor ID:- 1504--------
1/14/2021 10:29:46 AM---Messages--:ToDate: Index was outside the bounds of the array.
1/14/2021 10:29:46 AM---Messages--:-#####--Claim ID:- 45333: -------#####--Success Factor ID:- 1504--------
1/14/2021 10:29:47 AM---Messages--:-#####--Claim ID:- 45133: -------#####--Success Factor ID:- 1761--------
1/14/2021 10:29:47 AM---Messages--:ToDate: Index was outside the bounds of the array.
1/14/2021 10:29:47 AM---Messages--:-#####--Claim ID:- 44259: -------#####--Success Factor ID:- 1761--------
1/14/2021 10:29:47 AM---Messages--:ToDate: Index was outside the bounds of the array.
1/14/2021 10:29:47 AM---Messages--:-#####--Claim ID:- 45395: -------#####--Success Factor ID:- 769--------
1/14/2021 10:29:47 AM---Messages--:-#####--Claim ID:- 45371: -------#####--Success Factor ID:- 509--------
1/14/2021 10:29:47 AM---Messages--:-#####--Claim ID:- 45380: -------#####--Success Factor ID:- 1826--------
1/14/2021 10:29:47 AM---Messages--:ToDate: Index was outside the bounds of the array.
1/14/2021 10:29:47 AM---Messages--:ToDate: Index was outside the bounds of the array.
1/14/2021 10:29:48 AM---Messages--:-#####--Claim ID:- 43527: -------#####--Success Factor ID:- 1841--------
1/14/2021 10:29:48 AM---Messages--:ToDate: Index was outside the bounds of the array.
1/14/2021 10:29:48 AM---Messages--:-#####--Claim ID:- 44880: -------#####--Success Factor ID:- 1841--------
1/14/2021 10:29:48 AM---Messages--:ToDate: Index was outside the bounds of the array.
1/14/2021 10:29:48 AM---Messages--:-#####--Claim ID:- 45337: -------#####--Success Factor ID:- 1716--------
1/14/2021 10:29:48 AM---Messages--:-#####--Claim ID:- 45052: -------#####--Success Factor ID:- 1810--------
1/14/2021 10:29:48 AM---Messages--:ToDate: Index was outside the bounds of the array.
1/14/2021 10:29:48 AM---Messages--:-#####--Claim ID:- 45232: -------#####--Success Factor ID:- 1415--------
1/14/2021 10:29:48 AM---Messages--:-#####--Claim ID:- 43346: -------#####--Success Factor ID:- 1537--------
1/14/2021 10:29:48 AM---Messages--:ToDate: Index was outside the bounds of the array.
1/14/2021 10:29:48 AM---Messages--:-#####--Claim ID:- 44453: -------#####--Success Factor ID:- 1537--------
1/14/2021 10:29:48 AM---Messages--:-#####--Claim ID:- 45110: -------#####--Success Factor ID:- 1586--------
1/14/2021 10:29:48 AM---Messages--:-#####--Claim ID:- 45147: -------#####--Success Factor ID:- 1195--------
1/14/2021 10:29:48 AM---Messages--:ToDate: Index was outside the bounds of the array.
1/14/2021 10:29:49 AM---Messages--:-#####--Claim ID:- 45034: -------#####--Success Factor ID:- 1714--------
1/14/2021 10:29:49 AM---Messages--:ToDate: Index was outside the bounds of the array.
1/14/2021 10:29:49 AM---Messages--:-#####--Claim ID:- 45376: -------#####--Success Factor ID:- 1355--------
1/14/2021 10:29:49 AM---Messages--:-#####--Claim ID:- 44862: -------#####--Success Factor ID:- 1355--------
1/14/2021 10:29:49 AM---Messages--:ToDate: Index was outside the bounds of the array.
1/14/2021 10:29:49 AM---Messages--:-#####--Claim ID:- 45105: -------#####--Success Factor ID:- 597--------
1/14/2021 10:29:49 AM---Messages--:ToDate: Index was outside the bounds of the array.
1/14/2021 10:29:49 AM---Messages--:-#####--Claim ID:- 44674: -------#####--Success Factor ID:- 526--------
1/14/2021 10:29:49 AM---Messages--:ToDate: Index was outside the bounds of the array.
1/14/2021 10:29:49 AM---Messages--:-#####--Claim ID:- 44734: -------#####--Success Factor ID:- 1837--------
1/14/2021 10:29:49 AM---Messages--:ToDate: Index was outside the bounds of the array.
1/14/2021 10:29:49 AM---Messages--:-#####--Claim ID:- 45026: -------#####--Success Factor ID:- 1845--------
1/14/2021 10:29:49 AM---Messages--:-#####--Claim ID:- 45193: -------#####--Success Factor ID:- 1509--------
1/14/2021 10:29:50 AM---Messages--:-#####--Claim ID:- 45331: -------#####--Success Factor ID:- 1374--------
1/14/2021 10:29:50 AM---Messages--:-#####--Claim ID:- 44340: -------#####--Success Factor ID:- 1374--------
1/14/2021 10:29:50 AM---Messages--:ToDate: Index was outside the bounds of the array.
1/14/2021 10:29:50 AM---Messages--:-#####--Claim ID:- 45305: -------#####--Success Factor ID:- 1529--------
1/14/2021 10:29:50 AM---Messages--:-#####--Claim ID:- 43041: -------#####--Success Factor ID:- 1529--------
1/14/2021 10:29:50 AM---Messages--:-#####--Claim ID:- 43798: -------#####--Success Factor ID:- 1529--------
1/14/2021 10:29:50 AM---Messages--:ToDate: Index was outside the bounds of the array.
1/14/2021 10:29:50 AM---Messages--:-#####--Claim ID:- 45181: -------#####--Success Factor ID:- 1719--------
1/14/2021 10:29:50 AM---Messages--:ToDate: Index was outside the bounds of the array.
1/14/2021 10:29:50 AM---Messages--:-#####--Claim ID:- 44808: -------#####--Success Factor ID:- 1790--------
1/14/2021 10:29:50 AM---Messages--:ToDate: Index was outside the bounds of the array.
1/14/2021 10:29:50 AM---Messages--:ToDate: Index was outside the bounds of the array.
1/14/2021 10:29:50 AM---Messages--:-#####--Claim ID:- 44964: -------#####--Success Factor ID:- 1790--------
1/14/2021 10:29:50 AM---Messages--:ToDate: Index was outside the bounds of the array.
1/14/2021 10:29:50 AM---Messages--:-#####--Claim ID:- 44625: -------#####--Success Factor ID:- 1790--------
1/14/2021 10:29:50 AM---Messages--:ToDate: Index was outside the bounds of the array.
1/14/2021 10:29:50 AM---Messages--:-#####--Claim ID:- 44623: -------#####--Success Factor ID:- 1790--------
1/14/2021 10:29:50 AM---Messages--:ToDate: Index was outside the bounds of the array.
1/14/2021 10:29:50 AM---Messages--:-#####--Claim ID:- 45009: -------#####--Success Factor ID:- 1634--------
1/14/2021 10:29:51 AM---Messages--:ToDate: Index was outside the bounds of the array.
1/14/2021 10:29:51 AM---Messages--:-#####--Claim ID:- 45152: -------#####--Success Factor ID:- 1698--------
1/14/2021 10:29:51 AM---Messages--:-#####--Claim ID:- 44091: -------#####--Success Factor ID:- 1698--------
1/14/2021 10:29:51 AM---Messages--:ToDate: Index was outside the bounds of the array.
1/14/2021 10:29:51 AM---Messages--:-#####--Claim ID:- 45218: -------#####--Success Factor ID:- 1212--------
1/14/2021 10:29:51 AM---Messages--:ToDate: Index was outside the bounds of the array.
1/14/2021 10:29:51 AM---Messages--:ToDate: Index was outside the bounds of the array.
1/14/2021 10:29:51 AM---Messages--:-#####--Claim ID:- 44818: -------#####--Success Factor ID:- 1457--------
1/14/2021 10:29:51 AM---Messages--:-#####--Claim ID:- 44912: -------#####--Success Factor ID:- 1240--------
1/14/2021 10:29:51 AM---Messages--:-#####--Claim ID:- 44947: -------#####--Success Factor ID:- 1410--------
1/14/2021 10:29:51 AM---Messages--:-#####--Claim ID:- 44996: -------#####--Success Factor ID:- 1510--------
1/14/2021 10:29:51 AM---Messages--:-#####--Claim ID:- 45427: -------#####--Success Factor ID:- 1348--------
1/14/2021 10:29:51 AM---Messages--:ToDate: Index was outside the bounds of the array.
1/14/2021 10:29:52 AM---Messages--:-#####--Claim ID:- 44797: -------#####--Success Factor ID:- 32--------
1/14/2021 10:29:52 AM---Messages--:-#####--Claim ID:- 45177: -------#####--Success Factor ID:- 32--------
1/14/2021 10:29:52 AM---Messages--:-#####--Claim ID:- 45248: -------#####--Success Factor ID:- 1768--------
1/14/2021 10:29:52 AM---Messages--:ToDate: Index was outside the bounds of the array.
1/14/2021 10:29:52 AM---Messages--:-#####--Claim ID:- 45254: -------#####--Success Factor ID:- 1768--------
1/14/2021 10:29:52 AM---Messages--:ToDate: Index was outside the bounds of the array.
1/14/2021 10:29:52 AM---Messages--:-#####--Claim ID:- 44611: -------#####--Success Factor ID:- 1751--------
1/14/2021 10:29:52 AM---Messages--:-#####--Claim ID:- 44787: -------#####--Success Factor ID:- 1825--------
1/14/2021 10:29:52 AM---Messages--:-#####--Claim ID:- 44814: -------#####--Success Factor ID:- 1808--------
1/14/2021 10:29:52 AM---Messages--:-#####--Claim ID:- 44283: -------#####--Success Factor ID:- 1828--------
1/14/2021 10:29:52 AM---Messages--:ToDate: Index was outside the bounds of the array.
1/14/2021 10:29:52 AM---Messages--:-#####--Claim ID:- 44329: -------#####--Success Factor ID:- 1702--------
1/14/2021 10:29:52 AM---Messages--:ToDate: Index was outside the bounds of the array.
1/14/2021 10:29:52 AM---Messages--:-#####--Claim ID:- 44331: -------#####--Success Factor ID:- 1702--------
1/14/2021 10:29:53 AM---Messages--:ToDate: Index was outside the bounds of the array.
1/14/2021 10:29:53 AM---Messages--:-#####--Claim ID:- 44358: -------#####--Success Factor ID:- 1702--------
1/14/2021 10:29:53 AM---Messages--:ToDate: Index was outside the bounds of the array.
1/14/2021 10:29:53 AM---Messages--:-#####--Claim ID:- 44756: -------#####--Success Factor ID:- 1684--------
1/14/2021 10:29:53 AM---Messages--:-#####--Claim ID:- 45150: -------#####--Success Factor ID:- 134--------
1/14/2021 10:29:53 AM---Messages--:-#####--Claim ID:- 43414: -------#####--Success Factor ID:- 1811--------
1/14/2021 10:29:53 AM---Messages--:ToDate: Index was outside the bounds of the array.
1/14/2021 10:29:53 AM---Messages--:-#####--Claim ID:- 45479: -------#####--Success Factor ID:- 1375--------
1/14/2021 10:29:53 AM---Messages--:-#####--Claim ID:- 45482: -------#####--Success Factor ID:- 1489--------
1/14/2021 10:29:53 AM---Messages--:-#####--Claim ID:- 44727: -------#####--Success Factor ID:- 1642--------
1/14/2021 10:29:54 AM---Messages--:-#####--Claim ID:- 44795: -------#####--Success Factor ID:- 1023--------
1/14/2021 10:29:54 AM---Messages--:-#####--Claim ID:- 45309: -------#####--Success Factor ID:- 1222--------
1/14/2021 10:29:54 AM---Messages--:ToDate: Index was outside the bounds of the array.
1/14/2021 10:29:54 AM---Messages--:-#####--Claim ID:- 43800: -------#####--Success Factor ID:- 1351--------
1/14/2021 10:29:54 AM---Messages--:ToDate: Index was outside the bounds of the array.
1/14/2021 10:29:54 AM---Messages--:-#####--Claim ID:- 42674: -------#####--Success Factor ID:- 1796--------
1/14/2021 10:29:54 AM---Messages--:-#####--Claim ID:- 42676: -------#####--Success Factor ID:- 1796--------
1/14/2021 10:29:54 AM---Messages--:ToDate: Index was outside the bounds of the array.
1/14/2021 10:29:54 AM---Messages--:ToDate: Index was outside the bounds of the array.
1/14/2021 10:29:54 AM---Messages--:-#####--Claim ID:- 44696: -------#####--Success Factor ID:- 1796--------
1/14/2021 10:29:54 AM---Messages--:-#####--Claim ID:- 44698: -------#####--Success Factor ID:- 1796--------
1/14/2021 10:29:54 AM---Messages--:ToDate: Index was outside the bounds of the array.
1/14/2021 10:29:54 AM---Messages--:-#####--Claim ID:- 44700: -------#####--Success Factor ID:- 1796--------
1/14/2021 10:29:54 AM---Messages--:-#####--Claim ID:- 42843: -------#####--Success Factor ID:- 1257--------
1/14/2021 10:29:54 AM---Messages--:ToDate: Index was outside the bounds of the array.
1/14/2021 10:29:54 AM---Messages--:-#####--Claim ID:- 42908: -------#####--Success Factor ID:- 1416--------
1/14/2021 10:29:54 AM---Messages--:-#####--Claim ID:- 44121: -------#####--Success Factor ID:- 1416--------
1/14/2021 10:29:55 AM---Messages--:ToDate: Index was outside the bounds of the array.
1/14/2021 10:29:55 AM---Messages--:-#####--Claim ID:- 43100: -------#####--Success Factor ID:- 872--------
1/14/2021 10:29:55 AM---Messages--:ToDate: Index was outside the bounds of the array.
1/14/2021 10:29:55 AM---Messages--:-#####--Claim ID:- 43102: -------#####--Success Factor ID:- 872--------
1/14/2021 10:29:55 AM---Messages--:ToDate: Index was outside the bounds of the array.
1/14/2021 10:29:55 AM---Messages--:-#####--Claim ID:- 43177: -------#####--Success Factor ID:- 1484--------
1/14/2021 10:29:55 AM---Messages--:ToDate: Index was outside the bounds of the array.
1/14/2021 10:29:55 AM---Messages--:-#####--Claim ID:- 44506: -------#####--Success Factor ID:- 1484--------
1/14/2021 10:29:55 AM---Messages--:ToDate: Index was outside the bounds of the array.
1/14/2021 10:29:55 AM---Messages--:-#####--Claim ID:- 43163: -------#####--Success Factor ID:- 1484--------
1/14/2021 10:29:55 AM---Messages--:-#####--Claim ID:- 43187: -------#####--Success Factor ID:- 1723--------
1/14/2021 10:29:55 AM---Messages--:-#####--Claim ID:- 44277: -------#####--Success Factor ID:- 1723--------
1/14/2021 10:29:55 AM---Messages--:ToDate: Index was outside the bounds of the array.
1/14/2021 10:29:55 AM---Messages--:-#####--Claim ID:- 43672: -------#####--Success Factor ID:- 1211--------
1/14/2021 10:29:55 AM---Messages--:-#####--Claim ID:- 44226: -------#####--Success Factor ID:- 1211--------
1/14/2021 10:29:55 AM---Messages--:ToDate: Index was outside the bounds of the array.
1/14/2021 10:29:55 AM---Messages--:-#####--Claim ID:- 43722: -------#####--Success Factor ID:- 1211--------
1/14/2021 10:29:55 AM---Messages--:ToDate: Index was outside the bounds of the array.
1/14/2021 10:29:55 AM---Messages--:ToDate: Index was outside the bounds of the array.
1/14/2021 10:29:55 AM---Messages--:-#####--Claim ID:- 43723: -------#####--Success Factor ID:- 1211--------
1/14/2021 10:29:56 AM---Messages--:ToDate: Index was outside the bounds of the array.
1/14/2021 10:29:56 AM---Messages--:ToDate: Index was outside the bounds of the array.
1/14/2021 10:29:56 AM---Messages--:-#####--Claim ID:- 43719: -------#####--Success Factor ID:- 1211--------
1/14/2021 10:29:56 AM---Messages--:ToDate: Index was outside the bounds of the array.
1/14/2021 10:29:56 AM---Messages--:ToDate: Index was outside the bounds of the array.
1/14/2021 10:29:56 AM---Messages--:-#####--Claim ID:- 43718: -------#####--Success Factor ID:- 1211--------
1/14/2021 10:29:56 AM---Messages--:ToDate: Index was outside the bounds of the array.
1/14/2021 10:29:56 AM---Messages--:ToDate: Index was outside the bounds of the array.
1/14/2021 10:29:56 AM---Messages--:-#####--Claim ID:- 44910: -------#####--Success Factor ID:- 1329--------
1/14/2021 10:29:56 AM---Messages--:ToDate: Index was outside the bounds of the array.
1/14/2021 10:29:56 AM---Messages--:-#####--Claim ID:- 44908: -------#####--Success Factor ID:- 1329--------
1/14/2021 10:29:56 AM---Messages--:ToDate: Index was outside the bounds of the array.
1/14/2021 10:29:56 AM---Messages--:-#####--Claim ID:- 44387: -------#####--Success Factor ID:- 1588--------
1/14/2021 10:29:56 AM---Messages--:ToDate: Index was outside the bounds of the array.
1/14/2021 10:29:56 AM---Messages--:-#####--Claim ID:- 44839: -------#####--Success Factor ID:- 1588--------
1/14/2021 10:29:56 AM---Messages--:-#####--Claim ID:- 44773: -------#####--Success Factor ID:- 1775--------
1/14/2021 10:29:56 AM---Messages--:ToDate: Index was outside the bounds of the array.
1/14/2021 10:29:56 AM---Messages--:-#####--Claim ID:- 44469: -------#####--Success Factor ID:- 1827--------
1/14/2021 10:29:56 AM---Messages--:ToDate: Index was outside the bounds of the array.
1/14/2021 10:29:56 AM---Messages--:ToDate: Index was outside the bounds of the array.
1/14/2021 10:29:57 AM---Messages--:-#####--Claim ID:- 44570: -------#####--Success Factor ID:- 466--------
1/14/2021 10:29:57 AM---Messages--:ToDate: Index was outside the bounds of the array.
1/14/2021 10:29:57 AM---Messages--:-#####--Claim ID:- 44242: -------#####--Success Factor ID:- 1228--------
1/14/2021 10:29:57 AM---Messages--:ToDate: Index was outside the bounds of the array.
1/14/2021 10:29:57 AM---Messages--:-#####--Claim ID:- 43515: -------#####--Success Factor ID:- 1720--------
1/14/2021 10:29:57 AM---Messages--:ToDate: Index was outside the bounds of the array.
1/14/2021 10:29:57 AM---Messages--:ToDate: Index was outside the bounds of the array.
1/14/2021 10:29:57 AM---Messages--:-#####--Claim ID:- 44779: -------#####--Success Factor ID:- 1709--------
1/14/2021 10:29:57 AM---Messages--:ToDate: Index was outside the bounds of the array.
1/14/2021 10:29:57 AM---Messages--:ToDate: Index was outside the bounds of the array.
1/14/2021 10:29:57 AM---Messages--:-#####--Claim ID:- 44876: -------#####--Success Factor ID:- 1776--------
1/14/2021 10:29:57 AM---Messages--:ToDate: Index was outside the bounds of the array.
1/14/2021 10:29:57 AM---Messages--:-#####--Claim ID:- 44878: -------#####--Success Factor ID:- 1776--------
1/14/2021 10:29:57 AM---Messages--:ToDate: Index was outside the bounds of the array.
1/14/2021 10:29:57 AM---Messages--:-#####--Claim ID:- 44119: -------#####--Success Factor ID:- 1858--------
1/14/2021 10:29:58 AM---Messages--:-#####--Claim ID:- 45175: -------#####--Success Factor ID:- 1705--------
1/14/2021 10:29:58 AM---Messages--:-#####--Claim ID:- 45201: -------#####--Success Factor ID:- 374--------
1/14/2021 10:29:58 AM---Messages--:-#####--Claim ID:- 44918: -------#####--Success Factor ID:- 1442--------
1/14/2021 10:29:58 AM---Messages--:ToDate: Index was outside the bounds of the array.
1/14/2021 10:29:58 AM---Messages--:-#####--Claim ID:- 44941: -------#####--Success Factor ID:- 1626--------
1/14/2021 10:29:58 AM---Messages--:ToDate: Index was outside the bounds of the array.
1/14/2021 10:29:58 AM---Messages--:-#####--Claim ID:- 43458: -------#####--Success Factor ID:- 1421--------
1/14/2021 10:29:58 AM---Messages--:ToDate: Index was outside the bounds of the array.
1/14/2021 10:29:58 AM---Messages--:-#####--Claim ID:- 43469: -------#####--Success Factor ID:- 1016--------
1/14/2021 10:29:58 AM---Messages--:ToDate: Index was outside the bounds of the array.
1/14/2021 10:29:58 AM---Messages--:-#####--Claim ID:- 44721: -------#####--Success Factor ID:- 1763--------
1/14/2021 10:29:59 AM---Messages--:-#####--Claim ID:- 44822: -------#####--Success Factor ID:- 1503--------
1/14/2021 10:29:59 AM---Messages--:ToDate: Index was outside the bounds of the array.
1/14/2021 10:29:59 AM---Messages--:-#####--Claim ID:- 45091: -------#####--Success Factor ID:- 1503--------
1/14/2021 10:29:59 AM---Messages--:-#####--Claim ID:- 44812: -------#####--Success Factor ID:- 1502--------
1/14/2021 10:29:59 AM---Messages--:ToDate: Index was outside the bounds of the array.
1/14/2021 10:29:59 AM---Messages--:-#####--Claim ID:- 45114: -------#####--Success Factor ID:- 1823--------
1/14/2021 10:29:59 AM---Messages--:-#####--Claim ID:- 44393: -------#####--Success Factor ID:- 1728--------
1/14/2021 10:29:59 AM---Messages--:ToDate: Index was outside the bounds of the array.
1/14/2021 10:30:00 AM---Messages--:-#####--Claim ID:- 44368: -------#####--Success Factor ID:- 1611--------
1/14/2021 10:30:00 AM---Messages--:ToDate: Index was outside the bounds of the array.
1/14/2021 10:30:00 AM---Messages--:-#####--Claim ID:- 44391: -------#####--Success Factor ID:- 1611--------
1/14/2021 10:30:00 AM---Messages--:ToDate: Index was outside the bounds of the array.
1/14/2021 10:30:00 AM---Messages--:-#####--Claim ID:- 44633: -------#####--Success Factor ID:- 1817--------
1/14/2021 10:30:00 AM---Messages--:ToDate: Index was outside the bounds of the array.
1/14/2021 10:30:00 AM---Messages--:-#####--Claim ID:- 44305: -------#####--Success Factor ID:- 1822--------
1/14/2021 10:30:00 AM---Messages--:ToDate: Index was outside the bounds of the array.
1/14/2021 10:30:00 AM---Messages--:-#####--Claim ID:- 45490: -------#####--Success Factor ID:- 1815--------
1/14/2021 10:30:00 AM---Messages--:ToDate: Index was outside the bounds of the array.
1/14/2021 10:30:00 AM---Messages--:-#####--Claim ID:- 45494: -------#####--Success Factor ID:- 1815--------
1/14/2021 10:30:00 AM---Messages--:-#####--Claim ID:- 45369: -------#####--Success Factor ID:- 1688--------
1/14/2021 10:30:00 AM---Messages--:-#####--Claim ID:- 43096: -------#####--Success Factor ID:- 1704--------
1/14/2021 10:30:01 AM---Messages--:ToDate: Index was outside the bounds of the array.
1/14/2021 10:30:01 AM---Messages--:-#####--Claim ID:- 45250: -------#####--Success Factor ID:- 1227--------
1/14/2021 10:30:01 AM---Messages--:ToDate: Index was outside the bounds of the array.
1/14/2021 10:30:01 AM---Messages--:-#####--Claim ID:- 45500: -------#####--Success Factor ID:- DT198--------
1/14/2021 10:30:01 AM---Messages--:ToDate: Index was outside the bounds of the array.
1/14/2021 10:30:01 AM---Messages--:-#####--Claim ID:- 45452: -------#####--Success Factor ID:- DT198--------
1/14/2021 10:30:01 AM---Messages--:-#####--Claim ID:- 45451: -------#####--Success Factor ID:- DT198--------
1/14/2021 10:30:01 AM---Messages--:-#####--Claim ID:- 45539: -------#####--Success Factor ID:- DT147--------
1/14/2021 10:30:01 AM---Messages--:ToDate: Index was outside the bounds of the array.
1/14/2021 10:30:01 AM---Messages--:-#####--Claim ID:- 45535: -------#####--Success Factor ID:- DT134--------
1/14/2021 10:30:01 AM---Messages--:ToDate: Index was outside the bounds of the array.
1/14/2021 10:30:01 AM---Messages--:-#####--Claim ID:- 45595: -------#####--Success Factor ID:- DT022--------
1/14/2021 10:30:02 AM---Messages--:ToDate: Index was outside the bounds of the array.
1/14/2021 10:30:02 AM---Messages--:-#####--Claim ID:- 45589: -------#####--Success Factor ID:- DT021--------
1/14/2021 10:30:02 AM---Messages--:ToDate: Index was outside the bounds of the array.
1/14/2021 10:30:02 AM---Messages--:-#####--Claim ID:- 45627: -------#####--Success Factor ID:- DT193--------
1/14/2021 10:30:02 AM---Messages--:-#####--Claim ID:- 45448: -------#####--Success Factor ID:- 1519--------
1/14/2021 10:30:02 AM---Messages--:-#####--Claim ID:- 45444: -------#####--Success Factor ID:- 1519--------
1/14/2021 10:30:02 AM---Messages--:-#####--Claim ID:- 45445: -------#####--Success Factor ID:- 1519--------
1/14/2021 10:30:02 AM---Messages--:-#####--Claim ID:- 45446: -------#####--Success Factor ID:- 1519--------
1/14/2021 10:30:02 AM---Messages--:-#####--Claim ID:- 44629: -------#####--Success Factor ID:- 1791--------
1/14/2021 10:30:02 AM---Messages--:ToDate: Index was outside the bounds of the array.
1/14/2021 10:30:02 AM---Messages--:-#####--Claim ID:- 44627: -------#####--Success Factor ID:- 1791--------
1/14/2021 10:30:02 AM---Messages--:ToDate: Index was outside the bounds of the array.
1/14/2021 10:30:03 AM---Messages--:-#####--Claim ID:- 45429: -------#####--Success Factor ID:- 1748--------
1/14/2021 10:30:03 AM---Messages--:Adding Success Factor: -------
1/14/2021 10:30:44 AM---Messages--:Success Factor is added successfully: -------------------
1/14/2021 10:41:26 AM---Messages--:****************************: ################NEW CONNECTION###############***********************
1/14/2021 10:41:26 AM---Messages--:Connected With   : Database :- Z_TEST_Company_31_10_2020
1/14/2021 10:41:38 AM---Messages--:Adding Success Factor: -------
1/14/2021 10:49:18 AM---Messages--:****************************: ################NEW CONNECTION###############***********************
1/14/2021 10:49:18 AM---Messages--:Connected With   : Database :- Z_TEST_Company_31_10_2020
1/14/2021 4:03:46 PM---Messages--:****************************: ################NEW CONNECTION###############***********************
1/14/2021 4:03:46 PM---Messages--:Connected With   : Database :- Z_TEST_Company_31_10_2020
1/14/2021 4:07:45 PM---Messages--:****************************: ################NEW CONNECTION###############***********************
1/14/2021 4:07:45 PM---Messages--:Connected With   : Database :- Z_TEST_Company_31_10_2020
1/14/2021 4:11:27 PM---Messages--:****************************: ################NEW CONNECTION###############***********************
1/14/2021 4:11:27 PM---Messages--:Connected With   : Database :- Z_TEST_Company_31_10_2020
1/14/2021 4:11:52 PM---Messages--:-#####--Claim ID:- 45363: -------#####--Success Factor ID:- SRMT344--------
1/14/2021 4:15:09 PM---Messages--:****************************: ################NEW CONNECTION###############***********************
1/14/2021 4:15:09 PM---Messages--:Connected With   : Database :- Z_TEST_Company_31_10_2020
1/14/2021 4:33:38 PM---Messages--:****************************: ################NEW CONNECTION###############***********************
1/14/2021 4:33:38 PM---Messages--:Connected With   : Database :- Z_TEST_Company_31_10_2020
1/14/2021 4:40:31 PM---Messages--:****************************: ################NEW CONNECTION###############***********************
1/14/2021 4:40:31 PM---Messages--:Connected With   : Database :- Z_TEST_Company_31_10_2020
