7/8/2021 11:58:57 AM---Messages--:****************************: ################NEW CONNECTION###############***********************
7/8/2021 11:58:57 AM---Messages--:Connected With   : Database :- ZTVI_Test Database_20_06_2021
7/8/2021 12:00:17 PM---Messages--:Main: Column 'Benefit Employee Claim ID-TAD' does not belong to table .
7/8/2021 12:15:52 PM---Messages--:****************************: ################NEW CONNECTION###############***********************
7/8/2021 12:15:52 PM---Messages--:Connected With   : Database :- ZTVI_Test Database_20_06_2021
7/8/2021 12:16:35 PM---Messages--:-#####--Claim ID:- 54504: -------#####--Success Factor ID:- 1375--------
7/8/2021 12:16:35 PM---Messages--:Adding Success Factor: -------
7/8/2021 12:16:46 PM---Messages--:Success Factor is added successfully: -------------------
7/8/2021 1:24:34 PM---Messages--:****************************: ################NEW CONNECTION###############***********************
7/8/2021 1:24:34 PM---Messages--:Connected With   : Database :- ZTVI_Test Database_20_06_2021
7/8/2021 1:24:42 PM---Messages--:-#####--Claim ID:- 545040: -------#####--Success Factor ID:- 1375--------
7/8/2021 1:24:42 PM---Messages--:Adding Success Factor: -------
7/8/2021 1:24:46 PM---Messages--:Success Factor is added successfully: -------------------
7/8/2021 1:26:20 PM---Messages--:****************************: ################NEW CONNECTION###############***********************
7/8/2021 1:26:20 PM---Messages--:Connected With   : Database :- ZTVI_Test Database_20_06_2021
7/8/2021 1:26:45 PM---Messages--:Adding Success Factor: -------
7/8/2021 1:26:49 PM---Messages--:ExecuteDataSet: Incorrect syntax near 'VALUES'.
7/8/2021 1:26:50 PM---Messages--:ExecuteDataSet: Incorrect syntax near 'VALUES'.
7/8/2021 1:26:50 PM---Messages--:Success Factor is added successfully: -------------------
7/8/2021 1:35:22 PM---Messages--:****************************: ################NEW CONNECTION###############***********************
7/8/2021 1:35:22 PM---Messages--:Connected With   : Database :- ZTVI_Test Database_20_06_2021
7/8/2021 1:35:30 PM---Messages--:Adding Success Factor: -------
7/8/2021 1:35:39 PM---Messages--:ExecuteDataSet: Incorrect syntax near 'VALUES'.
7/8/2021 1:35:41 PM---Messages--:ExecuteDataSet: Incorrect syntax near 'VALUES'.
7/8/2021 1:35:41 PM---Messages--:Success Factor is added successfully: -------------------
7/8/2021 1:45:05 PM---Messages--:****************************: ################NEW CONNECTION###############***********************
7/8/2021 1:45:05 PM---Messages--:Connected With   : Database :- ZTVI_Test Database_20_06_2021
7/8/2021 1:45:22 PM---Messages--:Main: Column 'Benefit Employee Claim ID-TAD' does not belong to table .
