1/12/2023 9:48:03 AM---Messages--:****************************: ################NEW CONNECTION###############***********************
1/12/2023 9:48:03 AM---Messages--:Connected With   : Database :- TVI_PilotCompany
1/12/2023 9:48:48 AM---Messages--:****************************: ################NEW CONNECTION###############***********************
1/12/2023 9:48:48 AM---Messages--:Connected With   : Database :- TVI_PilotCompany
1/12/2023 9:58:51 AM---Messages--:****************************: ################NEW CONNECTION###############***********************
1/12/2023 9:58:51 AM---Messages--:Connected With   : Database :- Ztest_27_DEC_2022
1/12/2023 9:58:54 AM---Messages--:End Deleting Top two row: -------2------------
1/12/2023 9:58:54 AM---Messages--:Start importing from Excel: --------3-----------
1/12/2023 10:01:08 AM---Messages--:-#####--Claim ID:- 93575: -------#####--Success Factor ID:- 1952--------
1/12/2023 10:01:27 AM---Messages--:-#####--Claim ID:- 93602: -------#####--Success Factor ID:- 1942--------
1/12/2023 10:01:27 AM---Messages--:-#####--Claim ID:- 93603: -------#####--Success Factor ID:- 1942--------
1/12/2023 10:01:27 AM---Messages--:-#####--Claim ID:- 93604: -------#####--Success Factor ID:- 1942--------
1/12/2023 10:01:27 AM---Messages--:-#####--Claim ID:- 93605: -------#####--Success Factor ID:- 1942--------
1/12/2023 10:01:27 AM---Messages--:-#####--Claim ID:- 93398: -------#####--Success Factor ID:- 2034--------
1/12/2023 10:01:28 AM---Messages--:-#####--Claim ID:- 93395: -------#####--Success Factor ID:- 2034--------
1/12/2023 10:01:28 AM---Messages--:-#####--Claim ID:- 93654: -------#####--Success Factor ID:- 1773--------
1/12/2023 10:01:28 AM---Messages--:-#####--Claim ID:- 93655: -------#####--Success Factor ID:- 1773--------
1/12/2023 10:01:28 AM---Messages--:-#####--Claim ID:- 93649: -------#####--Success Factor ID:- 1773--------
1/12/2023 10:01:28 AM---Messages--:-#####--Claim ID:- 93714: -------#####--Success Factor ID:- 1153--------
1/12/2023 10:01:28 AM---Messages--:-#####--Claim ID:- 93715: -------#####--Success Factor ID:- 1153--------
1/12/2023 10:01:28 AM---Messages--:-#####--Claim ID:- 93716: -------#####--Success Factor ID:- 1153--------
1/12/2023 10:01:28 AM---Messages--:-#####--Claim ID:- 93702: -------#####--Success Factor ID:- 1153--------
1/12/2023 10:01:28 AM---Messages--:-#####--Claim ID:- 93749: -------#####--Success Factor ID:- 1153--------
1/12/2023 10:01:28 AM---Messages--:-#####--Claim ID:- 93726: -------#####--Success Factor ID:- 1994--------
1/12/2023 10:01:28 AM---Messages--:-#####--Claim ID:- 93727: -------#####--Success Factor ID:- 1994--------
1/12/2023 10:01:28 AM---Messages--:-#####--Claim ID:- 93728: -------#####--Success Factor ID:- 1994--------
1/12/2023 10:01:28 AM---Messages--:-#####--Claim ID:- 93722: -------#####--Success Factor ID:- 1994--------
1/12/2023 10:01:28 AM---Messages--:-#####--Claim ID:- 93818: -------#####--Success Factor ID:- 1811--------
1/12/2023 10:01:29 AM---Messages--:-#####--Claim ID:- 93559: -------#####--Success Factor ID:- 1811--------
1/12/2023 10:01:29 AM---Messages--:-#####--Claim ID:- 93814: -------#####--Success Factor ID:- 1811--------
1/12/2023 10:01:29 AM---Messages--:-#####--Claim ID:- 93874: -------#####--Success Factor ID:- 1925--------
1/12/2023 10:01:29 AM---Messages--:-#####--Claim ID:- 93870: -------#####--Success Factor ID:- 1925--------
1/12/2023 10:01:29 AM---Messages--:-#####--Claim ID:- 91462: -------#####--Success Factor ID:- 1925--------
1/12/2023 10:01:29 AM---Messages--:-#####--Claim ID:- 93872: -------#####--Success Factor ID:- 1925--------
1/12/2023 10:01:29 AM---Messages--:-#####--Claim ID:- 94667: -------#####--Success Factor ID:- 1046--------
1/12/2023 10:01:29 AM---Messages--:-#####--Claim ID:- 94664: -------#####--Success Factor ID:- 1046--------
1/12/2023 10:01:29 AM---Messages--:-#####--Claim ID:- 93670: -------#####--Success Factor ID:- 2030--------
1/12/2023 10:01:29 AM---Messages--:-#####--Claim ID:- 93672: -------#####--Success Factor ID:- 2030--------
1/12/2023 10:01:29 AM---Messages--:-#####--Claim ID:- 93668: -------#####--Success Factor ID:- 2030--------
1/12/2023 10:01:29 AM---Messages--:-#####--Claim ID:- 93733: -------#####--Success Factor ID:- 1756--------
1/12/2023 10:01:29 AM---Messages--:-#####--Claim ID:- 93734: -------#####--Success Factor ID:- 1756--------
1/12/2023 10:01:29 AM---Messages--:-#####--Claim ID:- 93730: -------#####--Success Factor ID:- 1756--------
1/12/2023 10:01:29 AM---Messages--:-#####--Claim ID:- 88221: -------#####--Success Factor ID:- 1869--------
1/12/2023 10:01:29 AM---Messages--:-#####--Claim ID:- 88919: -------#####--Success Factor ID:- 1869--------
1/12/2023 10:01:29 AM---Messages--:-#####--Claim ID:- 88219: -------#####--Success Factor ID:- 1869--------
1/12/2023 10:01:30 AM---Messages--:-#####--Claim ID:- 88913: -------#####--Success Factor ID:- 1869--------
1/12/2023 10:01:30 AM---Messages--:-#####--Claim ID:- 88223: -------#####--Success Factor ID:- 1869--------
1/12/2023 10:01:30 AM---Messages--:-#####--Claim ID:- 88917: -------#####--Success Factor ID:- 1869--------
1/12/2023 10:01:30 AM---Messages--:-#####--Claim ID:- 93804: -------#####--Success Factor ID:- 1985--------
1/12/2023 10:01:30 AM---Messages--:-#####--Claim ID:- 93805: -------#####--Success Factor ID:- 1985--------
1/12/2023 10:01:30 AM---Messages--:-#####--Claim ID:- 93816: -------#####--Success Factor ID:- 1985--------
1/12/2023 10:01:30 AM---Messages--:-#####--Claim ID:- 93811: -------#####--Success Factor ID:- 1985--------
1/12/2023 10:01:30 AM---Messages--:-#####--Claim ID:- 93810: -------#####--Success Factor ID:- 1985--------
1/12/2023 10:01:30 AM---Messages--:-#####--Claim ID:- 93868: -------#####--Success Factor ID:- 1985--------
1/12/2023 10:01:30 AM---Messages--:-#####--Claim ID:- 93533: -------#####--Success Factor ID:- 1852--------
1/12/2023 10:01:30 AM---Messages--:-#####--Claim ID:- 77089: -------#####--Success Factor ID:- 1852--------
1/12/2023 10:01:30 AM---Messages--:-#####--Claim ID:- 90809: -------#####--Success Factor ID:- 2029--------
1/12/2023 10:01:30 AM---Messages--:-#####--Claim ID:- 93044: -------#####--Success Factor ID:- 2029--------
1/12/2023 10:01:30 AM---Messages--:-#####--Claim ID:- 92606: -------#####--Success Factor ID:- 2032--------
1/12/2023 10:01:30 AM---Messages--:-#####--Claim ID:- 92608: -------#####--Success Factor ID:- 2032--------
1/12/2023 10:01:31 AM---Messages--:-#####--Claim ID:- 90684: -------#####--Success Factor ID:- 1853--------
1/12/2023 10:01:31 AM---Messages--:-#####--Claim ID:- 93635: -------#####--Success Factor ID:- 1919--------
1/12/2023 10:01:31 AM---Messages--:-#####--Claim ID:- 92271: -------#####--Success Factor ID:- 1977--------
1/12/2023 10:01:31 AM---Messages--:-#####--Claim ID:- 93884: -------#####--Success Factor ID:- 2131--------
1/12/2023 10:01:31 AM---Messages--:-#####--Claim ID:- 93866: -------#####--Success Factor ID:- 2131--------
1/12/2023 10:01:31 AM---Messages--:-#####--Claim ID:- 93110: -------#####--Success Factor ID:- 1774--------
1/12/2023 10:01:31 AM---Messages--:-#####--Claim ID:- 93380: -------#####--Success Factor ID:- CONT-018--------
1/12/2023 10:01:31 AM---Messages--:-#####--Claim ID:- 92765: -------#####--Success Factor ID:- 1751--------
1/12/2023 10:01:31 AM---Messages--:-#####--Claim ID:- 93682: -------#####--Success Factor ID:- 1626--------
1/12/2023 10:01:32 AM---Messages--:-#####--Claim ID:- 93826: -------#####--Success Factor ID:- 1421--------
1/12/2023 10:01:32 AM---Messages--:-#####--Claim ID:- 93934: -------#####--Success Factor ID:- 1601--------
1/12/2023 10:01:32 AM---Messages--:-#####--Claim ID:- 94442: -------#####--Success Factor ID:- 1973--------
1/12/2023 10:01:32 AM---Messages--:-#####--Claim ID:- 94444: -------#####--Success Factor ID:- 1973--------
1/12/2023 10:01:32 AM---Messages--:-#####--Claim ID:- 94512: -------#####--Success Factor ID:- 2074--------
1/12/2023 10:01:32 AM---Messages--:-#####--Claim ID:- 94577: -------#####--Success Factor ID:- 1195--------
1/12/2023 10:01:32 AM---Messages--:-#####--Claim ID:- 94601: -------#####--Success Factor ID:- 1586--------
1/12/2023 10:01:32 AM---Messages--:-#####--Claim ID:- 94603: -------#####--Success Factor ID:- 1862--------
1/12/2023 10:01:32 AM---Messages--:-#####--Claim ID:- 90912: -------#####--Success Factor ID:- 2098--------
1/12/2023 10:01:32 AM---Messages--:-#####--Claim ID:- 90913: -------#####--Success Factor ID:- 2098--------
1/12/2023 10:01:32 AM---Messages--:-#####--Claim ID:- 90914: -------#####--Success Factor ID:- 2098--------
1/12/2023 10:01:32 AM---Messages--:-#####--Claim ID:- 90915: -------#####--Success Factor ID:- 2098--------
1/12/2023 10:01:33 AM---Messages--:-#####--Claim ID:- 90916: -------#####--Success Factor ID:- 2098--------
1/12/2023 10:01:33 AM---Messages--:-#####--Claim ID:- 92797: -------#####--Success Factor ID:- 1240--------
1/12/2023 10:01:33 AM---Messages--:-#####--Claim ID:- 89836: -------#####--Success Factor ID:- 1182--------
1/12/2023 10:01:33 AM---Messages--:-#####--Claim ID:- 93772: -------#####--Success Factor ID:- 2079--------
1/12/2023 10:01:33 AM---Messages--:-#####--Claim ID:- 93773: -------#####--Success Factor ID:- 2079--------
1/12/2023 10:01:33 AM---Messages--:-#####--Claim ID:- 93774: -------#####--Success Factor ID:- 2079--------
1/12/2023 10:01:33 AM---Messages--:-#####--Claim ID:- 93775: -------#####--Success Factor ID:- 2079--------
1/12/2023 10:01:33 AM---Messages--:-#####--Claim ID:- 93776: -------#####--Success Factor ID:- 2079--------
1/12/2023 10:01:33 AM---Messages--:-#####--Claim ID:- 93777: -------#####--Success Factor ID:- 2079--------
1/12/2023 10:01:33 AM---Messages--:-#####--Claim ID:- 93778: -------#####--Success Factor ID:- 2079--------
1/12/2023 10:01:33 AM---Messages--:-#####--Claim ID:- 93779: -------#####--Success Factor ID:- 2079--------
1/12/2023 10:01:33 AM---Messages--:-#####--Claim ID:- 93780: -------#####--Success Factor ID:- 2079--------
1/12/2023 10:01:33 AM---Messages--:-#####--Claim ID:- 93781: -------#####--Success Factor ID:- 2079--------
1/12/2023 10:01:33 AM---Messages--:-#####--Claim ID:- 93782: -------#####--Success Factor ID:- 2079--------
1/12/2023 10:01:33 AM---Messages--:-#####--Claim ID:- 93783: -------#####--Success Factor ID:- 2079--------
1/12/2023 10:01:33 AM---Messages--:-#####--Claim ID:- 93784: -------#####--Success Factor ID:- 2079--------
1/12/2023 10:01:33 AM---Messages--:-#####--Claim ID:- 93785: -------#####--Success Factor ID:- 2079--------
1/12/2023 10:01:33 AM---Messages--:-#####--Claim ID:- 94475: -------#####--Success Factor ID:- 2107--------
1/12/2023 10:01:34 AM---Messages--:-#####--Claim ID:- 95026: -------#####--Success Factor ID:- 1452--------
1/12/2023 10:01:34 AM---Messages--:-#####--Claim ID:- 90766: -------#####--Success Factor ID:- 1452--------
1/12/2023 10:01:34 AM---Messages--:-#####--Claim ID:- 93587: -------#####--Success Factor ID:- 1891--------
1/12/2023 10:01:34 AM---Messages--:-#####--Claim ID:- 93589: -------#####--Success Factor ID:- 1817--------
1/12/2023 10:01:34 AM---Messages--:-#####--Claim ID:- 93700: -------#####--Success Factor ID:- 1702--------
1/12/2023 10:01:34 AM---Messages--:-#####--Claim ID:- 94983: -------#####--Success Factor ID:- 1348--------
1/12/2023 10:01:34 AM---Messages--:Adding Success Factor: -------
1/12/2023 10:01:58 AM---Messages--:Success Factor is added successfully: -------------------
1/12/2023 10:02:04 AM---Messages--:Start Move from source: ---------4----------
