5/18/2022 6:12:27 PM---Messages--:****************************: ################NEW CONNECTION###############***********************
5/18/2022 6:12:27 PM---Messages--:Connected With   : Database :- TVI_PilotCompany
5/18/2022 6:13:02 PM---Messages--:-#####--Claim ID:- 70905: -------#####--Success Factor ID:- DT240--------
5/18/2022 6:13:02 PM---Messages--:-#####--Claim ID:- 70964: -------#####--Success Factor ID:- 1731--------
5/18/2022 6:13:02 PM---Messages--:-#####--Claim ID:- 70963: -------#####--Success Factor ID:- 1731--------
5/18/2022 6:13:02 PM---Messages--:-#####--Claim ID:- 70948: -------#####--Success Factor ID:- TF03--------
5/18/2022 6:13:02 PM---Messages--:-#####--Claim ID:- 70946: -------#####--Success Factor ID:- TF03--------
5/18/2022 6:13:02 PM---Messages--:-#####--Claim ID:- 70824: -------#####--Success Factor ID:- DT140--------
5/18/2022 6:13:02 PM---Messages--:-#####--Claim ID:- 70196: -------#####--Success Factor ID:- DT130--------
5/18/2022 6:13:02 PM---Messages--:-#####--Claim ID:- 70646: -------#####--Success Factor ID:- AGIL059--------
5/18/2022 6:13:02 PM---Messages--:-#####--Claim ID:- 70603: -------#####--Success Factor ID:- 1689--------
5/18/2022 6:13:02 PM---Messages--:-#####--Claim ID:- 70599: -------#####--Success Factor ID:- SRMT366--------
5/18/2022 6:13:02 PM---Messages--:-#####--Claim ID:- 70567: -------#####--Success Factor ID:- 1714--------
5/18/2022 6:13:03 PM---Messages--:-#####--Claim ID:- 70480: -------#####--Success Factor ID:- 1793--------
5/18/2022 6:13:03 PM---Messages--:-#####--Claim ID:- 70447: -------#####--Success Factor ID:- 1212--------
5/18/2022 6:13:03 PM---Messages--:-#####--Claim ID:- 70391: -------#####--Success Factor ID:- 1905--------
5/18/2022 6:13:03 PM---Messages--:-#####--Claim ID:- 70361: -------#####--Success Factor ID:- 1742--------
5/18/2022 6:13:03 PM---Messages--:-#####--Claim ID:- 70324: -------#####--Success Factor ID:- 1742--------
5/18/2022 6:13:03 PM---Messages--:-#####--Claim ID:- 70341: -------#####--Success Factor ID:- 1943--------
5/18/2022 6:13:03 PM---Messages--:-#####--Claim ID:- 70342: -------#####--Success Factor ID:- 1943--------
5/18/2022 6:13:03 PM---Messages--:-#####--Claim ID:- 70343: -------#####--Success Factor ID:- 1943--------
5/18/2022 6:13:03 PM---Messages--:-#####--Claim ID:- 70333: -------#####--Success Factor ID:- 1811--------
5/18/2022 6:13:03 PM---Messages--:-#####--Claim ID:- 70314: -------#####--Success Factor ID:- 460--------
5/18/2022 6:13:03 PM---Messages--:-#####--Claim ID:- 70264: -------#####--Success Factor ID:- 460--------
5/18/2022 6:13:03 PM---Messages--:-#####--Claim ID:- 70280: -------#####--Success Factor ID:- 1951--------
5/18/2022 6:13:03 PM---Messages--:-#####--Claim ID:- 70256: -------#####--Success Factor ID:- 1719--------
5/18/2022 6:13:03 PM---Messages--:-#####--Claim ID:- 70254: -------#####--Success Factor ID:- 1834--------
5/18/2022 6:13:03 PM---Messages--:-#####--Claim ID:- 70228: -------#####--Success Factor ID:- 1546--------
5/18/2022 6:13:03 PM---Messages--:-#####--Claim ID:- 70148: -------#####--Success Factor ID:- 1396--------
5/18/2022 6:13:04 PM---Messages--:-#####--Claim ID:- 70112: -------#####--Success Factor ID:- 1648--------
5/18/2022 6:13:04 PM---Messages--:Adding Success Factor: -------
5/18/2022 6:13:15 PM---Messages--:Success Factor is added successfully: -------------------
5/18/2022 6:13:24 PM---Messages--:Main: Object reference not set to an instance of an object.
