12/24/2021 1:00:31 PM---Messages--:****************************: ################NEW CONNECTION###############***********************
12/24/2021 1:00:31 PM---Messages--:Connected With   : Database :- TVI_PilotCompany
12/24/2021 1:01:17 PM---Messages--:-#####--Claim ID:- 63178: -------#####--Success Factor ID:- 1227--------
12/24/2021 1:01:17 PM---Messages--:-#####--Claim ID:- 63176: -------#####--Success Factor ID:- 1227--------
12/24/2021 1:01:17 PM---Messages--:-#####--Claim ID:- 62635: -------#####--Success Factor ID:- 415--------
12/24/2021 1:01:17 PM---Messages--:-#####--Claim ID:- 62634: -------#####--Success Factor ID:- 415--------
12/24/2021 1:01:17 PM---Messages--:-#####--Claim ID:- 62636: -------#####--Success Factor ID:- 415--------
12/24/2021 1:01:17 PM---Messages--:-#####--Claim ID:- 62629: -------#####--Success Factor ID:- 415--------
12/24/2021 1:01:17 PM---Messages--:-#####--Claim ID:- 62630: -------#####--Success Factor ID:- 415--------
12/24/2021 1:01:17 PM---Messages--:-#####--Claim ID:- 62626: -------#####--Success Factor ID:- 884--------
12/24/2021 1:01:17 PM---Messages--:-#####--Claim ID:- 62625: -------#####--Success Factor ID:- 884--------
12/24/2021 1:01:17 PM---Messages--:-#####--Claim ID:- 62618: -------#####--Success Factor ID:- 884--------
12/24/2021 1:01:17 PM---Messages--:-#####--Claim ID:- 62622: -------#####--Success Factor ID:- 884--------
12/24/2021 1:01:17 PM---Messages--:-#####--Claim ID:- 63469: -------#####--Success Factor ID:- 466--------
12/24/2021 1:01:17 PM---Messages--:-#####--Claim ID:- 63467: -------#####--Success Factor ID:- 466--------
12/24/2021 1:01:18 PM---Messages--:-#####--Claim ID:- 63355: -------#####--Success Factor ID:- 1502--------
12/24/2021 1:01:18 PM---Messages--:-#####--Claim ID:- 63353: -------#####--Success Factor ID:- 1502--------
12/24/2021 1:01:18 PM---Messages--:-#####--Claim ID:- 63351: -------#####--Success Factor ID:- 1502--------
12/24/2021 1:01:18 PM---Messages--:-#####--Claim ID:- 63325: -------#####--Success Factor ID:- 1655--------
12/24/2021 1:01:18 PM---Messages--:-#####--Claim ID:- 63323: -------#####--Success Factor ID:- 1655--------
12/24/2021 1:01:18 PM---Messages--:-#####--Claim ID:- 63321: -------#####--Success Factor ID:- 1655--------
12/24/2021 1:01:18 PM---Messages--:-#####--Claim ID:- 63196: -------#####--Success Factor ID:- 688--------
12/24/2021 1:01:18 PM---Messages--:-#####--Claim ID:- 62462: -------#####--Success Factor ID:- 1503--------
12/24/2021 1:01:18 PM---Messages--:-#####--Claim ID:- 62466: -------#####--Success Factor ID:- 1503--------
12/24/2021 1:01:18 PM---Messages--:-#####--Claim ID:- 62464: -------#####--Success Factor ID:- 1503--------
12/24/2021 1:01:19 PM---Messages--:-#####--Claim ID:- 62458: -------#####--Success Factor ID:- 1503--------
12/24/2021 1:01:19 PM---Messages--:-#####--Claim ID:- 62660: -------#####--Success Factor ID:- 1705--------
12/24/2021 1:01:19 PM---Messages--:-#####--Claim ID:- 63838: -------#####--Success Factor ID:- 1897--------
12/24/2021 1:01:19 PM---Messages--:-#####--Claim ID:- 63783: -------#####--Success Factor ID:- 1935--------
12/24/2021 1:01:19 PM---Messages--:-#####--Claim ID:- 63939: -------#####--Success Factor ID:- 1375--------
12/24/2021 1:01:19 PM---Messages--:-#####--Claim ID:- 63937: -------#####--Success Factor ID:- 1489--------
12/24/2021 1:01:19 PM---Messages--:-#####--Claim ID:- 62482: -------#####--Success Factor ID:- 1681--------
12/24/2021 1:01:19 PM---Messages--:-#####--Claim ID:- 62521: -------#####--Success Factor ID:- 1774--------
12/24/2021 1:01:20 PM---Messages--:-#####--Claim ID:- 62607: -------#####--Success Factor ID:- 1826--------
12/24/2021 1:01:20 PM---Messages--:-#####--Claim ID:- 62610: -------#####--Success Factor ID:- 1877--------
12/24/2021 1:01:20 PM---Messages--:-#####--Claim ID:- 63293: -------#####--Success Factor ID:- 1611--------
12/24/2021 1:01:20 PM---Messages--:-#####--Claim ID:- 62472: -------#####--Success Factor ID:- 1433--------
12/24/2021 1:01:20 PM---Messages--:-#####--Claim ID:- 62468: -------#####--Success Factor ID:- 1433--------
12/24/2021 1:01:20 PM---Messages--:-#####--Claim ID:- 62543: -------#####--Success Factor ID:- 32--------
12/24/2021 1:01:20 PM---Messages--:-#####--Claim ID:- 62497: -------#####--Success Factor ID:- 1574--------
12/24/2021 1:01:20 PM---Messages--:-#####--Claim ID:- 62495: -------#####--Success Factor ID:- 1574--------
12/24/2021 1:01:20 PM---Messages--:-#####--Claim ID:- 62436: -------#####--Success Factor ID:- 1861--------
12/24/2021 1:01:20 PM---Messages--:-#####--Claim ID:- 62429: -------#####--Success Factor ID:- 1861--------
12/24/2021 1:01:20 PM---Messages--:-#####--Claim ID:- 62428: -------#####--Success Factor ID:- 1861--------
12/24/2021 1:01:21 PM---Messages--:-#####--Claim ID:- 62432: -------#####--Success Factor ID:- 1861--------
12/24/2021 1:01:21 PM---Messages--:-#####--Claim ID:- 62431: -------#####--Success Factor ID:- 1861--------
12/24/2021 1:01:21 PM---Messages--:-#####--Claim ID:- 62430: -------#####--Success Factor ID:- 1861--------
12/24/2021 1:01:21 PM---Messages--:-#####--Claim ID:- 62411: -------#####--Success Factor ID:- 1785--------
12/24/2021 1:01:21 PM---Messages--:-#####--Claim ID:- 62410: -------#####--Success Factor ID:- 1785--------
12/24/2021 1:01:21 PM---Messages--:-#####--Claim ID:- 62409: -------#####--Success Factor ID:- 1785--------
12/24/2021 1:01:21 PM---Messages--:-#####--Claim ID:- 62399: -------#####--Success Factor ID:- 1560--------
12/24/2021 1:01:21 PM---Messages--:-#####--Claim ID:- 62397: -------#####--Success Factor ID:- 1560--------
12/24/2021 1:01:21 PM---Messages--:Adding Success Factor: -------
12/24/2021 1:01:27 PM---Messages--:Success Factor is added successfully: -------------------
12/24/2021 1:02:03 PM---Messages--:Main: Object reference not set to an instance of an object.
