8/19/2021 1:41:03 PM---Messages--:****************************: ################NEW CONNECTION###############***********************
8/19/2021 1:41:03 PM---Messages--:Connected With   : Database :- TVI_PilotCompany
8/19/2021 1:42:05 PM---Messages--:-#####--Claim ID:- 56530: -------#####--Success Factor ID:- 1880--------
8/19/2021 1:42:05 PM---Messages--:-#####--Claim ID:- 56531: -------#####--Success Factor ID:- 1880--------
8/19/2021 1:42:05 PM---Messages--:-#####--Claim ID:- 56533: -------#####--Success Factor ID:- 1880--------
8/19/2021 1:42:05 PM---Messages--:-#####--Claim ID:- 56542: -------#####--Success Factor ID:- 1880--------
8/19/2021 1:42:05 PM---Messages--:-#####--Claim ID:- 56543: -------#####--Success Factor ID:- 1880--------
8/19/2021 1:42:05 PM---Messages--:-#####--Claim ID:- 55878: -------#####--Success Factor ID:- 1611--------
8/19/2021 1:42:05 PM---Messages--:-#####--Claim ID:- 55876: -------#####--Success Factor ID:- 1611--------
8/19/2021 1:42:05 PM---Messages--:-#####--Claim ID:- 56549: -------#####--Success Factor ID:- 1611--------
8/19/2021 1:42:05 PM---Messages--:-#####--Claim ID:- 56553: -------#####--Success Factor ID:- 1611--------
8/19/2021 1:42:06 PM---Messages--:-#####--Claim ID:- 56448: -------#####--Success Factor ID:- 1895--------
8/19/2021 1:42:06 PM---Messages--:-#####--Claim ID:- 56461: -------#####--Success Factor ID:- 1895--------
8/19/2021 1:42:06 PM---Messages--:-#####--Claim ID:- 56459: -------#####--Success Factor ID:- 1895--------
8/19/2021 1:42:06 PM---Messages--:-#####--Claim ID:- 56462: -------#####--Success Factor ID:- 1895--------
8/19/2021 1:42:06 PM---Messages--:-#####--Claim ID:- 56458: -------#####--Success Factor ID:- 1895--------
8/19/2021 1:42:06 PM---Messages--:-#####--Claim ID:- 56457: -------#####--Success Factor ID:- 1895--------
8/19/2021 1:42:06 PM---Messages--:-#####--Claim ID:- 56460: -------#####--Success Factor ID:- 1895--------
8/19/2021 1:42:06 PM---Messages--:-#####--Claim ID:- 56491: -------#####--Success Factor ID:- 1895--------
8/19/2021 1:42:06 PM---Messages--:-#####--Claim ID:- 56490: -------#####--Success Factor ID:- 1895--------
8/19/2021 1:42:06 PM---Messages--:-#####--Claim ID:- 56489: -------#####--Success Factor ID:- 1895--------
8/19/2021 1:42:06 PM---Messages--:-#####--Claim ID:- 56492: -------#####--Success Factor ID:- 1895--------
8/19/2021 1:42:06 PM---Messages--:-#####--Claim ID:- 56493: -------#####--Success Factor ID:- 1895--------
8/19/2021 1:42:06 PM---Messages--:-#####--Claim ID:- 56494: -------#####--Success Factor ID:- 1895--------
8/19/2021 1:42:07 PM---Messages--:-#####--Claim ID:- 56087: -------#####--Success Factor ID:- 1510--------
8/19/2021 1:42:07 PM---Messages--:-#####--Claim ID:- 56085: -------#####--Success Factor ID:- 1510--------
8/19/2021 1:42:07 PM---Messages--:-#####--Claim ID:- 56089: -------#####--Success Factor ID:- 1510--------
8/19/2021 1:42:07 PM---Messages--:-#####--Claim ID:- 56405: -------#####--Success Factor ID:- 1810--------
8/19/2021 1:42:07 PM---Messages--:-#####--Claim ID:- 56407: -------#####--Success Factor ID:- 1810--------
8/19/2021 1:42:07 PM---Messages--:-#####--Claim ID:- 56607: -------#####--Success Factor ID:- 1697--------
8/19/2021 1:42:07 PM---Messages--:-#####--Claim ID:- 55478: -------#####--Success Factor ID:- 1786--------
8/19/2021 1:42:07 PM---Messages--:-#####--Claim ID:- 55738: -------#####--Success Factor ID:- 1786--------
8/19/2021 1:42:07 PM---Messages--:-#####--Claim ID:- 55884: -------#####--Success Factor ID:- 1877--------
8/19/2021 1:42:08 PM---Messages--:-#####--Claim ID:- 55975: -------#####--Success Factor ID:- 1211--------
8/19/2021 1:42:08 PM---Messages--:-#####--Claim ID:- 56326: -------#####--Success Factor ID:- 1752--------
8/19/2021 1:42:09 PM---Messages--:-#####--Claim ID:- 55981: -------#####--Success Factor ID:- 1890--------
8/19/2021 1:42:09 PM---Messages--:-#####--Claim ID:- 55983: -------#####--Success Factor ID:- 1890--------
8/19/2021 1:42:10 PM---Messages--:-#####--Claim ID:- 55685: -------#####--Success Factor ID:- 1702--------
8/19/2021 1:42:10 PM---Messages--:-#####--Claim ID:- 55689: -------#####--Success Factor ID:- 1412--------
8/19/2021 1:42:11 PM---Messages--:-#####--Claim ID:- 56202: -------#####--Success Factor ID:- 1515--------
8/19/2021 1:42:11 PM---Messages--:-#####--Claim ID:- 56295: -------#####--Success Factor ID:- 1514--------
8/19/2021 1:42:11 PM---Messages--:-#####--Claim ID:- 56029: -------#####--Success Factor ID:- 1873--------
8/19/2021 1:42:11 PM---Messages--:-#####--Claim ID:- 56028: -------#####--Success Factor ID:- 1873--------
8/19/2021 1:42:11 PM---Messages--:-#####--Claim ID:- 56009: -------#####--Success Factor ID:- 1873--------
8/19/2021 1:42:12 PM---Messages--:-#####--Claim ID:- 56023: -------#####--Success Factor ID:- 1873--------
8/19/2021 1:42:12 PM---Messages--:-#####--Claim ID:- 56022: -------#####--Success Factor ID:- 1873--------
8/19/2021 1:42:12 PM---Messages--:-#####--Claim ID:- 56034: -------#####--Success Factor ID:- 1873--------
8/19/2021 1:42:12 PM---Messages--:-#####--Claim ID:- 56035: -------#####--Success Factor ID:- 1873--------
8/19/2021 1:42:12 PM---Messages--:-#####--Claim ID:- 56039: -------#####--Success Factor ID:- 1873--------
8/19/2021 1:42:12 PM---Messages--:-#####--Claim ID:- 56041: -------#####--Success Factor ID:- 1873--------
8/19/2021 1:42:12 PM---Messages--:-#####--Claim ID:- 56040: -------#####--Success Factor ID:- 1873--------
8/19/2021 1:42:12 PM---Messages--:-#####--Claim ID:- 56144: -------#####--Success Factor ID:- 1509--------
8/19/2021 1:42:12 PM---Messages--:-#####--Claim ID:- 56097: -------#####--Success Factor ID:- 1509--------
8/19/2021 1:42:12 PM---Messages--:-#####--Claim ID:- 56099: -------#####--Success Factor ID:- 1509--------
8/19/2021 1:42:13 PM---Messages--:-#####--Claim ID:- 56401: -------#####--Success Factor ID:- 769--------
8/19/2021 1:42:13 PM---Messages--:-#####--Claim ID:- 55987: -------#####--Success Factor ID:- 1878--------
8/19/2021 1:42:13 PM---Messages--:-#####--Claim ID:- 56122: -------#####--Success Factor ID:- 1222--------
8/19/2021 1:42:14 PM---Messages--:-#####--Claim ID:- 56256: -------#####--Success Factor ID:- 1566--------
8/19/2021 1:42:14 PM---Messages--:-#####--Claim ID:- 56200: -------#####--Success Factor ID:- 1442--------
8/19/2021 1:42:14 PM---Messages--:-#####--Claim ID:- 56852: -------#####--Success Factor ID:- 1775--------
8/19/2021 1:42:14 PM---Messages--:-#####--Claim ID:- 56273: -------#####--Success Factor ID:- 1480--------
8/19/2021 1:42:15 PM---Messages--:-#####--Claim ID:- 55677: -------#####--Success Factor ID:- 1425--------
8/19/2021 1:42:15 PM---Messages--:-#####--Claim ID:- 56611: -------#####--Success Factor ID:- 1754--------
8/19/2021 1:42:15 PM---Messages--:-#####--Claim ID:- 56774: -------#####--Success Factor ID:- 1815--------
8/19/2021 1:42:16 PM---Messages--:-#####--Claim ID:- 56496: -------#####--Success Factor ID:- 1825--------
8/19/2021 1:42:16 PM---Messages--:-#####--Claim ID:- 56507: -------#####--Success Factor ID:- 1825--------
8/19/2021 1:42:16 PM---Messages--:-#####--Claim ID:- 56506: -------#####--Success Factor ID:- 1825--------
8/19/2021 1:42:16 PM---Messages--:-#####--Claim ID:- 56503: -------#####--Success Factor ID:- 1825--------
8/19/2021 1:42:16 PM---Messages--:-#####--Claim ID:- 56508: -------#####--Success Factor ID:- 1825--------
8/19/2021 1:42:16 PM---Messages--:-#####--Claim ID:- 56505: -------#####--Success Factor ID:- 1825--------
8/19/2021 1:42:17 PM---Messages--:-#####--Claim ID:- 56504: -------#####--Success Factor ID:- 1825--------
8/19/2021 1:42:17 PM---Messages--:-#####--Claim ID:- 56180: -------#####--Success Factor ID:- 1642--------
8/19/2021 1:42:17 PM---Messages--:-#####--Claim ID:- 56179: -------#####--Success Factor ID:- 1642--------
8/19/2021 1:42:17 PM---Messages--:-#####--Claim ID:- 56178: -------#####--Success Factor ID:- 1642--------
8/19/2021 1:42:17 PM---Messages--:-#####--Claim ID:- 56409: -------#####--Success Factor ID:- 1500--------
8/19/2021 1:42:18 PM---Messages--:-#####--Claim ID:- 56760: -------#####--Success Factor ID:- 1772--------
8/19/2021 1:42:18 PM---Messages--:-#####--Claim ID:- 56615: -------#####--Success Factor ID:- 1824--------
8/19/2021 1:42:19 PM---Messages--:-#####--Claim ID:- 56442: -------#####--Success Factor ID:- 1687--------
8/19/2021 1:42:19 PM---Messages--:-#####--Claim ID:- 56277: -------#####--Success Factor ID:- 1634--------
8/19/2021 1:42:19 PM---Messages--:-#####--Claim ID:- 56752: -------#####--Success Factor ID:- 1626--------
8/19/2021 1:42:20 PM---Messages--:-#####--Claim ID:- 56958: -------#####--Success Factor ID:- 1023--------
8/19/2021 1:42:20 PM---Messages--:-#####--Claim ID:- 55929: -------#####--Success Factor ID:- 1790--------
8/19/2021 1:42:20 PM---Messages--:-#####--Claim ID:- 56001: -------#####--Success Factor ID:- 1662--------
8/19/2021 1:42:20 PM---Messages--:-#####--Claim ID:- 56306: -------#####--Success Factor ID:- 1453--------
8/19/2021 1:42:20 PM---Messages--:-#####--Claim ID:- 56305: -------#####--Success Factor ID:- 1453--------
8/19/2021 1:42:20 PM---Messages--:-#####--Claim ID:- 56308: -------#####--Success Factor ID:- 1453--------
8/19/2021 1:42:21 PM---Messages--:-#####--Claim ID:- 56383: -------#####--Success Factor ID:- 1869--------
8/19/2021 1:42:21 PM---Messages--:-#####--Claim ID:- 56591: -------#####--Success Factor ID:- 1847--------
8/19/2021 1:42:21 PM---Messages--:-#####--Claim ID:- 56657: -------#####--Success Factor ID:- 1645--------
8/19/2021 1:42:22 PM---Messages--:-#####--Claim ID:- 56672: -------#####--Success Factor ID:- 1883--------
8/19/2021 1:42:22 PM---Messages--:-#####--Claim ID:- 56674: -------#####--Success Factor ID:- 1883--------
8/19/2021 1:42:22 PM---Messages--:Adding Success Factor: -------
8/19/2021 1:42:53 PM---Messages--:Success Factor is added successfully: -------------------
8/19/2021 1:58:15 PM---Messages--:****************************: ################NEW CONNECTION###############***********************
8/19/2021 1:58:15 PM---Messages--:Connected With   : Database :- TVI_PilotCompany
8/19/2021 1:58:48 PM---Messages--:Main: Column 'Benefit Employee Claim ID-TAD' does not belong to table .
8/19/2021 1:59:40 PM---Messages--:****************************: ################NEW CONNECTION###############***********************
8/19/2021 1:59:40 PM---Messages--:Connected With   : Database :- TVI_PilotCompany
8/19/2021 1:59:55 PM---Messages--:Adding Success Factor: -------
8/19/2021 1:59:57 PM---Messages--:ExecuteDataSet: Incorrect syntax near 'VALUES'.
8/19/2021 2:00:08 PM---Messages--:ExecuteDataSet: Incorrect syntax near 'VALUES'.
8/19/2021 2:00:08 PM---Messages--:Success Factor is added successfully: -------------------
