5/25/2022 2:20:45 PM---Messages--:****************************: ################NEW CONNECTION###############***********************
5/25/2022 2:20:45 PM---Messages--:Connected With   : Database :- TVI_PilotCompany
5/25/2022 2:21:31 PM---Messages--:Adding Success Factor: -------
5/25/2022 2:21:35 PM---Messages--:ExecuteDataSet: Incorrect syntax near 'VALUES'.
5/25/2022 2:21:36 PM---Messages--:ExecuteDataSet: Incorrect syntax near 'VALUES'.
5/25/2022 2:21:36 PM---Messages--:Success Factor is added successfully: -------------------
5/25/2022 2:21:43 PM---Messages--:Main: Object reference not set to an instance of an object.
5/25/2022 5:29:01 PM---Messages--:****************************: ################NEW CONNECTION###############***********************
5/25/2022 5:29:01 PM---Messages--:Connected With   : Database :- TVI_PilotCompany
5/25/2022 5:32:28 PM---Messages--:Main: Object reference not set to an instance of an object.
5/25/2022 5:32:52 PM---Messages--:****************************: ################NEW CONNECTION###############***********************
5/25/2022 5:32:52 PM---Messages--:Connected With   : Database :- TVI_PilotCompany
5/25/2022 5:35:04 PM---Messages--:Main: Object reference not set to an instance of an object.
5/25/2022 5:35:12 PM---Messages--:****************************: ################NEW CONNECTION###############***********************
5/25/2022 5:35:12 PM---Messages--:Connected With   : Database :- TVI_PilotCompany
5/25/2022 5:35:31 PM---Messages--:Main: Object reference not set to an instance of an object.
5/25/2022 5:35:39 PM---Messages--:****************************: ################NEW CONNECTION###############***********************
5/25/2022 5:35:39 PM---Messages--:Connected With   : Database :- TVI_PilotCompany
5/25/2022 5:35:46 PM---Messages--:Main: Object reference not set to an instance of an object.
5/25/2022 5:40:27 PM---Messages--:****************************: ################NEW CONNECTION###############***********************
5/25/2022 5:40:27 PM---Messages--:Connected With   : Database :- TVI_PilotCompany
5/25/2022 5:40:34 PM---Messages--:Main: Object reference not set to an instance of an object.
