29-09-24 00:22:15---Messages--:: 
29-09-24 00:22:15---Messages--:****************************: ################NEW CONNECTION###############***********************
29-09-24 00:22:15---Messages--:Connected With Database: : TVI_PilotCompany
29-09-24 00:22:15---Messages--:*********START*********: Download file from SFTP Server         
29-09-24 00:22:15---Messages--:*********END***********: File download completed         
29-09-24 00:22:15---Messages--:*********START*********: Move file into SFTP server to Source folder
29-09-24 00:22:36---Messages--:******#  ERROR #*******:-When move file moving into Archive folder: *******##########*******
29-09-24 00:22:36---Messages--:*********END***********: Move file into SFTP server to Source folder
29-09-24 00:38:51---Messages--:: 
29-09-24 00:38:51---Messages--:****************************: ################NEW CONNECTION###############***********************
29-09-24 00:38:51---Messages--:Connected With Database: : TVI_PilotCompany
29-09-24 00:38:51---Messages--:*********START*********: Download file from SFTP Server         
29-09-24 00:39:13---Messages--:*********END***********: File download completed         
29-09-24 00:39:13---Messages--:*********START*********: Move file into SFTP server to Source folder
29-09-24 00:39:13---Messages--:*********END***********: Move file into SFTP server to Source folder
29-09-24 00:39:40---Messages--:: 
29-09-24 00:39:40---Messages--:****************************: ################NEW CONNECTION###############***********************
29-09-24 00:39:40---Messages--:Connected With Database: : TVI_PilotCompany
29-09-24 00:39:40---Messages--:*********START*********: Download file from SFTP Server         
29-09-24 00:40:07---Messages--:*********END***********: File download completed         
29-09-24 00:40:07---Messages--:*********START*********: Move file into SFTP server to Source folder
29-09-24 00:40:07---Messages--:*********END***********: Move file into SFTP server to Source folder
29-09-24 00:40:13---Messages--:: 
29-09-24 00:40:13---Messages--:****************************: ################NEW CONNECTION###############***********************
29-09-24 00:40:13---Messages--:Connected With Database: : TVI_PilotCompany
29-09-24 00:40:13---Messages--:*********START*********: Download file from SFTP Server         
