10/10/2022 4:39:38 PM---Messages--:****************************: ################NEW CONNECTION###############***********************
10/10/2022 4:39:38 PM---Messages--:Connected With   : Database :- TVI_PilotCompany
10/10/2022 4:44:20 PM---Messages--:****************************: ################NEW CONNECTION###############***********************
10/10/2022 4:44:20 PM---Messages--:Connected With   : Database :- TVI_PilotCompany
10/10/2022 4:47:08 PM---Messages--:****************************: ################NEW CONNECTION###############***********************
10/10/2022 4:47:08 PM---Messages--:Connected With   : Database :- TVI_PilotCompany
10/10/2022 4:48:33 PM---Messages--:-#####--Claim ID:- 79573: -------#####--Success Factor ID:- 1638--------
10/10/2022 4:48:33 PM---Messages--:-#####--Claim ID:- 79575: -------#####--Success Factor ID:- 1638--------
10/10/2022 4:48:34 PM---Messages--:-#####--Claim ID:- 80804: -------#####--Success Factor ID:- 2001--------
10/10/2022 4:48:34 PM---Messages--:-#####--Claim ID:- 80806: -------#####--Success Factor ID:- 2001--------
10/10/2022 4:48:34 PM---Messages--:-#####--Claim ID:- 84154: -------#####--Success Factor ID:- 1768--------
10/10/2022 4:48:34 PM---Messages--:-#####--Claim ID:- 78528: -------#####--Success Factor ID:- 1768--------
10/10/2022 4:48:34 PM---Messages--:-#####--Claim ID:- 78528: -------#####--Success Factor ID:- 1768--------
10/10/2022 4:48:34 PM---Messages--:-#####--Claim ID:- 78528: -------#####--Success Factor ID:- 1768--------
10/10/2022 4:48:34 PM---Messages--:-#####--Claim ID:- 78528: -------#####--Success Factor ID:- 1768--------
10/10/2022 4:48:34 PM---Messages--:-#####--Claim ID:- 78528: -------#####--Success Factor ID:- 1768--------
10/10/2022 4:48:34 PM---Messages--:-#####--Claim ID:- 84152: -------#####--Success Factor ID:- 1768--------
10/10/2022 4:48:34 PM---Messages--:-#####--Claim ID:- 84151: -------#####--Success Factor ID:- 1768--------
10/10/2022 4:48:34 PM---Messages--:-#####--Claim ID:- 84157: -------#####--Success Factor ID:- 1768--------
10/10/2022 4:48:34 PM---Messages--:-#####--Claim ID:- 83495: -------#####--Success Factor ID:- 1768--------
10/10/2022 4:48:34 PM---Messages--:-#####--Claim ID:- 84171: -------#####--Success Factor ID:- 1780--------
10/10/2022 4:48:34 PM---Messages--:-#####--Claim ID:- 83710: -------#####--Success Factor ID:- 1780--------
10/10/2022 4:48:34 PM---Messages--:-#####--Claim ID:- 84169: -------#####--Success Factor ID:- 1780--------
10/10/2022 4:48:34 PM---Messages--:-#####--Claim ID:- 84114: -------#####--Success Factor ID:- 1780--------
10/10/2022 4:48:34 PM---Messages--:-#####--Claim ID:- 85041: -------#####--Success Factor ID:- 1529--------
10/10/2022 4:48:35 PM---Messages--:-#####--Claim ID:- 79862: -------#####--Success Factor ID:- 1529--------
10/10/2022 4:48:35 PM---Messages--:-#####--Claim ID:- 81601: -------#####--Success Factor ID:- 1529--------
10/10/2022 4:48:35 PM---Messages--:-#####--Claim ID:- 78576: -------#####--Success Factor ID:- 1529--------
10/10/2022 4:48:35 PM---Messages--:-#####--Claim ID:- 83392: -------#####--Success Factor ID:- 884--------
10/10/2022 4:48:35 PM---Messages--:-#####--Claim ID:- 82470: -------#####--Success Factor ID:- 1761--------
10/10/2022 4:48:35 PM---Messages--:-#####--Claim ID:- 82472: -------#####--Success Factor ID:- 1761--------
10/10/2022 4:48:35 PM---Messages--:-#####--Claim ID:- 82475: -------#####--Success Factor ID:- 1761--------
10/10/2022 4:48:35 PM---Messages--:-#####--Claim ID:- 75857: -------#####--Success Factor ID:- 1761--------
10/10/2022 4:48:35 PM---Messages--:-#####--Claim ID:- 75857: -------#####--Success Factor ID:- 1761--------
10/10/2022 4:48:35 PM---Messages--:-#####--Claim ID:- 78496: -------#####--Success Factor ID:- 1761--------
10/10/2022 4:48:35 PM---Messages--:-#####--Claim ID:- 78498: -------#####--Success Factor ID:- 1761--------
10/10/2022 4:48:35 PM---Messages--:-#####--Claim ID:- 78501: -------#####--Success Factor ID:- 1761--------
10/10/2022 4:48:35 PM---Messages--:-#####--Claim ID:- 78503: -------#####--Success Factor ID:- 1761--------
10/10/2022 4:48:35 PM---Messages--:-#####--Claim ID:- 79499: -------#####--Success Factor ID:- 1761--------
10/10/2022 4:48:35 PM---Messages--:-#####--Claim ID:- 83984: -------#####--Success Factor ID:- 1761--------
10/10/2022 4:48:35 PM---Messages--:-#####--Claim ID:- 76600: -------#####--Success Factor ID:- 1318--------
10/10/2022 4:48:35 PM---Messages--:-#####--Claim ID:- 83373: -------#####--Success Factor ID:- 1318--------
10/10/2022 4:48:36 PM---Messages--:-#####--Claim ID:- 82499: -------#####--Success Factor ID:- 885--------
10/10/2022 4:48:36 PM---Messages--:-#####--Claim ID:- 75435: -------#####--Success Factor ID:- 1989--------
10/10/2022 4:48:36 PM---Messages--:-#####--Claim ID:- 74856: -------#####--Success Factor ID:- 1989--------
10/10/2022 4:48:36 PM---Messages--:-#####--Claim ID:- 72331: -------#####--Success Factor ID:- 1989--------
10/10/2022 4:48:36 PM---Messages--:-#####--Claim ID:- 74857: -------#####--Success Factor ID:- 1989--------
10/10/2022 4:48:36 PM---Messages--:-#####--Claim ID:- 74861: -------#####--Success Factor ID:- 1989--------
10/10/2022 4:48:36 PM---Messages--:-#####--Claim ID:- 81085: -------#####--Success Factor ID:- 1989--------
10/10/2022 4:48:36 PM---Messages--:-#####--Claim ID:- 77912: -------#####--Success Factor ID:- 2047--------
10/10/2022 4:48:36 PM---Messages--:-#####--Claim ID:- 79482: -------#####--Success Factor ID:- 2047--------
10/10/2022 4:48:36 PM---Messages--:-#####--Claim ID:- 82805: -------#####--Success Factor ID:- 2047--------
10/10/2022 4:48:36 PM---Messages--:-#####--Claim ID:- 79483: -------#####--Success Factor ID:- 2047--------
10/10/2022 4:48:36 PM---Messages--:-#####--Claim ID:- 77914: -------#####--Success Factor ID:- 2047--------
10/10/2022 4:48:36 PM---Messages--:-#####--Claim ID:- 81000: -------#####--Success Factor ID:- 1691--------
10/10/2022 4:48:36 PM---Messages--:-#####--Claim ID:- 83704: -------#####--Success Factor ID:- 1691--------
10/10/2022 4:48:36 PM---Messages--:-#####--Claim ID:- 83706: -------#####--Success Factor ID:- 1691--------
10/10/2022 4:48:36 PM---Messages--:-#####--Claim ID:- 83705: -------#####--Success Factor ID:- 1691--------
10/10/2022 4:48:36 PM---Messages--:-#####--Claim ID:- 83649: -------#####--Success Factor ID:- 1691--------
10/10/2022 4:48:36 PM---Messages--:-#####--Claim ID:- 78743: -------#####--Success Factor ID:- 1509--------
10/10/2022 4:48:36 PM---Messages--:-#####--Claim ID:- 81863: -------#####--Success Factor ID:- 1509--------
10/10/2022 4:48:37 PM---Messages--:-#####--Claim ID:- 81863: -------#####--Success Factor ID:- 1509--------
10/10/2022 4:48:37 PM---Messages--:-#####--Claim ID:- 79397: -------#####--Success Factor ID:- 872--------
10/10/2022 4:48:37 PM---Messages--:-#####--Claim ID:- 79399: -------#####--Success Factor ID:- 872--------
10/10/2022 4:48:37 PM---Messages--:-#####--Claim ID:- 79401: -------#####--Success Factor ID:- 872--------
10/10/2022 4:48:37 PM---Messages--:-#####--Claim ID:- 83931: -------#####--Success Factor ID:- 872--------
10/10/2022 4:48:37 PM---Messages--:-#####--Claim ID:- 83933: -------#####--Success Factor ID:- 872--------
10/10/2022 4:48:37 PM---Messages--:-#####--Claim ID:- 83935: -------#####--Success Factor ID:- 872--------
10/10/2022 4:48:37 PM---Messages--:-#####--Claim ID:- 83937: -------#####--Success Factor ID:- 872--------
10/10/2022 4:48:37 PM---Messages--:-#####--Claim ID:- 80908: -------#####--Success Factor ID:- 1634--------
10/10/2022 4:48:37 PM---Messages--:-#####--Claim ID:- 83746: -------#####--Success Factor ID:- 1634--------
10/10/2022 4:48:37 PM---Messages--:-#####--Claim ID:- 83686: -------#####--Success Factor ID:- 1634--------
10/10/2022 4:48:37 PM---Messages--:-#####--Claim ID:- 82170: -------#####--Success Factor ID:- 1211--------
10/10/2022 4:48:37 PM---Messages--:-#####--Claim ID:- 76927: -------#####--Success Factor ID:- 1211--------
10/10/2022 4:48:37 PM---Messages--:-#####--Claim ID:- 77411: -------#####--Success Factor ID:- 1211--------
10/10/2022 4:48:37 PM---Messages--:-#####--Claim ID:- 77407: -------#####--Success Factor ID:- 1211--------
10/10/2022 4:48:37 PM---Messages--:-#####--Claim ID:- 76905: -------#####--Success Factor ID:- 1211--------
10/10/2022 4:48:37 PM---Messages--:-#####--Claim ID:- 83772: -------#####--Success Factor ID:- 1211--------
10/10/2022 4:48:37 PM---Messages--:-#####--Claim ID:- 84140: -------#####--Success Factor ID:- 1211--------
10/10/2022 4:48:37 PM---Messages--:-#####--Claim ID:- 80101: -------#####--Success Factor ID:- 460--------
10/10/2022 4:48:37 PM---Messages--:-#####--Claim ID:- 80101: -------#####--Success Factor ID:- 460--------
10/10/2022 4:48:38 PM---Messages--:-#####--Claim ID:- 83307: -------#####--Success Factor ID:- 1502--------
10/10/2022 4:48:38 PM---Messages--:-#####--Claim ID:- 83309: -------#####--Success Factor ID:- 1502--------
10/10/2022 4:48:38 PM---Messages--:-#####--Claim ID:- 83311: -------#####--Success Factor ID:- 1502--------
10/10/2022 4:48:38 PM---Messages--:-#####--Claim ID:- 83313: -------#####--Success Factor ID:- 1502--------
10/10/2022 4:48:38 PM---Messages--:-#####--Claim ID:- 83315: -------#####--Success Factor ID:- 1502--------
10/10/2022 4:48:38 PM---Messages--:-#####--Claim ID:- 78107: -------#####--Success Factor ID:- 1733--------
10/10/2022 4:48:38 PM---Messages--:-#####--Claim ID:- 78106: -------#####--Success Factor ID:- 1733--------
10/10/2022 4:48:38 PM---Messages--:-#####--Claim ID:- 78873: -------#####--Success Factor ID:- 1733--------
10/10/2022 4:48:38 PM---Messages--:-#####--Claim ID:- 78890: -------#####--Success Factor ID:- 1733--------
10/10/2022 4:48:38 PM---Messages--:-#####--Claim ID:- 79414: -------#####--Success Factor ID:- 1733--------
10/10/2022 4:48:38 PM---Messages--:-#####--Claim ID:- 83798: -------#####--Success Factor ID:- 1733--------
10/10/2022 4:48:38 PM---Messages--:-#####--Claim ID:- 83805: -------#####--Success Factor ID:- 1733--------
10/10/2022 4:48:38 PM---Messages--:-#####--Claim ID:- 83810: -------#####--Success Factor ID:- 1733--------
10/10/2022 4:48:38 PM---Messages--:-#####--Claim ID:- 83821: -------#####--Success Factor ID:- 1733--------
10/10/2022 4:48:38 PM---Messages--:-#####--Claim ID:- 84014: -------#####--Success Factor ID:- 1733--------
10/10/2022 4:48:38 PM---Messages--:-#####--Claim ID:- 83976: -------#####--Success Factor ID:- 1733--------
10/10/2022 4:48:38 PM---Messages--:-#####--Claim ID:- 84163: -------#####--Success Factor ID:- 1733--------
10/10/2022 4:48:38 PM---Messages--:-#####--Claim ID:- 78121: -------#####--Success Factor ID:- 1322--------
10/10/2022 4:48:38 PM---Messages--:-#####--Claim ID:- 77351: -------#####--Success Factor ID:- 1242--------
10/10/2022 4:48:38 PM---Messages--:-#####--Claim ID:- 79619: -------#####--Success Factor ID:- 1242--------
10/10/2022 4:48:38 PM---Messages--:-#####--Claim ID:- 79724: -------#####--Success Factor ID:- 1242--------
10/10/2022 4:48:38 PM---Messages--:-#####--Claim ID:- 82134: -------#####--Success Factor ID:- 1242--------
10/10/2022 4:48:39 PM---Messages--:-#####--Claim ID:- 84043: -------#####--Success Factor ID:- 1242--------
10/10/2022 4:48:39 PM---Messages--:-#####--Claim ID:- 80735: -------#####--Success Factor ID:- CONT-018--------
10/10/2022 4:48:39 PM---Messages--:-#####--Claim ID:- 80736: -------#####--Success Factor ID:- CONT-018--------
10/10/2022 4:48:39 PM---Messages--:-#####--Claim ID:- 80734: -------#####--Success Factor ID:- CONT-018--------
10/10/2022 4:48:39 PM---Messages--:-#####--Claim ID:- 83638: -------#####--Success Factor ID:- CONT-018--------
10/10/2022 4:48:39 PM---Messages--:-#####--Claim ID:- 80906: -------#####--Success Factor ID:- 2023--------
10/10/2022 4:48:39 PM---Messages--:-#####--Claim ID:- 80904: -------#####--Success Factor ID:- 2023--------
10/10/2022 4:48:39 PM---Messages--:-#####--Claim ID:- 80905: -------#####--Success Factor ID:- 2023--------
10/10/2022 4:48:39 PM---Messages--:-#####--Claim ID:- 80970: -------#####--Success Factor ID:- 1791--------
10/10/2022 4:48:39 PM---Messages--:-#####--Claim ID:- 80990: -------#####--Success Factor ID:- 1791--------
10/10/2022 4:48:39 PM---Messages--:-#####--Claim ID:- 81099: -------#####--Success Factor ID:- 1737--------
10/10/2022 4:48:39 PM---Messages--:-#####--Claim ID:- 81797: -------#####--Success Factor ID:- 1737--------
10/10/2022 4:48:39 PM---Messages--:-#####--Claim ID:- 81799: -------#####--Success Factor ID:- 1737--------
10/10/2022 4:48:39 PM---Messages--:-#####--Claim ID:- 80192: -------#####--Success Factor ID:- 1785--------
10/10/2022 4:48:39 PM---Messages--:-#####--Claim ID:- 85347: -------#####--Success Factor ID:- 1785--------
10/10/2022 4:48:39 PM---Messages--:-#####--Claim ID:- 85348: -------#####--Success Factor ID:- 1785--------
10/10/2022 4:48:39 PM---Messages--:-#####--Claim ID:- 85358: -------#####--Success Factor ID:- 1785--------
10/10/2022 4:48:39 PM---Messages--:-#####--Claim ID:- 85362: -------#####--Success Factor ID:- 1785--------
10/10/2022 4:48:40 PM---Messages--:-#####--Claim ID:- 85361: -------#####--Success Factor ID:- 1785--------
10/10/2022 4:48:40 PM---Messages--:-#####--Claim ID:- 85360: -------#####--Success Factor ID:- 1785--------
10/10/2022 4:48:40 PM---Messages--:-#####--Claim ID:- 85356: -------#####--Success Factor ID:- 1785--------
10/10/2022 4:48:40 PM---Messages--:-#####--Claim ID:- 85359: -------#####--Success Factor ID:- 1785--------
10/10/2022 4:48:40 PM---Messages--:-#####--Claim ID:- 85357: -------#####--Success Factor ID:- 1785--------
10/10/2022 4:48:40 PM---Messages--:-#####--Claim ID:- 69686: -------#####--Success Factor ID:- 1885--------
10/10/2022 4:48:40 PM---Messages--:-#####--Claim ID:- 68791: -------#####--Success Factor ID:- 1885--------
10/10/2022 4:48:40 PM---Messages--:-#####--Claim ID:- 68793: -------#####--Success Factor ID:- 1885--------
10/10/2022 4:48:40 PM---Messages--:-#####--Claim ID:- 68797: -------#####--Success Factor ID:- 1885--------
10/10/2022 4:48:40 PM---Messages--:-#####--Claim ID:- 76155: -------#####--Success Factor ID:- 466--------
10/10/2022 4:48:40 PM---Messages--:-#####--Claim ID:- 76157: -------#####--Success Factor ID:- 466--------
10/10/2022 4:48:40 PM---Messages--:-#####--Claim ID:- 76582: -------#####--Success Factor ID:- 1689--------
10/10/2022 4:48:40 PM---Messages--:-#####--Claim ID:- 74712: -------#####--Success Factor ID:- 1689--------
10/10/2022 4:48:40 PM---Messages--:-#####--Claim ID:- 74977: -------#####--Success Factor ID:- 1689--------
10/10/2022 4:48:40 PM---Messages--:-#####--Claim ID:- 82550: -------#####--Success Factor ID:- 1689--------
10/10/2022 4:48:40 PM---Messages--:-#####--Claim ID:- 82552: -------#####--Success Factor ID:- 1689--------
10/10/2022 4:48:40 PM---Messages--:-#####--Claim ID:- 78014: -------#####--Success Factor ID:- 1689--------
10/10/2022 4:48:40 PM---Messages--:-#####--Claim ID:- 83961: -------#####--Success Factor ID:- 1689--------
10/10/2022 4:48:40 PM---Messages--:-#####--Claim ID:- 83204: -------#####--Success Factor ID:- 1611--------
10/10/2022 4:48:41 PM---Messages--:-#####--Claim ID:- 83279: -------#####--Success Factor ID:- 1857--------
10/10/2022 4:48:41 PM---Messages--:-#####--Claim ID:- 81487: -------#####--Success Factor ID:- 1857--------
10/10/2022 4:48:41 PM---Messages--:-#####--Claim ID:- 81831: -------#####--Success Factor ID:- 1599--------
10/10/2022 4:48:41 PM---Messages--:-#####--Claim ID:- 83639: -------#####--Success Factor ID:- 1599--------
10/10/2022 4:48:41 PM---Messages--:-#####--Claim ID:- 79044: -------#####--Success Factor ID:- 1285--------
10/10/2022 4:48:41 PM---Messages--:-#####--Claim ID:- 79046: -------#####--Success Factor ID:- 1285--------
10/10/2022 4:48:41 PM---Messages--:-#####--Claim ID:- 79045: -------#####--Success Factor ID:- 1285--------
10/10/2022 4:48:41 PM---Messages--:-#####--Claim ID:- 80950: -------#####--Success Factor ID:- 1937--------
10/10/2022 4:48:41 PM---Messages--:-#####--Claim ID:- 84071: -------#####--Success Factor ID:- 1937--------
10/10/2022 4:48:41 PM---Messages--:-#####--Claim ID:- 80221: -------#####--Success Factor ID:- 1442--------
10/10/2022 4:48:41 PM---Messages--:-#####--Claim ID:- 83497: -------#####--Success Factor ID:- 1442--------
10/10/2022 4:48:41 PM---Messages--:-#####--Claim ID:- 82585: -------#####--Success Factor ID:- 2007--------
10/10/2022 4:48:41 PM---Messages--:-#####--Claim ID:- 82587: -------#####--Success Factor ID:- 2007--------
10/10/2022 4:48:41 PM---Messages--:-#####--Claim ID:- 82589: -------#####--Success Factor ID:- 2007--------
10/10/2022 4:48:41 PM---Messages--:-#####--Claim ID:- 82579: -------#####--Success Factor ID:- 2007--------
10/10/2022 4:48:42 PM---Messages--:-#####--Claim ID:- 82583: -------#####--Success Factor ID:- 2007--------
10/10/2022 4:48:42 PM---Messages--:-#####--Claim ID:- 80282: -------#####--Success Factor ID:- 2007--------
10/10/2022 4:48:42 PM---Messages--:-#####--Claim ID:- 78824: -------#####--Success Factor ID:- 2007--------
10/10/2022 4:48:42 PM---Messages--:-#####--Claim ID:- 77211: -------#####--Success Factor ID:- 2007--------
10/10/2022 4:48:42 PM---Messages--:-#####--Claim ID:- 77213: -------#####--Success Factor ID:- 2007--------
10/10/2022 4:48:42 PM---Messages--:-#####--Claim ID:- 78089: -------#####--Success Factor ID:- 2007--------
10/10/2022 4:48:42 PM---Messages--:-#####--Claim ID:- 76255: -------#####--Success Factor ID:- 2007--------
10/10/2022 4:48:42 PM---Messages--:-#####--Claim ID:- 82597: -------#####--Success Factor ID:- 2059--------
10/10/2022 4:48:42 PM---Messages--:-#####--Claim ID:- 79805: -------#####--Success Factor ID:- 2059--------
10/10/2022 4:48:42 PM---Messages--:-#####--Claim ID:- 80355: -------#####--Success Factor ID:- 2059--------
10/10/2022 4:48:42 PM---Messages--:-#####--Claim ID:- 80357: -------#####--Success Factor ID:- 2059--------
10/10/2022 4:48:42 PM---Messages--:-#####--Claim ID:- 81271: -------#####--Success Factor ID:- 2059--------
10/10/2022 4:48:42 PM---Messages--:-#####--Claim ID:- 81273: -------#####--Success Factor ID:- 2059--------
10/10/2022 4:48:42 PM---Messages--:-#####--Claim ID:- 81276: -------#####--Success Factor ID:- 2059--------
10/10/2022 4:48:42 PM---Messages--:-#####--Claim ID:- 81278: -------#####--Success Factor ID:- 2059--------
10/10/2022 4:48:42 PM---Messages--:-#####--Claim ID:- 79803: -------#####--Success Factor ID:- 2059--------
10/10/2022 4:48:42 PM---Messages--:-#####--Claim ID:- 82969: -------#####--Success Factor ID:- 2059--------
10/10/2022 4:48:42 PM---Messages--:-#####--Claim ID:- 77699: -------#####--Success Factor ID:- 2004--------
10/10/2022 4:48:42 PM---Messages--:-#####--Claim ID:- 82544: -------#####--Success Factor ID:- 2004--------
10/10/2022 4:48:42 PM---Messages--:-#####--Claim ID:- 79791: -------#####--Success Factor ID:- 2004--------
10/10/2022 4:48:42 PM---Messages--:-#####--Claim ID:- 80365: -------#####--Success Factor ID:- 2004--------
10/10/2022 4:48:42 PM---Messages--:-#####--Claim ID:- 77699: -------#####--Success Factor ID:- 2004--------
10/10/2022 4:48:43 PM---Messages--:-#####--Claim ID:- 77320: -------#####--Success Factor ID:- 2024--------
10/10/2022 4:48:43 PM---Messages--:-#####--Claim ID:- 83348: -------#####--Success Factor ID:- 2024--------
10/10/2022 4:48:43 PM---Messages--:-#####--Claim ID:- 83350: -------#####--Success Factor ID:- 2024--------
10/10/2022 4:48:43 PM---Messages--:-#####--Claim ID:- 81309: -------#####--Success Factor ID:- 2024--------
10/10/2022 4:48:43 PM---Messages--:-#####--Claim ID:- 81311: -------#####--Success Factor ID:- 2024--------
10/10/2022 4:48:43 PM---Messages--:-#####--Claim ID:- 80920: -------#####--Success Factor ID:- 2024--------
10/10/2022 4:48:43 PM---Messages--:-#####--Claim ID:- 80922: -------#####--Success Factor ID:- 2024--------
10/10/2022 4:48:43 PM---Messages--:-#####--Claim ID:- 80924: -------#####--Success Factor ID:- 2024--------
10/10/2022 4:48:43 PM---Messages--:-#####--Claim ID:- 80928: -------#####--Success Factor ID:- 2024--------
10/10/2022 4:48:43 PM---Messages--:-#####--Claim ID:- 82667: -------#####--Success Factor ID:- 2067--------
10/10/2022 4:48:43 PM---Messages--:-#####--Claim ID:- 82669: -------#####--Success Factor ID:- 2067--------
10/10/2022 4:48:43 PM---Messages--:-#####--Claim ID:- 82665: -------#####--Success Factor ID:- 2067--------
10/10/2022 4:48:43 PM---Messages--:-#####--Claim ID:- 83957: -------#####--Success Factor ID:- 2067--------
10/10/2022 4:48:43 PM---Messages--:-#####--Claim ID:- 83959: -------#####--Success Factor ID:- 2067--------
10/10/2022 4:48:43 PM---Messages--:-#####--Claim ID:- 83972: -------#####--Success Factor ID:- 2067--------
10/10/2022 4:48:43 PM---Messages--:-#####--Claim ID:- 82730: -------#####--Success Factor ID:- 2064--------
10/10/2022 4:48:43 PM---Messages--:-#####--Claim ID:- 84126: -------#####--Success Factor ID:- 2064--------
10/10/2022 4:48:44 PM---Messages--:-#####--Claim ID:- 82766: -------#####--Success Factor ID:- 2072--------
10/10/2022 4:48:44 PM---Messages--:-#####--Claim ID:- 82768: -------#####--Success Factor ID:- 2072--------
10/10/2022 4:48:44 PM---Messages--:-#####--Claim ID:- 82771: -------#####--Success Factor ID:- 2072--------
10/10/2022 4:48:44 PM---Messages--:-#####--Claim ID:- 82284: -------#####--Success Factor ID:- 2038--------
10/10/2022 4:48:44 PM---Messages--:-#####--Claim ID:- 82288: -------#####--Success Factor ID:- 2038--------
10/10/2022 4:48:44 PM---Messages--:-#####--Claim ID:- 82401: -------#####--Success Factor ID:- 2028--------
10/10/2022 4:48:44 PM---Messages--:-#####--Claim ID:- 79919: -------#####--Success Factor ID:- 2028--------
10/10/2022 4:48:44 PM---Messages--:-#####--Claim ID:- 83582: -------#####--Success Factor ID:- 2028--------
10/10/2022 4:48:44 PM---Messages--:-#####--Claim ID:- 83584: -------#####--Success Factor ID:- 2028--------
10/10/2022 4:48:44 PM---Messages--:-#####--Claim ID:- 83586: -------#####--Success Factor ID:- 2028--------
10/10/2022 4:48:44 PM---Messages--:-#####--Claim ID:- 83680: -------#####--Success Factor ID:- 2028--------
10/10/2022 4:48:44 PM---Messages--:-#####--Claim ID:- 82877: -------#####--Success Factor ID:- 2076--------
10/10/2022 4:48:44 PM---Messages--:-#####--Claim ID:- 82879: -------#####--Success Factor ID:- 2076--------
10/10/2022 4:48:44 PM---Messages--:-#####--Claim ID:- 82915: -------#####--Success Factor ID:- 2073--------
10/10/2022 4:48:44 PM---Messages--:-#####--Claim ID:- 83878: -------#####--Success Factor ID:- 2073--------
10/10/2022 4:48:44 PM---Messages--:-#####--Claim ID:- 83269: -------#####--Success Factor ID:- 1771--------
10/10/2022 4:48:44 PM---Messages--:-#####--Claim ID:- 83274: -------#####--Success Factor ID:- 1771--------
10/10/2022 4:48:45 PM---Messages--:-#####--Claim ID:- 83277: -------#####--Success Factor ID:- 1771--------
10/10/2022 4:48:45 PM---Messages--:-#####--Claim ID:- 83276: -------#####--Success Factor ID:- 1771--------
10/10/2022 4:48:45 PM---Messages--:-#####--Claim ID:- 83275: -------#####--Success Factor ID:- 1771--------
10/10/2022 4:48:45 PM---Messages--:-#####--Claim ID:- 83332: -------#####--Success Factor ID:- 1771--------
10/10/2022 4:48:45 PM---Messages--:-#####--Claim ID:- 83334: -------#####--Success Factor ID:- 1771--------
10/10/2022 4:48:45 PM---Messages--:-#####--Claim ID:- 83339: -------#####--Success Factor ID:- 1771--------
10/10/2022 4:48:45 PM---Messages--:-#####--Claim ID:- 83340: -------#####--Success Factor ID:- 1771--------
10/10/2022 4:48:45 PM---Messages--:-#####--Claim ID:- 83346: -------#####--Success Factor ID:- 1771--------
10/10/2022 4:48:45 PM---Messages--:-#####--Claim ID:- 83345: -------#####--Success Factor ID:- 1771--------
10/10/2022 4:48:45 PM---Messages--:-#####--Claim ID:- 81008: -------#####--Success Factor ID:- 1628--------
10/10/2022 4:48:45 PM---Messages--:-#####--Claim ID:- 84049: -------#####--Success Factor ID:- 1628--------
10/10/2022 4:48:45 PM---Messages--:-#####--Claim ID:- 82608: -------#####--Success Factor ID:- 1828--------
10/10/2022 4:48:45 PM---Messages--:-#####--Claim ID:- 82610: -------#####--Success Factor ID:- 1828--------
10/10/2022 4:48:45 PM---Messages--:-#####--Claim ID:- 83812: -------#####--Success Factor ID:- 1828--------
10/10/2022 4:48:45 PM---Messages--:-#####--Claim ID:- 82090: -------#####--Success Factor ID:- 1834--------
10/10/2022 4:48:45 PM---Messages--:-#####--Claim ID:- 82102: -------#####--Success Factor ID:- 1834--------
10/10/2022 4:48:45 PM---Messages--:-#####--Claim ID:- 82114: -------#####--Success Factor ID:- 1834--------
10/10/2022 4:48:45 PM---Messages--:-#####--Claim ID:- 82114: -------#####--Success Factor ID:- 1834--------
10/10/2022 4:48:45 PM---Messages--:-#####--Claim ID:- 82090: -------#####--Success Factor ID:- 1834--------
10/10/2022 4:48:45 PM---Messages--:-#####--Claim ID:- 82102: -------#####--Success Factor ID:- 1834--------
10/10/2022 4:48:45 PM---Messages--:-#####--Claim ID:- 83558: -------#####--Success Factor ID:- 1834--------
10/10/2022 4:48:46 PM---Messages--:-#####--Claim ID:- 79364: -------#####--Success Factor ID:- 1543--------
10/10/2022 4:48:46 PM---Messages--:-#####--Claim ID:- 83727: -------#####--Success Factor ID:- 1543--------
10/10/2022 4:48:46 PM---Messages--:-#####--Claim ID:- 80117: -------#####--Success Factor ID:- 2000--------
10/10/2022 4:48:46 PM---Messages--:-#####--Claim ID:- 78546: -------#####--Success Factor ID:- 2020--------
10/10/2022 4:48:46 PM---Messages--:-#####--Claim ID:- 82026: -------#####--Success Factor ID:- 2020--------
10/10/2022 4:48:46 PM---Messages--:-#####--Claim ID:- 84187: -------#####--Success Factor ID:- 2020--------
10/10/2022 4:48:46 PM---Messages--:-#####--Claim ID:- 72779: -------#####--Success Factor ID:- 1908--------
10/10/2022 4:48:46 PM---Messages--:-#####--Claim ID:- 78857: -------#####--Success Factor ID:- 2048--------
10/10/2022 4:48:46 PM---Messages--:-#####--Claim ID:- 80634: -------#####--Success Factor ID:- 2048--------
10/10/2022 4:48:46 PM---Messages--:-#####--Claim ID:- 78653: -------#####--Success Factor ID:- 2048--------
10/10/2022 4:48:46 PM---Messages--:-#####--Claim ID:- 78989: -------#####--Success Factor ID:- 1899--------
10/10/2022 4:48:47 PM---Messages--:-#####--Claim ID:- 80872: -------#####--Success Factor ID:- 2027--------
10/10/2022 4:48:47 PM---Messages--:-#####--Claim ID:- 83747: -------#####--Success Factor ID:- 2027--------
10/10/2022 4:48:47 PM---Messages--:-#####--Claim ID:- 70143: -------#####--Success Factor ID:- 1555--------
10/10/2022 4:48:47 PM---Messages--:-#####--Claim ID:- 67616: -------#####--Success Factor ID:- 1945--------
10/10/2022 4:48:47 PM---Messages--:-#####--Claim ID:- 70966: -------#####--Success Factor ID:- 1964--------
10/10/2022 4:48:47 PM---Messages--:-#####--Claim ID:- 83784: -------#####--Success Factor ID:- 1916--------
10/10/2022 4:48:47 PM---Messages--:-#####--Claim ID:- 83792: -------#####--Success Factor ID:- 1692--------
10/10/2022 4:48:47 PM---Messages--:-#####--Claim ID:- 83796: -------#####--Success Factor ID:- 1692--------
10/10/2022 4:48:47 PM---Messages--:-#####--Claim ID:- 82144: -------#####--Success Factor ID:- 1925--------
10/10/2022 4:48:47 PM---Messages--:-#####--Claim ID:- 82146: -------#####--Success Factor ID:- 1925--------
10/10/2022 4:48:47 PM---Messages--:-#####--Claim ID:- 82140: -------#####--Success Factor ID:- 1925--------
10/10/2022 4:48:48 PM---Messages--:-#####--Claim ID:- 83823: -------#####--Success Factor ID:- 1374--------
10/10/2022 4:48:48 PM---Messages--:-#####--Claim ID:- 85077: -------#####--Success Factor ID:- 1374--------
10/10/2022 4:48:48 PM---Messages--:-#####--Claim ID:- 83827: -------#####--Success Factor ID:- 1966--------
10/10/2022 4:48:48 PM---Messages--:-#####--Claim ID:- 83849: -------#####--Success Factor ID:- 1966--------
10/10/2022 4:48:48 PM---Messages--:-#####--Claim ID:- 83829: -------#####--Success Factor ID:- 2043--------
10/10/2022 4:48:48 PM---Messages--:-#####--Claim ID:- 83831: -------#####--Success Factor ID:- 2043--------
10/10/2022 4:48:48 PM---Messages--:-#####--Claim ID:- 83739: -------#####--Success Factor ID:- 1410--------
10/10/2022 4:48:48 PM---Messages--:-#####--Claim ID:- 83738: -------#####--Success Factor ID:- 1410--------
10/10/2022 4:48:48 PM---Messages--:-#####--Claim ID:- 83737: -------#####--Success Factor ID:- 1410--------
10/10/2022 4:48:48 PM---Messages--:-#####--Claim ID:- 83736: -------#####--Success Factor ID:- 1410--------
10/10/2022 4:48:48 PM---Messages--:-#####--Claim ID:- 83735: -------#####--Success Factor ID:- 1410--------
10/10/2022 4:48:48 PM---Messages--:-#####--Claim ID:- 83734: -------#####--Success Factor ID:- 1410--------
10/10/2022 4:48:48 PM---Messages--:-#####--Claim ID:- 83725: -------#####--Success Factor ID:- 1410--------
10/10/2022 4:48:48 PM---Messages--:-#####--Claim ID:- 83741: -------#####--Success Factor ID:- 1653--------
10/10/2022 4:48:48 PM---Messages--:-#####--Claim ID:- 83717: -------#####--Success Factor ID:- 1653--------
10/10/2022 4:48:48 PM---Messages--:-#####--Claim ID:- 83743: -------#####--Success Factor ID:- 1613--------
10/10/2022 4:48:49 PM---Messages--:-#####--Claim ID:- 83749: -------#####--Success Factor ID:- 1572--------
10/10/2022 4:48:49 PM---Messages--:-#####--Claim ID:- 83751: -------#####--Success Factor ID:- 1226--------
10/10/2022 4:48:49 PM---Messages--:-#####--Claim ID:- 83766: -------#####--Success Factor ID:- 1943--------
10/10/2022 4:48:49 PM---Messages--:-#####--Claim ID:- 80539: -------#####--Success Factor ID:- 1943--------
10/10/2022 4:48:49 PM---Messages--:-#####--Claim ID:- 83770: -------#####--Success Factor ID:- 2029--------
10/10/2022 4:48:49 PM---Messages--:-#####--Claim ID:- 83774: -------#####--Success Factor ID:- 1810--------
10/10/2022 4:48:49 PM---Messages--:-#####--Claim ID:- 83778: -------#####--Success Factor ID:- 1810--------
10/10/2022 4:48:49 PM---Messages--:-#####--Claim ID:- 83780: -------#####--Success Factor ID:- 1951--------
10/10/2022 4:48:49 PM---Messages--:-#####--Claim ID:- 83927: -------#####--Success Factor ID:- 1951--------
10/10/2022 4:48:49 PM---Messages--:-#####--Claim ID:- 82971: -------#####--Success Factor ID:- 1951--------
10/10/2022 4:48:49 PM---Messages--:-#####--Claim ID:- 83303: -------#####--Success Factor ID:- 1951--------
10/10/2022 4:48:49 PM---Messages--:-#####--Claim ID:- 82294: -------#####--Success Factor ID:- 1951--------
10/10/2022 4:48:50 PM---Messages--:-#####--Claim ID:- 83782: -------#####--Success Factor ID:- 1192--------
10/10/2022 4:48:50 PM---Messages--:-#####--Claim ID:- 83897: -------#####--Success Factor ID:- 1182--------
10/10/2022 4:48:50 PM---Messages--:-#####--Claim ID:- 80159: -------#####--Success Factor ID:- 1182--------
10/10/2022 4:48:50 PM---Messages--:-#####--Claim ID:- 78751: -------#####--Success Factor ID:- 1182--------
10/10/2022 4:48:50 PM---Messages--:-#####--Claim ID:- 78753: -------#####--Success Factor ID:- 1182--------
10/10/2022 4:48:50 PM---Messages--:-#####--Claim ID:- 82944: -------#####--Success Factor ID:- 1182--------
10/10/2022 4:48:50 PM---Messages--:-#####--Claim ID:- 82290: -------#####--Success Factor ID:- 1182--------
10/10/2022 4:48:50 PM---Messages--:-#####--Claim ID:- 77103: -------#####--Success Factor ID:- 1182--------
10/10/2022 4:48:50 PM---Messages--:-#####--Claim ID:- 83899: -------#####--Success Factor ID:- 1827--------
10/10/2022 4:48:50 PM---Messages--:-#####--Claim ID:- 83903: -------#####--Success Factor ID:- 1827--------
10/10/2022 4:48:50 PM---Messages--:-#####--Claim ID:- 83905: -------#####--Success Factor ID:- 1827--------
10/10/2022 4:48:50 PM---Messages--:-#####--Claim ID:- 83909: -------#####--Success Factor ID:- 1827--------
10/10/2022 4:48:50 PM---Messages--:-#####--Claim ID:- 83911: -------#####--Success Factor ID:- 1552--------
10/10/2022 4:48:50 PM---Messages--:-#####--Claim ID:- 83913: -------#####--Success Factor ID:- 1626--------
10/10/2022 4:48:50 PM---Messages--:-#####--Claim ID:- 83915: -------#####--Success Factor ID:- 1575--------
10/10/2022 4:48:51 PM---Messages--:-#####--Claim ID:- 83921: -------#####--Success Factor ID:- 134--------
10/10/2022 4:48:51 PM---Messages--:-#####--Claim ID:- 83929: -------#####--Success Factor ID:- 134--------
10/10/2022 4:48:51 PM---Messages--:-#####--Claim ID:- 83839: -------#####--Success Factor ID:- 1586--------
10/10/2022 4:48:51 PM---Messages--:-#####--Claim ID:- 83843: -------#####--Success Factor ID:- 1688--------
10/10/2022 4:48:51 PM---Messages--:-#####--Claim ID:- 83845: -------#####--Success Factor ID:- 1688--------
10/10/2022 4:48:51 PM---Messages--:-#####--Claim ID:- 83851: -------#####--Success Factor ID:- 1913--------
10/10/2022 4:48:51 PM---Messages--:-#####--Claim ID:- 83862: -------#####--Success Factor ID:- 2035--------
10/10/2022 4:48:51 PM---Messages--:-#####--Claim ID:- 83864: -------#####--Success Factor ID:- 2035--------
10/10/2022 4:48:51 PM---Messages--:-#####--Claim ID:- 83866: -------#####--Success Factor ID:- 1760--------
10/10/2022 4:48:51 PM---Messages--:-#####--Claim ID:- 83868: -------#####--Success Factor ID:- 1760--------
10/10/2022 4:48:51 PM---Messages--:-#####--Claim ID:- 83876: -------#####--Success Factor ID:- 1905--------
10/10/2022 4:48:51 PM---Messages--:-#####--Claim ID:- 82612: -------#####--Success Factor ID:- 1905--------
10/10/2022 4:48:52 PM---Messages--:-#####--Claim ID:- 82614: -------#####--Success Factor ID:- 1905--------
10/10/2022 4:48:52 PM---Messages--:-#####--Claim ID:- 82616: -------#####--Success Factor ID:- 1905--------
10/10/2022 4:48:52 PM---Messages--:-#####--Claim ID:- 83708: -------#####--Success Factor ID:- 1406--------
10/10/2022 4:48:52 PM---Messages--:-#####--Claim ID:- 83565: -------#####--Success Factor ID:- 1942--------
10/10/2022 4:48:52 PM---Messages--:-#####--Claim ID:- 83568: -------#####--Success Factor ID:- 1942--------
10/10/2022 4:48:52 PM---Messages--:-#####--Claim ID:- 83567: -------#####--Success Factor ID:- 1942--------
10/10/2022 4:48:52 PM---Messages--:-#####--Claim ID:- 83566: -------#####--Success Factor ID:- 1942--------
10/10/2022 4:48:52 PM---Messages--:-#####--Claim ID:- 83038: -------#####--Success Factor ID:- 1942--------
10/10/2022 4:48:52 PM---Messages--:-#####--Claim ID:- 81714: -------#####--Success Factor ID:- 1878--------
10/10/2022 4:48:52 PM---Messages--:-#####--Claim ID:- 80219: -------#####--Success Factor ID:- 1878--------
10/10/2022 4:48:52 PM---Messages--:-#####--Claim ID:- 82989: -------#####--Success Factor ID:- 1878--------
10/10/2022 4:48:52 PM---Messages--:-#####--Claim ID:- 83598: -------#####--Success Factor ID:- 1605--------
10/10/2022 4:48:52 PM---Messages--:-#####--Claim ID:- 83602: -------#####--Success Factor ID:- 1766--------
10/10/2022 4:48:52 PM---Messages--:-#####--Claim ID:- 83605: -------#####--Success Factor ID:- 1766--------
10/10/2022 4:48:52 PM---Messages--:-#####--Claim ID:- 83507: -------#####--Success Factor ID:- 1906--------
10/10/2022 4:48:52 PM---Messages--:-#####--Claim ID:- 83509: -------#####--Success Factor ID:- 1906--------
10/10/2022 4:48:53 PM---Messages--:-#####--Claim ID:- 83519: -------#####--Success Factor ID:- 1982--------
10/10/2022 4:48:53 PM---Messages--:-#####--Claim ID:- 83501: -------#####--Success Factor ID:- 1982--------
10/10/2022 4:48:53 PM---Messages--:-#####--Claim ID:- 83503: -------#####--Success Factor ID:- 1982--------
10/10/2022 4:48:53 PM---Messages--:-#####--Claim ID:- 83525: -------#####--Success Factor ID:- 1384--------
10/10/2022 4:48:53 PM---Messages--:-#####--Claim ID:- 83527: -------#####--Success Factor ID:- 1980--------
10/10/2022 4:48:53 PM---Messages--:-#####--Claim ID:- 83537: -------#####--Success Factor ID:- 1823--------
10/10/2022 4:48:53 PM---Messages--:-#####--Claim ID:- 83539: -------#####--Success Factor ID:- 1823--------
10/10/2022 4:48:53 PM---Messages--:-#####--Claim ID:- 83682: -------#####--Success Factor ID:- 1823--------
10/10/2022 4:48:53 PM---Messages--:-#####--Claim ID:- 83669: -------#####--Success Factor ID:- 1505--------
10/10/2022 4:48:53 PM---Messages--:-#####--Claim ID:- 75592: -------#####--Success Factor ID:- 1505--------
10/10/2022 4:48:53 PM---Messages--:-#####--Claim ID:- 76376: -------#####--Success Factor ID:- 1505--------
10/10/2022 4:48:53 PM---Messages--:-#####--Claim ID:- 77444: -------#####--Success Factor ID:- 1505--------
10/10/2022 4:48:53 PM---Messages--:-#####--Claim ID:- 73847: -------#####--Success Factor ID:- 1505--------
10/10/2022 4:48:53 PM---Messages--:-#####--Claim ID:- 78554: -------#####--Success Factor ID:- 1505--------
10/10/2022 4:48:53 PM---Messages--:-#####--Claim ID:- 76378: -------#####--Success Factor ID:- 1505--------
10/10/2022 4:48:54 PM---Messages--:-#####--Claim ID:- 83671: -------#####--Success Factor ID:- CONT-019--------
10/10/2022 4:48:54 PM---Messages--:-#####--Claim ID:- 83673: -------#####--Success Factor ID:- 1212--------
10/10/2022 4:48:54 PM---Messages--:-#####--Claim ID:- 83675: -------#####--Success Factor ID:- 1212--------
10/10/2022 4:48:54 PM---Messages--:-#####--Claim ID:- 83678: -------#####--Success Factor ID:- 1212--------
10/10/2022 4:48:54 PM---Messages--:-#####--Claim ID:- 83694: -------#####--Success Factor ID:- 1793--------
10/10/2022 4:48:54 PM---Messages--:-#####--Claim ID:- 83698: -------#####--Success Factor ID:- 1898--------
10/10/2022 4:48:54 PM---Messages--:-#####--Claim ID:- 83700: -------#####--Success Factor ID:- 1898--------
10/10/2022 4:48:54 PM---Messages--:-#####--Claim ID:- 82798: -------#####--Success Factor ID:- 1898--------
10/10/2022 4:48:55 PM---Messages--:-#####--Claim ID:- 82200: -------#####--Success Factor ID:- 1898--------
10/10/2022 4:48:55 PM---Messages--:-#####--Claim ID:- 82204: -------#####--Success Factor ID:- 1898--------
10/10/2022 4:48:55 PM---Messages--:-#####--Claim ID:- 83714: -------#####--Success Factor ID:- 1998--------
10/10/2022 4:48:55 PM---Messages--:-#####--Claim ID:- 83721: -------#####--Success Factor ID:- 1998--------
10/10/2022 4:48:55 PM---Messages--:-#####--Claim ID:- 83464: -------#####--Success Factor ID:- 1998--------
10/10/2022 4:48:55 PM---Messages--:-#####--Claim ID:- 83468: -------#####--Success Factor ID:- 1998--------
10/10/2022 4:48:55 PM---Messages--:-#####--Claim ID:- 79660: -------#####--Success Factor ID:- 1998--------
10/10/2022 4:48:56 PM---Messages--:-#####--Claim ID:- 82050: -------#####--Success Factor ID:- 1998--------
10/10/2022 4:48:57 PM---Messages--:-#####--Claim ID:- 83607: -------#####--Success Factor ID:- 1705--------
10/10/2022 4:48:57 PM---Messages--:-#####--Claim ID:- 83625: -------#####--Success Factor ID:- 1705--------
10/10/2022 4:48:57 PM---Messages--:-#####--Claim ID:- 81424: -------#####--Success Factor ID:- 1705--------
10/10/2022 4:48:57 PM---Messages--:-#####--Claim ID:- 81421: -------#####--Success Factor ID:- 1705--------
10/10/2022 4:48:57 PM---Messages--:-#####--Claim ID:- 83251: -------#####--Success Factor ID:- 1705--------
10/10/2022 4:48:57 PM---Messages--:-#####--Claim ID:- 83259: -------#####--Success Factor ID:- 1705--------
10/10/2022 4:48:57 PM---Messages--:-#####--Claim ID:- 83611: -------#####--Success Factor ID:- 1815--------
10/10/2022 4:48:57 PM---Messages--:-#####--Claim ID:- 83613: -------#####--Success Factor ID:- 1815--------
10/10/2022 4:48:57 PM---Messages--:-#####--Claim ID:- 83617: -------#####--Success Factor ID:- 1870--------
10/10/2022 4:48:57 PM---Messages--:-#####--Claim ID:- 83623: -------#####--Success Factor ID:- 1648--------
10/10/2022 4:48:57 PM---Messages--:-#####--Claim ID:- 82901: -------#####--Success Factor ID:- 2044--------
10/10/2022 4:48:57 PM---Messages--:-#####--Claim ID:- 84036: -------#####--Success Factor ID:- 2044--------
10/10/2022 4:48:57 PM---Messages--:-#####--Claim ID:- 84041: -------#####--Success Factor ID:- 2044--------
10/10/2022 4:48:57 PM---Messages--:-#####--Claim ID:- 80812: -------#####--Success Factor ID:- 2044--------
10/10/2022 4:48:58 PM---Messages--:-#####--Claim ID:- 80825: -------#####--Success Factor ID:- 2044--------
10/10/2022 4:48:58 PM---Messages--:-#####--Claim ID:- 83629: -------#####--Success Factor ID:- 1655--------
10/10/2022 4:48:58 PM---Messages--:-#####--Claim ID:- 83631: -------#####--Success Factor ID:- 1655--------
10/10/2022 4:48:58 PM---Messages--:-#####--Claim ID:- 83633: -------#####--Success Factor ID:- 1655--------
10/10/2022 4:48:58 PM---Messages--:-#####--Claim ID:- 83186: -------#####--Success Factor ID:- 1655--------
10/10/2022 4:48:58 PM---Messages--:-#####--Claim ID:- 83218: -------#####--Success Factor ID:- 1655--------
10/10/2022 4:48:58 PM---Messages--:-#####--Claim ID:- 80091: -------#####--Success Factor ID:- 1655--------
10/10/2022 4:48:58 PM---Messages--:-#####--Claim ID:- 83651: -------#####--Success Factor ID:- 1404--------
10/10/2022 4:48:58 PM---Messages--:-#####--Claim ID:- 83653: -------#####--Success Factor ID:- 1696--------
10/10/2022 4:48:58 PM---Messages--:-#####--Claim ID:- 83655: -------#####--Success Factor ID:- 1754--------
10/10/2022 4:48:58 PM---Messages--:-#####--Claim ID:- 83659: -------#####--Success Factor ID:- 1889--------
10/10/2022 4:48:58 PM---Messages--:-#####--Claim ID:- 83661: -------#####--Success Factor ID:- 1889--------
10/10/2022 4:48:58 PM---Messages--:-#####--Claim ID:- 83994: -------#####--Success Factor ID:- 1889--------
10/10/2022 4:48:58 PM---Messages--:-#####--Claim ID:- 82541: -------#####--Success Factor ID:- 1889--------
10/10/2022 4:48:58 PM---Messages--:-#####--Claim ID:- 71298: -------#####--Success Factor ID:- 1889--------
10/10/2022 4:48:58 PM---Messages--:-#####--Claim ID:- 83665: -------#####--Success Factor ID:- 2034--------
10/10/2022 4:48:59 PM---Messages--:-#####--Claim ID:- 83667: -------#####--Success Factor ID:- 2034--------
10/10/2022 4:48:59 PM---Messages--:-#####--Claim ID:- 84175: -------#####--Success Factor ID:- 1895--------
10/10/2022 4:48:59 PM---Messages--:-#####--Claim ID:- 84177: -------#####--Success Factor ID:- 1895--------
10/10/2022 4:48:59 PM---Messages--:-#####--Claim ID:- 84173: -------#####--Success Factor ID:- 1895--------
10/10/2022 4:48:59 PM---Messages--:-#####--Claim ID:- 84179: -------#####--Success Factor ID:- 2042--------
10/10/2022 4:48:59 PM---Messages--:-#####--Claim ID:- 84181: -------#####--Success Factor ID:- 976--------
10/10/2022 4:48:59 PM---Messages--:-#####--Claim ID:- 83917: -------#####--Success Factor ID:- 2080--------
10/10/2022 4:48:59 PM---Messages--:-#####--Claim ID:- 84183: -------#####--Success Factor ID:- 1868--------
10/10/2022 4:48:59 PM---Messages--:-#####--Claim ID:- 84185: -------#####--Success Factor ID:- 2003--------
10/10/2022 4:48:59 PM---Messages--:-#####--Claim ID:- 84006: -------#####--Success Factor ID:- 1978--------
10/10/2022 4:48:59 PM---Messages--:-#####--Claim ID:- 84008: -------#####--Success Factor ID:- 1978--------
10/10/2022 4:49:00 PM---Messages--:-#####--Claim ID:- 84002: -------#####--Success Factor ID:- 1978--------
10/10/2022 4:49:00 PM---Messages--:-#####--Claim ID:- 84004: -------#####--Success Factor ID:- 1978--------
10/10/2022 4:49:00 PM---Messages--:-#####--Claim ID:- 82758: -------#####--Success Factor ID:- 1978--------
10/10/2022 4:49:00 PM---Messages--:-#####--Claim ID:- 82760: -------#####--Success Factor ID:- 1978--------
10/10/2022 4:49:00 PM---Messages--:-#####--Claim ID:- 81719: -------#####--Success Factor ID:- 1978--------
10/10/2022 4:49:00 PM---Messages--:-#####--Claim ID:- 81720: -------#####--Success Factor ID:- 1978--------
10/10/2022 4:49:00 PM---Messages--:-#####--Claim ID:- 81722: -------#####--Success Factor ID:- 1978--------
10/10/2022 4:49:00 PM---Messages--:-#####--Claim ID:- 81724: -------#####--Success Factor ID:- 1978--------
10/10/2022 4:49:00 PM---Messages--:-#####--Claim ID:- 81726: -------#####--Success Factor ID:- 1978--------
10/10/2022 4:49:00 PM---Messages--:-#####--Claim ID:- 84010: -------#####--Success Factor ID:- 1919--------
10/10/2022 4:49:00 PM---Messages--:-#####--Claim ID:- 84012: -------#####--Success Factor ID:- 1919--------
10/10/2022 4:49:00 PM---Messages--:-#####--Claim ID:- 84159: -------#####--Success Factor ID:- 1919--------
10/10/2022 4:49:00 PM---Messages--:-#####--Claim ID:- 79359: -------#####--Success Factor ID:- 1919--------
10/10/2022 4:49:00 PM---Messages--:-#####--Claim ID:- 82691: -------#####--Success Factor ID:- 1919--------
10/10/2022 4:49:00 PM---Messages--:-#####--Claim ID:- 82695: -------#####--Success Factor ID:- 1919--------
10/10/2022 4:49:00 PM---Messages--:-#####--Claim ID:- 84020: -------#####--Success Factor ID:- 1496--------
10/10/2022 4:49:18 PM---Messages--:-#####--Claim ID:- 84030: -------#####--Success Factor ID:- 1728--------
10/10/2022 4:49:18 PM---Messages--:-#####--Claim ID:- 84034: -------#####--Success Factor ID:- 1595--------
10/10/2022 4:49:18 PM---Messages--:-#####--Claim ID:- 84038: -------#####--Success Factor ID:- 1595--------
10/10/2022 4:49:18 PM---Messages--:-#####--Claim ID:- 84045: -------#####--Success Factor ID:- 1869--------
10/10/2022 4:49:18 PM---Messages--:-#####--Claim ID:- 84055: -------#####--Success Factor ID:- 1869--------
10/10/2022 4:49:18 PM---Messages--:-#####--Claim ID:- 82495: -------#####--Success Factor ID:- 1869--------
10/10/2022 4:49:18 PM---Messages--:-#####--Claim ID:- 82531: -------#####--Success Factor ID:- 1869--------
10/10/2022 4:49:18 PM---Messages--:-#####--Claim ID:- 82509: -------#####--Success Factor ID:- 1869--------
10/10/2022 4:49:18 PM---Messages--:-#####--Claim ID:- 81505: -------#####--Success Factor ID:- 1869--------
10/10/2022 4:49:18 PM---Messages--:-#####--Claim ID:- 82993: -------#####--Success Factor ID:- 1869--------
10/10/2022 4:49:18 PM---Messages--:-#####--Claim ID:- 82495: -------#####--Success Factor ID:- 1869--------
10/10/2022 4:49:19 PM---Messages--:-#####--Claim ID:- 78169: -------#####--Success Factor ID:- 1869--------
10/10/2022 4:49:19 PM---Messages--:-#####--Claim ID:- 84051: -------#####--Success Factor ID:- 1588--------
10/10/2022 4:49:19 PM---Messages--:-#####--Claim ID:- 84054: -------#####--Success Factor ID:- 1588--------
10/10/2022 4:49:19 PM---Messages--:-#####--Claim ID:- 84057: -------#####--Success Factor ID:- 1588--------
10/10/2022 4:49:19 PM---Messages--:-#####--Claim ID:- 84059: -------#####--Success Factor ID:- 1588--------
10/10/2022 4:49:19 PM---Messages--:-#####--Claim ID:- 84061: -------#####--Success Factor ID:- 1588--------
10/10/2022 4:49:19 PM---Messages--:-#####--Claim ID:- 83955: -------#####--Success Factor ID:- 2074--------
10/10/2022 4:49:19 PM---Messages--:-#####--Claim ID:- 83963: -------#####--Success Factor ID:- 2074--------
10/10/2022 4:49:19 PM---Messages--:-#####--Claim ID:- 83968: -------#####--Success Factor ID:- 2074--------
10/10/2022 4:49:19 PM---Messages--:-#####--Claim ID:- 85324: -------#####--Success Factor ID:- 2074--------
10/10/2022 4:49:19 PM---Messages--:-#####--Claim ID:- 85328: -------#####--Success Factor ID:- 2074--------
10/10/2022 4:49:19 PM---Messages--:-#####--Claim ID:- 85330: -------#####--Success Factor ID:- 2074--------
10/10/2022 4:49:19 PM---Messages--:-#####--Claim ID:- 85329: -------#####--Success Factor ID:- 2074--------
10/10/2022 4:49:19 PM---Messages--:-#####--Claim ID:- 85332: -------#####--Success Factor ID:- 2074--------
10/10/2022 4:49:19 PM---Messages--:-#####--Claim ID:- 83966: -------#####--Success Factor ID:- 1229--------
10/10/2022 4:49:19 PM---Messages--:-#####--Claim ID:- 83970: -------#####--Success Factor ID:- 1229--------
10/10/2022 4:49:19 PM---Messages--:-#####--Claim ID:- 83988: -------#####--Success Factor ID:- 1229--------
10/10/2022 4:49:19 PM---Messages--:-#####--Claim ID:- 79832: -------#####--Success Factor ID:- 1229--------
10/10/2022 4:49:19 PM---Messages--:-#####--Claim ID:- 81674: -------#####--Success Factor ID:- 1229--------
10/10/2022 4:49:19 PM---Messages--:-#####--Claim ID:- 78109: -------#####--Success Factor ID:- 1229--------
10/10/2022 4:49:19 PM---Messages--:-#####--Claim ID:- 79424: -------#####--Success Factor ID:- 1229--------
10/10/2022 4:49:19 PM---Messages--:-#####--Claim ID:- 82539: -------#####--Success Factor ID:- 1229--------
10/10/2022 4:49:19 PM---Messages--:-#####--Claim ID:- 81676: -------#####--Success Factor ID:- 1229--------
10/10/2022 4:49:19 PM---Messages--:-#####--Claim ID:- 81678: -------#####--Success Factor ID:- 1229--------
10/10/2022 4:49:20 PM---Messages--:-#####--Claim ID:- 83974: -------#####--Success Factor ID:- 521--------
10/10/2022 4:49:20 PM---Messages--:-#####--Claim ID:- 83978: -------#####--Success Factor ID:- 2057--------
10/10/2022 4:49:20 PM---Messages--:-#####--Claim ID:- 83980: -------#####--Success Factor ID:- 2057--------
10/10/2022 4:49:20 PM---Messages--:-#####--Claim ID:- 83982: -------#####--Success Factor ID:- 2057--------
10/10/2022 4:49:20 PM---Messages--:-#####--Claim ID:- 81057: -------#####--Success Factor ID:- 1859--------
10/10/2022 4:49:20 PM---Messages--:-#####--Claim ID:- 81055: -------#####--Success Factor ID:- 1859--------
10/10/2022 4:49:20 PM---Messages--:-#####--Claim ID:- 81057: -------#####--Success Factor ID:- 1859--------
10/10/2022 4:49:20 PM---Messages--:-#####--Claim ID:- 83986: -------#####--Success Factor ID:- 1416--------
10/10/2022 4:49:20 PM---Messages--:-#####--Claim ID:- 78796: -------#####--Success Factor ID:- 1416--------
10/10/2022 4:49:20 PM---Messages--:-#####--Claim ID:- 78798: -------#####--Success Factor ID:- 1416--------
10/10/2022 4:49:20 PM---Messages--:-#####--Claim ID:- 83996: -------#####--Success Factor ID:- 1742--------
10/10/2022 4:49:20 PM---Messages--:-#####--Claim ID:- 83998: -------#####--Success Factor ID:- 1742--------
10/10/2022 4:49:20 PM---Messages--:-#####--Claim ID:- 80387: -------#####--Success Factor ID:- 1742--------
10/10/2022 4:49:20 PM---Messages--:-#####--Claim ID:- 80391: -------#####--Success Factor ID:- 1742--------
10/10/2022 4:49:20 PM---Messages--:-#####--Claim ID:- 80393: -------#####--Success Factor ID:- 1742--------
10/10/2022 4:49:20 PM---Messages--:-#####--Claim ID:- 79405: -------#####--Success Factor ID:- 1742--------
10/10/2022 4:49:21 PM---Messages--:-#####--Claim ID:- 84122: -------#####--Success Factor ID:- 1390--------
10/10/2022 4:49:21 PM---Messages--:-#####--Claim ID:- 84116: -------#####--Success Factor ID:- 1390--------
10/10/2022 4:49:21 PM---Messages--:-#####--Claim ID:- 84120: -------#####--Success Factor ID:- 1390--------
10/10/2022 4:49:21 PM---Messages--:-#####--Claim ID:- 84119: -------#####--Success Factor ID:- 1390--------
10/10/2022 4:49:21 PM---Messages--:-#####--Claim ID:- 84128: -------#####--Success Factor ID:- 405--------
10/10/2022 4:49:21 PM---Messages--:-#####--Claim ID:- 84130: -------#####--Success Factor ID:- 405--------
10/10/2022 4:49:21 PM---Messages--:-#####--Claim ID:- 84134: -------#####--Success Factor ID:- 1656--------
10/10/2022 4:49:21 PM---Messages--:-#####--Claim ID:- 84133: -------#####--Success Factor ID:- 1656--------
10/10/2022 4:49:21 PM---Messages--:-#####--Claim ID:- 84137: -------#####--Success Factor ID:- 1656--------
10/10/2022 4:49:21 PM---Messages--:-#####--Claim ID:- 84138: -------#####--Success Factor ID:- 1656--------
10/10/2022 4:49:21 PM---Messages--:-#####--Claim ID:- 84142: -------#####--Success Factor ID:- 1656--------
10/10/2022 4:49:21 PM---Messages--:-#####--Claim ID:- 84102: -------#####--Success Factor ID:- 2039--------
10/10/2022 4:49:21 PM---Messages--:-#####--Claim ID:- 84104: -------#####--Success Factor ID:- 1687--------
10/10/2022 4:49:21 PM---Messages--:-#####--Claim ID:- 83123: -------#####--Success Factor ID:- 1687--------
10/10/2022 4:49:21 PM---Messages--:-#####--Claim ID:- 83119: -------#####--Success Factor ID:- 1687--------
10/10/2022 4:49:21 PM---Messages--:-#####--Claim ID:- 83121: -------#####--Success Factor ID:- 1687--------
10/10/2022 4:49:21 PM---Messages--:-#####--Claim ID:- 71226: -------#####--Success Factor ID:- 1329--------
10/10/2022 4:49:22 PM---Messages--:-#####--Claim ID:- 71228: -------#####--Success Factor ID:- 1329--------
10/10/2022 4:49:22 PM---Messages--:-#####--Claim ID:- 81795: -------#####--Success Factor ID:- CONT-011--------
10/10/2022 4:49:22 PM---Messages--:-#####--Claim ID:- 83485: -------#####--Success Factor ID:- 814--------
10/10/2022 4:49:22 PM---Messages--:-#####--Claim ID:- 83491: -------#####--Success Factor ID:- 1722--------
10/10/2022 4:49:22 PM---Messages--:-#####--Claim ID:- 83493: -------#####--Success Factor ID:- 1714--------
10/10/2022 4:49:22 PM---Messages--:-#####--Claim ID:- 80541: -------#####--Success Factor ID:- 1714--------
10/10/2022 4:49:22 PM---Messages--:-#####--Claim ID:- : -------#####--Success Factor ID:- 2069--------
10/10/2022 4:49:22 PM---Messages--:ToDate: Index was outside the bounds of the array.
10/10/2022 4:49:22 PM---Messages--:ToDate: Index was outside the bounds of the array.
10/10/2022 4:49:22 PM---Messages--:-#####--Claim ID:- 82375: -------#####--Success Factor ID:- 1830--------
10/10/2022 4:49:22 PM---Messages--:-#####--Claim ID:- 82394: -------#####--Success Factor ID:- 1830--------
10/10/2022 4:49:23 PM---Messages--:-#####--Claim ID:- 82917: -------#####--Success Factor ID:- 1452--------
10/10/2022 4:49:23 PM---Messages--:-#####--Claim ID:- 79318: -------#####--Success Factor ID:- 1751--------
10/10/2022 4:49:23 PM---Messages--:-#####--Claim ID:- 80111: -------#####--Success Factor ID:- 1751--------
10/10/2022 4:49:23 PM---Messages--:-#####--Claim ID:- 83137: -------#####--Success Factor ID:- 1751--------
10/10/2022 4:49:23 PM---Messages--:-#####--Claim ID:- 80089: -------#####--Success Factor ID:- 1852--------
10/10/2022 4:49:23 PM---Messages--:-#####--Claim ID:- 80079: -------#####--Success Factor ID:- 1852--------
10/10/2022 4:49:23 PM---Messages--:-#####--Claim ID:- 82560: -------#####--Success Factor ID:- 1852--------
10/10/2022 4:49:23 PM---Messages--:-#####--Claim ID:- 77089: -------#####--Success Factor ID:- 1852--------
10/10/2022 4:49:23 PM---Messages--:-#####--Claim ID:- 80523: -------#####--Success Factor ID:- 1933--------
10/10/2022 4:49:23 PM---Messages--:-#####--Claim ID:- 80522: -------#####--Success Factor ID:- 1933--------
10/10/2022 4:49:23 PM---Messages--:-#####--Claim ID:- 80579: -------#####--Success Factor ID:- 1786--------
10/10/2022 4:49:23 PM---Messages--:-#####--Claim ID:- 81392: -------#####--Success Factor ID:- 1786--------
10/10/2022 4:49:23 PM---Messages--:-#####--Claim ID:- 84589: -------#####--Success Factor ID:- 1786--------
10/10/2022 4:49:24 PM---Messages--:-#####--Claim ID:- 82593: -------#####--Success Factor ID:- 1645--------
10/10/2022 4:49:24 PM---Messages--:-#####--Claim ID:- 82908: -------#####--Success Factor ID:- 1853--------
10/10/2022 4:49:24 PM---Messages--:-#####--Claim ID:- 82911: -------#####--Success Factor ID:- 1853--------
10/10/2022 4:49:24 PM---Messages--:-#####--Claim ID:- 83380: -------#####--Success Factor ID:- 1853--------
10/10/2022 4:49:24 PM---Messages--:-#####--Claim ID:- 83267: -------#####--Success Factor ID:- 1866--------
10/10/2022 4:49:24 PM---Messages--:-#####--Claim ID:- 80708: -------#####--Success Factor ID:- 1837--------
10/10/2022 4:49:24 PM---Messages--:-#####--Claim ID:- 68726: -------#####--Success Factor ID:- 1890--------
10/10/2022 4:49:24 PM---Messages--:-#####--Claim ID:- 68728: -------#####--Success Factor ID:- 1890--------
10/10/2022 4:49:24 PM---Messages--:-#####--Claim ID:- 68730: -------#####--Success Factor ID:- 1890--------
10/10/2022 4:49:24 PM---Messages--:-#####--Claim ID:- 68732: -------#####--Success Factor ID:- 1890--------
10/10/2022 4:49:24 PM---Messages--:-#####--Claim ID:- 80577: -------#####--Success Factor ID:- 1534--------
10/10/2022 4:49:25 PM---Messages--:-#####--Claim ID:- 79664: -------#####--Success Factor ID:- 1296--------
10/10/2022 4:49:25 PM---Messages--:-#####--Claim ID:- 80499: -------#####--Success Factor ID:- 1909--------
10/10/2022 4:49:25 PM---Messages--:-#####--Claim ID:- 80517: -------#####--Success Factor ID:- 1901--------
10/10/2022 4:49:25 PM---Messages--:-#####--Claim ID:- 83127: -------#####--Success Factor ID:- 1944--------
10/10/2022 4:49:25 PM---Messages--:-#####--Claim ID:- 82487: -------#####--Success Factor ID:- 1927--------
10/10/2022 4:49:25 PM---Messages--:-#####--Claim ID:- 77397: -------#####--Success Factor ID:- 935--------
10/10/2022 4:49:25 PM---Messages--:-#####--Claim ID:- 76993: -------#####--Success Factor ID:- 935--------
10/10/2022 4:49:25 PM---Messages--:-#####--Claim ID:- 77395: -------#####--Success Factor ID:- 935--------
10/10/2022 4:49:25 PM---Messages--:-#####--Claim ID:- 79229: -------#####--Success Factor ID:- 1503--------
10/10/2022 4:49:25 PM---Messages--:-#####--Claim ID:- 79231: -------#####--Success Factor ID:- 1503--------
10/10/2022 4:49:25 PM---Messages--:-#####--Claim ID:- 80155: -------#####--Success Factor ID:- 1503--------
10/10/2022 4:49:25 PM---Messages--:-#####--Claim ID:- 78047: -------#####--Success Factor ID:- 1503--------
10/10/2022 4:49:25 PM---Messages--:-#####--Claim ID:- 78049: -------#####--Success Factor ID:- 1503--------
10/10/2022 4:49:26 PM---Messages--:-#####--Claim ID:- 80244: -------#####--Success Factor ID:- 1773--------
10/10/2022 4:49:26 PM---Messages--:-#####--Claim ID:- 80243: -------#####--Success Factor ID:- 1773--------
10/10/2022 4:49:26 PM---Messages--:-#####--Claim ID:- 80238: -------#####--Success Factor ID:- 1773--------
10/10/2022 4:49:26 PM---Messages--:-#####--Claim ID:- 80246: -------#####--Success Factor ID:- 1773--------
10/10/2022 4:49:26 PM---Messages--:-#####--Claim ID:- 80245: -------#####--Success Factor ID:- 1773--------
10/10/2022 4:49:26 PM---Messages--:-#####--Claim ID:- 82965: -------#####--Success Factor ID:- 1995--------
10/10/2022 4:49:26 PM---Messages--:-#####--Claim ID:- 82962: -------#####--Success Factor ID:- 1995--------
10/10/2022 4:49:26 PM---Messages--:-#####--Claim ID:- 82963: -------#####--Success Factor ID:- 1995--------
10/10/2022 4:49:26 PM---Messages--:-#####--Claim ID:- 82964: -------#####--Success Factor ID:- 1995--------
10/10/2022 4:49:26 PM---Messages--:-#####--Claim ID:- 81519: -------#####--Success Factor ID:- 1995--------
10/10/2022 4:49:26 PM---Messages--:-#####--Claim ID:- 81518: -------#####--Success Factor ID:- 1995--------
10/10/2022 4:49:26 PM---Messages--:-#####--Claim ID:- 81517: -------#####--Success Factor ID:- 1995--------
10/10/2022 4:49:26 PM---Messages--:-#####--Claim ID:- 81516: -------#####--Success Factor ID:- 1995--------
10/10/2022 4:49:26 PM---Messages--:-#####--Claim ID:- 83232: -------#####--Success Factor ID:- 2016--------
10/10/2022 4:49:26 PM---Messages--:-#####--Claim ID:- 83236: -------#####--Success Factor ID:- 2016--------
10/10/2022 4:49:26 PM---Messages--:-#####--Claim ID:- 83235: -------#####--Success Factor ID:- 2016--------
10/10/2022 4:49:26 PM---Messages--:-#####--Claim ID:- 83234: -------#####--Success Factor ID:- 2016--------
10/10/2022 4:49:26 PM---Messages--:-#####--Claim ID:- 83233: -------#####--Success Factor ID:- 2016--------
10/10/2022 4:49:26 PM---Messages--:-#####--Claim ID:- 85312: -------#####--Success Factor ID:- 1601--------
10/10/2022 4:49:26 PM---Messages--:-#####--Claim ID:- 85313: -------#####--Success Factor ID:- 1601--------
10/10/2022 4:49:27 PM---Messages--:-#####--Claim ID:- 85316: -------#####--Success Factor ID:- 2005--------
10/10/2022 4:49:27 PM---Messages--:-#####--Claim ID:- 85318: -------#####--Success Factor ID:- 2005--------
10/10/2022 4:49:27 PM---Messages--:-#####--Claim ID:- 84203: -------#####--Success Factor ID:- 1585--------
10/10/2022 4:49:27 PM---Messages--:-#####--Claim ID:- 75952: -------#####--Success Factor ID:- 1704--------
10/10/2022 4:49:27 PM---Messages--:-#####--Claim ID:- 74472: -------#####--Success Factor ID:- 1701--------
10/10/2022 4:49:27 PM---Messages--:-#####--Claim ID:- 73409: -------#####--Success Factor ID:- 1701--------
10/10/2022 4:49:27 PM---Messages--:-#####--Claim ID:- 73409: -------#####--Success Factor ID:- 1701--------
10/10/2022 4:49:27 PM---Messages--:-#####--Claim ID:- 83188: -------#####--Success Factor ID:- 1500--------
10/10/2022 4:49:27 PM---Messages--:-#####--Claim ID:- 83366: -------#####--Success Factor ID:- 1719--------
10/10/2022 4:49:27 PM---Messages--:-#####--Claim ID:- 82126: -------#####--Success Factor ID:- 1977--------
10/10/2022 4:49:27 PM---Messages--:-#####--Claim ID:- 82127: -------#####--Success Factor ID:- 1977--------
10/10/2022 4:49:27 PM---Messages--:-#####--Claim ID:- 82128: -------#####--Success Factor ID:- 1977--------
10/10/2022 4:49:27 PM---Messages--:-#####--Claim ID:- 82125: -------#####--Success Factor ID:- 1977--------
10/10/2022 4:49:27 PM---Messages--:-#####--Claim ID:- 82131: -------#####--Success Factor ID:- 1977--------
10/10/2022 4:49:27 PM---Messages--:-#####--Claim ID:- 82132: -------#####--Success Factor ID:- 1977--------
10/10/2022 4:49:28 PM---Messages--:-#####--Claim ID:- 82371: -------#####--Success Factor ID:- 1567--------
10/10/2022 4:49:28 PM---Messages--:-#####--Claim ID:- 82371: -------#####--Success Factor ID:- 1567--------
10/10/2022 4:49:28 PM---Messages--:-#####--Claim ID:- 82991: -------#####--Success Factor ID:- 1799--------
10/10/2022 4:49:28 PM---Messages--:-#####--Claim ID:- 83059: -------#####--Success Factor ID:- 1893--------
10/10/2022 4:49:28 PM---Messages--:Adding Success Factor: -------
10/10/2022 4:49:30 PM---Messages--:ExecuteDataSet: Error converting data type varchar to numeric.
10/10/2022 4:49:30 PM---Messages--:Success Factor is added successfully: -------------------
10/10/2022 4:49:32 PM---Messages--:Main: Object reference not set to an instance of an object.
