9/30/2021 3:00:42 PM---Messages--:****************************: ################NEW CONNECTION###############***********************
9/30/2021 3:00:42 PM---Messages--:Connected With   : Database :- TVI_PilotCompany
9/30/2021 3:02:06 PM---Messages--:-#####--Claim ID:- 56942: -------#####--Success Factor ID:- DT171--------
9/30/2021 3:02:06 PM---Messages--:-#####--Claim ID:- 57433: -------#####--Success Factor ID:- 1773--------
9/30/2021 3:02:06 PM---Messages--:-#####--Claim ID:- 57429: -------#####--Success Factor ID:- 1773--------
9/30/2021 3:02:06 PM---Messages--:Adding Success Factor: -------
9/30/2021 3:02:56 PM---Messages--:Success Factor is added successfully: -------------------
9/30/2021 3:45:10 PM---Messages--:****************************: ################NEW CONNECTION###############***********************
9/30/2021 3:45:10 PM---Messages--:Connected With   : Database :- TVI_PilotCompany
9/30/2021 3:45:47 PM---Messages--:****************************: ################NEW CONNECTION###############***********************
9/30/2021 3:45:47 PM---Messages--:Connected With   : Database :- TVI_PilotCompany
9/30/2021 3:47:34 PM---Messages--:****************************: ################NEW CONNECTION###############***********************
9/30/2021 3:47:34 PM---Messages--:Connected With   : Database :- TVI_PilotCompany
9/30/2021 3:48:10 PM---Messages--:****************************: ################NEW CONNECTION###############***********************
9/30/2021 3:48:10 PM---Messages--:Connected With   : Database :- TVI_PilotCompany
9/30/2021 3:57:01 PM---Messages--:****************************: ################NEW CONNECTION###############***********************
9/30/2021 3:57:01 PM---Messages--:Connected With   : Database :- TVI_PilotCompany
9/30/2021 3:57:20 PM---Messages--:****************************: ################NEW CONNECTION###############***********************
9/30/2021 3:57:20 PM---Messages--:Connected With   : Database :- TVI_PilotCompany
9/30/2021 4:03:16 PM---Messages--:****************************: ################NEW CONNECTION###############***********************
9/30/2021 4:03:16 PM---Messages--:Connected With   : Database :- TVI_PilotCompany
9/30/2021 4:05:06 PM---Messages--:****************************: ################NEW CONNECTION###############***********************
9/30/2021 4:05:06 PM---Messages--:Connected With   : Database :- TVI_PilotCompany
9/30/2021 4:08:13 PM---Messages--:-#####--Claim ID:- 57296: -------#####--Success Factor ID:- SRMT332--------
9/30/2021 4:08:13 PM---Messages--:-#####--Claim ID:- 57248: -------#####--Success Factor ID:- SRMT332--------
9/30/2021 4:08:13 PM---Messages--:-#####--Claim ID:- 57141: -------#####--Success Factor ID:- DT042--------
9/30/2021 4:08:13 PM---Messages--:-#####--Claim ID:- 57139: -------#####--Success Factor ID:- DT042--------
9/30/2021 4:08:13 PM---Messages--:-#####--Claim ID:- 57143: -------#####--Success Factor ID:- DT042--------
9/30/2021 4:08:13 PM---Messages--:-#####--Claim ID:- 57145: -------#####--Success Factor ID:- DT042--------
9/30/2021 4:08:13 PM---Messages--:-#####--Claim ID:- 57149: -------#####--Success Factor ID:- DT042--------
9/30/2021 4:08:13 PM---Messages--:-#####--Claim ID:- 57081: -------#####--Success Factor ID:- SRMT346--------
9/30/2021 4:08:14 PM---Messages--:-#####--Claim ID:- 56940: -------#####--Success Factor ID:- DT171--------
9/30/2021 4:08:14 PM---Messages--:-#####--Claim ID:- 56944: -------#####--Success Factor ID:- DT171--------
9/30/2021 4:08:14 PM---Messages--:-#####--Claim ID:- 57280: -------#####--Success Factor ID:- DT210--------
9/30/2021 4:08:14 PM---Messages--:-#####--Claim ID:- 57615: -------#####--Success Factor ID:- DT150--------
9/30/2021 4:08:14 PM---Messages--:-#####--Claim ID:- 57613: -------#####--Success Factor ID:- DT150--------
9/30/2021 4:08:14 PM---Messages--:-#####--Claim ID:- 57617: -------#####--Success Factor ID:- DT150--------
9/30/2021 4:08:14 PM---Messages--:-#####--Claim ID:- 58315: -------#####--Success Factor ID:- DT191--------
9/30/2021 4:08:14 PM---Messages--:-#####--Claim ID:- 58323: -------#####--Success Factor ID:- DT067--------
9/30/2021 4:08:15 PM---Messages--:-#####--Claim ID:- 58473: -------#####--Success Factor ID:- DT186--------
9/30/2021 4:08:15 PM---Messages--:-#####--Claim ID:- 57958: -------#####--Success Factor ID:- DT195--------
9/30/2021 4:08:15 PM---Messages--:-#####--Claim ID:- 57400: -------#####--Success Factor ID:- DT195--------
9/30/2021 4:08:15 PM---Messages--:-#####--Claim ID:- 58313: -------#####--Success Factor ID:- 1611--------
9/30/2021 4:08:15 PM---Messages--:-#####--Claim ID:- 58853: -------#####--Success Factor ID:- 1195--------
9/30/2021 4:08:15 PM---Messages--:-#####--Claim ID:- 58867: -------#####--Success Factor ID:- 1650--------
9/30/2021 4:08:15 PM---Messages--:-#####--Claim ID:- 58811: -------#####--Success Factor ID:- 976--------
9/30/2021 4:08:15 PM---Messages--:-#####--Claim ID:- 59010: -------#####--Success Factor ID:- 631--------
9/30/2021 4:08:15 PM---Messages--:-#####--Claim ID:- 58982: -------#####--Success Factor ID:- 38--------
9/30/2021 4:08:16 PM---Messages--:-#####--Claim ID:- 56581: -------#####--Success Factor ID:- 1847--------
9/30/2021 4:08:16 PM---Messages--:-#####--Claim ID:- 56595: -------#####--Success Factor ID:- 1847--------
9/30/2021 4:08:16 PM---Messages--:-#####--Claim ID:- 58383: -------#####--Success Factor ID:- 1780--------
9/30/2021 4:08:16 PM---Messages--:-#####--Claim ID:- 58401: -------#####--Success Factor ID:- 1714--------
9/30/2021 4:08:16 PM---Messages--:-#####--Claim ID:- 58301: -------#####--Success Factor ID:- 415--------
9/30/2021 4:08:16 PM---Messages--:-#####--Claim ID:- 58361: -------#####--Success Factor ID:- 1826--------
9/30/2021 4:08:16 PM---Messages--:-#####--Claim ID:- 58231: -------#####--Success Factor ID:- 1442--------
9/30/2021 4:08:16 PM---Messages--:-#####--Claim ID:- 58297: -------#####--Success Factor ID:- 32--------
9/30/2021 4:08:17 PM---Messages--:-#####--Claim ID:- 58223: -------#####--Success Factor ID:- 1756--------
9/30/2021 4:08:17 PM---Messages--:-#####--Claim ID:- 58215: -------#####--Success Factor ID:- 374--------
9/30/2021 4:08:17 PM---Messages--:-#####--Claim ID:- 58100: -------#####--Success Factor ID:- 1817--------
9/30/2021 4:08:17 PM---Messages--:-#####--Claim ID:- 58122: -------#####--Success Factor ID:- 1586--------
9/30/2021 4:08:17 PM---Messages--:-#####--Claim ID:- 58106: -------#####--Success Factor ID:- 1843--------
9/30/2021 4:08:17 PM---Messages--:-#####--Claim ID:- 57414: -------#####--Success Factor ID:- 1843--------
9/30/2021 4:08:17 PM---Messages--:-#####--Claim ID:- 58110: -------#####--Success Factor ID:- 1579--------
9/30/2021 4:08:17 PM---Messages--:-#####--Claim ID:- 58118: -------#####--Success Factor ID:- 1515--------
9/30/2021 4:08:18 PM---Messages--:-#####--Claim ID:- 58104: -------#####--Success Factor ID:- 1415--------
9/30/2021 4:08:18 PM---Messages--:-#####--Claim ID:- 58148: -------#####--Success Factor ID:- 1691--------
9/30/2021 4:08:18 PM---Messages--:-#####--Claim ID:- 58151: -------#####--Success Factor ID:- 1348--------
9/30/2021 4:08:18 PM---Messages--:-#####--Claim ID:- 58287: -------#####--Success Factor ID:- 1677--------
9/30/2021 4:08:18 PM---Messages--:-#####--Claim ID:- 57812: -------#####--Success Factor ID:- 1719--------
9/30/2021 4:08:18 PM---Messages--:-#####--Claim ID:- 58000: -------#####--Success Factor ID:- 1274--------
9/30/2021 4:08:18 PM---Messages--:-#####--Claim ID:- 57667: -------#####--Success Factor ID:- 1877--------
9/30/2021 4:08:19 PM---Messages--:-#####--Claim ID:- 57266: -------#####--Success Factor ID:- SRMT349--------
9/30/2021 4:08:19 PM---Messages--:-#####--Claim ID:- 57268: -------#####--Success Factor ID:- SRMT349--------
9/30/2021 4:08:19 PM---Messages--:-#####--Claim ID:- 55218: -------#####--Success Factor ID:- SRMT282--------
9/30/2021 4:08:19 PM---Messages--:-#####--Claim ID:- 57483: -------#####--Success Factor ID:- 265--------
9/30/2021 4:08:19 PM---Messages--:-#####--Claim ID:- 57551: -------#####--Success Factor ID:- 1631--------
9/30/2021 4:08:19 PM---Messages--:-#####--Claim ID:- 57601: -------#####--Success Factor ID:- DT147--------
9/30/2021 4:08:19 PM---Messages--:-#####--Claim ID:- 55913: -------#####--Success Factor ID:- 1790--------
9/30/2021 4:08:19 PM---Messages--:-#####--Claim ID:- 57750: -------#####--Success Factor ID:- 1565--------
9/30/2021 4:08:19 PM---Messages--:Adding Success Factor: -------
9/30/2021 4:08:34 PM---Messages--:Success Factor is added successfully: -------------------
9/30/2021 4:08:42 PM---Messages--:Main: Object reference not set to an instance of an object.
9/30/2021 4:20:24 PM---Messages--:****************************: ################NEW CONNECTION###############***********************
9/30/2021 4:20:24 PM---Messages--:Connected With   : Database :- ZTVI_Test Database_20_06_2021
