8/26/2021 3:54:23 PM---Messages--:****************************: ################NEW CONNECTION###############***********************
8/26/2021 3:54:23 PM---Messages--:Connected With   : Database :- TVI_PilotCompany
8/26/2021 3:58:27 PM---Messages--:****************************: ################NEW CONNECTION###############***********************
8/26/2021 3:58:27 PM---Messages--:Connected With   : Database :- TVI_PilotCompany
8/26/2021 3:58:55 PM---Messages--:Main: Column 'Benefit Employee Claim ID-TAD' does not belong to table .
8/26/2021 4:06:04 PM---Messages--:****************************: ################NEW CONNECTION###############***********************
8/26/2021 4:06:04 PM---Messages--:Connected With   : Database :- TVI_PilotCompany
8/26/2021 4:06:16 PM---Messages--:Adding Success Factor: -------
8/26/2021 4:08:34 PM---Messages--:****************************: ################NEW CONNECTION###############***********************
8/26/2021 4:08:34 PM---Messages--:Connected With   : Database :- TVI_PilotCompany
8/26/2021 5:59:25 PM---Messages--:****************************: ################NEW CONNECTION###############***********************
8/26/2021 5:59:25 PM---Messages--:Connected With   : Database :- TVI_PilotCompany
8/26/2021 5:59:59 PM---Messages--:-#####--Claim ID:- 56332: -------#####--Success Factor ID:- SRMT334--------
8/26/2021 5:59:59 PM---Messages--:-#####--Claim ID:- 57756: -------#####--Success Factor ID:- SRMT334--------
8/26/2021 5:59:59 PM---Messages--:-#####--Claim ID:- 57752: -------#####--Success Factor ID:- SRMT334--------
8/26/2021 5:59:59 PM---Messages--:-#####--Claim ID:- 57754: -------#####--Success Factor ID:- SRMT334--------
8/26/2021 5:59:59 PM---Messages--:-#####--Claim ID:- 56686: -------#####--Success Factor ID:- 1388--------
8/26/2021 5:59:59 PM---Messages--:-#####--Claim ID:- 56684: -------#####--Success Factor ID:- 1388--------
8/26/2021 6:00:00 PM---Messages--:-#####--Claim ID:- 57800: -------#####--Success Factor ID:- 1258--------
8/26/2021 6:00:00 PM---Messages--:-#####--Claim ID:- 56704: -------#####--Success Factor ID:- DT146--------
8/26/2021 6:00:00 PM---Messages--:-#####--Claim ID:- 56708: -------#####--Success Factor ID:- DT146--------
8/26/2021 6:00:00 PM---Messages--:-#####--Claim ID:- 56707: -------#####--Success Factor ID:- DT146--------
8/26/2021 6:00:00 PM---Messages--:-#####--Claim ID:- 56706: -------#####--Success Factor ID:- DT146--------
8/26/2021 6:00:00 PM---Messages--:-#####--Claim ID:- 56705: -------#####--Success Factor ID:- DT146--------
8/26/2021 6:00:00 PM---Messages--:-#####--Claim ID:- 56710: -------#####--Success Factor ID:- DT146--------
8/26/2021 6:00:00 PM---Messages--:-#####--Claim ID:- 56696: -------#####--Success Factor ID:- DT146--------
8/26/2021 6:00:00 PM---Messages--:-#####--Claim ID:- 56698: -------#####--Success Factor ID:- DT146--------
8/26/2021 6:00:00 PM---Messages--:-#####--Claim ID:- 57808: -------#####--Success Factor ID:- 1597--------
8/26/2021 6:00:00 PM---Messages--:-#####--Claim ID:- 56794: -------#####--Success Factor ID:- 1537--------
8/26/2021 6:00:00 PM---Messages--:-#####--Claim ID:- 56792: -------#####--Success Factor ID:- 1537--------
8/26/2021 6:00:00 PM---Messages--:-#####--Claim ID:- 56790: -------#####--Success Factor ID:- 1537--------
8/26/2021 6:00:01 PM---Messages--:-#####--Claim ID:- 57125: -------#####--Success Factor ID:- AGIL059--------
8/26/2021 6:00:01 PM---Messages--:-#####--Claim ID:- 57121: -------#####--Success Factor ID:- AGIL059--------
8/26/2021 6:00:01 PM---Messages--:-#####--Claim ID:- 57123: -------#####--Success Factor ID:- AGIL059--------
8/26/2021 6:00:01 PM---Messages--:-#####--Claim ID:- 57186: -------#####--Success Factor ID:- 1601--------
8/26/2021 6:00:01 PM---Messages--:-#####--Claim ID:- 57200: -------#####--Success Factor ID:- 1870--------
8/26/2021 6:00:01 PM---Messages--:-#####--Claim ID:- 57204: -------#####--Success Factor ID:- 1870--------
8/26/2021 6:00:01 PM---Messages--:-#####--Claim ID:- 57206: -------#####--Success Factor ID:- 1870--------
8/26/2021 6:00:01 PM---Messages--:-#####--Claim ID:- 57208: -------#####--Success Factor ID:- 1870--------
8/26/2021 6:00:01 PM---Messages--:-#####--Claim ID:- 57202: -------#####--Success Factor ID:- 1870--------
8/26/2021 6:00:01 PM---Messages--:-#####--Claim ID:- 57198: -------#####--Success Factor ID:- 1870--------
8/26/2021 6:00:01 PM---Messages--:-#####--Claim ID:- 56322: -------#####--Success Factor ID:- 693--------
8/26/2021 6:00:01 PM---Messages--:-#####--Claim ID:- 56321: -------#####--Success Factor ID:- 693--------
8/26/2021 6:00:01 PM---Messages--:-#####--Claim ID:- 57210: -------#####--Success Factor ID:- 1459--------
8/26/2021 6:00:01 PM---Messages--:-#####--Claim ID:- 57212: -------#####--Success Factor ID:- 1459--------
8/26/2021 6:00:01 PM---Messages--:-#####--Claim ID:- 57216: -------#####--Success Factor ID:- 1459--------
8/26/2021 6:00:01 PM---Messages--:-#####--Claim ID:- 57302: -------#####--Success Factor ID:- 1459--------
8/26/2021 6:00:02 PM---Messages--:-#####--Claim ID:- 57646: -------#####--Success Factor ID:- CONT-005--------
8/26/2021 6:00:02 PM---Messages--:-#####--Claim ID:- 57647: -------#####--Success Factor ID:- CONT-005--------
8/26/2021 6:00:02 PM---Messages--:-#####--Claim ID:- 57450: -------#####--Success Factor ID:- CONT-005--------
8/26/2021 6:00:02 PM---Messages--:-#####--Claim ID:- 57456: -------#####--Success Factor ID:- CONT-005--------
8/26/2021 6:00:02 PM---Messages--:-#####--Claim ID:- 57455: -------#####--Success Factor ID:- CONT-005--------
8/26/2021 6:00:02 PM---Messages--:-#####--Claim ID:- 57447: -------#####--Success Factor ID:- CONT-005--------
8/26/2021 6:00:02 PM---Messages--:-#####--Claim ID:- 57448: -------#####--Success Factor ID:- CONT-005--------
8/26/2021 6:00:02 PM---Messages--:-#####--Claim ID:- 57649: -------#####--Success Factor ID:- 1604--------
8/26/2021 6:00:02 PM---Messages--:-#####--Claim ID:- 57651: -------#####--Success Factor ID:- 1604--------
8/26/2021 6:00:02 PM---Messages--:-#####--Claim ID:- 57655: -------#####--Success Factor ID:- 1558--------
8/26/2021 6:00:02 PM---Messages--:-#####--Claim ID:- 57663: -------#####--Success Factor ID:- 1558--------
8/26/2021 6:00:02 PM---Messages--:-#####--Claim ID:- 57675: -------#####--Success Factor ID:- 1558--------
8/26/2021 6:00:02 PM---Messages--:-#####--Claim ID:- 57661: -------#####--Success Factor ID:- 1543--------
8/26/2021 6:00:02 PM---Messages--:-#####--Claim ID:- 57657: -------#####--Success Factor ID:- 1543--------
8/26/2021 6:00:02 PM---Messages--:-#####--Claim ID:- 56866: -------#####--Success Factor ID:- 1768--------
8/26/2021 6:00:02 PM---Messages--:-#####--Claim ID:- 56003: -------#####--Success Factor ID:- 1662--------
8/26/2021 6:00:03 PM---Messages--:-#####--Claim ID:- 56846: -------#####--Success Factor ID:- 1529--------
8/26/2021 6:00:03 PM---Messages--:-#####--Claim ID:- 56842: -------#####--Success Factor ID:- 1529--------
8/26/2021 6:00:03 PM---Messages--:-#####--Claim ID:- 56844: -------#####--Success Factor ID:- 1529--------
8/26/2021 6:00:03 PM---Messages--:-#####--Claim ID:- 57688: -------#####--Success Factor ID:- 1629--------
8/26/2021 6:00:03 PM---Messages--:-#####--Claim ID:- 57696: -------#####--Success Factor ID:- 1629--------
8/26/2021 6:00:03 PM---Messages--:-#####--Claim ID:- 57684: -------#####--Success Factor ID:- 1629--------
8/26/2021 6:00:03 PM---Messages--:-#####--Claim ID:- 56575: -------#####--Success Factor ID:- 1735--------
8/26/2021 6:00:03 PM---Messages--:-#####--Claim ID:- 56579: -------#####--Success Factor ID:- 1373--------
8/26/2021 6:00:03 PM---Messages--:-#####--Claim ID:- 56577: -------#####--Success Factor ID:- 1373--------
8/26/2021 6:00:03 PM---Messages--:-#####--Claim ID:- 57713: -------#####--Success Factor ID:- 1790--------
8/26/2021 6:00:03 PM---Messages--:-#####--Claim ID:- 57715: -------#####--Success Factor ID:- 1790--------
8/26/2021 6:00:03 PM---Messages--:-#####--Claim ID:- 57725: -------#####--Success Factor ID:- SRMT364--------
8/26/2021 6:00:04 PM---Messages--:-#####--Claim ID:- 56926: -------#####--Success Factor ID:- 1905--------
8/26/2021 6:00:04 PM---Messages--:-#####--Claim ID:- 56920: -------#####--Success Factor ID:- 1905--------
8/26/2021 6:00:04 PM---Messages--:-#####--Claim ID:- 56922: -------#####--Success Factor ID:- 1905--------
8/26/2021 6:00:04 PM---Messages--:-#####--Claim ID:- 56924: -------#####--Success Factor ID:- 1905--------
8/26/2021 6:00:04 PM---Messages--:-#####--Claim ID:- 56968: -------#####--Success Factor ID:- 1628--------
8/26/2021 6:00:04 PM---Messages--:-#####--Claim ID:- 57396: -------#####--Success Factor ID:- 1628--------
8/26/2021 6:00:04 PM---Messages--:-#####--Claim ID:- 57464: -------#####--Success Factor ID:- 1628--------
8/26/2021 6:00:04 PM---Messages--:-#####--Claim ID:- 56555: -------#####--Success Factor ID:- 1786--------
8/26/2021 6:00:04 PM---Messages--:-#####--Claim ID:- 57406: -------#####--Success Factor ID:- 1837--------
8/26/2021 6:00:04 PM---Messages--:-#####--Claim ID:- 57404: -------#####--Success Factor ID:- 1837--------
8/26/2021 6:00:04 PM---Messages--:-#####--Claim ID:- 57412: -------#####--Success Factor ID:- 1355--------
8/26/2021 6:00:04 PM---Messages--:-#####--Claim ID:- 57408: -------#####--Success Factor ID:- 1355--------
8/26/2021 6:00:04 PM---Messages--:-#####--Claim ID:- 57410: -------#####--Success Factor ID:- 1355--------
8/26/2021 6:00:05 PM---Messages--:-#####--Claim ID:- 57423: -------#####--Success Factor ID:- DT215--------
8/26/2021 6:00:05 PM---Messages--:-#####--Claim ID:- 57424: -------#####--Success Factor ID:- DT215--------
8/26/2021 6:00:05 PM---Messages--:-#####--Claim ID:- 57416: -------#####--Success Factor ID:- DT215--------
8/26/2021 6:00:05 PM---Messages--:-#####--Claim ID:- 57418: -------#####--Success Factor ID:- DT215--------
8/26/2021 6:00:05 PM---Messages--:-#####--Claim ID:- 57018: -------#####--Success Factor ID:- 1425--------
8/26/2021 6:00:05 PM---Messages--:-#####--Claim ID:- 57022: -------#####--Success Factor ID:- 1425--------
8/26/2021 6:00:05 PM---Messages--:-#####--Claim ID:- 57021: -------#####--Success Factor ID:- 1425--------
8/26/2021 6:00:05 PM---Messages--:-#####--Claim ID:- 57020: -------#####--Success Factor ID:- 1425--------
8/26/2021 6:00:05 PM---Messages--:-#####--Claim ID:- 57019: -------#####--Success Factor ID:- 1425--------
8/26/2021 6:00:05 PM---Messages--:-#####--Claim ID:- 57026: -------#####--Success Factor ID:- 1425--------
8/26/2021 6:00:05 PM---Messages--:-#####--Claim ID:- 57028: -------#####--Success Factor ID:- 1425--------
8/26/2021 6:00:05 PM---Messages--:-#####--Claim ID:- 57027: -------#####--Success Factor ID:- 1425--------
8/26/2021 6:00:05 PM---Messages--:-#####--Claim ID:- 57010: -------#####--Success Factor ID:- 1425--------
8/26/2021 6:00:05 PM---Messages--:-#####--Claim ID:- 57009: -------#####--Success Factor ID:- 1425--------
8/26/2021 6:00:05 PM---Messages--:-#####--Claim ID:- 57008: -------#####--Success Factor ID:- 1425--------
8/26/2021 6:00:05 PM---Messages--:-#####--Claim ID:- 57012: -------#####--Success Factor ID:- 1425--------
8/26/2021 6:00:05 PM---Messages--:-#####--Claim ID:- 57065: -------#####--Success Factor ID:- 1862--------
8/26/2021 6:00:05 PM---Messages--:-#####--Claim ID:- 57064: -------#####--Success Factor ID:- 1862--------
8/26/2021 6:00:05 PM---Messages--:-#####--Claim ID:- 57063: -------#####--Success Factor ID:- 1862--------
8/26/2021 6:00:05 PM---Messages--:-#####--Claim ID:- 57075: -------#####--Success Factor ID:- 1285--------
8/26/2021 6:00:05 PM---Messages--:-#####--Claim ID:- 57073: -------#####--Success Factor ID:- 1285--------
8/26/2021 6:00:05 PM---Messages--:-#####--Claim ID:- 57077: -------#####--Success Factor ID:- 1285--------
8/26/2021 6:00:06 PM---Messages--:-#####--Claim ID:- 57537: -------#####--Success Factor ID:- 1909--------
8/26/2021 6:00:06 PM---Messages--:-#####--Claim ID:- 57705: -------#####--Success Factor ID:- SRMT345--------
8/26/2021 6:00:06 PM---Messages--:-#####--Claim ID:- 57723: -------#####--Success Factor ID:- SRMT345--------
8/26/2021 6:00:06 PM---Messages--:-#####--Claim ID:- 56113: -------#####--Success Factor ID:- 1742--------
8/26/2021 6:00:06 PM---Messages--:-#####--Claim ID:- 56115: -------#####--Success Factor ID:- 1742--------
8/26/2021 6:00:06 PM---Messages--:-#####--Claim ID:- 56118: -------#####--Success Factor ID:- 1742--------
8/26/2021 6:00:06 PM---Messages--:-#####--Claim ID:- 56101: -------#####--Success Factor ID:- 1742--------
8/26/2021 6:00:06 PM---Messages--:-#####--Claim ID:- 57103: -------#####--Success Factor ID:- 1828--------
8/26/2021 6:00:06 PM---Messages--:-#####--Claim ID:- 57105: -------#####--Success Factor ID:- 1828--------
8/26/2021 6:00:06 PM---Messages--:-#####--Claim ID:- 56399: -------#####--Success Factor ID:- 1869--------
8/26/2021 6:00:06 PM---Messages--:-#####--Claim ID:- 56720: -------#####--Success Factor ID:- 1869--------
8/26/2021 6:00:06 PM---Messages--:-#####--Claim ID:- 56510: -------#####--Success Factor ID:- CONT-011--------
8/26/2021 6:00:06 PM---Messages--:-#####--Claim ID:- 57300: -------#####--Success Factor ID:- CONT-011--------
8/26/2021 6:00:06 PM---Messages--:-#####--Claim ID:- 57294: -------#####--Success Factor ID:- CONT-011--------
8/26/2021 6:00:07 PM---Messages--:-#####--Claim ID:- 57298: -------#####--Success Factor ID:- CONT-011--------
8/26/2021 6:00:07 PM---Messages--:-#####--Claim ID:- 56810: -------#####--Success Factor ID:- TF05--------
8/26/2021 6:00:07 PM---Messages--:-#####--Claim ID:- 56740: -------#####--Success Factor ID:- TF07--------
8/26/2021 6:00:07 PM---Messages--:-#####--Claim ID:- 57748: -------#####--Success Factor ID:- DT042--------
8/26/2021 6:00:07 PM---Messages--:-#####--Claim ID:- 56193: -------#####--Success Factor ID:- 1868--------
8/26/2021 6:00:07 PM---Messages--:-#####--Claim ID:- 56194: -------#####--Success Factor ID:- 1868--------
8/26/2021 6:00:07 PM---Messages--:-#####--Claim ID:- 57599: -------#####--Success Factor ID:- 1796--------
8/26/2021 6:00:07 PM---Messages--:-#####--Claim ID:- 56692: -------#####--Success Factor ID:- 1796--------
8/26/2021 6:00:07 PM---Messages--:-#####--Claim ID:- 57079: -------#####--Success Factor ID:- 1412--------
8/26/2021 6:00:08 PM---Messages--:-#####--Claim ID:- 57547: -------#####--Success Factor ID:- 1733--------
8/26/2021 6:00:08 PM---Messages--:-#####--Claim ID:- 57543: -------#####--Success Factor ID:- 1733--------
8/26/2021 6:00:08 PM---Messages--:-#####--Claim ID:- 56291: -------#####--Success Factor ID:- 1409--------
8/26/2021 6:00:08 PM---Messages--:-#####--Claim ID:- 57545: -------#####--Success Factor ID:- 1326--------
8/26/2021 6:00:08 PM---Messages--:-#####--Claim ID:- 57452: -------#####--Success Factor ID:- 1830--------
8/26/2021 6:00:08 PM---Messages--:-#####--Claim ID:- 57633: -------#####--Success Factor ID:- 1845--------
8/26/2021 6:00:08 PM---Messages--:-#####--Claim ID:- 57286: -------#####--Success Factor ID:- 1884--------
8/26/2021 6:00:08 PM---Messages--:-#####--Claim ID:- 56210: -------#####--Success Factor ID:- 1884--------
8/26/2021 6:00:08 PM---Messages--:-#####--Claim ID:- 56204: -------#####--Success Factor ID:- 1884--------
8/26/2021 6:00:08 PM---Messages--:-#####--Claim ID:- 56994: -------#####--Success Factor ID:- 1365--------
8/26/2021 6:00:08 PM---Messages--:-#####--Claim ID:- 56212: -------#####--Success Factor ID:- 1737--------
8/26/2021 6:00:08 PM---Messages--:-#####--Claim ID:- 56480: -------#####--Success Factor ID:- 1227--------
8/26/2021 6:00:09 PM---Messages--:-#####--Claim ID:- 56776: -------#####--Success Factor ID:- 1229--------
8/26/2021 6:00:09 PM---Messages--:-#####--Claim ID:- 57244: -------#####--Success Factor ID:- 1827--------
8/26/2021 6:00:09 PM---Messages--:-#####--Claim ID:- 56778: -------#####--Success Factor ID:- 1755--------
8/26/2021 6:00:09 PM---Messages--:-#####--Claim ID:- 56728: -------#####--Success Factor ID:- 1506--------
8/26/2021 6:00:09 PM---Messages--:-#####--Claim ID:- 56746: -------#####--Success Factor ID:- 1048--------
8/26/2021 6:00:09 PM---Messages--:-#####--Claim ID:- 56748: -------#####--Success Factor ID:- 1404--------
8/26/2021 6:00:09 PM---Messages--:-#####--Claim ID:- 57554: -------#####--Success Factor ID:- 769--------
8/26/2021 6:00:09 PM---Messages--:-#####--Claim ID:- 57565: -------#####--Success Factor ID:- 156--------
8/26/2021 6:00:09 PM---Messages--:-#####--Claim ID:- 57567: -------#####--Success Factor ID:- 156--------
8/26/2021 6:00:10 PM---Messages--:-#####--Claim ID:- 57398: -------#####--Success Factor ID:- 1716--------
8/26/2021 6:00:10 PM---Messages--:-#####--Claim ID:- 57549: -------#####--Success Factor ID:- 374--------
8/26/2021 6:00:10 PM---Messages--:-#####--Claim ID:- 56808: -------#####--Success Factor ID:- 1374--------
8/26/2021 6:00:10 PM---Messages--:-#####--Claim ID:- 57288: -------#####--Success Factor ID:- 1211--------
8/26/2021 6:00:10 PM---Messages--:-#####--Claim ID:- 56848: -------#####--Success Factor ID:- 1416--------
8/26/2021 6:00:10 PM---Messages--:-#####--Claim ID:- 56850: -------#####--Success Factor ID:- 1416--------
8/26/2021 6:00:10 PM---Messages--:-#####--Claim ID:- 56275: -------#####--Success Factor ID:- 1866--------
8/26/2021 6:00:10 PM---Messages--:-#####--Claim ID:- 57131: -------#####--Success Factor ID:- 1715--------
8/26/2021 6:00:10 PM---Messages--:-#####--Claim ID:- 56758: -------#####--Success Factor ID:- 1879--------
8/26/2021 6:00:11 PM---Messages--:-#####--Claim ID:- 56722: -------#####--Success Factor ID:- 1532--------
8/26/2021 6:00:11 PM---Messages--:-#####--Claim ID:- 54542: -------#####--Success Factor ID:- 1762--------
8/26/2021 6:00:11 PM---Messages--:-#####--Claim ID:- 55803: -------#####--Success Factor ID:- 1200--------
8/26/2021 6:00:11 PM---Messages--:-#####--Claim ID:- 55804: -------#####--Success Factor ID:- 1200--------
8/26/2021 6:00:11 PM---Messages--:-#####--Claim ID:- 57541: -------#####--Success Factor ID:- 1684--------
8/26/2021 6:00:11 PM---Messages--:-#####--Claim ID:- 57284: -------#####--Success Factor ID:- 1904--------
8/26/2021 6:00:11 PM---Messages--:Adding Success Factor: -------
8/26/2021 6:00:36 PM---Messages--:Success Factor is added successfully: -------------------
