12/21/2020 1:43:32 PM---Messages--:****************************: ################NEW CONNECTION###############***********************
12/21/2020 1:43:32 PM---Messages--:Connected With   : Database :- Z_TEST_Company_31_10_2020
12/21/2020 1:45:23 PM---Messages--:****************************: ################NEW CONNECTION###############***********************
12/21/2020 1:45:23 PM---Messages--:Connected With   : Database :- Z_TEST_Company_31_10_2020
12/21/2020 1:45:58 PM---Messages--:-#####--Claim ID:- 43390: -------#####--Success Factor ID:- 1425--------
12/21/2020 1:45:58 PM---Messages--:-#####--Claim ID:- 43392: -------#####--Success Factor ID:- 1425--------
12/21/2020 1:45:58 PM---Messages--:-#####--Claim ID:- 43391: -------#####--Success Factor ID:- 1425--------
12/21/2020 1:45:58 PM---Messages--:-#####--Claim ID:- 43386: -------#####--Success Factor ID:- 1425--------
12/21/2020 1:45:58 PM---Messages--:-#####--Claim ID:- 42182: -------#####--Success Factor ID:- 1511--------
12/21/2020 1:45:58 PM---Messages--:-#####--Claim ID:- 42184: -------#####--Success Factor ID:- 1511--------
12/21/2020 1:45:58 PM---Messages--:-#####--Claim ID:- 42180: -------#####--Success Factor ID:- 1511--------
12/21/2020 1:45:58 PM---Messages--:-#####--Claim ID:- 42138: -------#####--Success Factor ID:- 1811--------
12/21/2020 1:45:58 PM---Messages--:-#####--Claim ID:- 42136: -------#####--Success Factor ID:- 1811--------
12/21/2020 1:45:58 PM---Messages--:-#####--Claim ID:- 42134: -------#####--Success Factor ID:- 1811--------
12/21/2020 1:45:58 PM---Messages--:-#####--Claim ID:- 38605: -------#####--Success Factor ID:- 1336--------
12/21/2020 1:45:58 PM---Messages--:-#####--Claim ID:- 43353: -------#####--Success Factor ID:- 1850--------
12/21/2020 1:45:58 PM---Messages--:-#####--Claim ID:- 43347: -------#####--Success Factor ID:- 1850--------
12/21/2020 1:45:59 PM---Messages--:-#####--Claim ID:- 43310: -------#####--Success Factor ID:- 1088--------
12/21/2020 1:45:59 PM---Messages--:-#####--Claim ID:- 43306: -------#####--Success Factor ID:- 1088--------
12/21/2020 1:45:59 PM---Messages--:-#####--Claim ID:- 42462: -------#####--Success Factor ID:- 1088--------
12/21/2020 1:45:59 PM---Messages--:-#####--Claim ID:- 43308: -------#####--Success Factor ID:- 1088--------
12/21/2020 1:45:59 PM---Messages--:-#####--Claim ID:- 42460: -------#####--Success Factor ID:- 1088--------
12/21/2020 1:45:59 PM---Messages--:-#####--Claim ID:- 42793: -------#####--Success Factor ID:- 1847--------
12/21/2020 1:45:59 PM---Messages--:-#####--Claim ID:- 42805: -------#####--Success Factor ID:- 1847--------
12/21/2020 1:45:59 PM---Messages--:-#####--Claim ID:- 42801: -------#####--Success Factor ID:- 1847--------
12/21/2020 1:45:59 PM---Messages--:-#####--Claim ID:- 42803: -------#####--Success Factor ID:- 1847--------
12/21/2020 1:45:59 PM---Messages--:-#####--Claim ID:- 42799: -------#####--Success Factor ID:- 1847--------
12/21/2020 1:45:59 PM---Messages--:-#####--Claim ID:- 42797: -------#####--Success Factor ID:- 1847--------
12/21/2020 1:45:59 PM---Messages--:-#####--Claim ID:- 42795: -------#####--Success Factor ID:- 1847--------
12/21/2020 1:45:59 PM---Messages--:-#####--Claim ID:- 42573: -------#####--Success Factor ID:- 601--------
12/21/2020 1:45:59 PM---Messages--:-#####--Claim ID:- 42570: -------#####--Success Factor ID:- 601--------
12/21/2020 1:45:59 PM---Messages--:-#####--Claim ID:- 42483: -------#####--Success Factor ID:- 1748--------
12/21/2020 1:45:59 PM---Messages--:-#####--Claim ID:- 42484: -------#####--Success Factor ID:- 1748--------
12/21/2020 1:45:59 PM---Messages--:-#####--Claim ID:- 42004: -------#####--Success Factor ID:- 1698--------
12/21/2020 1:45:59 PM---Messages--:-#####--Claim ID:- 42003: -------#####--Success Factor ID:- 1698--------
12/21/2020 1:46:00 PM---Messages--:-#####--Claim ID:- 42995: -------#####--Success Factor ID:- 1272--------
12/21/2020 1:46:00 PM---Messages--:-#####--Claim ID:- 42992: -------#####--Success Factor ID:- 1272--------
12/21/2020 1:46:00 PM---Messages--:-#####--Claim ID:- 42488: -------#####--Success Factor ID:- 1529--------
12/21/2020 1:46:00 PM---Messages--:-#####--Claim ID:- 40564: -------#####--Success Factor ID:- 1529--------
12/21/2020 1:46:00 PM---Messages--:-#####--Claim ID:- 42412: -------#####--Success Factor ID:- 1529--------
12/21/2020 1:46:00 PM---Messages--:-#####--Claim ID:- 42414: -------#####--Success Factor ID:- 1529--------
12/21/2020 1:46:00 PM---Messages--:-#####--Claim ID:- 42478: -------#####--Success Factor ID:- 1524--------
12/21/2020 1:46:00 PM---Messages--:-#####--Claim ID:- 42476: -------#####--Success Factor ID:- 1524--------
12/21/2020 1:46:00 PM---Messages--:-#####--Claim ID:- 42474: -------#####--Success Factor ID:- 1524--------
12/21/2020 1:46:00 PM---Messages--:-#####--Claim ID:- 42480: -------#####--Success Factor ID:- 1524--------
12/21/2020 1:46:00 PM---Messages--:-#####--Claim ID:- 42040: -------#####--Success Factor ID:- 1728--------
12/21/2020 1:46:00 PM---Messages--:-#####--Claim ID:- 42038: -------#####--Success Factor ID:- 1728--------
12/21/2020 1:46:00 PM---Messages--:-#####--Claim ID:- 42036: -------#####--Success Factor ID:- 1728--------
12/21/2020 1:46:00 PM---Messages--:-#####--Claim ID:- 42044: -------#####--Success Factor ID:- 1728--------
12/21/2020 1:46:01 PM---Messages--:-#####--Claim ID:- 42577: -------#####--Success Factor ID:- 1793--------
12/21/2020 1:46:01 PM---Messages--:-#####--Claim ID:- 43078: -------#####--Success Factor ID:- 1793--------
12/21/2020 1:46:01 PM---Messages--:-#####--Claim ID:- 41972: -------#####--Success Factor ID:- 1509--------
12/21/2020 1:46:01 PM---Messages--:-#####--Claim ID:- 42890: -------#####--Success Factor ID:- 1810--------
12/21/2020 1:46:01 PM---Messages--:-#####--Claim ID:- 42983: -------#####--Success Factor ID:- 1810--------
12/21/2020 1:46:01 PM---Messages--:-#####--Claim ID:- 42847: -------#####--Success Factor ID:- 1634--------
12/21/2020 1:46:01 PM---Messages--:-#####--Claim ID:- 42825: -------#####--Success Factor ID:- 1634--------
12/21/2020 1:46:01 PM---Messages--:-#####--Claim ID:- 42837: -------#####--Success Factor ID:- 1634--------
12/21/2020 1:46:01 PM---Messages--:-#####--Claim ID:- 42841: -------#####--Success Factor ID:- 1626--------
12/21/2020 1:46:01 PM---Messages--:-#####--Claim ID:- 42999: -------#####--Success Factor ID:- 1626--------
12/21/2020 1:46:01 PM---Messages--:-#####--Claim ID:- 42648: -------#####--Success Factor ID:- 1579--------
12/21/2020 1:46:01 PM---Messages--:-#####--Claim ID:- 42680: -------#####--Success Factor ID:- 1212--------
12/21/2020 1:46:02 PM---Messages--:-#####--Claim ID:- 42961: -------#####--Success Factor ID:- 1212--------
12/21/2020 1:46:02 PM---Messages--:-#####--Claim ID:- 42956: -------#####--Success Factor ID:- 1212--------
12/21/2020 1:46:02 PM---Messages--:-#####--Claim ID:- 42959: -------#####--Success Factor ID:- 1212--------
12/21/2020 1:46:02 PM---Messages--:-#####--Claim ID:- 42644: -------#####--Success Factor ID:- 1212--------
12/21/2020 1:46:02 PM---Messages--:-#####--Claim ID:- 42662: -------#####--Success Factor ID:- 914--------
12/21/2020 1:46:02 PM---Messages--:-#####--Claim ID:- 42659: -------#####--Success Factor ID:- 914--------
12/21/2020 1:46:02 PM---Messages--:-#####--Claim ID:- 42693: -------#####--Success Factor ID:- 1768--------
12/21/2020 1:46:02 PM---Messages--:-#####--Claim ID:- 43525: -------#####--Success Factor ID:- 1768--------
12/21/2020 1:46:02 PM---Messages--:-#####--Claim ID:- 41018: -------#####--Success Factor ID:- 1768--------
12/21/2020 1:46:02 PM---Messages--:-#####--Claim ID:- 42695: -------#####--Success Factor ID:- 1768--------
12/21/2020 1:46:02 PM---Messages--:-#####--Claim ID:- 41020: -------#####--Success Factor ID:- 1768--------
12/21/2020 1:46:02 PM---Messages--:-#####--Claim ID:- 42690: -------#####--Success Factor ID:- 1768--------
12/21/2020 1:46:02 PM---Messages--:-#####--Claim ID:- 42562: -------#####--Success Factor ID:- 1823--------
12/21/2020 1:46:02 PM---Messages--:-#####--Claim ID:- 42560: -------#####--Success Factor ID:- 1823--------
12/21/2020 1:46:02 PM---Messages--:-#####--Claim ID:- 42558: -------#####--Success Factor ID:- 1823--------
12/21/2020 1:46:02 PM---Messages--:-#####--Claim ID:- 42556: -------#####--Success Factor ID:- 1823--------
12/21/2020 1:46:02 PM---Messages--:-#####--Claim ID:- 42589: -------#####--Success Factor ID:- 1839--------
12/21/2020 1:46:02 PM---Messages--:-#####--Claim ID:- 42585: -------#####--Success Factor ID:- 1839--------
12/21/2020 1:46:02 PM---Messages--:-#####--Claim ID:- 42587: -------#####--Success Factor ID:- 1839--------
12/21/2020 1:46:03 PM---Messages--:-#####--Claim ID:- 42524: -------#####--Success Factor ID:- 1796--------
12/21/2020 1:46:03 PM---Messages--:-#####--Claim ID:- 39979: -------#####--Success Factor ID:- 1796--------
12/21/2020 1:46:03 PM---Messages--:-#####--Claim ID:- 42438: -------#####--Success Factor ID:- 1153--------
12/21/2020 1:46:03 PM---Messages--:-#####--Claim ID:- 42433: -------#####--Success Factor ID:- 1153--------
12/21/2020 1:46:03 PM---Messages--:-#####--Claim ID:- 42668: -------#####--Success Factor ID:- 1845--------
12/21/2020 1:46:03 PM---Messages--:-#####--Claim ID:- 42664: -------#####--Success Factor ID:- 1845--------
12/21/2020 1:46:03 PM---Messages--:-#####--Claim ID:- 42626: -------#####--Success Factor ID:- 1845--------
12/21/2020 1:46:03 PM---Messages--:-#####--Claim ID:- 42964: -------#####--Success Factor ID:- 1779--------
12/21/2020 1:46:03 PM---Messages--:-#####--Claim ID:- 42965: -------#####--Success Factor ID:- 1779--------
12/21/2020 1:46:03 PM---Messages--:-#####--Claim ID:- 43007: -------#####--Success Factor ID:- 597--------
12/21/2020 1:46:03 PM---Messages--:-#####--Claim ID:- 43009: -------#####--Success Factor ID:- 597--------
12/21/2020 1:46:03 PM---Messages--:-#####--Claim ID:- 42938: -------#####--Success Factor ID:- 597--------
12/21/2020 1:46:03 PM---Messages--:-#####--Claim ID:- 42934: -------#####--Success Factor ID:- 597--------
12/21/2020 1:46:03 PM---Messages--:-#####--Claim ID:- 43247: -------#####--Success Factor ID:- 597--------
12/21/2020 1:46:04 PM---Messages--:-#####--Claim ID:- 43003: -------#####--Success Factor ID:- 1503--------
12/21/2020 1:46:04 PM---Messages--:-#####--Claim ID:- 43001: -------#####--Success Factor ID:- 1503--------
12/21/2020 1:46:04 PM---Messages--:-#####--Claim ID:- 42900: -------#####--Success Factor ID:- 1227--------
12/21/2020 1:46:04 PM---Messages--:-#####--Claim ID:- 42898: -------#####--Success Factor ID:- 1227--------
12/21/2020 1:46:04 PM---Messages--:-#####--Claim ID:- 42896: -------#####--Success Factor ID:- 1227--------
12/21/2020 1:46:04 PM---Messages--:-#####--Claim ID:- 42650: -------#####--Success Factor ID:- 1510--------
12/21/2020 1:46:04 PM---Messages--:-#####--Claim ID:- 42654: -------#####--Success Factor ID:- 1510--------
12/21/2020 1:46:04 PM---Messages--:-#####--Claim ID:- 42652: -------#####--Success Factor ID:- 1510--------
12/21/2020 1:46:04 PM---Messages--:-#####--Claim ID:- 43055: -------#####--Success Factor ID:- 1655--------
12/21/2020 1:46:04 PM---Messages--:-#####--Claim ID:- 43033: -------#####--Success Factor ID:- 1827--------
12/21/2020 1:46:04 PM---Messages--:-#####--Claim ID:- 43031: -------#####--Success Factor ID:- 1827--------
12/21/2020 1:46:04 PM---Messages--:-#####--Claim ID:- 43023: -------#####--Success Factor ID:- 1827--------
12/21/2020 1:46:04 PM---Messages--:-#####--Claim ID:- 41966: -------#####--Success Factor ID:- 1837--------
12/21/2020 1:46:04 PM---Messages--:-#####--Claim ID:- 42904: -------#####--Success Factor ID:- 1837--------
12/21/2020 1:46:05 PM---Messages--:-#####--Claim ID:- 43037: -------#####--Success Factor ID:- 1459--------
12/21/2020 1:46:05 PM---Messages--:-#####--Claim ID:- 43076: -------#####--Success Factor ID:- 1459--------
12/21/2020 1:46:05 PM---Messages--:-#####--Claim ID:- 42610: -------#####--Success Factor ID:- 1519--------
12/21/2020 1:46:05 PM---Messages--:-#####--Claim ID:- 42616: -------#####--Success Factor ID:- 1519--------
12/21/2020 1:46:05 PM---Messages--:-#####--Claim ID:- 42613: -------#####--Success Factor ID:- 1519--------
12/21/2020 1:46:05 PM---Messages--:-#####--Claim ID:- 42614: -------#####--Success Factor ID:- 1519--------
12/21/2020 1:46:05 PM---Messages--:-#####--Claim ID:- 42607: -------#####--Success Factor ID:- 1519--------
12/21/2020 1:46:05 PM---Messages--:-#####--Claim ID:- 42605: -------#####--Success Factor ID:- 1519--------
12/21/2020 1:46:05 PM---Messages--:-#####--Claim ID:- 43039: -------#####--Success Factor ID:- 466--------
12/21/2020 1:46:05 PM---Messages--:-#####--Claim ID:- 43035: -------#####--Success Factor ID:- 466--------
12/21/2020 1:46:05 PM---Messages--:-#####--Claim ID:- 42922: -------#####--Success Factor ID:- 1714--------
12/21/2020 1:46:05 PM---Messages--:-#####--Claim ID:- 42918: -------#####--Success Factor ID:- 1714--------
12/21/2020 1:46:05 PM---Messages--:-#####--Claim ID:- 42751: -------#####--Success Factor ID:- 1703--------
12/21/2020 1:46:05 PM---Messages--:-#####--Claim ID:- 42747: -------#####--Success Factor ID:- 1703--------
12/21/2020 1:46:05 PM---Messages--:-#####--Claim ID:- 42740: -------#####--Success Factor ID:- 1703--------
12/21/2020 1:46:05 PM---Messages--:-#####--Claim ID:- 42737: -------#####--Success Factor ID:- 1703--------
12/21/2020 1:46:05 PM---Messages--:-#####--Claim ID:- 42743: -------#####--Success Factor ID:- 1703--------
12/21/2020 1:46:06 PM---Messages--:-#####--Claim ID:- 43369: -------#####--Success Factor ID:- 1825--------
12/21/2020 1:46:06 PM---Messages--:-#####--Claim ID:- 43364: -------#####--Success Factor ID:- 1825--------
12/21/2020 1:46:06 PM---Messages--:-#####--Claim ID:- 43365: -------#####--Success Factor ID:- 1825--------
12/21/2020 1:46:06 PM---Messages--:-#####--Claim ID:- 43367: -------#####--Success Factor ID:- 1825--------
12/21/2020 1:46:06 PM---Messages--:-#####--Claim ID:- 43361: -------#####--Success Factor ID:- 1825--------
12/21/2020 1:46:06 PM---Messages--:-#####--Claim ID:- 43314: -------#####--Success Factor ID:- 1599--------
12/21/2020 1:46:06 PM---Messages--:-#####--Claim ID:- 43312: -------#####--Success Factor ID:- 1599--------
12/21/2020 1:46:06 PM---Messages--:-#####--Claim ID:- 43143: -------#####--Success Factor ID:- 1328--------
12/21/2020 1:46:06 PM---Messages--:-#####--Claim ID:- 43142: -------#####--Success Factor ID:- 1328--------
12/21/2020 1:46:06 PM---Messages--:-#####--Claim ID:- 43137: -------#####--Success Factor ID:- 1328--------
12/21/2020 1:46:06 PM---Messages--:-#####--Claim ID:- 43139: -------#####--Success Factor ID:- 1328--------
12/21/2020 1:46:06 PM---Messages--:-#####--Claim ID:- 43072: -------#####--Success Factor ID:- 1815--------
12/21/2020 1:46:06 PM---Messages--:-#####--Claim ID:- 43070: -------#####--Success Factor ID:- 1815--------
12/21/2020 1:46:06 PM---Messages--:-#####--Claim ID:- 43064: -------#####--Success Factor ID:- 1815--------
12/21/2020 1:46:06 PM---Messages--:-#####--Claim ID:- 43229: -------#####--Success Factor ID:- 884--------
12/21/2020 1:46:06 PM---Messages--:-#####--Claim ID:- 43228: -------#####--Success Factor ID:- 884--------
12/21/2020 1:46:06 PM---Messages--:-#####--Claim ID:- 43230: -------#####--Success Factor ID:- 884--------
12/21/2020 1:46:06 PM---Messages--:-#####--Claim ID:- 43231: -------#####--Success Factor ID:- 884--------
12/21/2020 1:46:07 PM---Messages--:-#####--Claim ID:- 43227: -------#####--Success Factor ID:- 884--------
12/21/2020 1:46:07 PM---Messages--:-#####--Claim ID:- 43175: -------#####--Success Factor ID:- 1785--------
12/21/2020 1:46:07 PM---Messages--:-#####--Claim ID:- 43173: -------#####--Success Factor ID:- 1785--------
12/21/2020 1:46:07 PM---Messages--:-#####--Claim ID:- 43171: -------#####--Success Factor ID:- 1785--------
12/21/2020 1:46:07 PM---Messages--:-#####--Claim ID:- 43159: -------#####--Success Factor ID:- 885--------
12/21/2020 1:46:07 PM---Messages--:-#####--Claim ID:- 43151: -------#####--Success Factor ID:- 885--------
12/21/2020 1:46:07 PM---Messages--:-#####--Claim ID:- 43152: -------#####--Success Factor ID:- 885--------
12/21/2020 1:46:07 PM---Messages--:-#####--Claim ID:- 43153: -------#####--Success Factor ID:- 885--------
12/21/2020 1:46:07 PM---Messages--:-#####--Claim ID:- 43154: -------#####--Success Factor ID:- 885--------
12/21/2020 1:46:07 PM---Messages--:-#####--Claim ID:- 43155: -------#####--Success Factor ID:- 885--------
12/21/2020 1:46:07 PM---Messages--:-#####--Claim ID:- 43021: -------#####--Success Factor ID:- 1739--------
12/21/2020 1:46:07 PM---Messages--:-#####--Claim ID:- 42997: -------#####--Success Factor ID:- 1739--------
12/21/2020 1:46:07 PM---Messages--:-#####--Claim ID:- 42098: -------#####--Success Factor ID:- 1739--------
12/21/2020 1:46:07 PM---Messages--:-#####--Claim ID:- 43061: -------#####--Success Factor ID:- 1739--------
12/21/2020 1:46:07 PM---Messages--:-#####--Claim ID:- 42969: -------#####--Success Factor ID:- 1758--------
12/21/2020 1:46:07 PM---Messages--:-#####--Claim ID:- 42973: -------#####--Success Factor ID:- 1758--------
12/21/2020 1:46:07 PM---Messages--:-#####--Claim ID:- 42528: -------#####--Success Factor ID:- 1296--------
12/21/2020 1:46:08 PM---Messages--:-#####--Claim ID:- 43047: -------#####--Success Factor ID:- 460--------
12/21/2020 1:46:08 PM---Messages--:-#####--Claim ID:- 43145: -------#####--Success Factor ID:- 1832--------
12/21/2020 1:46:08 PM---Messages--:-#####--Claim ID:- 43351: -------#####--Success Factor ID:- 521--------
12/21/2020 1:46:08 PM---Messages--:-#####--Claim ID:- 42178: -------#####--Success Factor ID:- 1421--------
12/21/2020 1:46:08 PM---Messages--:-#####--Claim ID:- 43341: -------#####--Success Factor ID:- 1197--------
12/21/2020 1:46:08 PM---Messages--:-#####--Claim ID:- 43373: -------#####--Success Factor ID:- 1745--------
12/21/2020 1:46:08 PM---Messages--:-#####--Claim ID:- 42855: -------#####--Success Factor ID:- 1752--------
12/21/2020 1:46:08 PM---Messages--:-#####--Claim ID:- 43092: -------#####--Success Factor ID:- 1575--------
12/21/2020 1:46:08 PM---Messages--:-#####--Claim ID:- 43090: -------#####--Success Factor ID:- 1575--------
12/21/2020 1:46:09 PM---Messages--:-#####--Claim ID:- 43111: -------#####--Success Factor ID:- 1480--------
12/21/2020 1:46:09 PM---Messages--:-#####--Claim ID:- 42486: -------#####--Success Factor ID:- 1480--------
12/21/2020 1:46:09 PM---Messages--:-#####--Claim ID:- 43320: -------#####--Success Factor ID:- 1285--------
12/21/2020 1:46:09 PM---Messages--:-#####--Claim ID:- 43106: -------#####--Success Factor ID:- 1774--------
12/21/2020 1:46:09 PM---Messages--:-#####--Claim ID:- 43108: -------#####--Success Factor ID:- 1700--------
12/21/2020 1:46:09 PM---Messages--:-#####--Claim ID:- 43181: -------#####--Success Factor ID:- 1384--------
12/21/2020 1:46:09 PM---Messages--:-#####--Claim ID:- 43183: -------#####--Success Factor ID:- 1722--------
12/21/2020 1:46:09 PM---Messages--:-#####--Claim ID:- 42821: -------#####--Success Factor ID:- 1588--------
12/21/2020 1:46:09 PM---Messages--:-#####--Claim ID:- 42775: -------#####--Success Factor ID:- 1688--------
12/21/2020 1:46:10 PM---Messages--:-#####--Claim ID:- 42547: -------#####--Success Factor ID:- 1705--------
12/21/2020 1:46:10 PM---Messages--:-#####--Claim ID:- 42632: -------#####--Success Factor ID:- 1605--------
12/21/2020 1:46:10 PM---Messages--:-#####--Claim ID:- 42685: -------#####--Success Factor ID:- 1696--------
12/21/2020 1:46:10 PM---Messages--:-#####--Claim ID:- 42713: -------#####--Success Factor ID:- 1229--------
12/21/2020 1:46:10 PM---Messages--:-#####--Claim ID:- 42769: -------#####--Success Factor ID:- 1724--------
12/21/2020 1:46:10 PM---Messages--:-#####--Claim ID:- 43084: -------#####--Success Factor ID:- 976--------
12/21/2020 1:46:10 PM---Messages--:-#####--Claim ID:- 42544: -------#####--Success Factor ID:- 1566--------
12/21/2020 1:46:10 PM---Messages--:-#####--Claim ID:- 43086: -------#####--Success Factor ID:- 1228--------
12/21/2020 1:46:11 PM---Messages--:-#####--Claim ID:- 43157: -------#####--Success Factor ID:- 1494--------
12/21/2020 1:46:11 PM---Messages--:-#####--Claim ID:- 42670: -------#####--Success Factor ID:- 1514--------
12/21/2020 1:46:11 PM---Messages--:-#####--Claim ID:- 42781: -------#####--Success Factor ID:- 1742--------
12/21/2020 1:46:11 PM---Messages--:-#####--Claim ID:- 42817: -------#####--Success Factor ID:- 1754--------
12/21/2020 1:46:11 PM---Messages--:-#####--Claim ID:- 43015: -------#####--Success Factor ID:- 766--------
12/21/2020 1:46:11 PM---Messages--:-#####--Claim ID:- 42638: -------#####--Success Factor ID:- 1755--------
12/21/2020 1:46:11 PM---Messages--:-#####--Claim ID:- 42717: -------#####--Success Factor ID:- 1406--------
12/21/2020 1:46:11 PM---Messages--:-#####--Claim ID:- 42765: -------#####--Success Factor ID:- 1500--------
12/21/2020 1:46:12 PM---Messages--:-#####--Claim ID:- 42777: -------#####--Success Factor ID:- 1687--------
12/21/2020 1:46:12 PM---Messages--:-#####--Claim ID:- 42538: -------#####--Success Factor ID:- 1532--------
12/21/2020 1:46:12 PM---Messages--:-#####--Claim ID:- 42518: -------#####--Success Factor ID:- 1532--------
12/21/2020 1:46:12 PM---Messages--:-#####--Claim ID:- 42849: -------#####--Success Factor ID:- 1809--------
12/21/2020 1:46:12 PM---Messages--:-#####--Claim ID:- 42851: -------#####--Success Factor ID:- 1808--------
12/21/2020 1:46:12 PM---Messages--:-#####--Claim ID:- 42886: -------#####--Success Factor ID:- 1226--------
12/21/2020 1:46:12 PM---Messages--:-#####--Claim ID:- 42910: -------#####--Success Factor ID:- 1404--------
12/21/2020 1:46:12 PM---Messages--:-#####--Claim ID:- 42894: -------#####--Success Factor ID:- 1365--------
12/21/2020 1:46:12 PM---Messages--:-#####--Claim ID:- 42950: -------#####--Success Factor ID:- 1355--------
12/21/2020 1:46:13 PM---Messages--:-#####--Claim ID:- 43074: -------#####--Success Factor ID:- 1502--------
12/21/2020 1:46:13 PM---Messages--:-#####--Claim ID:- 42363: -------#####--Success Factor ID:- 1537--------
12/21/2020 1:46:13 PM---Messages--:-#####--Claim ID:- 43161: -------#####--Success Factor ID:- 1324--------
12/21/2020 1:46:13 PM---Messages--:-#####--Claim ID:- 41734: -------#####--Success Factor ID:- 1351--------
12/21/2020 1:46:13 PM---Messages--:-#####--Claim ID:- 42542: -------#####--Success Factor ID:- 526--------
12/21/2020 1:46:13 PM---Messages--:-#####--Claim ID:- 43058: -------#####--Success Factor ID:- 1322--------
12/21/2020 1:46:13 PM---Messages--:-#####--Claim ID:- 42564: -------#####--Success Factor ID:- 374--------
12/21/2020 1:46:13 PM---Messages--:-#####--Claim ID:- 42853: -------#####--Success Factor ID:- 1374--------
12/21/2020 1:46:14 PM---Messages--:-#####--Claim ID:- 42869: -------#####--Success Factor ID:- 1828--------
12/21/2020 1:46:14 PM---Messages--:-#####--Claim ID:- 42877: -------#####--Success Factor ID:- 1412--------
12/21/2020 1:46:14 PM---Messages--:-#####--Claim ID:- 42408: -------#####--Success Factor ID:- 1416--------
12/21/2020 1:46:14 PM---Messages--:-#####--Claim ID:- 42418: -------#####--Success Factor ID:- 1822--------
12/21/2020 1:46:14 PM---Messages--:-#####--Claim ID:- 42444: -------#####--Success Factor ID:- 1211--------
12/21/2020 1:46:14 PM---Messages--:-#####--Claim ID:- 42683: -------#####--Success Factor ID:- 509--------
12/21/2020 1:46:14 PM---Messages--:-#####--Claim ID:- 41351: -------#####--Success Factor ID:- 1457--------
12/21/2020 1:46:14 PM---Messages--:-#####--Claim ID:- 42500: -------#####--Success Factor ID:- 1843--------
12/21/2020 1:46:15 PM---Messages--:-#####--Claim ID:- 42530: -------#####--Success Factor ID:- 1484--------
12/21/2020 1:46:15 PM---Messages--:-#####--Claim ID:- 42532: -------#####--Success Factor ID:- 1484--------
12/21/2020 1:46:15 PM---Messages--:-#####--Claim ID:- 42762: -------#####--Success Factor ID:- 1348--------
12/21/2020 1:46:15 PM---Messages--:-#####--Claim ID:- 42490: -------#####--Success Factor ID:- 1525--------
12/21/2020 1:46:15 PM---Messages--:-#####--Claim ID:- 42522: -------#####--Success Factor ID:- 1569--------
12/21/2020 1:46:15 PM---Messages--:-#####--Claim ID:- 42536: -------#####--Success Factor ID:- 1531--------
12/21/2020 1:46:15 PM---Messages--:-#####--Claim ID:- 42599: -------#####--Success Factor ID:- 1222--------
12/21/2020 1:46:15 PM---Messages--:-#####--Claim ID:- 42640: -------#####--Success Factor ID:- 1830--------
12/21/2020 1:46:15 PM---Messages--:-#####--Claim ID:- 42715: -------#####--Success Factor ID:- 769--------
12/21/2020 1:46:16 PM---Messages--:-#####--Claim ID:- 42819: -------#####--Success Factor ID:- 1716--------
12/21/2020 1:46:16 PM---Messages--:-#####--Claim ID:- 42815: -------#####--Success Factor ID:- 1831--------
12/21/2020 1:46:16 PM---Messages--:-#####--Claim ID:- 42831: -------#####--Success Factor ID:- 1697--------
12/21/2020 1:46:16 PM---Messages--:-#####--Claim ID:- 42540: -------#####--Success Factor ID:- 1442--------
12/21/2020 1:46:16 PM---Messages--:-#####--Claim ID:- 42785: -------#####--Success Factor ID:- 1775--------
12/21/2020 1:46:16 PM---Messages--:-#####--Claim ID:- 42857: -------#####--Success Factor ID:- 134--------
12/21/2020 1:46:16 PM---Messages--:-#####--Claim ID:- 42595: -------#####--Success Factor ID:- 1515--------
12/21/2020 1:46:16 PM---Messages--:-#####--Claim ID:- 42603: -------#####--Success Factor ID:- 1506--------
12/21/2020 1:46:17 PM---Messages--:-#####--Claim ID:- 42618: -------#####--Success Factor ID:- 1048--------
12/21/2020 1:46:17 PM---Messages--:-#####--Claim ID:- 42678: -------#####--Success Factor ID:- 1240--------
12/21/2020 1:46:17 PM---Messages--:-#####--Claim ID:- 42687: -------#####--Success Factor ID:- 1747--------
12/21/2020 1:46:17 PM---Messages--:-#####--Claim ID:- 42989: -------#####--Success Factor ID:- 1734--------
12/21/2020 1:46:17 PM---Messages--:-#####--Claim ID:- 42492: -------#####--Success Factor ID:- 1628--------
12/21/2020 1:46:17 PM---Messages--:-#####--Claim ID:- 42985: -------#####--Success Factor ID:- 1517--------
12/21/2020 1:46:17 PM---Messages--:-#####--Claim ID:- 42987: -------#####--Success Factor ID:- 1517--------
12/21/2020 1:46:17 PM---Messages--:-#####--Claim ID:- 42442: -------#####--Success Factor ID:- 265--------
12/21/2020 1:46:17 PM---Messages--:-#####--Claim ID:- 42526: -------#####--Success Factor ID:- 1415--------
12/21/2020 1:46:17 PM---Messages--:Adding Success Factor: -------
12/21/2020 1:46:18 PM---Messages--:ExecuteDataSet: The conversion of a varchar data type to a datetime data type resulted in an out-of-range value.
The statement has been terminated.
12/21/2020 1:46:18 PM---Messages--:Success Factor is added successfully: -------------------
12/21/2020 1:53:30 PM---Messages--:****************************: ################NEW CONNECTION###############***********************
12/21/2020 1:53:30 PM---Messages--:Connected With   : Database :- TVI_PilotCompany
12/21/2020 1:54:08 PM---Messages--:-#####--Claim ID:- 40564: -------#####--Success Factor ID:- 1529--------
12/21/2020 1:54:08 PM---Messages--:-#####--Claim ID:- 42412: -------#####--Success Factor ID:- 1529--------
12/21/2020 1:54:08 PM---Messages--:-#####--Claim ID:- 42414: -------#####--Success Factor ID:- 1529--------
12/21/2020 1:54:08 PM---Messages--:-#####--Claim ID:- 42408: -------#####--Success Factor ID:- 1416--------
12/21/2020 1:54:08 PM---Messages--:-#####--Claim ID:- 42418: -------#####--Success Factor ID:- 1822--------
12/21/2020 1:54:08 PM---Messages--:-#####--Claim ID:- 42444: -------#####--Success Factor ID:- 1211--------
12/21/2020 1:54:08 PM---Messages--:-#####--Claim ID:- 42683: -------#####--Success Factor ID:- 509--------
12/21/2020 1:54:08 PM---Messages--:-#####--Claim ID:- 41351: -------#####--Success Factor ID:- 1457--------
12/21/2020 1:54:09 PM---Messages--:-#####--Claim ID:- 42500: -------#####--Success Factor ID:- 1843--------
12/21/2020 1:54:09 PM---Messages--:-#####--Claim ID:- 42530: -------#####--Success Factor ID:- 1484--------
12/21/2020 1:54:09 PM---Messages--:-#####--Claim ID:- 42532: -------#####--Success Factor ID:- 1484--------
12/21/2020 1:54:09 PM---Messages--:-#####--Claim ID:- 42585: -------#####--Success Factor ID:- 1839--------
12/21/2020 1:54:09 PM---Messages--:-#####--Claim ID:- 42587: -------#####--Success Factor ID:- 1839--------
12/21/2020 1:54:09 PM---Messages--:-#####--Claim ID:- 42695: -------#####--Success Factor ID:- 1768--------
12/21/2020 1:54:09 PM---Messages--:-#####--Claim ID:- 41020: -------#####--Success Factor ID:- 1768--------
12/21/2020 1:54:09 PM---Messages--:-#####--Claim ID:- 42690: -------#####--Success Factor ID:- 1768--------
12/21/2020 1:54:09 PM---Messages--:-#####--Claim ID:- 42762: -------#####--Success Factor ID:- 1348--------
12/21/2020 1:54:09 PM---Messages--:-#####--Claim ID:- 42490: -------#####--Success Factor ID:- 1525--------
12/21/2020 1:54:09 PM---Messages--:-#####--Claim ID:- 42518: -------#####--Success Factor ID:- 1532--------
12/21/2020 1:54:10 PM---Messages--:-#####--Claim ID:- 42522: -------#####--Success Factor ID:- 1569--------
12/21/2020 1:54:10 PM---Messages--:-#####--Claim ID:- 42536: -------#####--Success Factor ID:- 1531--------
12/21/2020 1:54:10 PM---Messages--:-#####--Claim ID:- 42599: -------#####--Success Factor ID:- 1222--------
12/21/2020 1:54:10 PM---Messages--:-#####--Claim ID:- 42640: -------#####--Success Factor ID:- 1830--------
12/21/2020 1:54:10 PM---Messages--:-#####--Claim ID:- 42644: -------#####--Success Factor ID:- 1212--------
12/21/2020 1:54:10 PM---Messages--:-#####--Claim ID:- 42659: -------#####--Success Factor ID:- 914--------
12/21/2020 1:54:10 PM---Messages--:-#####--Claim ID:- 42715: -------#####--Success Factor ID:- 769--------
12/21/2020 1:54:10 PM---Messages--:-#####--Claim ID:- 42819: -------#####--Success Factor ID:- 1716--------
12/21/2020 1:54:10 PM---Messages--:-#####--Claim ID:- 42815: -------#####--Success Factor ID:- 1831--------
12/21/2020 1:54:11 PM---Messages--:-#####--Claim ID:- 42831: -------#####--Success Factor ID:- 1697--------
12/21/2020 1:54:11 PM---Messages--:-#####--Claim ID:- 42540: -------#####--Success Factor ID:- 1442--------
12/21/2020 1:54:11 PM---Messages--:-#####--Claim ID:- 42785: -------#####--Success Factor ID:- 1775--------
12/21/2020 1:54:11 PM---Messages--:-#####--Claim ID:- 42837: -------#####--Success Factor ID:- 1634--------
12/21/2020 1:54:11 PM---Messages--:-#####--Claim ID:- 42857: -------#####--Success Factor ID:- 134--------
12/21/2020 1:54:11 PM---Messages--:-#####--Claim ID:- 42595: -------#####--Success Factor ID:- 1515--------
12/21/2020 1:54:11 PM---Messages--:-#####--Claim ID:- 42603: -------#####--Success Factor ID:- 1506--------
12/21/2020 1:54:12 PM---Messages--:-#####--Claim ID:- 42618: -------#####--Success Factor ID:- 1048--------
12/21/2020 1:54:12 PM---Messages--:-#####--Claim ID:- 42678: -------#####--Success Factor ID:- 1240--------
12/21/2020 1:54:12 PM---Messages--:-#####--Claim ID:- 42687: -------#####--Success Factor ID:- 1747--------
12/21/2020 1:54:12 PM---Messages--:-#####--Claim ID:- 42989: -------#####--Success Factor ID:- 1734--------
12/21/2020 1:54:12 PM---Messages--:-#####--Claim ID:- 42044: -------#####--Success Factor ID:- 1728--------
12/21/2020 1:54:12 PM---Messages--:-#####--Claim ID:- 42492: -------#####--Success Factor ID:- 1628--------
12/21/2020 1:54:12 PM---Messages--:-#####--Claim ID:- 42985: -------#####--Success Factor ID:- 1517--------
12/21/2020 1:54:12 PM---Messages--:-#####--Claim ID:- 42987: -------#####--Success Factor ID:- 1517--------
12/21/2020 1:54:12 PM---Messages--:-#####--Claim ID:- 42134: -------#####--Success Factor ID:- 1811--------
12/21/2020 1:54:13 PM---Messages--:Adding Success Factor: -------
12/21/2020 1:54:13 PM---Messages--:ExecuteDataSet: The conversion of a varchar data type to a datetime data type resulted in an out-of-range value.
The statement has been terminated.
12/21/2020 1:54:13 PM---Messages--:Success Factor is added successfully: -------------------
12/21/2020 1:59:51 PM---Messages--:****************************: ################NEW CONNECTION###############***********************
12/21/2020 1:59:51 PM---Messages--:Connected With   : Database :- TVI_PilotCompany
12/21/2020 2:00:45 PM---Messages--:-#####--Claim ID:- 40564: -------#####--Success Factor ID:- 1529--------
12/21/2020 2:00:45 PM---Messages--:-#####--Claim ID:- 42412: -------#####--Success Factor ID:- 1529--------
12/21/2020 2:00:45 PM---Messages--:-#####--Claim ID:- 42414: -------#####--Success Factor ID:- 1529--------
12/21/2020 2:00:45 PM---Messages--:-#####--Claim ID:- 42408: -------#####--Success Factor ID:- 1416--------
12/21/2020 2:00:45 PM---Messages--:-#####--Claim ID:- 42418: -------#####--Success Factor ID:- 1822--------
12/21/2020 2:00:45 PM---Messages--:-#####--Claim ID:- 42444: -------#####--Success Factor ID:- 1211--------
12/21/2020 2:00:45 PM---Messages--:-#####--Claim ID:- 42683: -------#####--Success Factor ID:- 509--------
12/21/2020 2:00:45 PM---Messages--:-#####--Claim ID:- 41351: -------#####--Success Factor ID:- 1457--------
12/21/2020 2:00:45 PM---Messages--:-#####--Claim ID:- 42500: -------#####--Success Factor ID:- 1843--------
12/21/2020 2:00:46 PM---Messages--:-#####--Claim ID:- 42530: -------#####--Success Factor ID:- 1484--------
12/21/2020 2:00:46 PM---Messages--:-#####--Claim ID:- 42532: -------#####--Success Factor ID:- 1484--------
12/21/2020 2:00:46 PM---Messages--:-#####--Claim ID:- 42585: -------#####--Success Factor ID:- 1839--------
12/21/2020 2:00:46 PM---Messages--:-#####--Claim ID:- 42587: -------#####--Success Factor ID:- 1839--------
12/21/2020 2:00:46 PM---Messages--:-#####--Claim ID:- 42695: -------#####--Success Factor ID:- 1768--------
12/21/2020 2:00:46 PM---Messages--:-#####--Claim ID:- 41020: -------#####--Success Factor ID:- 1768--------
12/21/2020 2:00:46 PM---Messages--:-#####--Claim ID:- 42690: -------#####--Success Factor ID:- 1768--------
12/21/2020 2:00:46 PM---Messages--:-#####--Claim ID:- 42762: -------#####--Success Factor ID:- 1348--------
12/21/2020 2:00:46 PM---Messages--:-#####--Claim ID:- 42490: -------#####--Success Factor ID:- 1525--------
12/21/2020 2:00:46 PM---Messages--:-#####--Claim ID:- 42518: -------#####--Success Factor ID:- 1532--------
12/21/2020 2:00:46 PM---Messages--:-#####--Claim ID:- 42522: -------#####--Success Factor ID:- 1569--------
12/21/2020 2:00:46 PM---Messages--:-#####--Claim ID:- 42536: -------#####--Success Factor ID:- 1531--------
12/21/2020 2:00:47 PM---Messages--:-#####--Claim ID:- 42599: -------#####--Success Factor ID:- 1222--------
12/21/2020 2:00:47 PM---Messages--:-#####--Claim ID:- 42640: -------#####--Success Factor ID:- 1830--------
12/21/2020 2:00:47 PM---Messages--:-#####--Claim ID:- 42644: -------#####--Success Factor ID:- 1212--------
12/21/2020 2:00:47 PM---Messages--:-#####--Claim ID:- 42659: -------#####--Success Factor ID:- 914--------
12/21/2020 2:00:47 PM---Messages--:-#####--Claim ID:- 42715: -------#####--Success Factor ID:- 769--------
12/21/2020 2:00:47 PM---Messages--:-#####--Claim ID:- 42819: -------#####--Success Factor ID:- 1716--------
12/21/2020 2:00:47 PM---Messages--:-#####--Claim ID:- 42815: -------#####--Success Factor ID:- 1831--------
12/21/2020 2:00:47 PM---Messages--:-#####--Claim ID:- 42831: -------#####--Success Factor ID:- 1697--------
12/21/2020 2:00:47 PM---Messages--:-#####--Claim ID:- 42540: -------#####--Success Factor ID:- 1442--------
12/21/2020 2:00:48 PM---Messages--:-#####--Claim ID:- 42785: -------#####--Success Factor ID:- 1775--------
12/21/2020 2:00:48 PM---Messages--:-#####--Claim ID:- 42837: -------#####--Success Factor ID:- 1634--------
12/21/2020 2:00:48 PM---Messages--:-#####--Claim ID:- 42857: -------#####--Success Factor ID:- 134--------
12/21/2020 2:00:48 PM---Messages--:-#####--Claim ID:- 42595: -------#####--Success Factor ID:- 1515--------
12/21/2020 2:00:48 PM---Messages--:-#####--Claim ID:- 42603: -------#####--Success Factor ID:- 1506--------
12/21/2020 2:00:48 PM---Messages--:-#####--Claim ID:- 42618: -------#####--Success Factor ID:- 1048--------
12/21/2020 2:00:48 PM---Messages--:-#####--Claim ID:- 42678: -------#####--Success Factor ID:- 1240--------
12/21/2020 2:00:48 PM---Messages--:-#####--Claim ID:- 42687: -------#####--Success Factor ID:- 1747--------
12/21/2020 2:00:48 PM---Messages--:-#####--Claim ID:- 42989: -------#####--Success Factor ID:- 1734--------
12/21/2020 2:00:49 PM---Messages--:-#####--Claim ID:- 42044: -------#####--Success Factor ID:- 1728--------
12/21/2020 2:00:49 PM---Messages--:-#####--Claim ID:- 42492: -------#####--Success Factor ID:- 1628--------
12/21/2020 2:00:49 PM---Messages--:-#####--Claim ID:- 42985: -------#####--Success Factor ID:- 1517--------
12/21/2020 2:00:49 PM---Messages--:-#####--Claim ID:- 42987: -------#####--Success Factor ID:- 1517--------
12/21/2020 2:00:49 PM---Messages--:-#####--Claim ID:- 42134: -------#####--Success Factor ID:- 1811--------
12/21/2020 2:00:49 PM---Messages--:Adding Success Factor: -------
12/21/2020 2:02:07 PM---Messages--:ExecuteDataSet: The conversion of a varchar data type to a datetime data type resulted in an out-of-range value.
The statement has been terminated.
12/21/2020 2:02:07 PM---Messages--:Success Factor is added successfully: -------------------
12/21/2020 2:02:13 PM---Messages--:****************************: ################NEW CONNECTION###############***********************
12/21/2020 2:02:13 PM---Messages--:Connected With   : Database :- TVI_PilotCompany
12/21/2020 2:37:05 PM---Messages--:****************************: ################NEW CONNECTION###############***********************
12/21/2020 2:37:05 PM---Messages--:Connected With   : Database :- TVI_PilotCompany
12/21/2020 2:37:15 PM---Messages--:-#####--Claim ID:- 40564: -------#####--Success Factor ID:- 1529--------
12/21/2020 2:37:15 PM---Messages--:-#####--Claim ID:- 42412: -------#####--Success Factor ID:- 1529--------
12/21/2020 2:37:15 PM---Messages--:-#####--Claim ID:- 42414: -------#####--Success Factor ID:- 1529--------
12/21/2020 2:37:15 PM---Messages--:-#####--Claim ID:- 42408: -------#####--Success Factor ID:- 1416--------
12/21/2020 2:37:15 PM---Messages--:-#####--Claim ID:- 42418: -------#####--Success Factor ID:- 1822--------
12/21/2020 2:37:16 PM---Messages--:-#####--Claim ID:- 42444: -------#####--Success Factor ID:- 1211--------
12/21/2020 2:37:16 PM---Messages--:-#####--Claim ID:- 42683: -------#####--Success Factor ID:- 509--------
12/21/2020 2:37:16 PM---Messages--:-#####--Claim ID:- 41351: -------#####--Success Factor ID:- 1457--------
12/21/2020 2:37:16 PM---Messages--:-#####--Claim ID:- 42500: -------#####--Success Factor ID:- 1843--------
12/21/2020 2:37:16 PM---Messages--:-#####--Claim ID:- 42530: -------#####--Success Factor ID:- 1484--------
12/21/2020 2:37:16 PM---Messages--:-#####--Claim ID:- 42532: -------#####--Success Factor ID:- 1484--------
12/21/2020 2:37:16 PM---Messages--:-#####--Claim ID:- 42585: -------#####--Success Factor ID:- 1839--------
12/21/2020 2:37:16 PM---Messages--:-#####--Claim ID:- 42587: -------#####--Success Factor ID:- 1839--------
12/21/2020 2:37:16 PM---Messages--:-#####--Claim ID:- 42695: -------#####--Success Factor ID:- 1768--------
12/21/2020 2:37:16 PM---Messages--:-#####--Claim ID:- 41020: -------#####--Success Factor ID:- 1768--------
12/21/2020 2:37:16 PM---Messages--:-#####--Claim ID:- 42690: -------#####--Success Factor ID:- 1768--------
12/21/2020 2:37:16 PM---Messages--:-#####--Claim ID:- 42762: -------#####--Success Factor ID:- 1348--------
12/21/2020 2:37:16 PM---Messages--:-#####--Claim ID:- 42490: -------#####--Success Factor ID:- 1525--------
12/21/2020 2:37:17 PM---Messages--:-#####--Claim ID:- 42518: -------#####--Success Factor ID:- 1532--------
12/21/2020 2:37:17 PM---Messages--:-#####--Claim ID:- 42522: -------#####--Success Factor ID:- 1569--------
12/21/2020 2:37:17 PM---Messages--:-#####--Claim ID:- 42536: -------#####--Success Factor ID:- 1531--------
12/21/2020 2:37:17 PM---Messages--:-#####--Claim ID:- 42599: -------#####--Success Factor ID:- 1222--------
12/21/2020 2:37:17 PM---Messages--:-#####--Claim ID:- 42640: -------#####--Success Factor ID:- 1830--------
12/21/2020 2:37:17 PM---Messages--:-#####--Claim ID:- 42644: -------#####--Success Factor ID:- 1212--------
12/21/2020 2:37:17 PM---Messages--:-#####--Claim ID:- 42659: -------#####--Success Factor ID:- 914--------
12/21/2020 2:37:17 PM---Messages--:-#####--Claim ID:- 42715: -------#####--Success Factor ID:- 769--------
12/21/2020 2:37:17 PM---Messages--:-#####--Claim ID:- 42819: -------#####--Success Factor ID:- 1716--------
12/21/2020 2:37:17 PM---Messages--:-#####--Claim ID:- 42815: -------#####--Success Factor ID:- 1831--------
12/21/2020 2:37:17 PM---Messages--:-#####--Claim ID:- 42831: -------#####--Success Factor ID:- 1697--------
12/21/2020 2:37:18 PM---Messages--:-#####--Claim ID:- 42540: -------#####--Success Factor ID:- 1442--------
12/21/2020 2:37:18 PM---Messages--:-#####--Claim ID:- 42785: -------#####--Success Factor ID:- 1775--------
12/21/2020 2:37:18 PM---Messages--:-#####--Claim ID:- 42837: -------#####--Success Factor ID:- 1634--------
12/21/2020 2:37:18 PM---Messages--:-#####--Claim ID:- 42857: -------#####--Success Factor ID:- 134--------
12/21/2020 2:37:18 PM---Messages--:-#####--Claim ID:- 42595: -------#####--Success Factor ID:- 1515--------
12/21/2020 2:37:18 PM---Messages--:-#####--Claim ID:- 42603: -------#####--Success Factor ID:- 1506--------
12/21/2020 2:37:18 PM---Messages--:-#####--Claim ID:- 42618: -------#####--Success Factor ID:- 1048--------
12/21/2020 2:37:18 PM---Messages--:-#####--Claim ID:- 42678: -------#####--Success Factor ID:- 1240--------
12/21/2020 2:37:18 PM---Messages--:-#####--Claim ID:- 42687: -------#####--Success Factor ID:- 1747--------
12/21/2020 2:37:18 PM---Messages--:-#####--Claim ID:- 42989: -------#####--Success Factor ID:- 1734--------
12/21/2020 2:37:19 PM---Messages--:-#####--Claim ID:- 42044: -------#####--Success Factor ID:- 1728--------
12/21/2020 2:37:19 PM---Messages--:-#####--Claim ID:- 42492: -------#####--Success Factor ID:- 1628--------
12/21/2020 2:37:19 PM---Messages--:-#####--Claim ID:- 42985: -------#####--Success Factor ID:- 1517--------
12/21/2020 2:37:19 PM---Messages--:-#####--Claim ID:- 42987: -------#####--Success Factor ID:- 1517--------
12/21/2020 2:37:19 PM---Messages--:-#####--Claim ID:- 42134: -------#####--Success Factor ID:- 1811--------
12/21/2020 2:37:19 PM---Messages--:Adding Success Factor: -------
12/21/2020 2:37:59 PM---Messages--:Success Factor is added successfully: -------------------
