10/17/2022 4:50:35 PM---Messages--:****************************: ################NEW CONNECTION###############***********************
10/17/2022 4:50:35 PM---Messages--:Connected With   : Database :- TVI_PilotCompany
10/17/2022 4:51:39 PM---Messages--:-#####--Claim ID:- 80878: -------#####--Success Factor ID:- 1895--------
10/17/2022 4:51:39 PM---Messages--:-#####--Claim ID:- 82161: -------#####--Success Factor ID:- 2039--------
10/17/2022 4:51:40 PM---Messages--:-#####--Claim ID:- 84102: -------#####--Success Factor ID:- 2039--------
10/17/2022 4:51:40 PM---Messages--:-#####--Claim ID:- 81714: -------#####--Success Factor ID:- 1878--------
10/17/2022 4:51:40 PM---Messages--:-#####--Claim ID:- 80219: -------#####--Success Factor ID:- 1878--------
10/17/2022 4:51:40 PM---Messages--:-#####--Claim ID:- 82989: -------#####--Success Factor ID:- 1878--------
10/17/2022 4:51:40 PM---Messages--:-#####--Claim ID:- 83727: -------#####--Success Factor ID:- 1543--------
10/17/2022 4:51:40 PM---Messages--:-#####--Claim ID:- 78743: -------#####--Success Factor ID:- 1509--------
10/17/2022 4:51:40 PM---Messages--:-#####--Claim ID:- 81863: -------#####--Success Factor ID:- 1509--------
10/17/2022 4:51:40 PM---Messages--:-#####--Claim ID:- 79046: -------#####--Success Factor ID:- 1285--------
10/17/2022 4:51:40 PM---Messages--:-#####--Claim ID:- 79044: -------#####--Success Factor ID:- 1285--------
10/17/2022 4:51:40 PM---Messages--:-#####--Claim ID:- 79045: -------#####--Success Factor ID:- 1285--------
10/17/2022 4:51:40 PM---Messages--:-#####--Claim ID:- 83810: -------#####--Success Factor ID:- 1733--------
10/17/2022 4:51:40 PM---Messages--:-#####--Claim ID:- 83805: -------#####--Success Factor ID:- 1733--------
10/17/2022 4:51:40 PM---Messages--:-#####--Claim ID:- 83798: -------#####--Success Factor ID:- 1733--------
10/17/2022 4:51:40 PM---Messages--:-#####--Claim ID:- 81518: -------#####--Success Factor ID:- 1995--------
10/17/2022 4:51:40 PM---Messages--:-#####--Claim ID:- 82963: -------#####--Success Factor ID:- 1995--------
10/17/2022 4:51:41 PM---Messages--:-#####--Claim ID:- 82965: -------#####--Success Factor ID:- 1995--------
10/17/2022 4:51:41 PM---Messages--:-#####--Claim ID:- 80427: -------#####--Success Factor ID:- 1995--------
10/17/2022 4:51:41 PM---Messages--:-#####--Claim ID:- 81516: -------#####--Success Factor ID:- 1995--------
10/17/2022 4:51:41 PM---Messages--:-#####--Claim ID:- 81519: -------#####--Success Factor ID:- 1995--------
10/17/2022 4:51:41 PM---Messages--:-#####--Claim ID:- 81517: -------#####--Success Factor ID:- 1995--------
10/17/2022 4:51:41 PM---Messages--:-#####--Claim ID:- 82962: -------#####--Success Factor ID:- 1995--------
10/17/2022 4:51:41 PM---Messages--:-#####--Claim ID:- 82964: -------#####--Success Factor ID:- 1995--------
10/17/2022 4:51:41 PM---Messages--:-#####--Claim ID:- 80426: -------#####--Success Factor ID:- 1995--------
10/17/2022 4:51:41 PM---Messages--:-#####--Claim ID:- 82760: -------#####--Success Factor ID:- 1978--------
10/17/2022 4:51:41 PM---Messages--:-#####--Claim ID:- 82758: -------#####--Success Factor ID:- 1978--------
10/17/2022 4:51:41 PM---Messages--:-#####--Claim ID:- 83127: -------#####--Success Factor ID:- 1944--------
10/17/2022 4:51:41 PM---Messages--:-#####--Claim ID:- 83155: -------#####--Success Factor ID:- 2068--------
10/17/2022 4:51:41 PM---Messages--:-#####--Claim ID:- 83158: -------#####--Success Factor ID:- 2068--------
10/17/2022 4:51:41 PM---Messages--:-#####--Claim ID:- 83156: -------#####--Success Factor ID:- 2068--------
10/17/2022 4:51:41 PM---Messages--:-#####--Claim ID:- 83157: -------#####--Success Factor ID:- 2068--------
10/17/2022 4:51:41 PM---Messages--:-#####--Claim ID:- 83234: -------#####--Success Factor ID:- 2016--------
10/17/2022 4:51:41 PM---Messages--:-#####--Claim ID:- 83232: -------#####--Success Factor ID:- 2016--------
10/17/2022 4:51:41 PM---Messages--:-#####--Claim ID:- 83235: -------#####--Success Factor ID:- 2016--------
10/17/2022 4:51:41 PM---Messages--:-#####--Claim ID:- 83233: -------#####--Success Factor ID:- 2016--------
10/17/2022 4:51:41 PM---Messages--:-#####--Claim ID:- 83236: -------#####--Success Factor ID:- 2016--------
10/17/2022 4:51:42 PM---Messages--:-#####--Claim ID:- 83366: -------#####--Success Factor ID:- 1719--------
10/17/2022 4:51:42 PM---Messages--:-#####--Claim ID:- 83493: -------#####--Success Factor ID:- 1714--------
10/17/2022 4:51:42 PM---Messages--:-#####--Claim ID:- 80541: -------#####--Success Factor ID:- 1714--------
10/17/2022 4:51:42 PM---Messages--:-#####--Claim ID:- 83602: -------#####--Success Factor ID:- 1766--------
10/17/2022 4:51:42 PM---Messages--:-#####--Claim ID:- 83605: -------#####--Success Factor ID:- 1766--------
10/17/2022 4:51:42 PM---Messages--:-#####--Claim ID:- 83686: -------#####--Success Factor ID:- 1634--------
10/17/2022 4:51:42 PM---Messages--:-#####--Claim ID:- 80908: -------#####--Success Factor ID:- 1634--------
10/17/2022 4:51:42 PM---Messages--:-#####--Claim ID:- 83766: -------#####--Success Factor ID:- 1943--------
10/17/2022 4:51:42 PM---Messages--:-#####--Claim ID:- 80539: -------#####--Success Factor ID:- 1943--------
10/17/2022 4:51:42 PM---Messages--:-#####--Claim ID:- 80131: -------#####--Success Factor ID:- 2032--------
10/17/2022 4:51:42 PM---Messages--:-#####--Claim ID:- 81566: -------#####--Success Factor ID:- 2032--------
10/17/2022 4:51:42 PM---Messages--:-#####--Claim ID:- 80415: -------#####--Success Factor ID:- 1942--------
10/17/2022 4:51:42 PM---Messages--:-#####--Claim ID:- 83565: -------#####--Success Factor ID:- 1942--------
10/17/2022 4:51:42 PM---Messages--:-#####--Claim ID:- 80416: -------#####--Success Factor ID:- 1942--------
10/17/2022 4:51:43 PM---Messages--:-#####--Claim ID:- 83566: -------#####--Success Factor ID:- 1942--------
10/17/2022 4:51:43 PM---Messages--:-#####--Claim ID:- 83038: -------#####--Success Factor ID:- 1942--------
10/17/2022 4:51:43 PM---Messages--:-#####--Claim ID:- 83567: -------#####--Success Factor ID:- 1942--------
10/17/2022 4:51:43 PM---Messages--:-#####--Claim ID:- 83568: -------#####--Success Factor ID:- 1942--------
10/17/2022 4:51:43 PM---Messages--:-#####--Claim ID:- 80414: -------#####--Success Factor ID:- 1942--------
10/17/2022 4:51:43 PM---Messages--:-#####--Claim ID:- 80417: -------#####--Success Factor ID:- 1942--------
10/17/2022 4:51:43 PM---Messages--:-#####--Claim ID:- 80450: -------#####--Success Factor ID:- 1938--------
10/17/2022 4:51:43 PM---Messages--:-#####--Claim ID:- 80451: -------#####--Success Factor ID:- 1938--------
10/17/2022 4:51:43 PM---Messages--:-#####--Claim ID:- 80904: -------#####--Success Factor ID:- 2023--------
10/17/2022 4:51:43 PM---Messages--:-#####--Claim ID:- 80905: -------#####--Success Factor ID:- 2023--------
10/17/2022 4:51:43 PM---Messages--:-#####--Claim ID:- 80906: -------#####--Success Factor ID:- 2023--------
10/17/2022 4:51:43 PM---Messages--:-#####--Claim ID:- 80990: -------#####--Success Factor ID:- 1791--------
10/17/2022 4:51:43 PM---Messages--:-#####--Claim ID:- 80970: -------#####--Success Factor ID:- 1791--------
10/17/2022 4:51:43 PM---Messages--:-#####--Claim ID:- 81831: -------#####--Success Factor ID:- 1599--------
10/17/2022 4:51:43 PM---Messages--:-#####--Claim ID:- 83639: -------#####--Success Factor ID:- 1599--------
10/17/2022 4:51:43 PM---Messages--:-#####--Claim ID:- 83437: -------#####--Success Factor ID:- 1431--------
10/17/2022 4:51:43 PM---Messages--:-#####--Claim ID:- 83434: -------#####--Success Factor ID:- 1431--------
10/17/2022 4:51:44 PM---Messages--:-#####--Claim ID:- 83710: -------#####--Success Factor ID:- 1780--------
10/17/2022 4:51:44 PM---Messages--:-#####--Claim ID:- 80896: -------#####--Success Factor ID:- 1780--------
10/17/2022 4:51:44 PM---Messages--:-#####--Claim ID:- 80579: -------#####--Success Factor ID:- 1786--------
10/17/2022 4:51:44 PM---Messages--:-#####--Claim ID:- 81392: -------#####--Success Factor ID:- 1786--------
10/17/2022 4:51:44 PM---Messages--:-#####--Claim ID:- 80812: -------#####--Success Factor ID:- 2044--------
10/17/2022 4:51:44 PM---Messages--:-#####--Claim ID:- 80825: -------#####--Success Factor ID:- 2044--------
10/17/2022 4:51:44 PM---Messages--:-#####--Claim ID:- 82901: -------#####--Success Factor ID:- 2044--------
10/17/2022 4:51:44 PM---Messages--:-#####--Claim ID:- 80245: -------#####--Success Factor ID:- 1773--------
10/17/2022 4:51:44 PM---Messages--:-#####--Claim ID:- 80238: -------#####--Success Factor ID:- 1773--------
10/17/2022 4:51:44 PM---Messages--:-#####--Claim ID:- 80243: -------#####--Success Factor ID:- 1773--------
10/17/2022 4:51:44 PM---Messages--:-#####--Claim ID:- 80246: -------#####--Success Factor ID:- 1773--------
10/17/2022 4:51:44 PM---Messages--:-#####--Claim ID:- 80244: -------#####--Success Factor ID:- 1773--------
10/17/2022 4:51:44 PM---Messages--:-#####--Claim ID:- 82170: -------#####--Success Factor ID:- 1211--------
10/17/2022 4:51:44 PM---Messages--:-#####--Claim ID:- 82877: -------#####--Success Factor ID:- 2076--------
10/17/2022 4:51:44 PM---Messages--:-#####--Claim ID:- 83623: -------#####--Success Factor ID:- 1648--------
10/17/2022 4:51:45 PM---Messages--:-#####--Claim ID:- 82030: -------#####--Success Factor ID:- 1811--------
10/17/2022 4:51:45 PM---Messages--:-#####--Claim ID:- 83255: -------#####--Success Factor ID:- 1811--------
10/17/2022 4:51:45 PM---Messages--:-#####--Claim ID:- 82401: -------#####--Success Factor ID:- 2028--------
10/17/2022 4:51:45 PM---Messages--:-#####--Claim ID:- 79919: -------#####--Success Factor ID:- 2028--------
10/17/2022 4:51:45 PM---Messages--:-#####--Claim ID:- 82991: -------#####--Success Factor ID:- 1799--------
10/17/2022 4:51:45 PM---Messages--:-#####--Claim ID:- 80369: -------#####--Success Factor ID:- 1687--------
10/17/2022 4:51:45 PM---Messages--:-#####--Claim ID:- 80522: -------#####--Success Factor ID:- 1933--------
10/17/2022 4:51:45 PM---Messages--:-#####--Claim ID:- 80523: -------#####--Success Factor ID:- 1933--------
10/17/2022 4:51:45 PM---Messages--:-#####--Claim ID:- 80577: -------#####--Success Factor ID:- 1534--------
10/17/2022 4:51:45 PM---Messages--:-#####--Claim ID:- 80787: -------#####--Success Factor ID:- 1873--------
10/17/2022 4:51:45 PM---Messages--:-#####--Claim ID:- 80788: -------#####--Success Factor ID:- 1873--------
10/17/2022 4:51:45 PM---Messages--:-#####--Claim ID:- 81029: -------#####--Success Factor ID:- 1656--------
10/17/2022 4:51:46 PM---Messages--:-#####--Claim ID:- 81738: -------#####--Success Factor ID:- 1742--------
10/17/2022 4:51:46 PM---Messages--:-#####--Claim ID:- 82593: -------#####--Success Factor ID:- 1645--------
10/17/2022 4:51:46 PM---Messages--:-#####--Claim ID:- 83293: -------#####--Success Factor ID:- 1510--------
10/17/2022 4:51:46 PM---Messages--:-#####--Claim ID:- 81122: -------#####--Success Factor ID:- 1510--------
10/17/2022 4:51:46 PM---Messages--:-#####--Claim ID:- 83743: -------#####--Success Factor ID:- 1613--------
10/17/2022 4:51:46 PM---Messages--:-#####--Claim ID:- 80858: -------#####--Success Factor ID:- 1870--------
10/17/2022 4:51:46 PM---Messages--:-#####--Claim ID:- 83617: -------#####--Success Factor ID:- 1870--------
10/17/2022 4:51:46 PM---Messages--:-#####--Claim ID:- 81008: -------#####--Success Factor ID:- 1628--------
10/17/2022 4:51:46 PM---Messages--:-#####--Claim ID:- 81085: -------#####--Success Factor ID:- 1989--------
10/17/2022 4:51:47 PM---Messages--:-#####--Claim ID:- 82082: -------#####--Success Factor ID:- 1824--------
10/17/2022 4:51:47 PM---Messages--:-#####--Claim ID:- 82915: -------#####--Success Factor ID:- 2073--------
10/17/2022 4:51:47 PM---Messages--:-#####--Claim ID:- 83059: -------#####--Success Factor ID:- 1893--------
10/17/2022 4:51:47 PM---Messages--:-#####--Claim ID:- 83421: -------#####--Success Factor ID:- 1925--------
10/17/2022 4:51:47 PM---Messages--:-#####--Claim ID:- 83784: -------#####--Success Factor ID:- 1916--------
10/17/2022 4:51:47 PM---Messages--:-#####--Claim ID:- 79660: -------#####--Success Factor ID:- 1998--------
10/17/2022 4:51:47 PM---Messages--:-#####--Claim ID:- 82050: -------#####--Success Factor ID:- 1998--------
10/17/2022 4:51:47 PM---Messages--:-#####--Claim ID:- 80735: -------#####--Success Factor ID:- CONT-018--------
10/17/2022 4:51:47 PM---Messages--:-#####--Claim ID:- 80734: -------#####--Success Factor ID:- CONT-018--------
10/17/2022 4:51:47 PM---Messages--:-#####--Claim ID:- 80736: -------#####--Success Factor ID:- CONT-018--------
10/17/2022 4:51:47 PM---Messages--:-#####--Claim ID:- 80886: -------#####--Success Factor ID:- 1153--------
10/17/2022 4:51:48 PM---Messages--:-#####--Claim ID:- 83204: -------#####--Success Factor ID:- 1611--------
10/17/2022 4:51:48 PM---Messages--:-#####--Claim ID:- 83497: -------#####--Success Factor ID:- 1442--------
10/17/2022 4:51:48 PM---Messages--:-#####--Claim ID:- 80221: -------#####--Success Factor ID:- 1442--------
10/17/2022 4:51:48 PM---Messages--:-#####--Claim ID:- 83747: -------#####--Success Factor ID:- 2027--------
10/17/2022 4:51:48 PM---Messages--:-#####--Claim ID:- 80872: -------#####--Success Factor ID:- 2027--------
10/17/2022 4:51:48 PM---Messages--:-#####--Claim ID:- 83968: -------#####--Success Factor ID:- 2074--------
10/17/2022 4:51:48 PM---Messages--:-#####--Claim ID:- 79186: -------#####--Success Factor ID:- 1390--------
10/17/2022 4:51:48 PM---Messages--:-#####--Claim ID:- 80091: -------#####--Success Factor ID:- 1655--------
10/17/2022 4:51:48 PM---Messages--:-#####--Claim ID:- 80634: -------#####--Success Factor ID:- 2048--------
10/17/2022 4:51:49 PM---Messages--:-#####--Claim ID:- 81000: -------#####--Success Factor ID:- 1691--------
10/17/2022 4:51:49 PM---Messages--:-#####--Claim ID:- 83527: -------#####--Success Factor ID:- 1980--------
10/17/2022 4:51:49 PM---Messages--:-#####--Claim ID:- 83558: -------#####--Success Factor ID:- 1834--------
10/17/2022 4:51:49 PM---Messages--:-#####--Claim ID:- 83778: -------#####--Success Factor ID:- 1810--------
10/17/2022 4:51:49 PM---Messages--:-#####--Claim ID:- 80192: -------#####--Success Factor ID:- 1785--------
10/17/2022 4:51:49 PM---Messages--:-#####--Claim ID:- 80638: -------#####--Success Factor ID:- 1258--------
10/17/2022 4:51:49 PM---Messages--:-#####--Claim ID:- 83823: -------#####--Success Factor ID:- 1374--------
10/17/2022 4:51:49 PM---Messages--:-#####--Claim ID:- 80089: -------#####--Success Factor ID:- 1852--------
10/17/2022 4:51:50 PM---Messages--:-#####--Claim ID:- 80499: -------#####--Success Factor ID:- 1909--------
10/17/2022 4:51:50 PM---Messages--:-#####--Claim ID:- 80708: -------#####--Success Factor ID:- 1837--------
10/17/2022 4:51:50 PM---Messages--:-#####--Claim ID:- 80950: -------#####--Success Factor ID:- 1937--------
10/17/2022 4:51:50 PM---Messages--:-#####--Claim ID:- 81398: -------#####--Success Factor ID:- 2029--------
10/17/2022 4:51:50 PM---Messages--:-#####--Claim ID:- 81795: -------#####--Success Factor ID:- CONT-011--------
10/17/2022 4:51:50 PM---Messages--:-#####--Claim ID:- 80101: -------#####--Success Factor ID:- 460--------
10/17/2022 4:51:50 PM---Messages--:-#####--Claim ID:- 79862: -------#####--Success Factor ID:- 1529--------
10/17/2022 4:51:50 PM---Messages--:-#####--Claim ID:- 81981: -------#####--Success Factor ID:- 1796--------
10/17/2022 4:51:50 PM---Messages--:Adding Success Factor: -------
10/17/2022 4:51:51 PM---Messages--:Success Factor is added successfully: -------------------
10/17/2022 4:52:00 PM---Messages--:Main: Object reference not set to an instance of an object.
