12/2/2022 12:34:11 PM---Messages--:****************************: ################NEW CONNECTION###############***********************
12/2/2022 12:34:11 PM---Messages--:Connected With   : Database :- TVI_PilotCompany
12/2/2022 12:52:59 PM---Messages--:****************************: ################NEW CONNECTION###############***********************
12/2/2022 12:52:59 PM---Messages--:Connected With   : Database :- TVI_PilotCompany
12/2/2022 12:53:18 PM---Messages--:Start Deleting Top two row: --------2-----------
12/2/2022 12:53:21 PM---Messages--:End Deleting Top two row: -------2------------
12/2/2022 12:53:21 PM---Messages--:Start importing from Excel: --------3-----------
12/2/2022 12:53:25 PM---Messages--:Adding Success Factor: -------
12/2/2022 12:53:25 PM---Messages--:ExecuteDataSet: Incorrect syntax near 'VALUES'.
12/2/2022 12:53:26 PM---Messages--:ExecuteDataSet: Incorrect syntax near 'VALUES'.
12/2/2022 12:53:27 PM---Messages--:Success Factor is added successfully: -------------------
12/2/2022 12:53:28 PM---Messages--:Start Move sucessfully after error: --------6-----------
12/2/2022 3:07:02 PM---Messages--:****************************: ################NEW CONNECTION###############***********************
12/2/2022 3:07:02 PM---Messages--:Connected With   : Database :- ZTest_24_Nov_2022
12/2/2022 3:07:18 PM---Messages--:Start Deleting Top two row: --------2-----------
12/2/2022 3:07:21 PM---Messages--:End Deleting Top two row: -------2------------
12/2/2022 3:07:21 PM---Messages--:Start importing from Excel: --------3-----------
12/2/2022 3:08:08 PM---Messages--:-#####--Claim ID:- 89710: -------#####--Success Factor ID:- 1431--------
12/2/2022 3:08:08 PM---Messages--:-#####--Claim ID:- 89711: -------#####--Success Factor ID:- 1431--------
12/2/2022 3:08:08 PM---Messages--:-#####--Claim ID:- 89712: -------#####--Success Factor ID:- 1431--------
12/2/2022 3:08:08 PM---Messages--:-#####--Claim ID:- 89704: -------#####--Success Factor ID:- 1431--------
12/2/2022 3:08:08 PM---Messages--:-#####--Claim ID:- 89714: -------#####--Success Factor ID:- 1431--------
12/2/2022 3:08:08 PM---Messages--:-#####--Claim ID:- 89481: -------#####--Success Factor ID:- 2005--------
12/2/2022 3:08:09 PM---Messages--:-#####--Claim ID:- 89482: -------#####--Success Factor ID:- 2005--------
12/2/2022 3:08:09 PM---Messages--:-#####--Claim ID:- 89458: -------#####--Success Factor ID:- 2005--------
12/2/2022 3:08:09 PM---Messages--:-#####--Claim ID:- 89537: -------#####--Success Factor ID:- 2543083--------
12/2/2022 3:08:09 PM---Messages--:-#####--Claim ID:- 89545: -------#####--Success Factor ID:- 2543083--------
12/2/2022 3:08:09 PM---Messages--:-#####--Claim ID:- 89533: -------#####--Success Factor ID:- 2543083--------
12/2/2022 3:08:09 PM---Messages--:-#####--Claim ID:- 89436: -------#####--Success Factor ID:- 872--------
12/2/2022 3:08:09 PM---Messages--:-#####--Claim ID:- 89371: -------#####--Success Factor ID:- 1702--------
12/2/2022 3:08:10 PM---Messages--:-#####--Claim ID:- 89211: -------#####--Success Factor ID:- 1716--------
12/2/2022 3:08:10 PM---Messages--:-#####--Claim ID:- 90183: -------#####--Success Factor ID:- 2039--------
12/2/2022 3:08:10 PM---Messages--:-#####--Claim ID:- 90142: -------#####--Success Factor ID:- 2039--------
12/2/2022 3:08:10 PM---Messages--:-#####--Claim ID:- 90195: -------#####--Success Factor ID:- 2039--------
12/2/2022 3:08:11 PM---Messages--:-#####--Claim ID:- 90216: -------#####--Success Factor ID:- 1375--------
12/2/2022 3:08:12 PM---Messages--:-#####--Claim ID:- 90252: -------#####--Success Factor ID:- 1982--------
12/2/2022 3:08:12 PM---Messages--:-#####--Claim ID:- 90248: -------#####--Success Factor ID:- CONT-011--------
12/2/2022 3:08:13 PM---Messages--:-#####--Claim ID:- 89812: -------#####--Success Factor ID:- 2599835--------
12/2/2022 3:08:13 PM---Messages--:-#####--Claim ID:- 89816: -------#####--Success Factor ID:- 2599835--------
12/2/2022 3:08:13 PM---Messages--:-#####--Claim ID:- 89814: -------#####--Success Factor ID:- 2599835--------
12/2/2022 3:08:13 PM---Messages--:-#####--Claim ID:- 89718: -------#####--Success Factor ID:- 2634584--------
12/2/2022 3:08:13 PM---Messages--:-#####--Claim ID:- 89738: -------#####--Success Factor ID:- 2634584--------
12/2/2022 3:08:13 PM---Messages--:-#####--Claim ID:- 89739: -------#####--Success Factor ID:- 2634584--------
12/2/2022 3:08:13 PM---Messages--:-#####--Claim ID:- 89740: -------#####--Success Factor ID:- 2634584--------
12/2/2022 3:08:13 PM---Messages--:-#####--Claim ID:- 89728: -------#####--Success Factor ID:- 2634584--------
12/2/2022 3:08:14 PM---Messages--:-#####--Claim ID:- 89441: -------#####--Success Factor ID:- 2543087--------
12/2/2022 3:08:14 PM---Messages--:-#####--Claim ID:- 89223: -------#####--Success Factor ID:- 2543207--------
12/2/2022 3:08:14 PM---Messages--:-#####--Claim ID:- 89233: -------#####--Success Factor ID:- 2543077--------
12/2/2022 3:08:14 PM---Messages--:-#####--Claim ID:- 89235: -------#####--Success Factor ID:- 2543077--------
12/2/2022 3:08:14 PM---Messages--:-#####--Claim ID:- 89237: -------#####--Success Factor ID:- 2543077--------
12/2/2022 3:08:14 PM---Messages--:-#####--Claim ID:- 89469: -------#####--Success Factor ID:- 2543107--------
12/2/2022 3:08:15 PM---Messages--:-#####--Claim ID:- 89495: -------#####--Success Factor ID:- 2543088--------
12/2/2022 3:08:15 PM---Messages--:-#####--Claim ID:- 89499: -------#####--Success Factor ID:- 2543088--------
12/2/2022 3:08:15 PM---Messages--:-#####--Claim ID:- 89493: -------#####--Success Factor ID:- 2543088--------
12/2/2022 3:08:15 PM---Messages--:-#####--Claim ID:- 87336: -------#####--Success Factor ID:- 2558999--------
12/2/2022 3:08:15 PM---Messages--:-#####--Claim ID:- 87342: -------#####--Success Factor ID:- 2558999--------
12/2/2022 3:08:15 PM---Messages--:-#####--Claim ID:- 87331: -------#####--Success Factor ID:- 2558999--------
12/2/2022 3:08:15 PM---Messages--:-#####--Claim ID:- 87332: -------#####--Success Factor ID:- 2558999--------
12/2/2022 3:08:15 PM---Messages--:-#####--Claim ID:- 87333: -------#####--Success Factor ID:- 2558999--------
12/2/2022 3:08:17 PM---Messages--:-#####--Claim ID:- 88125: -------#####--Success Factor ID:- 2550364--------
12/2/2022 3:08:17 PM---Messages--:-#####--Claim ID:- 88124: -------#####--Success Factor ID:- 2550364--------
12/2/2022 3:08:17 PM---Messages--:-#####--Claim ID:- 88123: -------#####--Success Factor ID:- 2550364--------
12/2/2022 3:08:17 PM---Messages--:-#####--Claim ID:- 88122: -------#####--Success Factor ID:- 2550364--------
12/2/2022 3:08:17 PM---Messages--:-#####--Claim ID:- 88121: -------#####--Success Factor ID:- 2550364--------
12/2/2022 3:08:17 PM---Messages--:-#####--Claim ID:- 88120: -------#####--Success Factor ID:- 2550364--------
12/2/2022 3:08:17 PM---Messages--:-#####--Claim ID:- 88119: -------#####--Success Factor ID:- 2550364--------
12/2/2022 3:08:17 PM---Messages--:-#####--Claim ID:- 88118: -------#####--Success Factor ID:- 2550364--------
12/2/2022 3:08:17 PM---Messages--:-#####--Claim ID:- 88117: -------#####--Success Factor ID:- 2550364--------
12/2/2022 3:08:17 PM---Messages--:-#####--Claim ID:- 88116: -------#####--Success Factor ID:- 2550364--------
12/2/2022 3:08:17 PM---Messages--:-#####--Claim ID:- 85699: -------#####--Success Factor ID:- 2550364--------
12/2/2022 3:08:17 PM---Messages--:-#####--Claim ID:- 85698: -------#####--Success Factor ID:- 2550364--------
12/2/2022 3:08:17 PM---Messages--:-#####--Claim ID:- 85697: -------#####--Success Factor ID:- 2550364--------
12/2/2022 3:08:18 PM---Messages--:-#####--Claim ID:- 85686: -------#####--Success Factor ID:- 2550364--------
12/2/2022 3:08:18 PM---Messages--:-#####--Claim ID:- 85687: -------#####--Success Factor ID:- 2550364--------
12/2/2022 3:08:18 PM---Messages--:-#####--Claim ID:- 85688: -------#####--Success Factor ID:- 2550364--------
12/2/2022 3:08:18 PM---Messages--:-#####--Claim ID:- 85689: -------#####--Success Factor ID:- 2550364--------
12/2/2022 3:08:18 PM---Messages--:-#####--Claim ID:- 85693: -------#####--Success Factor ID:- 2550364--------
12/2/2022 3:08:18 PM---Messages--:-#####--Claim ID:- 85694: -------#####--Success Factor ID:- 2550364--------
12/2/2022 3:08:18 PM---Messages--:-#####--Claim ID:- 85700: -------#####--Success Factor ID:- 2550364--------
12/2/2022 3:08:19 PM---Messages--:-#####--Claim ID:- 85695: -------#####--Success Factor ID:- 2550364--------
12/2/2022 3:08:19 PM---Messages--:-#####--Claim ID:- 85696: -------#####--Success Factor ID:- 2550364--------
12/2/2022 3:08:19 PM---Messages--:-#####--Claim ID:- 86354: -------#####--Success Factor ID:- 2550364--------
12/2/2022 3:08:19 PM---Messages--:-#####--Claim ID:- 86355: -------#####--Success Factor ID:- 2550364--------
12/2/2022 3:08:19 PM---Messages--:-#####--Claim ID:- 85705: -------#####--Success Factor ID:- 2550364--------
12/2/2022 3:08:19 PM---Messages--:-#####--Claim ID:- 85706: -------#####--Success Factor ID:- 2550364--------
12/2/2022 3:08:19 PM---Messages--:-#####--Claim ID:- 85712: -------#####--Success Factor ID:- 2550364--------
12/2/2022 3:08:19 PM---Messages--:-#####--Claim ID:- 85713: -------#####--Success Factor ID:- 2550364--------
12/2/2022 3:08:19 PM---Messages--:-#####--Claim ID:- 85714: -------#####--Success Factor ID:- 2550364--------
12/2/2022 3:08:19 PM---Messages--:-#####--Claim ID:- 85715: -------#####--Success Factor ID:- 2550364--------
12/2/2022 3:08:19 PM---Messages--:-#####--Claim ID:- 85716: -------#####--Success Factor ID:- 2550364--------
12/2/2022 3:08:20 PM---Messages--:-#####--Claim ID:- 90197: -------#####--Success Factor ID:- 2543102--------
12/2/2022 3:08:20 PM---Messages--:-#####--Claim ID:- 90103: -------#####--Success Factor ID:- 2543102--------
12/2/2022 3:08:20 PM---Messages--:-#####--Claim ID:- 85141: -------#####--Success Factor ID:- 2543049--------
12/2/2022 3:08:21 PM---Messages--:-#####--Claim ID:- 89486: -------#####--Success Factor ID:- 2099--------
12/2/2022 3:08:21 PM---Messages--:-#####--Claim ID:- 89484: -------#####--Success Factor ID:- 1899--------
12/2/2022 3:08:22 PM---Messages--:-#####--Claim ID:- 88580: -------#####--Success Factor ID:- 1980--------
12/2/2022 3:08:22 PM---Messages--:-#####--Claim ID:- 88582: -------#####--Success Factor ID:- 1980--------
12/2/2022 3:08:22 PM---Messages--:-#####--Claim ID:- 84918: -------#####--Success Factor ID:- 2553728--------
12/2/2022 3:08:22 PM---Messages--:Adding Success Factor: -------
12/2/2022 3:09:10 PM---Messages--:Success Factor is added successfully: -------------------
12/2/2022 3:10:22 PM---Messages--:Start Move sucessfully after error: --------6-----------
12/2/2022 3:13:33 PM---Messages--:****************************: ################NEW CONNECTION###############***********************
12/2/2022 3:13:33 PM---Messages--:Connected With   : Database :- Ztest_09_08_2022
12/2/2022 3:13:57 PM---Messages--:Start Deleting Top two row: --------2-----------
12/2/2022 3:14:03 PM---Messages--:End Deleting Top two row: -------2------------
12/2/2022 3:14:03 PM---Messages--:Start importing from Excel: --------3-----------
12/2/2022 3:14:55 PM---Messages--:-#####--Claim ID:- 89710: -------#####--Success Factor ID:- 1431--------
12/2/2022 3:14:55 PM---Messages--:-#####--Claim ID:- 89711: -------#####--Success Factor ID:- 1431--------
12/2/2022 3:14:55 PM---Messages--:-#####--Claim ID:- 89712: -------#####--Success Factor ID:- 1431--------
12/2/2022 3:14:55 PM---Messages--:-#####--Claim ID:- 89704: -------#####--Success Factor ID:- 1431--------
12/2/2022 3:14:55 PM---Messages--:-#####--Claim ID:- 89714: -------#####--Success Factor ID:- 1431--------
12/2/2022 3:14:55 PM---Messages--:-#####--Claim ID:- 89481: -------#####--Success Factor ID:- 2005--------
12/2/2022 3:14:55 PM---Messages--:-#####--Claim ID:- 89482: -------#####--Success Factor ID:- 2005--------
12/2/2022 3:14:56 PM---Messages--:-#####--Claim ID:- 89458: -------#####--Success Factor ID:- 2005--------
12/2/2022 3:14:58 PM---Messages--:-#####--Claim ID:- 89537: -------#####--Success Factor ID:- 2543083--------
12/2/2022 3:14:58 PM---Messages--:-#####--Claim ID:- 89545: -------#####--Success Factor ID:- 2543083--------
12/2/2022 3:14:59 PM---Messages--:-#####--Claim ID:- 89533: -------#####--Success Factor ID:- 2543083--------
12/2/2022 3:14:59 PM---Messages--:-#####--Claim ID:- 89436: -------#####--Success Factor ID:- 872--------
12/2/2022 3:14:59 PM---Messages--:-#####--Claim ID:- 89371: -------#####--Success Factor ID:- 1702--------
12/2/2022 3:15:00 PM---Messages--:-#####--Claim ID:- 89211: -------#####--Success Factor ID:- 1716--------
12/2/2022 3:15:00 PM---Messages--:-#####--Claim ID:- 90183: -------#####--Success Factor ID:- 2039--------
12/2/2022 3:15:00 PM---Messages--:-#####--Claim ID:- 90142: -------#####--Success Factor ID:- 2039--------
12/2/2022 3:15:00 PM---Messages--:-#####--Claim ID:- 90195: -------#####--Success Factor ID:- 2039--------
12/2/2022 3:15:03 PM---Messages--:-#####--Claim ID:- 90216: -------#####--Success Factor ID:- 1375--------
12/2/2022 3:15:05 PM---Messages--:-#####--Claim ID:- 90252: -------#####--Success Factor ID:- 1982--------
12/2/2022 3:15:05 PM---Messages--:-#####--Claim ID:- 90248: -------#####--Success Factor ID:- CONT-011--------
12/2/2022 3:15:05 PM---Messages--:-#####--Claim ID:- 89812: -------#####--Success Factor ID:- 2599835--------
12/2/2022 3:15:05 PM---Messages--:-#####--Claim ID:- 89816: -------#####--Success Factor ID:- 2599835--------
12/2/2022 3:15:06 PM---Messages--:-#####--Claim ID:- 89814: -------#####--Success Factor ID:- 2599835--------
12/2/2022 3:15:06 PM---Messages--:-#####--Claim ID:- 89718: -------#####--Success Factor ID:- 2634584--------
12/2/2022 3:15:06 PM---Messages--:-#####--Claim ID:- 89738: -------#####--Success Factor ID:- 2634584--------
12/2/2022 3:15:06 PM---Messages--:-#####--Claim ID:- 89739: -------#####--Success Factor ID:- 2634584--------
12/2/2022 3:15:06 PM---Messages--:-#####--Claim ID:- 89740: -------#####--Success Factor ID:- 2634584--------
12/2/2022 3:15:07 PM---Messages--:-#####--Claim ID:- 89728: -------#####--Success Factor ID:- 2634584--------
12/2/2022 3:15:10 PM---Messages--:-#####--Claim ID:- 89441: -------#####--Success Factor ID:- 2543087--------
12/2/2022 3:15:10 PM---Messages--:-#####--Claim ID:- 89223: -------#####--Success Factor ID:- 2543207--------
12/2/2022 3:15:11 PM---Messages--:-#####--Claim ID:- 89233: -------#####--Success Factor ID:- 2543077--------
12/2/2022 3:15:11 PM---Messages--:-#####--Claim ID:- 89235: -------#####--Success Factor ID:- 2543077--------
12/2/2022 3:15:12 PM---Messages--:-#####--Claim ID:- 89237: -------#####--Success Factor ID:- 2543077--------
12/2/2022 3:15:15 PM---Messages--:-#####--Claim ID:- 89469: -------#####--Success Factor ID:- 2543107--------
12/2/2022 3:15:16 PM---Messages--:-#####--Claim ID:- 89495: -------#####--Success Factor ID:- 2543088--------
12/2/2022 3:15:16 PM---Messages--:-#####--Claim ID:- 89499: -------#####--Success Factor ID:- 2543088--------
12/2/2022 3:15:16 PM---Messages--:-#####--Claim ID:- 89493: -------#####--Success Factor ID:- 2543088--------
12/2/2022 3:15:16 PM---Messages--:-#####--Claim ID:- 87336: -------#####--Success Factor ID:- 2558999--------
12/2/2022 3:15:16 PM---Messages--:-#####--Claim ID:- 87342: -------#####--Success Factor ID:- 2558999--------
12/2/2022 3:15:16 PM---Messages--:-#####--Claim ID:- 87331: -------#####--Success Factor ID:- 2558999--------
12/2/2022 3:15:17 PM---Messages--:-#####--Claim ID:- 87332: -------#####--Success Factor ID:- 2558999--------
12/2/2022 3:15:17 PM---Messages--:-#####--Claim ID:- 87333: -------#####--Success Factor ID:- 2558999--------
12/2/2022 3:15:17 PM---Messages--:-#####--Claim ID:- 88125: -------#####--Success Factor ID:- 2550364--------
12/2/2022 3:15:18 PM---Messages--:-#####--Claim ID:- 88124: -------#####--Success Factor ID:- 2550364--------
12/2/2022 3:15:18 PM---Messages--:-#####--Claim ID:- 88123: -------#####--Success Factor ID:- 2550364--------
12/2/2022 3:15:18 PM---Messages--:-#####--Claim ID:- 88122: -------#####--Success Factor ID:- 2550364--------
12/2/2022 3:15:18 PM---Messages--:-#####--Claim ID:- 88121: -------#####--Success Factor ID:- 2550364--------
12/2/2022 3:15:18 PM---Messages--:-#####--Claim ID:- 88120: -------#####--Success Factor ID:- 2550364--------
12/2/2022 3:15:18 PM---Messages--:-#####--Claim ID:- 88119: -------#####--Success Factor ID:- 2550364--------
12/2/2022 3:15:18 PM---Messages--:-#####--Claim ID:- 88118: -------#####--Success Factor ID:- 2550364--------
12/2/2022 3:15:18 PM---Messages--:-#####--Claim ID:- 88117: -------#####--Success Factor ID:- 2550364--------
12/2/2022 3:15:18 PM---Messages--:-#####--Claim ID:- 88116: -------#####--Success Factor ID:- 2550364--------
12/2/2022 3:15:19 PM---Messages--:-#####--Claim ID:- 85699: -------#####--Success Factor ID:- 2550364--------
12/2/2022 3:15:19 PM---Messages--:-#####--Claim ID:- 85698: -------#####--Success Factor ID:- 2550364--------
12/2/2022 3:15:19 PM---Messages--:-#####--Claim ID:- 85697: -------#####--Success Factor ID:- 2550364--------
12/2/2022 3:15:19 PM---Messages--:-#####--Claim ID:- 85686: -------#####--Success Factor ID:- 2550364--------
12/2/2022 3:15:19 PM---Messages--:-#####--Claim ID:- 85687: -------#####--Success Factor ID:- 2550364--------
12/2/2022 3:15:19 PM---Messages--:-#####--Claim ID:- 85688: -------#####--Success Factor ID:- 2550364--------
12/2/2022 3:15:19 PM---Messages--:-#####--Claim ID:- 85689: -------#####--Success Factor ID:- 2550364--------
12/2/2022 3:15:19 PM---Messages--:-#####--Claim ID:- 85693: -------#####--Success Factor ID:- 2550364--------
12/2/2022 3:15:19 PM---Messages--:-#####--Claim ID:- 85694: -------#####--Success Factor ID:- 2550364--------
12/2/2022 3:15:19 PM---Messages--:-#####--Claim ID:- 85700: -------#####--Success Factor ID:- 2550364--------
12/2/2022 3:15:19 PM---Messages--:-#####--Claim ID:- 85695: -------#####--Success Factor ID:- 2550364--------
12/2/2022 3:15:19 PM---Messages--:-#####--Claim ID:- 85696: -------#####--Success Factor ID:- 2550364--------
12/2/2022 3:15:19 PM---Messages--:-#####--Claim ID:- 86354: -------#####--Success Factor ID:- 2550364--------
12/2/2022 3:15:19 PM---Messages--:-#####--Claim ID:- 86355: -------#####--Success Factor ID:- 2550364--------
12/2/2022 3:15:19 PM---Messages--:-#####--Claim ID:- 85705: -------#####--Success Factor ID:- 2550364--------
12/2/2022 3:15:19 PM---Messages--:-#####--Claim ID:- 85706: -------#####--Success Factor ID:- 2550364--------
12/2/2022 3:15:19 PM---Messages--:-#####--Claim ID:- 85712: -------#####--Success Factor ID:- 2550364--------
12/2/2022 3:15:19 PM---Messages--:-#####--Claim ID:- 85713: -------#####--Success Factor ID:- 2550364--------
12/2/2022 3:15:19 PM---Messages--:-#####--Claim ID:- 85714: -------#####--Success Factor ID:- 2550364--------
12/2/2022 3:15:19 PM---Messages--:-#####--Claim ID:- 85715: -------#####--Success Factor ID:- 2550364--------
12/2/2022 3:15:20 PM---Messages--:-#####--Claim ID:- 85716: -------#####--Success Factor ID:- 2550364--------
12/2/2022 3:15:20 PM---Messages--:-#####--Claim ID:- 90197: -------#####--Success Factor ID:- 2543102--------
12/2/2022 3:15:20 PM---Messages--:-#####--Claim ID:- 90103: -------#####--Success Factor ID:- 2543102--------
12/2/2022 3:15:21 PM---Messages--:-#####--Claim ID:- 85141: -------#####--Success Factor ID:- 2543049--------
12/2/2022 3:15:23 PM---Messages--:-#####--Claim ID:- 89486: -------#####--Success Factor ID:- 2099--------
12/2/2022 3:15:23 PM---Messages--:-#####--Claim ID:- 89484: -------#####--Success Factor ID:- 1899--------
12/2/2022 3:15:23 PM---Messages--:-#####--Claim ID:- 88580: -------#####--Success Factor ID:- 1980--------
12/2/2022 3:15:23 PM---Messages--:-#####--Claim ID:- 88582: -------#####--Success Factor ID:- 1980--------
12/2/2022 3:15:24 PM---Messages--:-#####--Claim ID:- 84918: -------#####--Success Factor ID:- 2553728--------
12/2/2022 3:15:24 PM---Messages--:Adding Success Factor: -------
12/2/2022 3:15:43 PM---Messages--:Success Factor is added successfully: -------------------
12/2/2022 3:15:50 PM---Messages--:Start Move from source: ---------4----------
12/2/2022 3:15:50 PM---Messages--:Start Move sucessfully after import: --------5-----------
