12/21/2022 11:05:31 AM---Messages--:****************************: ################NEW CONNECTION###############***********************
12/21/2022 11:05:31 AM---Messages--:Connected With   : Database :- TVI_PilotCompany
12/21/2022 11:05:36 AM---Messages--:Start Deleting Top two row: --------2-----------
12/21/2022 11:05:38 AM---Messages--:End Deleting Top two row: -------2------------
12/21/2022 11:05:38 AM---Messages--:Start importing from Excel: --------3-----------
12/21/2022 11:05:40 AM---Messages--:Adding Success Factor: -------
12/21/2022 11:06:02 AM---Messages--:ExecuteDataSet: Incorrect syntax near 'VALUES'.
12/21/2022 11:06:02 AM---Messages--:ExecuteDataSet: Incorrect syntax near 'VALUES'.
12/21/2022 11:06:02 AM---Messages--:Success Factor is added successfully: -------------------
12/21/2022 11:06:02 AM---Messages--:Start Move from source: ---------4----------
12/21/2022 11:06:02 AM---Messages--:Start Move sucessfully after import: --------5-----------
12/21/2022 3:36:16 PM---Messages--:****************************: ################NEW CONNECTION###############***********************
12/21/2022 3:36:16 PM---Messages--:Connected With   : Database :- TVI_PilotCompany
12/21/2022 3:36:25 PM---Messages--:Start Deleting Top two row: --------2-----------
12/21/2022 3:36:27 PM---Messages--:End Deleting Top two row: -------2------------
12/21/2022 3:36:27 PM---Messages--:Start importing from Excel: --------3-----------
12/21/2022 3:36:29 PM---Messages--:Adding Success Factor: -------
12/21/2022 3:36:49 PM---Messages--:ExecuteDataSet: Incorrect syntax near 'VALUES'.
12/21/2022 3:36:49 PM---Messages--:ExecuteDataSet: Incorrect syntax near 'VALUES'.
12/21/2022 3:36:49 PM---Messages--:Success Factor is added successfully: -------------------
12/21/2022 3:36:49 PM---Messages--:Start Move from source: ---------4----------
12/21/2022 3:36:49 PM---Messages--:Start Move sucessfully after import: --------5-----------
