2/17/2021 10:18:54 AM---Messages--:****************************: ################NEW CONNECTION###############***********************
2/17/2021 10:18:54 AM---Messages--:Connected With   : Database :- TVI_PilotCompany
2/17/2021 10:22:55 AM---Messages--:****************************: ################NEW CONNECTION###############***********************
2/17/2021 10:22:55 AM---Messages--:Connected With   : Database :- Z_Test_Company_20_01_2021
2/17/2021 10:23:16 AM---Messages--:Main: Column 'Benefit Employee Claim ID-TAD' does not belong to table .
2/17/2021 10:24:17 AM---Messages--:****************************: ################NEW CONNECTION###############***********************
2/17/2021 10:24:17 AM---Messages--:Connected With   : Database :- Z_Test_Company_20_01_2021
2/17/2021 10:24:45 AM---Messages--:-#####--Claim ID:- 47081: -------#####--Success Factor ID:- DT125--------
2/17/2021 10:24:45 AM---Messages--:-#####--Claim ID:- 47077: -------#####--Success Factor ID:- DT125--------
2/17/2021 10:24:45 AM---Messages--:-#####--Claim ID:- 47079: -------#####--Success Factor ID:- DT125--------
2/17/2021 10:24:45 AM---Messages--:-#####--Claim ID:- 46723: -------#####--Success Factor ID:- DT067--------
2/17/2021 10:24:45 AM---Messages--:-#####--Claim ID:- 46039: -------#####--Success Factor ID:- SRMT344--------
2/17/2021 10:24:45 AM---Messages--:-#####--Claim ID:- 46040: -------#####--Success Factor ID:- SRMT344--------
2/17/2021 10:24:45 AM---Messages--:-#####--Claim ID:- 46036: -------#####--Success Factor ID:- SRMT344--------
2/17/2021 10:24:45 AM---Messages--:-#####--Claim ID:- 46034: -------#####--Success Factor ID:- SRMT344--------
2/17/2021 10:24:45 AM---Messages--:-#####--Claim ID:- 47075: -------#####--Success Factor ID:- DT134--------
2/17/2021 10:24:46 AM---Messages--:-#####--Claim ID:- 46802: -------#####--Success Factor ID:- SRMT349--------
2/17/2021 10:24:46 AM---Messages--:-#####--Claim ID:- 46066: -------#####--Success Factor ID:- DT214--------
2/17/2021 10:24:46 AM---Messages--:Adding Success Factor: -------
2/17/2021 10:24:46 AM---Messages--:Success Factor is added successfully: -------------------
2/17/2021 4:02:30 PM---Messages--:****************************: ################NEW CONNECTION###############***********************
2/17/2021 4:02:30 PM---Messages--:Connected With   : Database :- Z_Test_Company_20_01_2021
