2/12/2021 10:29:12 AM---Messages--:****************************: ################NEW CONNECTION###############***********************
2/12/2021 10:29:12 AM---Messages--:Connected With   : Database :- Z_Test_Company_20_01_2021
2/12/2021 11:32:38 AM---Messages--:****************************: ################NEW CONNECTION###############***********************
2/12/2021 11:32:38 AM---Messages--:Connected With   : Database :- Z_Test_Company_20_01_2021
2/12/2021 11:34:10 AM---Messages--:****************************: ################NEW CONNECTION###############***********************
2/12/2021 11:34:10 AM---Messages--:Connected With   : Database :- Z_Test_Company_20_01_2021
2/12/2021 11:36:31 AM---Messages--:****************************: ################NEW CONNECTION###############***********************
2/12/2021 11:36:31 AM---Messages--:Connected With   : Database :- Z_Test_Company_20_01_2021
2/12/2021 11:56:20 AM---Messages--:****************************: ################NEW CONNECTION###############***********************
2/12/2021 11:56:20 AM---Messages--:Connected With   : Database :- Z_Test_Company_20_01_2021
2/12/2021 11:58:55 AM---Messages--:****************************: ################NEW CONNECTION###############***********************
2/12/2021 11:58:55 AM---Messages--:Connected With   : Database :- Z_Test_Company_20_01_2021
2/12/2021 12:02:08 PM---Messages--:****************************: ################NEW CONNECTION###############***********************
2/12/2021 12:02:08 PM---Messages--:Connected With   : Database :- Z_Test_Company_20_01_2021
2/12/2021 12:02:17 PM---Messages--:Main: Column 'Benefit Employee Claim ID-TAD' does not belong to table .
2/12/2021 12:05:02 PM---Messages--:****************************: ################NEW CONNECTION###############***********************
2/12/2021 12:05:02 PM---Messages--:Connected With   : Database :- Z_Test_Company_20_01_2021
2/12/2021 12:05:13 PM---Messages--:-#####--Claim ID:- 46813: -------#####--Success Factor ID:- 1453--------
2/12/2021 12:05:13 PM---Messages--:-#####--Claim ID:- 46814: -------#####--Success Factor ID:- 1453--------
2/12/2021 12:05:13 PM---Messages--:-#####--Claim ID:- 46812: -------#####--Success Factor ID:- 1453--------
2/12/2021 12:05:13 PM---Messages--:-#####--Claim ID:- 46770: -------#####--Success Factor ID:- 1453--------
2/12/2021 12:05:13 PM---Messages--:-#####--Claim ID:- 46837: -------#####--Success Factor ID:- 1453--------
2/12/2021 12:05:13 PM---Messages--:-#####--Claim ID:- 46838: -------#####--Success Factor ID:- 1453--------
2/12/2021 12:05:14 PM---Messages--:-#####--Claim ID:- 46839: -------#####--Success Factor ID:- 1453--------
2/12/2021 12:05:14 PM---Messages--:-#####--Claim ID:- 46840: -------#####--Success Factor ID:- 1453--------
2/12/2021 12:05:14 PM---Messages--:-#####--Claim ID:- 46790: -------#####--Success Factor ID:- 1514--------
2/12/2021 12:05:14 PM---Messages--:-#####--Claim ID:- 46785: -------#####--Success Factor ID:- 1514--------
2/12/2021 12:05:14 PM---Messages--:-#####--Claim ID:- 46786: -------#####--Success Factor ID:- 1514--------
2/12/2021 12:05:14 PM---Messages--:-#####--Claim ID:- 46780: -------#####--Success Factor ID:- 1514--------
2/12/2021 12:05:14 PM---Messages--:-#####--Claim ID:- 46774: -------#####--Success Factor ID:- 1514--------
2/12/2021 12:05:14 PM---Messages--:-#####--Claim ID:- 46747: -------#####--Success Factor ID:- 769--------
2/12/2021 12:05:14 PM---Messages--:-#####--Claim ID:- 46752: -------#####--Success Factor ID:- 769--------
2/12/2021 12:05:15 PM---Messages--:-#####--Claim ID:- 46733: -------#####--Success Factor ID:- 1088--------
2/12/2021 12:05:15 PM---Messages--:-#####--Claim ID:- 46731: -------#####--Success Factor ID:- 1088--------
2/12/2021 12:05:15 PM---Messages--:-#####--Claim ID:- 46727: -------#####--Success Factor ID:- 1088--------
2/12/2021 12:05:15 PM---Messages--:-#####--Claim ID:- 46729: -------#####--Success Factor ID:- 1088--------
2/12/2021 12:05:15 PM---Messages--:-#####--Claim ID:- 46651: -------#####--Success Factor ID:- 1272--------
2/12/2021 12:05:15 PM---Messages--:-#####--Claim ID:- 46641: -------#####--Success Factor ID:- 1566--------
2/12/2021 12:05:15 PM---Messages--:-#####--Claim ID:- 46642: -------#####--Success Factor ID:- 1566--------
2/12/2021 12:05:15 PM---Messages--:-#####--Claim ID:- 46632: -------#####--Success Factor ID:- 1566--------
2/12/2021 12:05:16 PM---Messages--:-#####--Claim ID:- 46615: -------#####--Success Factor ID:- 1826--------
2/12/2021 12:05:16 PM---Messages--:-#####--Claim ID:- 46613: -------#####--Success Factor ID:- 1826--------
2/12/2021 12:05:16 PM---Messages--:-#####--Claim ID:- 46559: -------#####--Success Factor ID:- 1779--------
2/12/2021 12:05:16 PM---Messages--:-#####--Claim ID:- 46548: -------#####--Success Factor ID:- 1779--------
2/12/2021 12:05:16 PM---Messages--:-#####--Claim ID:- 46547: -------#####--Success Factor ID:- 1779--------
2/12/2021 12:05:16 PM---Messages--:-#####--Claim ID:- 46556: -------#####--Success Factor ID:- 1779--------
2/12/2021 12:05:16 PM---Messages--:-#####--Claim ID:- 46555: -------#####--Success Factor ID:- 1779--------
2/12/2021 12:05:16 PM---Messages--:-#####--Claim ID:- 46554: -------#####--Success Factor ID:- 1779--------
2/12/2021 12:05:16 PM---Messages--:-#####--Claim ID:- 46549: -------#####--Success Factor ID:- 1779--------
2/12/2021 12:05:16 PM---Messages--:-#####--Claim ID:- 46546: -------#####--Success Factor ID:- 1779--------
2/12/2021 12:05:17 PM---Messages--:-#####--Claim ID:- 46545: -------#####--Success Factor ID:- 1779--------
2/12/2021 12:05:17 PM---Messages--:-#####--Claim ID:- 46544: -------#####--Success Factor ID:- 1779--------
2/12/2021 12:05:17 PM---Messages--:-#####--Claim ID:- 46550: -------#####--Success Factor ID:- 1779--------
2/12/2021 12:05:17 PM---Messages--:-#####--Claim ID:- 46553: -------#####--Success Factor ID:- 1779--------
2/12/2021 12:05:17 PM---Messages--:-#####--Claim ID:- 46552: -------#####--Success Factor ID:- 1779--------
2/12/2021 12:05:17 PM---Messages--:-#####--Claim ID:- 46551: -------#####--Success Factor ID:- 1779--------
2/12/2021 12:05:17 PM---Messages--:-#####--Claim ID:- 46474: -------#####--Success Factor ID:- 1503--------
2/12/2021 12:05:17 PM---Messages--:-#####--Claim ID:- 46472: -------#####--Success Factor ID:- 1503--------
2/12/2021 12:05:17 PM---Messages--:-#####--Claim ID:- 46468: -------#####--Success Factor ID:- 1503--------
2/12/2021 12:05:17 PM---Messages--:-#####--Claim ID:- 46470: -------#####--Success Factor ID:- 1503--------
2/12/2021 12:05:18 PM---Messages--:-#####--Claim ID:- 46466: -------#####--Success Factor ID:- 1226--------
2/12/2021 12:05:18 PM---Messages--:-#####--Claim ID:- 46465: -------#####--Success Factor ID:- 814--------
2/12/2021 12:05:18 PM---Messages--:-#####--Claim ID:- 46450: -------#####--Success Factor ID:- 814--------
2/12/2021 12:05:18 PM---Messages--:-#####--Claim ID:- 46436: -------#####--Success Factor ID:- 814--------
2/12/2021 12:05:18 PM---Messages--:-#####--Claim ID:- 46434: -------#####--Success Factor ID:- 1048--------
2/12/2021 12:05:18 PM---Messages--:-#####--Claim ID:- 46405: -------#####--Success Factor ID:- 1506--------
2/12/2021 12:05:19 PM---Messages--:-#####--Claim ID:- 46403: -------#####--Success Factor ID:- 1506--------
2/12/2021 12:05:19 PM---Messages--:-#####--Claim ID:- 46371: -------#####--Success Factor ID:- 1326--------
2/12/2021 12:05:19 PM---Messages--:-#####--Claim ID:- 46369: -------#####--Success Factor ID:- 1326--------
2/12/2021 12:05:19 PM---Messages--:-#####--Claim ID:- 46346: -------#####--Success Factor ID:- 1229--------
2/12/2021 12:05:19 PM---Messages--:-#####--Claim ID:- 46344: -------#####--Success Factor ID:- 1229--------
2/12/2021 12:05:19 PM---Messages--:-#####--Claim ID:- 46340: -------#####--Success Factor ID:- 1229--------
2/12/2021 12:05:20 PM---Messages--:-#####--Claim ID:- 46324: -------#####--Success Factor ID:- 1227--------
2/12/2021 12:05:20 PM---Messages--:-#####--Claim ID:- 46306: -------#####--Success Factor ID:- 1388--------
2/12/2021 12:05:20 PM---Messages--:-#####--Claim ID:- 46288: -------#####--Success Factor ID:- 1388--------
2/12/2021 12:05:20 PM---Messages--:-#####--Claim ID:- 45768: -------#####--Success Factor ID:- 1388--------
2/12/2021 12:05:20 PM---Messages--:-#####--Claim ID:- 46304: -------#####--Success Factor ID:- 1388--------
2/12/2021 12:05:20 PM---Messages--:-#####--Claim ID:- 46248: -------#####--Success Factor ID:- 1257--------
2/12/2021 12:05:20 PM---Messages--:-#####--Claim ID:- 46244: -------#####--Success Factor ID:- 1257--------
2/12/2021 12:05:20 PM---Messages--:-#####--Claim ID:- 46243: -------#####--Success Factor ID:- 1257--------
2/12/2021 12:05:20 PM---Messages--:-#####--Claim ID:- 46236: -------#####--Success Factor ID:- 1257--------
2/12/2021 12:05:21 PM---Messages--:-#####--Claim ID:- 46232: -------#####--Success Factor ID:- 1328--------
2/12/2021 12:05:21 PM---Messages--:-#####--Claim ID:- 46230: -------#####--Success Factor ID:- 1328--------
2/12/2021 12:05:21 PM---Messages--:-#####--Claim ID:- 46228: -------#####--Success Factor ID:- 1328--------
2/12/2021 12:05:21 PM---Messages--:-#####--Claim ID:- 46143: -------#####--Success Factor ID:- 1560--------
2/12/2021 12:05:21 PM---Messages--:-#####--Claim ID:- 46010: -------#####--Success Factor ID:- 1560--------
2/12/2021 12:05:21 PM---Messages--:-#####--Claim ID:- 46008: -------#####--Success Factor ID:- 1560--------
2/12/2021 12:05:21 PM---Messages--:-#####--Claim ID:- 46134: -------#####--Success Factor ID:- 1703--------
2/12/2021 12:05:22 PM---Messages--:-#####--Claim ID:- 46124: -------#####--Success Factor ID:- 1643--------
2/12/2021 12:05:22 PM---Messages--:-#####--Claim ID:- 46120: -------#####--Success Factor ID:- 1567--------
2/12/2021 12:05:22 PM---Messages--:-#####--Claim ID:- 46197: -------#####--Success Factor ID:- 1666--------
2/12/2021 12:05:22 PM---Messages--:-#####--Claim ID:- 46673: -------#####--Success Factor ID:- 1861--------
2/12/2021 12:05:23 PM---Messages--:-#####--Claim ID:- 46609: -------#####--Success Factor ID:- 1700--------
2/12/2021 12:05:23 PM---Messages--:-#####--Claim ID:- 46416: -------#####--Success Factor ID:- 1404--------
2/12/2021 12:05:23 PM---Messages--:-#####--Claim ID:- 46407: -------#####--Success Factor ID:- 1755--------
2/12/2021 12:05:23 PM---Messages--:-#####--Claim ID:- 45810: -------#####--Success Factor ID:- 1755--------
2/12/2021 12:05:23 PM---Messages--:-#####--Claim ID:- 47315: -------#####--Success Factor ID:- 1375--------
2/12/2021 12:05:23 PM---Messages--:-#####--Claim ID:- 47560: -------#####--Success Factor ID:- 1489--------
2/12/2021 12:05:24 PM---Messages--:-#####--Claim ID:- 46476: -------#####--Success Factor ID:- 1406--------
2/12/2021 12:05:24 PM---Messages--:-#####--Claim ID:- 46665: -------#####--Success Factor ID:- 1496--------
2/12/2021 12:05:24 PM---Messages--:-#####--Claim ID:- 45827: -------#####--Success Factor ID:- 1745--------
2/12/2021 12:05:24 PM---Messages--:-#####--Claim ID:- 46655: -------#####--Success Factor ID:- 1734--------
2/12/2021 12:05:24 PM---Messages--:-#####--Claim ID:- 46653: -------#####--Success Factor ID:- 1517--------
2/12/2021 12:05:25 PM---Messages--:-#####--Claim ID:- 46806: -------#####--Success Factor ID:- 1347--------
2/12/2021 12:05:25 PM---Messages--:-#####--Claim ID:- 46565: -------#####--Success Factor ID:- 1716--------
2/12/2021 12:05:25 PM---Messages--:-#####--Claim ID:- 46725: -------#####--Success Factor ID:- 1697--------
2/12/2021 12:05:25 PM---Messages--:-#####--Claim ID:- 46617: -------#####--Success Factor ID:- 1442--------
2/12/2021 12:05:25 PM---Messages--:-#####--Claim ID:- 46484: -------#####--Success Factor ID:- 1684--------
2/12/2021 12:05:26 PM---Messages--:-#####--Claim ID:- 46290: -------#####--Success Factor ID:- 1415--------
2/12/2021 12:05:26 PM---Messages--:-#####--Claim ID:- 46274: -------#####--Success Factor ID:- 509--------
2/12/2021 12:05:26 PM---Messages--:-#####--Claim ID:- 46397: -------#####--Success Factor ID:- 374--------
2/12/2021 12:05:26 PM---Messages--:-#####--Claim ID:- 47036: -------#####--Success Factor ID:- 1832--------
2/12/2021 12:05:27 PM---Messages--:-#####--Claim ID:- 45922: -------#####--Success Factor ID:- 1814--------
2/12/2021 12:05:27 PM---Messages--:-#####--Claim ID:- 46272: -------#####--Success Factor ID:- 1569--------
2/12/2021 12:05:27 PM---Messages--:Adding Success Factor: -------
2/12/2021 12:05:37 PM---Messages--:Success Factor is added successfully: -------------------
2/12/2021 5:29:03 PM---Messages--:****************************: ################NEW CONNECTION###############***********************
2/12/2021 5:29:03 PM---Messages--:Connected With   : Database :- Z_Test_Company_20_01_2021
2/12/2021 5:29:30 PM---Messages--:Adding Success Factor: -------
2/12/2021 5:29:40 PM---Messages--:ExecuteDataSet: Incorrect syntax near 'VALUES'.
2/12/2021 5:30:03 PM---Messages--:ExecuteDataSet: Incorrect syntax near 'VALUES'.
2/12/2021 5:30:03 PM---Messages--:Success Factor is added successfully: -------------------
2/12/2021 5:38:51 PM---Messages--:****************************: ################NEW CONNECTION###############***********************
2/12/2021 5:38:51 PM---Messages--:Connected With   : Database :- Z_Test_Company_20_01_2021
2/12/2021 5:39:18 PM---Messages--:Adding Success Factor: -------
2/12/2021 5:39:33 PM---Messages--:ExecuteDataSet: Incorrect syntax near 'VALUES'.
2/12/2021 5:40:06 PM---Messages--:ExecuteDataSet: Incorrect syntax near 'VALUES'.
2/12/2021 5:40:06 PM---Messages--:Success Factor is added successfully: -------------------
2/12/2021 5:42:06 PM---Messages--:****************************: ################NEW CONNECTION###############***********************
2/12/2021 5:42:06 PM---Messages--:Connected With   : Database :- Z_Test_Company_20_01_2021
2/12/2021 5:42:11 PM---Messages--:Adding Success Factor: -------
2/12/2021 5:42:15 PM---Messages--:ExecuteDataSet: Incorrect syntax near 'VALUES'.
2/12/2021 5:43:16 PM---Messages--:ExecuteDataSet: Incorrect syntax near 'VALUES'.
2/12/2021 5:43:37 PM---Messages--:Success Factor is added successfully: -------------------
2/12/2021 5:44:59 PM---Messages--:****************************: ################NEW CONNECTION###############***********************
2/12/2021 5:44:59 PM---Messages--:Connected With   : Database :- Z_Test_Company_20_01_2021
2/12/2021 5:45:00 PM---Messages--:Adding Success Factor: -------
2/12/2021 5:45:01 PM---Messages--:ExecuteDataSet: Incorrect syntax near 'VALUES'.
2/12/2021 6:08:10 PM---Messages--:****************************: ################NEW CONNECTION###############***********************
2/12/2021 6:08:10 PM---Messages--:Connected With   : Database :- Z_Test_Company_20_01_2021
2/12/2021 6:11:09 PM---Messages--:****************************: ################NEW CONNECTION###############***********************
2/12/2021 6:11:09 PM---Messages--:Connected With   : Database :- Z_Test_Company_20_01_2021
2/12/2021 6:11:45 PM---Messages--:Main: Column 'Benefit Employee Claim ID-TAD' does not belong to table .
