10/8/2020 8:59:09 PM---Messages--:Connect: Object reference not set to an instance of an object.
10/8/2020 8:59:17 PM---Messages--:Main: Object reference not set to an instance of an object.
10/8/2020 9:01:35 PM---Messages--:****************************: ################NEW CONNECTION###############***********************
10/8/2020 9:01:35 PM---Messages--:Connected With   : Database :- ZTest_03_08_2020_TVI_PilotCompany
10/8/2020 9:02:00 PM---Messages--:Main: Object reference not set to an instance of an object.
10/8/2020 9:03:09 PM---Messages--:****************************: ################NEW CONNECTION###############***********************
10/8/2020 9:03:10 PM---Messages--:Connected With   : Database :- ZTest_03_08_2020_TVI_PilotCompany
10/8/2020 9:03:31 PM---Messages--:Main: Object reference not set to an instance of an object.
10/8/2020 9:04:02 PM---Messages--:****************************: ################NEW CONNECTION###############***********************
10/8/2020 9:04:02 PM---Messages--:Connected With   : Database :- ZTest_03_08_2020_TVI_PilotCompany
10/8/2020 9:06:32 PM---Messages--:****************************: ################NEW CONNECTION###############***********************
10/8/2020 9:06:32 PM---Messages--:Connected With   : Database :- ZTest_03_08_2020_TVI_PilotCompany
10/8/2020 9:07:54 PM---Messages--:1537: Insert Date------------Success Factor ID:--------
10/8/2020 9:07:54 PM---Messages--:Preparing For Success Factor Row Addition: ---------
10/8/2020 9:07:54 PM---Messages--:Preparing For Success Factor Row Addition: ---------
10/8/2020 9:07:54 PM---Messages--:Preparing For Success Factor Row Addition: ---------
10/8/2020 9:07:54 PM---Messages--:Preparing For Success Factor Row Addition: ---------
10/8/2020 9:07:54 PM---Messages--:Preparing For Success Factor Row Addition: ---------
10/8/2020 9:07:54 PM---Messages--:1827: Insert Date------------Success Factor ID:--------
10/8/2020 9:07:54 PM---Messages--:Preparing For Success Factor Row Addition: ---------
10/8/2020 9:07:54 PM---Messages--:Preparing For Success Factor Row Addition: ---------
10/8/2020 9:07:54 PM---Messages--:1285: Insert Date------------Success Factor ID:--------
10/8/2020 9:07:55 PM---Messages--:Preparing For Success Factor Row Addition: ---------
10/8/2020 9:07:55 PM---Messages--:1525: Insert Date------------Success Factor ID:--------
10/8/2020 9:07:55 PM---Messages--:Preparing For Success Factor Row Addition: ---------
10/8/2020 9:07:55 PM---Messages--:1833: Insert Date------------Success Factor ID:--------
10/8/2020 9:07:55 PM---Messages--:Preparing For Success Factor Row Addition: ---------
10/8/2020 9:07:55 PM---Messages--:Preparing For Success Factor Row Addition: ---------
10/8/2020 9:07:55 PM---Messages--:Preparing For Success Factor Row Addition: ---------
10/8/2020 9:07:55 PM---Messages--:1659: Insert Date------------Success Factor ID:--------
10/8/2020 9:07:55 PM---Messages--:Preparing For Success Factor Row Addition: ---------
10/8/2020 9:07:55 PM---Messages--:Preparing For Success Factor Row Addition: ---------
10/8/2020 9:07:55 PM---Messages--:Preparing For Success Factor Row Addition: ---------
10/8/2020 9:07:55 PM---Messages--:Preparing For Success Factor Row Addition: ---------
10/8/2020 9:07:55 PM---Messages--:Preparing For Success Factor Row Addition: ---------
10/8/2020 9:07:55 PM---Messages--:1509: Insert Date------------Success Factor ID:--------
10/8/2020 9:07:55 PM---Messages--:Preparing For Success Factor Row Addition: ---------
10/8/2020 9:07:55 PM---Messages--:Preparing For Success Factor Row Addition: ---------
10/8/2020 9:07:55 PM---Messages--:885: Insert Date------------Success Factor ID:--------
10/8/2020 9:07:55 PM---Messages--:Preparing For Success Factor Row Addition: ---------
10/8/2020 9:07:56 PM---Messages--:Preparing For Success Factor Row Addition: ---------
10/8/2020 9:07:56 PM---Messages--:Preparing For Success Factor Row Addition: ---------
10/8/2020 9:07:56 PM---Messages--:Preparing For Success Factor Row Addition: ---------
10/8/2020 9:07:56 PM---Messages--:Preparing For Success Factor Row Addition: ---------
10/8/2020 9:07:56 PM---Messages--:Preparing For Success Factor Row Addition: ---------
10/8/2020 9:07:56 PM---Messages--:Preparing For Success Factor Row Addition: ---------
10/8/2020 9:07:56 PM---Messages--:Preparing For Success Factor Row Addition: ---------
10/8/2020 9:07:56 PM---Messages--:1318: Insert Date------------Success Factor ID:--------
10/8/2020 9:07:56 PM---Messages--:Preparing For Success Factor Row Addition: ---------
10/8/2020 9:07:56 PM---Messages--:1524: Insert Date------------Success Factor ID:--------
10/8/2020 9:07:56 PM---Messages--:Preparing For Success Factor Row Addition: ---------
10/8/2020 9:07:56 PM---Messages--:1791: Insert Date------------Success Factor ID:--------
10/8/2020 9:07:56 PM---Messages--:Preparing For Success Factor Row Addition: ---------
10/8/2020 9:07:56 PM---Messages--:Preparing For Success Factor Row Addition: ---------
10/8/2020 9:07:56 PM---Messages--:Preparing For Success Factor Row Addition: ---------
10/8/2020 9:07:56 PM---Messages--:Preparing For Success Factor Row Addition: ---------
10/8/2020 9:07:56 PM---Messages--:1763: Insert Date------------Success Factor ID:--------
10/8/2020 9:07:56 PM---Messages--:Preparing For Success Factor Row Addition: ---------
10/8/2020 9:07:56 PM---Messages--:1705: Insert Date------------Success Factor ID:--------
10/8/2020 9:07:57 PM---Messages--:Preparing For Success Factor Row Addition: ---------
10/8/2020 9:07:57 PM---Messages--:1702: Insert Date------------Success Factor ID:--------
10/8/2020 9:07:57 PM---Messages--:Preparing For Success Factor Row Addition: ---------
10/8/2020 9:07:57 PM---Messages--:Preparing For Success Factor Row Addition: ---------
10/8/2020 9:07:57 PM---Messages--:1611: Insert Date------------Success Factor ID:--------
10/8/2020 9:07:57 PM---Messages--:Preparing For Success Factor Row Addition: ---------
10/8/2020 9:07:57 PM---Messages--:Preparing For Success Factor Row Addition: ---------
10/8/2020 9:07:57 PM---Messages--:1648: Insert Date------------Success Factor ID:--------
10/8/2020 9:07:57 PM---Messages--:Preparing For Success Factor Row Addition: ---------
10/8/2020 9:07:57 PM---Messages--:1830: Insert Date------------Success Factor ID:--------
10/8/2020 9:07:57 PM---Messages--:Preparing For Success Factor Row Addition: ---------
10/8/2020 9:07:57 PM---Messages--:460: Insert Date------------Success Factor ID:--------
10/8/2020 9:07:57 PM---Messages--:Preparing For Success Factor Row Addition: ---------
10/8/2020 9:07:57 PM---Messages--:1793: Insert Date------------Success Factor ID:--------
10/8/2020 9:07:58 PM---Messages--:Preparing For Success Factor Row Addition: ---------
10/8/2020 9:07:58 PM---Messages--:Preparing For Success Factor Row Addition: ---------
10/8/2020 9:07:58 PM---Messages--:1016: Insert Date------------Success Factor ID:--------
10/8/2020 9:07:58 PM---Messages--:Preparing For Success Factor Row Addition: ---------
10/8/2020 9:07:58 PM---Messages--:1480: Insert Date------------Success Factor ID:--------
10/8/2020 9:07:58 PM---Messages--:Preparing For Success Factor Row Addition: ---------
10/8/2020 9:07:58 PM---Messages--:1421: Insert Date------------Success Factor ID:--------
10/8/2020 9:07:58 PM---Messages--:Preparing For Success Factor Row Addition: ---------
10/8/2020 9:07:58 PM---Messages--:1761: Insert Date------------Success Factor ID:--------
10/8/2020 9:07:58 PM---Messages--:Preparing For Success Factor Row Addition: ---------
10/8/2020 9:07:58 PM---Messages--:1689: Insert Date------------Success Factor ID:--------
10/8/2020 9:07:58 PM---Messages--:Preparing For Success Factor Row Addition: ---------
10/8/2020 9:07:59 PM---Messages--:1704: Insert Date------------Success Factor ID:--------
10/8/2020 9:07:59 PM---Messages--:Preparing For Success Factor Row Addition: ---------
10/8/2020 9:07:59 PM---Messages--:1197: Insert Date------------Success Factor ID:--------
10/8/2020 9:07:59 PM---Messages--:Preparing For Success Factor Row Addition: ---------
10/8/2020 9:07:59 PM---Messages--:1817: Insert Date------------Success Factor ID:--------
10/8/2020 9:07:59 PM---Messages--:Preparing For Success Factor Row Addition: ---------
10/8/2020 9:07:59 PM---Messages--:1706: Insert Date------------Success Factor ID:--------
10/8/2020 9:07:59 PM---Messages--:Preparing For Success Factor Row Addition: ---------
10/8/2020 9:07:59 PM---Messages--:1773: Insert Date------------Success Factor ID:--------
10/8/2020 9:07:59 PM---Messages--:Preparing For Success Factor Row Addition: ---------
10/8/2020 9:07:59 PM---Messages--:1532: Insert Date------------Success Factor ID:--------
10/8/2020 9:07:59 PM---Messages--:Preparing For Success Factor Row Addition: ---------
10/8/2020 9:07:59 PM---Messages--:Adding Success Factor: -------
10/8/2020 9:07:59 PM---Messages--:Success Factor is added successfully: -------------------
10/8/2020 9:12:36 PM---Messages--:****************************: ################NEW CONNECTION###############***********************
10/8/2020 9:12:36 PM---Messages--:Connected With   : Database :- ZTest_03_08_2020_TVI_PilotCompany
10/8/2020 9:12:55 PM---Messages--:Adding Success Factor: -------
10/8/2020 9:12:55 PM---Messages--:ExecuteDataSet: Incorrect syntax near 'VALUES'.
10/8/2020 9:12:55 PM---Messages--:ExecuteDataSet: Incorrect syntax near 'VALUES'.
10/8/2020 9:12:55 PM---Messages--:Success Factor is added successfully: -------------------
10/8/2020 9:34:10 PM---Messages--:****************************: ################NEW CONNECTION###############***********************
10/8/2020 9:34:10 PM---Messages--:Connected With   : Database :- ZTest_03_08_2020_TVI_PilotCompany
10/8/2020 9:34:27 PM---Messages--:Adding Success Factor: -------
10/8/2020 9:34:27 PM---Messages--:ExecuteDataSet: Incorrect syntax near 'VALUES'.
10/8/2020 9:34:27 PM---Messages--:ExecuteDataSet: Incorrect syntax near 'VALUES'.
10/8/2020 9:34:27 PM---Messages--:Success Factor is added successfully: -------------------
10/8/2020 9:36:26 PM---Messages--:****************************: ################NEW CONNECTION###############***********************
10/8/2020 9:36:26 PM---Messages--:Connected With   : Database :- ZTest_03_08_2020_TVI_PilotCompany
10/8/2020 9:36:40 PM---Messages--:-**Claim ID:  39397: -----------Success Factor ID:  1242-----####---
10/8/2020 9:36:40 PM---Messages--:-**Claim ID:  39121: -----------Success Factor ID:  1763-----####---
10/8/2020 9:36:40 PM---Messages--:-**Claim ID:  40231: -----------Success Factor ID:  SRMT328-----####---
10/8/2020 9:36:40 PM---Messages--:-**Claim ID:  40229: -----------Success Factor ID:  SRMT328-----####---
10/8/2020 9:36:40 PM---Messages--:-**Claim ID:  40237: -----------Success Factor ID:  SRMT328-----####---
10/8/2020 9:36:40 PM---Messages--:-**Claim ID:  39957: -----------Success Factor ID:  1822-----####---
10/8/2020 9:36:40 PM---Messages--:-**Claim ID:  40137: -----------Success Factor ID:  DT150-----####---
10/8/2020 9:36:40 PM---Messages--:-**Claim ID:  40133: -----------Success Factor ID:  DT150-----####---
10/8/2020 9:36:40 PM---Messages--:-**Claim ID:  40135: -----------Success Factor ID:  DT150-----####---
10/8/2020 9:36:40 PM---Messages--:-**Claim ID:  39620: -----------Success Factor ID:  1833-----####---
10/8/2020 9:36:40 PM---Messages--:-**Claim ID:  39618: -----------Success Factor ID:  1833-----####---
10/8/2020 9:36:40 PM---Messages--:-**Claim ID:  39906: -----------Success Factor ID:  1326-----####---
10/8/2020 9:36:40 PM---Messages--:-**Claim ID:  39904: -----------Success Factor ID:  1326-----####---
10/8/2020 9:36:40 PM---Messages--:-**Claim ID:  39902: -----------Success Factor ID:  1326-----####---
10/8/2020 9:36:40 PM---Messages--:-**Claim ID:  39507: -----------Success Factor ID:  1318-----####---
10/8/2020 9:36:40 PM---Messages--:-**Claim ID:  39934: -----------Success Factor ID:  1719-----####---
10/8/2020 9:36:41 PM---Messages--:-**Claim ID:  39932: -----------Success Factor ID:  1719-----####---
10/8/2020 9:36:41 PM---Messages--:-**Claim ID:  39916: -----------Success Factor ID:  1645-----####---
10/8/2020 9:36:41 PM---Messages--:-**Claim ID:  39914: -----------Success Factor ID:  1645-----####---
10/8/2020 9:36:41 PM---Messages--:-**Claim ID:  39912: -----------Success Factor ID:  1645-----####---
10/8/2020 9:36:41 PM---Messages--:-**Claim ID:  38795: -----------Success Factor ID:  1752-----####---
10/8/2020 9:36:41 PM---Messages--:-**Claim ID:  39812: -----------Success Factor ID:  1814-----####---
10/8/2020 9:36:41 PM---Messages--:-**Claim ID:  39895: -----------Success Factor ID:  1793-----####---
10/8/2020 9:36:41 PM---Messages--:-**Claim ID:  36233: -----------Success Factor ID:  CONT-011-----####---
10/8/2020 9:36:41 PM---Messages--:-**Claim ID:  39840: -----------Success Factor ID:  1775-----####---
10/8/2020 9:36:41 PM---Messages--:-**Claim ID:  39993: -----------Success Factor ID:  1195-----####---
10/8/2020 9:36:41 PM---Messages--:-**Claim ID:  40045: -----------Success Factor ID:  1586-----####---
10/8/2020 9:36:41 PM---Messages--:-**Claim ID:  40546: -----------Success Factor ID:  DT140-----####---
10/8/2020 9:36:41 PM---Messages--:-**Claim ID:  40087: -----------Success Factor ID:  SRMT347-----####---
10/8/2020 9:36:41 PM---Messages--:Adding Success Factor: -------
10/8/2020 9:36:41 PM---Messages--:Success Factor is added successfully: -------------------
10/8/2020 9:41:18 PM---Messages--:****************************: ################NEW CONNECTION###############***********************
10/8/2020 9:41:18 PM---Messages--:Connected With   : Database :- ZTest_03_08_2020_TVI_PilotCompany
10/8/2020 9:41:38 PM---Messages--:-#####Claim ID:-  39397: -------#####Success Factor ID:-  1242--------
10/8/2020 9:41:38 PM---Messages--:-#####Claim ID:-  39121: -------#####Success Factor ID:-  1763--------
10/8/2020 9:41:38 PM---Messages--:-#####Claim ID:-  40231: -------#####Success Factor ID:-  SRMT328--------
10/8/2020 9:41:38 PM---Messages--:-#####Claim ID:-  40229: -------#####Success Factor ID:-  SRMT328--------
10/8/2020 9:41:38 PM---Messages--:-#####Claim ID:-  40237: -------#####Success Factor ID:-  SRMT328--------
10/8/2020 9:41:38 PM---Messages--:-#####Claim ID:-  39957: -------#####Success Factor ID:-  1822--------
10/8/2020 9:41:38 PM---Messages--:-#####Claim ID:-  40137: -------#####Success Factor ID:-  DT150--------
10/8/2020 9:41:38 PM---Messages--:-#####Claim ID:-  40133: -------#####Success Factor ID:-  DT150--------
10/8/2020 9:41:38 PM---Messages--:-#####Claim ID:-  40135: -------#####Success Factor ID:-  DT150--------
10/8/2020 9:41:38 PM---Messages--:-#####Claim ID:-  39620: -------#####Success Factor ID:-  1833--------
10/8/2020 9:41:38 PM---Messages--:-#####Claim ID:-  39618: -------#####Success Factor ID:-  1833--------
10/8/2020 9:41:38 PM---Messages--:-#####Claim ID:-  39906: -------#####Success Factor ID:-  1326--------
10/8/2020 9:41:38 PM---Messages--:-#####Claim ID:-  39904: -------#####Success Factor ID:-  1326--------
10/8/2020 9:41:39 PM---Messages--:-#####Claim ID:-  39902: -------#####Success Factor ID:-  1326--------
10/8/2020 9:41:39 PM---Messages--:-#####Claim ID:-  39507: -------#####Success Factor ID:-  1318--------
10/8/2020 9:41:39 PM---Messages--:-#####Claim ID:-  39934: -------#####Success Factor ID:-  1719--------
10/8/2020 9:41:39 PM---Messages--:-#####Claim ID:-  39932: -------#####Success Factor ID:-  1719--------
10/8/2020 9:41:39 PM---Messages--:-#####Claim ID:-  39916: -------#####Success Factor ID:-  1645--------
10/8/2020 9:41:39 PM---Messages--:-#####Claim ID:-  39914: -------#####Success Factor ID:-  1645--------
10/8/2020 9:41:39 PM---Messages--:-#####Claim ID:-  39912: -------#####Success Factor ID:-  1645--------
10/8/2020 9:41:39 PM---Messages--:-#####Claim ID:-  38795: -------#####Success Factor ID:-  1752--------
10/8/2020 9:41:39 PM---Messages--:-#####Claim ID:-  39812: -------#####Success Factor ID:-  1814--------
10/8/2020 9:41:39 PM---Messages--:-#####Claim ID:-  39895: -------#####Success Factor ID:-  1793--------
10/8/2020 9:41:39 PM---Messages--:-#####Claim ID:-  36233: -------#####Success Factor ID:-  CONT-011--------
10/8/2020 9:41:39 PM---Messages--:-#####Claim ID:-  39840: -------#####Success Factor ID:-  1775--------
10/8/2020 9:41:39 PM---Messages--:-#####Claim ID:-  39993: -------#####Success Factor ID:-  1195--------
10/8/2020 9:41:39 PM---Messages--:-#####Claim ID:-  40045: -------#####Success Factor ID:-  1586--------
10/8/2020 9:41:39 PM---Messages--:-#####Claim ID:-  40546: -------#####Success Factor ID:-  DT140--------
10/8/2020 9:41:40 PM---Messages--:-#####Claim ID:-  40087: -------#####Success Factor ID:-  SRMT347--------
10/8/2020 9:41:40 PM---Messages--:Adding Success Factor: -------
10/8/2020 9:41:40 PM---Messages--:Success Factor is added successfully: -------------------
10/8/2020 9:43:50 PM---Messages--:****************************: ################NEW CONNECTION###############***********************
10/8/2020 9:43:50 PM---Messages--:Connected With   : Database :- ZTest_03_08_2020_TVI_PilotCompany
10/8/2020 9:44:04 PM---Messages--:-#####--Claim ID:- 39397: -------#####--Success Factor ID:- 1242--------
10/8/2020 9:44:04 PM---Messages--:-#####--Claim ID:- 39121: -------#####--Success Factor ID:- 1763--------
10/8/2020 9:44:04 PM---Messages--:-#####--Claim ID:- 40231: -------#####--Success Factor ID:- SRMT328--------
10/8/2020 9:44:04 PM---Messages--:-#####--Claim ID:- 40229: -------#####--Success Factor ID:- SRMT328--------
10/8/2020 9:44:04 PM---Messages--:-#####--Claim ID:- 40237: -------#####--Success Factor ID:- SRMT328--------
10/8/2020 9:44:04 PM---Messages--:-#####--Claim ID:- 39957: -------#####--Success Factor ID:- 1822--------
10/8/2020 9:44:04 PM---Messages--:-#####--Claim ID:- 40137: -------#####--Success Factor ID:- DT150--------
10/8/2020 9:44:04 PM---Messages--:-#####--Claim ID:- 40133: -------#####--Success Factor ID:- DT150--------
10/8/2020 9:44:04 PM---Messages--:-#####--Claim ID:- 40135: -------#####--Success Factor ID:- DT150--------
10/8/2020 9:44:04 PM---Messages--:-#####--Claim ID:- 39620: -------#####--Success Factor ID:- 1833--------
10/8/2020 9:44:05 PM---Messages--:-#####--Claim ID:- 39618: -------#####--Success Factor ID:- 1833--------
10/8/2020 9:44:05 PM---Messages--:-#####--Claim ID:- 39906: -------#####--Success Factor ID:- 1326--------
10/8/2020 9:44:05 PM---Messages--:-#####--Claim ID:- 39904: -------#####--Success Factor ID:- 1326--------
10/8/2020 9:44:05 PM---Messages--:-#####--Claim ID:- 39902: -------#####--Success Factor ID:- 1326--------
10/8/2020 9:44:05 PM---Messages--:-#####--Claim ID:- 39507: -------#####--Success Factor ID:- 1318--------
10/8/2020 9:44:05 PM---Messages--:-#####--Claim ID:- 39934: -------#####--Success Factor ID:- 1719--------
10/8/2020 9:44:05 PM---Messages--:-#####--Claim ID:- 39932: -------#####--Success Factor ID:- 1719--------
10/8/2020 9:44:05 PM---Messages--:-#####--Claim ID:- 39916: -------#####--Success Factor ID:- 1645--------
10/8/2020 9:44:05 PM---Messages--:-#####--Claim ID:- 39914: -------#####--Success Factor ID:- 1645--------
10/8/2020 9:44:05 PM---Messages--:-#####--Claim ID:- 39912: -------#####--Success Factor ID:- 1645--------
10/8/2020 9:44:05 PM---Messages--:-#####--Claim ID:- 38795: -------#####--Success Factor ID:- 1752--------
10/8/2020 9:44:05 PM---Messages--:-#####--Claim ID:- 39812: -------#####--Success Factor ID:- 1814--------
10/8/2020 9:44:05 PM---Messages--:-#####--Claim ID:- 39895: -------#####--Success Factor ID:- 1793--------
10/8/2020 9:44:05 PM---Messages--:-#####--Claim ID:- 36233: -------#####--Success Factor ID:- CONT-011--------
10/8/2020 9:44:05 PM---Messages--:-#####--Claim ID:- 39840: -------#####--Success Factor ID:- 1775--------
10/8/2020 9:44:05 PM---Messages--:-#####--Claim ID:- 39993: -------#####--Success Factor ID:- 1195--------
10/8/2020 9:44:06 PM---Messages--:-#####--Claim ID:- 40045: -------#####--Success Factor ID:- 1586--------
10/8/2020 9:44:06 PM---Messages--:-#####--Claim ID:- 40546: -------#####--Success Factor ID:- DT140--------
10/8/2020 9:44:06 PM---Messages--:-#####--Claim ID:- 40087: -------#####--Success Factor ID:- SRMT347--------
10/8/2020 9:44:06 PM---Messages--:Adding Success Factor: -------
10/8/2020 9:44:06 PM---Messages--:Success Factor is added successfully: -------------------
