12/14/2020 6:14:14 PM---Messages--:****************************: ################NEW CONNECTION###############***********************
12/14/2020 6:14:14 PM---Messages--:Connected With   : Database :- Z_TEST_Company_31_10_2020
12/14/2020 6:14:47 PM---Messages--:-#####--Claim ID:- 40568: -------#####--Success Factor ID:- 1529--------
12/14/2020 6:14:47 PM---Messages--:-#####--Claim ID:- 40572: -------#####--Success Factor ID:- 1529--------
12/14/2020 6:14:47 PM---Messages--:-#####--Claim ID:- 40570: -------#####--Success Factor ID:- 1529--------
12/14/2020 6:14:47 PM---Messages--:-#####--Claim ID:- 41579: -------#####--Success Factor ID:- 1529--------
12/14/2020 6:14:47 PM---Messages--:-#####--Claim ID:- 41581: -------#####--Success Factor ID:- 1529--------
12/14/2020 6:14:47 PM---Messages--:-#####--Claim ID:- 41795: -------#####--Success Factor ID:- 1761--------
12/14/2020 6:14:47 PM---Messages--:-#####--Claim ID:- 41793: -------#####--Success Factor ID:- 1761--------
12/14/2020 6:14:47 PM---Messages--:-#####--Claim ID:- 41720: -------#####--Success Factor ID:- 1761--------
12/14/2020 6:14:47 PM---Messages--:-#####--Claim ID:- 41789: -------#####--Success Factor ID:- 1785--------
12/14/2020 6:14:47 PM---Messages--:-#####--Claim ID:- 42090: -------#####--Success Factor ID:- 1719--------
12/14/2020 6:14:47 PM---Messages--:-#####--Claim ID:- 42088: -------#####--Success Factor ID:- 1719--------
12/14/2020 6:14:47 PM---Messages--:-#####--Claim ID:- 40542: -------#####--Success Factor ID:- 1211--------
12/14/2020 6:14:47 PM---Messages--:-#####--Claim ID:- 40541: -------#####--Success Factor ID:- 1211--------
12/14/2020 6:14:47 PM---Messages--:-#####--Claim ID:- 40538: -------#####--Success Factor ID:- 1211--------
12/14/2020 6:14:48 PM---Messages--:-#####--Claim ID:- 40537: -------#####--Success Factor ID:- 1211--------
12/14/2020 6:14:48 PM---Messages--:-#####--Claim ID:- 40534: -------#####--Success Factor ID:- 1211--------
12/14/2020 6:14:48 PM---Messages--:-#####--Claim ID:- 39521: -------#####--Success Factor ID:- 1211--------
12/14/2020 6:14:48 PM---Messages--:-#####--Claim ID:- 39519: -------#####--Success Factor ID:- 1211--------
12/14/2020 6:14:48 PM---Messages--:-#####--Claim ID:- 40545: -------#####--Success Factor ID:- 1211--------
12/14/2020 6:14:48 PM---Messages--:-#####--Claim ID:- 39529: -------#####--Success Factor ID:- 1211--------
12/14/2020 6:14:48 PM---Messages--:-#####--Claim ID:- 42022: -------#####--Success Factor ID:- 1211--------
12/14/2020 6:14:48 PM---Messages--:-#####--Claim ID:- 39838: -------#####--Success Factor ID:- 1211--------
12/14/2020 6:14:48 PM---Messages--:-#####--Claim ID:- 42145: -------#####--Success Factor ID:- 1425--------
12/14/2020 6:14:48 PM---Messages--:-#####--Claim ID:- 42149: -------#####--Success Factor ID:- 1425--------
12/14/2020 6:14:48 PM---Messages--:-#####--Claim ID:- 42147: -------#####--Success Factor ID:- 1425--------
12/14/2020 6:14:48 PM---Messages--:-#####--Claim ID:- 42052: -------#####--Success Factor ID:- 1265--------
12/14/2020 6:14:48 PM---Messages--:-#####--Claim ID:- 42049: -------#####--Success Factor ID:- 1265--------
12/14/2020 6:14:48 PM---Messages--:-#####--Claim ID:- 42050: -------#####--Success Factor ID:- 1265--------
12/14/2020 6:14:48 PM---Messages--:-#####--Claim ID:- 41387: -------#####--Success Factor ID:- 1363--------
12/14/2020 6:14:48 PM---Messages--:-#####--Claim ID:- 41385: -------#####--Success Factor ID:- 1363--------
12/14/2020 6:14:48 PM---Messages--:-#####--Claim ID:- 41381: -------#####--Success Factor ID:- 1359--------
12/14/2020 6:14:48 PM---Messages--:-#####--Claim ID:- 41661: -------#####--Success Factor ID:- 1359--------
12/14/2020 6:14:48 PM---Messages--:-#####--Claim ID:- 41383: -------#####--Success Factor ID:- 1359--------
12/14/2020 6:14:48 PM---Messages--:-#####--Claim ID:- 41640: -------#####--Success Factor ID:- 1359--------
12/14/2020 6:14:49 PM---Messages--:-#####--Claim ID:- 42361: -------#####--Success Factor ID:- 1537--------
12/14/2020 6:14:49 PM---Messages--:-#####--Claim ID:- 42349: -------#####--Success Factor ID:- 1525--------
12/14/2020 6:14:49 PM---Messages--:-#####--Claim ID:- 42347: -------#####--Success Factor ID:- 1525--------
12/14/2020 6:14:49 PM---Messages--:-#####--Claim ID:- 42343: -------#####--Success Factor ID:- 1525--------
12/14/2020 6:14:49 PM---Messages--:-#####--Claim ID:- 42339: -------#####--Success Factor ID:- 1525--------
12/14/2020 6:14:49 PM---Messages--:-#####--Claim ID:- 42335: -------#####--Success Factor ID:- 1525--------
12/14/2020 6:14:49 PM---Messages--:-#####--Claim ID:- 42341: -------#####--Success Factor ID:- 1525--------
12/14/2020 6:14:49 PM---Messages--:-#####--Claim ID:- 42351: -------#####--Success Factor ID:- 1525--------
12/14/2020 6:14:49 PM---Messages--:-#####--Claim ID:- 42345: -------#####--Success Factor ID:- 1525--------
12/14/2020 6:14:49 PM---Messages--:-#####--Claim ID:- 42030: -------#####--Success Factor ID:- 1628--------
12/14/2020 6:14:49 PM---Messages--:-#####--Claim ID:- 42028: -------#####--Success Factor ID:- 1628--------
12/14/2020 6:14:49 PM---Messages--:-#####--Claim ID:- 40033: -------#####--Success Factor ID:- 1796--------
12/14/2020 6:14:49 PM---Messages--:-#####--Claim ID:- 41636: -------#####--Success Factor ID:- 1796--------
12/14/2020 6:14:49 PM---Messages--:-#####--Claim ID:- 41630: -------#####--Success Factor ID:- 1796--------
12/14/2020 6:14:49 PM---Messages--:-#####--Claim ID:- 41632: -------#####--Success Factor ID:- 1796--------
12/14/2020 6:14:49 PM---Messages--:-#####--Claim ID:- 40029: -------#####--Success Factor ID:- 1796--------
12/14/2020 6:14:49 PM---Messages--:-#####--Claim ID:- 42323: -------#####--Success Factor ID:- 1822--------
12/14/2020 6:14:50 PM---Messages--:-#####--Claim ID:- 42276: -------#####--Success Factor ID:- 1326--------
12/14/2020 6:14:50 PM---Messages--:-#####--Claim ID:- 42274: -------#####--Success Factor ID:- 1326--------
12/14/2020 6:14:50 PM---Messages--:-#####--Claim ID:- 42270: -------#####--Success Factor ID:- 1326--------
12/14/2020 6:14:50 PM---Messages--:-#####--Claim ID:- 42272: -------#####--Success Factor ID:- 1326--------
12/14/2020 6:14:50 PM---Messages--:-#####--Claim ID:- 41976: -------#####--Success Factor ID:- 1509--------
12/14/2020 6:14:50 PM---Messages--:-#####--Claim ID:- 40622: -------#####--Success Factor ID:- 1509--------
12/14/2020 6:14:50 PM---Messages--:-#####--Claim ID:- 40619: -------#####--Success Factor ID:- 1509--------
12/14/2020 6:14:50 PM---Messages--:-#####--Claim ID:- 41974: -------#####--Success Factor ID:- 1509--------
12/14/2020 6:14:50 PM---Messages--:-#####--Claim ID:- 41614: -------#####--Success Factor ID:- 1596--------
12/14/2020 6:14:50 PM---Messages--:-#####--Claim ID:- 41612: -------#####--Success Factor ID:- 1596--------
12/14/2020 6:14:50 PM---Messages--:-#####--Claim ID:- 42260: -------#####--Success Factor ID:- 1272--------
12/14/2020 6:14:50 PM---Messages--:-#####--Claim ID:- 42258: -------#####--Success Factor ID:- 1272--------
12/14/2020 6:14:50 PM---Messages--:-#####--Claim ID:- 42257: -------#####--Success Factor ID:- 1272--------
12/14/2020 6:14:50 PM---Messages--:-#####--Claim ID:- 42256: -------#####--Success Factor ID:- 1272--------
12/14/2020 6:14:50 PM---Messages--:-#####--Claim ID:- 40926: -------#####--Success Factor ID:- 1480--------
12/14/2020 6:14:51 PM---Messages--:-#####--Claim ID:- 41962: -------#####--Success Factor ID:- 1355--------
12/14/2020 6:14:51 PM---Messages--:-#####--Claim ID:- 41960: -------#####--Success Factor ID:- 1355--------
12/14/2020 6:14:51 PM---Messages--:-#####--Claim ID:- 41956: -------#####--Success Factor ID:- 1355--------
12/14/2020 6:14:51 PM---Messages--:-#####--Claim ID:- 42458: -------#####--Success Factor ID:- 1643--------
12/14/2020 6:14:51 PM---Messages--:-#####--Claim ID:- 42456: -------#####--Success Factor ID:- 1643--------
12/14/2020 6:14:51 PM---Messages--:-#####--Claim ID:- 42452: -------#####--Success Factor ID:- 1664--------
12/14/2020 6:14:51 PM---Messages--:-#####--Claim ID:- 42450: -------#####--Success Factor ID:- 1664--------
12/14/2020 6:14:51 PM---Messages--:-#####--Claim ID:- 42448: -------#####--Success Factor ID:- 1664--------
12/14/2020 6:14:51 PM---Messages--:-#####--Claim ID:- 40834: -------#####--Success Factor ID:- 1751--------
12/14/2020 6:14:51 PM---Messages--:-#####--Claim ID:- 42165: -------#####--Success Factor ID:- 1827--------
12/14/2020 6:14:51 PM---Messages--:-#####--Claim ID:- 42163: -------#####--Success Factor ID:- 1827--------
12/14/2020 6:14:51 PM---Messages--:-#####--Claim ID:- 42159: -------#####--Success Factor ID:- 1827--------
12/14/2020 6:14:51 PM---Messages--:-#####--Claim ID:- 42161: -------#####--Success Factor ID:- 1827--------
12/14/2020 6:14:51 PM---Messages--:-#####--Claim ID:- 42430: -------#####--Success Factor ID:- 1780--------
12/14/2020 6:14:52 PM---Messages--:-#####--Claim ID:- 41913: -------#####--Success Factor ID:- 1714--------
12/14/2020 6:14:52 PM---Messages--:-#####--Claim ID:- 41910: -------#####--Success Factor ID:- 1714--------
12/14/2020 6:14:52 PM---Messages--:-#####--Claim ID:- 41911: -------#####--Success Factor ID:- 1714--------
12/14/2020 6:14:52 PM---Messages--:-#####--Claim ID:- 41909: -------#####--Success Factor ID:- 1714--------
12/14/2020 6:14:52 PM---Messages--:-#####--Claim ID:- 41978: -------#####--Success Factor ID:- 1714--------
12/14/2020 6:14:52 PM---Messages--:-#####--Claim ID:- 39418: -------#####--Success Factor ID:- 1524--------
12/14/2020 6:14:52 PM---Messages--:-#####--Claim ID:- 41885: -------#####--Success Factor ID:- 872--------
12/14/2020 6:14:52 PM---Messages--:-#####--Claim ID:- 41884: -------#####--Success Factor ID:- 872--------
12/14/2020 6:14:52 PM---Messages--:-#####--Claim ID:- 40608: -------#####--Success Factor ID:- 872--------
12/14/2020 6:14:52 PM---Messages--:-#####--Claim ID:- 41881: -------#####--Success Factor ID:- 872--------
12/14/2020 6:14:52 PM---Messages--:-#####--Claim ID:- 39424: -------#####--Success Factor ID:- 872--------
12/14/2020 6:14:52 PM---Messages--:-#####--Claim ID:- 42101: -------#####--Success Factor ID:- 1778--------
12/14/2020 6:14:52 PM---Messages--:-#####--Claim ID:- 42143: -------#####--Success Factor ID:- 1531--------
12/14/2020 6:14:53 PM---Messages--:-#####--Claim ID:- 42042: -------#####--Success Factor ID:- 1728--------
12/14/2020 6:14:53 PM---Messages--:-#####--Claim ID:- 41567: -------#####--Success Factor ID:- 1723--------
12/14/2020 6:14:53 PM---Messages--:-#####--Claim ID:- 40688: -------#####--Success Factor ID:- 1723--------
12/14/2020 6:14:53 PM---Messages--:-#####--Claim ID:- 39753: -------#####--Success Factor ID:- 1723--------
12/14/2020 6:14:53 PM---Messages--:-#####--Claim ID:- 42266: -------#####--Success Factor ID:- 1723--------
12/14/2020 6:14:53 PM---Messages--:-#####--Claim ID:- 39947: -------#####--Success Factor ID:- CONT-011--------
12/14/2020 6:14:53 PM---Messages--:-#####--Claim ID:- 39945: -------#####--Success Factor ID:- CONT-011--------
12/14/2020 6:14:53 PM---Messages--:-#####--Claim ID:- 41869: -------#####--Success Factor ID:- CONT-011--------
12/14/2020 6:14:53 PM---Messages--:-#####--Claim ID:- 40405: -------#####--Success Factor ID:- 1416--------
12/14/2020 6:14:53 PM---Messages--:-#####--Claim ID:- 39836: -------#####--Success Factor ID:- 1416--------
12/14/2020 6:14:53 PM---Messages--:-#####--Claim ID:- 41712: -------#####--Success Factor ID:- 1416--------
12/14/2020 6:14:53 PM---Messages--:-#####--Claim ID:- 40376: -------#####--Success Factor ID:- 1257--------
12/14/2020 6:14:53 PM---Messages--:-#####--Claim ID:- 41835: -------#####--Success Factor ID:- 1257--------
12/14/2020 6:14:54 PM---Messages--:-#####--Claim ID:- 41875: -------#####--Success Factor ID:- 521--------
12/14/2020 6:14:54 PM---Messages--:-#####--Claim ID:- 39638: -------#####--Success Factor ID:- 1684--------
12/14/2020 6:14:54 PM---Messages--:-#####--Claim ID:- 41628: -------#####--Success Factor ID:- 1684--------
12/14/2020 6:14:54 PM---Messages--:-#####--Claim ID:- 42154: -------#####--Success Factor ID:- 1684--------
12/14/2020 6:14:54 PM---Messages--:-#####--Claim ID:- 42327: -------#####--Success Factor ID:- 1318--------
12/14/2020 6:14:54 PM---Messages--:-#####--Claim ID:- 42263: -------#####--Success Factor ID:- 509--------
12/14/2020 6:14:54 PM---Messages--:-#####--Claim ID:- 42268: -------#####--Success Factor ID:- 769--------
12/14/2020 6:14:54 PM---Messages--:-#####--Claim ID:- 41797: -------#####--Success Factor ID:- 1754--------
12/14/2020 6:14:54 PM---Messages--:-#####--Claim ID:- 41638: -------#####--Success Factor ID:- 1724--------
12/14/2020 6:14:55 PM---Messages--:-#####--Claim ID:- 42115: -------#####--Success Factor ID:- 885--------
12/14/2020 6:14:55 PM---Messages--:-#####--Claim ID:- 42192: -------#####--Success Factor ID:- 1586--------
12/14/2020 6:14:55 PM---Messages--:-#####--Claim ID:- 42130: -------#####--Success Factor ID:- 460--------
12/14/2020 6:14:55 PM---Messages--:-#####--Claim ID:- 41964: -------#####--Success Factor ID:- 1837--------
12/14/2020 6:14:55 PM---Messages--:-#####--Claim ID:- 41996: -------#####--Success Factor ID:- 1698--------
12/14/2020 6:14:55 PM---Messages--:-#####--Claim ID:- 42367: -------#####--Success Factor ID:- 1697--------
12/14/2020 6:14:55 PM---Messages--:-#####--Claim ID:- 42365: -------#####--Success Factor ID:- 1716--------
12/14/2020 6:14:55 PM---Messages--:-#####--Claim ID:- 42252: -------#####--Success Factor ID:- 1729--------
12/14/2020 6:14:56 PM---Messages--:-#####--Claim ID:- 41722: -------#####--Success Factor ID:- 1721--------
12/14/2020 6:14:56 PM---Messages--:-#####--Claim ID:- 41935: -------#####--Success Factor ID:- 1648--------
12/14/2020 6:14:56 PM---Messages--:-#####--Claim ID:- 40715: -------#####--Success Factor ID:- 1046--------
12/14/2020 6:14:56 PM---Messages--:-#####--Claim ID:- 40716: -------#####--Success Factor ID:- 1046--------
12/14/2020 6:14:56 PM---Messages--:-#####--Claim ID:- 40717: -------#####--Success Factor ID:- 1046--------
12/14/2020 6:14:56 PM---Messages--:-#####--Claim ID:- 41655: -------#####--Success Factor ID:- 1742--------
12/14/2020 6:14:56 PM---Messages--:-#####--Claim ID:- 41634: -------#####--Success Factor ID:- 1687--------
12/14/2020 6:14:56 PM---Messages--:-#####--Claim ID:- 42024: -------#####--Success Factor ID:- 1605--------
12/14/2020 6:14:56 PM---Messages--:-#####--Claim ID:- 42026: -------#####--Success Factor ID:- 1500--------
12/14/2020 6:14:57 PM---Messages--:-#####--Claim ID:- 41823: -------#####--Success Factor ID:- 1772--------
12/14/2020 6:14:57 PM---Messages--:-#####--Claim ID:- 42141: -------#####--Success Factor ID:- 374--------
12/14/2020 6:14:57 PM---Messages--:-#####--Claim ID:- 42132: -------#####--Success Factor ID:- 1415--------
12/14/2020 6:14:57 PM---Messages--:-#####--Claim ID:- 41659: -------#####--Success Factor ID:- 1339--------
12/14/2020 6:14:57 PM---Messages--:-#####--Claim ID:- 41821: -------#####--Success Factor ID:- 1828--------
12/14/2020 6:14:57 PM---Messages--:-#####--Claim ID:- 41829: -------#####--Success Factor ID:- 1412--------
12/14/2020 6:14:57 PM---Messages--:-#####--Claim ID:- 42454: -------#####--Success Factor ID:- 1776--------
12/14/2020 6:14:58 PM---Messages--:-#####--Claim ID:- 42123: -------#####--Success Factor ID:- 1774--------
12/14/2020 6:14:58 PM---Messages--:-#####--Claim ID:- 42428: -------#####--Success Factor ID:- 1569--------
12/14/2020 6:14:58 PM---Messages--:-#####--Claim ID:- 42446: -------#####--Success Factor ID:- 1834--------
12/14/2020 6:14:58 PM---Messages--:-#####--Claim ID:- 41988: -------#####--Success Factor ID:- 1745--------
12/14/2020 6:14:58 PM---Messages--:-#####--Claim ID:- 41879: -------#####--Success Factor ID:- 1773--------
12/14/2020 6:14:58 PM---Messages--:-#####--Claim ID:- 42121: -------#####--Success Factor ID:- 1229--------
12/14/2020 6:14:58 PM---Messages--:Adding Success Factor: -------
12/14/2020 6:14:59 PM---Messages--:Success Factor is added successfully: -------------------
12/14/2020 6:16:44 PM---Messages--:****************************: ################NEW CONNECTION###############***********************
12/14/2020 6:16:44 PM---Messages--:Connected With   : Database :- Z_TEST_Company_31_10_2020
12/14/2020 6:16:54 PM---Messages--:Adding Success Factor: -------
12/14/2020 6:16:54 PM---Messages--:ExecuteDataSet: Incorrect syntax near 'VALUES'.
12/14/2020 6:16:55 PM---Messages--:ExecuteDataSet: Incorrect syntax near 'VALUES'.
12/14/2020 6:16:55 PM---Messages--:Success Factor is added successfully: -------------------
12/14/2020 6:17:25 PM---Messages--:****************************: ################NEW CONNECTION###############***********************
12/14/2020 6:17:25 PM---Messages--:Connected With   : Database :- TVI_PilotCompany
12/14/2020 6:19:46 PM---Messages--:-#####--Claim ID:- 40568: -------#####--Success Factor ID:- 1529--------
12/14/2020 6:19:46 PM---Messages--:-#####--Claim ID:- 40572: -------#####--Success Factor ID:- 1529--------
12/14/2020 6:19:46 PM---Messages--:-#####--Claim ID:- 40570: -------#####--Success Factor ID:- 1529--------
12/14/2020 6:19:46 PM---Messages--:-#####--Claim ID:- 41579: -------#####--Success Factor ID:- 1529--------
12/14/2020 6:19:47 PM---Messages--:-#####--Claim ID:- 41581: -------#####--Success Factor ID:- 1529--------
12/14/2020 6:19:47 PM---Messages--:-#####--Claim ID:- 41795: -------#####--Success Factor ID:- 1761--------
12/14/2020 6:19:47 PM---Messages--:-#####--Claim ID:- 41793: -------#####--Success Factor ID:- 1761--------
12/14/2020 6:19:47 PM---Messages--:-#####--Claim ID:- 41720: -------#####--Success Factor ID:- 1761--------
12/14/2020 6:19:47 PM---Messages--:-#####--Claim ID:- 41789: -------#####--Success Factor ID:- 1785--------
12/14/2020 6:19:47 PM---Messages--:-#####--Claim ID:- 42090: -------#####--Success Factor ID:- 1719--------
12/14/2020 6:19:47 PM---Messages--:-#####--Claim ID:- 42088: -------#####--Success Factor ID:- 1719--------
12/14/2020 6:19:47 PM---Messages--:-#####--Claim ID:- 40542: -------#####--Success Factor ID:- 1211--------
12/14/2020 6:19:47 PM---Messages--:-#####--Claim ID:- 40541: -------#####--Success Factor ID:- 1211--------
12/14/2020 6:19:47 PM---Messages--:-#####--Claim ID:- 40538: -------#####--Success Factor ID:- 1211--------
12/14/2020 6:19:47 PM---Messages--:-#####--Claim ID:- 40537: -------#####--Success Factor ID:- 1211--------
12/14/2020 6:19:47 PM---Messages--:-#####--Claim ID:- 40534: -------#####--Success Factor ID:- 1211--------
12/14/2020 6:19:47 PM---Messages--:-#####--Claim ID:- 39521: -------#####--Success Factor ID:- 1211--------
12/14/2020 6:19:47 PM---Messages--:-#####--Claim ID:- 39519: -------#####--Success Factor ID:- 1211--------
12/14/2020 6:19:48 PM---Messages--:-#####--Claim ID:- 40545: -------#####--Success Factor ID:- 1211--------
12/14/2020 6:19:48 PM---Messages--:-#####--Claim ID:- 39529: -------#####--Success Factor ID:- 1211--------
12/14/2020 6:19:48 PM---Messages--:-#####--Claim ID:- 42022: -------#####--Success Factor ID:- 1211--------
12/14/2020 6:19:48 PM---Messages--:-#####--Claim ID:- 39838: -------#####--Success Factor ID:- 1211--------
12/14/2020 6:19:48 PM---Messages--:-#####--Claim ID:- 42145: -------#####--Success Factor ID:- 1425--------
12/14/2020 6:19:48 PM---Messages--:-#####--Claim ID:- 42149: -------#####--Success Factor ID:- 1425--------
12/14/2020 6:19:48 PM---Messages--:-#####--Claim ID:- 42147: -------#####--Success Factor ID:- 1425--------
12/14/2020 6:19:48 PM---Messages--:-#####--Claim ID:- 42052: -------#####--Success Factor ID:- 1265--------
12/14/2020 6:19:48 PM---Messages--:-#####--Claim ID:- 42049: -------#####--Success Factor ID:- 1265--------
12/14/2020 6:19:48 PM---Messages--:-#####--Claim ID:- 42050: -------#####--Success Factor ID:- 1265--------
12/14/2020 6:19:48 PM---Messages--:-#####--Claim ID:- 41387: -------#####--Success Factor ID:- 1363--------
12/14/2020 6:19:48 PM---Messages--:-#####--Claim ID:- 41385: -------#####--Success Factor ID:- 1363--------
12/14/2020 6:19:48 PM---Messages--:-#####--Claim ID:- 41381: -------#####--Success Factor ID:- 1359--------
12/14/2020 6:19:49 PM---Messages--:-#####--Claim ID:- 41661: -------#####--Success Factor ID:- 1359--------
12/14/2020 6:19:49 PM---Messages--:-#####--Claim ID:- 41383: -------#####--Success Factor ID:- 1359--------
12/14/2020 6:19:49 PM---Messages--:-#####--Claim ID:- 41640: -------#####--Success Factor ID:- 1359--------
12/14/2020 6:19:49 PM---Messages--:-#####--Claim ID:- 42361: -------#####--Success Factor ID:- 1537--------
12/14/2020 6:19:49 PM---Messages--:-#####--Claim ID:- 42349: -------#####--Success Factor ID:- 1525--------
12/14/2020 6:19:49 PM---Messages--:-#####--Claim ID:- 42347: -------#####--Success Factor ID:- 1525--------
12/14/2020 6:19:49 PM---Messages--:-#####--Claim ID:- 42343: -------#####--Success Factor ID:- 1525--------
12/14/2020 6:19:49 PM---Messages--:-#####--Claim ID:- 42339: -------#####--Success Factor ID:- 1525--------
12/14/2020 6:19:49 PM---Messages--:-#####--Claim ID:- 42335: -------#####--Success Factor ID:- 1525--------
12/14/2020 6:19:49 PM---Messages--:-#####--Claim ID:- 42341: -------#####--Success Factor ID:- 1525--------
12/14/2020 6:19:49 PM---Messages--:-#####--Claim ID:- 42351: -------#####--Success Factor ID:- 1525--------
12/14/2020 6:19:49 PM---Messages--:-#####--Claim ID:- 42345: -------#####--Success Factor ID:- 1525--------
12/14/2020 6:19:49 PM---Messages--:-#####--Claim ID:- 42030: -------#####--Success Factor ID:- 1628--------
12/14/2020 6:19:49 PM---Messages--:-#####--Claim ID:- 42028: -------#####--Success Factor ID:- 1628--------
12/14/2020 6:19:50 PM---Messages--:-#####--Claim ID:- 40033: -------#####--Success Factor ID:- 1796--------
12/14/2020 6:19:50 PM---Messages--:-#####--Claim ID:- 41636: -------#####--Success Factor ID:- 1796--------
12/14/2020 6:19:50 PM---Messages--:-#####--Claim ID:- 41630: -------#####--Success Factor ID:- 1796--------
12/14/2020 6:19:50 PM---Messages--:-#####--Claim ID:- 41632: -------#####--Success Factor ID:- 1796--------
12/14/2020 6:19:50 PM---Messages--:-#####--Claim ID:- 40029: -------#####--Success Factor ID:- 1796--------
12/14/2020 6:19:50 PM---Messages--:-#####--Claim ID:- 42323: -------#####--Success Factor ID:- 1822--------
12/14/2020 6:19:50 PM---Messages--:-#####--Claim ID:- 42276: -------#####--Success Factor ID:- 1326--------
12/14/2020 6:19:50 PM---Messages--:-#####--Claim ID:- 42274: -------#####--Success Factor ID:- 1326--------
12/14/2020 6:19:50 PM---Messages--:-#####--Claim ID:- 42270: -------#####--Success Factor ID:- 1326--------
12/14/2020 6:19:50 PM---Messages--:-#####--Claim ID:- 42272: -------#####--Success Factor ID:- 1326--------
12/14/2020 6:19:50 PM---Messages--:-#####--Claim ID:- 41976: -------#####--Success Factor ID:- 1509--------
12/14/2020 6:19:50 PM---Messages--:-#####--Claim ID:- 40622: -------#####--Success Factor ID:- 1509--------
12/14/2020 6:19:50 PM---Messages--:-#####--Claim ID:- 40619: -------#####--Success Factor ID:- 1509--------
12/14/2020 6:19:50 PM---Messages--:-#####--Claim ID:- 41974: -------#####--Success Factor ID:- 1509--------
12/14/2020 6:19:51 PM---Messages--:-#####--Claim ID:- 41614: -------#####--Success Factor ID:- 1596--------
12/14/2020 6:19:51 PM---Messages--:-#####--Claim ID:- 41612: -------#####--Success Factor ID:- 1596--------
12/14/2020 6:19:51 PM---Messages--:-#####--Claim ID:- 42260: -------#####--Success Factor ID:- 1272--------
12/14/2020 6:19:51 PM---Messages--:-#####--Claim ID:- 42258: -------#####--Success Factor ID:- 1272--------
12/14/2020 6:19:51 PM---Messages--:-#####--Claim ID:- 42257: -------#####--Success Factor ID:- 1272--------
12/14/2020 6:19:51 PM---Messages--:-#####--Claim ID:- 42256: -------#####--Success Factor ID:- 1272--------
12/14/2020 6:19:51 PM---Messages--:-#####--Claim ID:- 40926: -------#####--Success Factor ID:- 1480--------
12/14/2020 6:19:51 PM---Messages--:-#####--Claim ID:- 41962: -------#####--Success Factor ID:- 1355--------
12/14/2020 6:19:51 PM---Messages--:-#####--Claim ID:- 41960: -------#####--Success Factor ID:- 1355--------
12/14/2020 6:19:51 PM---Messages--:-#####--Claim ID:- 41956: -------#####--Success Factor ID:- 1355--------
12/14/2020 6:19:51 PM---Messages--:-#####--Claim ID:- 42458: -------#####--Success Factor ID:- 1643--------
12/14/2020 6:19:51 PM---Messages--:-#####--Claim ID:- 42456: -------#####--Success Factor ID:- 1643--------
12/14/2020 6:19:52 PM---Messages--:-#####--Claim ID:- 42452: -------#####--Success Factor ID:- 1664--------
12/14/2020 6:19:52 PM---Messages--:-#####--Claim ID:- 42450: -------#####--Success Factor ID:- 1664--------
12/14/2020 6:19:52 PM---Messages--:-#####--Claim ID:- 42448: -------#####--Success Factor ID:- 1664--------
12/14/2020 6:19:52 PM---Messages--:-#####--Claim ID:- 40834: -------#####--Success Factor ID:- 1751--------
12/14/2020 6:19:53 PM---Messages--:-#####--Claim ID:- 42165: -------#####--Success Factor ID:- 1827--------
12/14/2020 6:19:53 PM---Messages--:-#####--Claim ID:- 42163: -------#####--Success Factor ID:- 1827--------
12/14/2020 6:19:53 PM---Messages--:-#####--Claim ID:- 42159: -------#####--Success Factor ID:- 1827--------
12/14/2020 6:19:53 PM---Messages--:-#####--Claim ID:- 42161: -------#####--Success Factor ID:- 1827--------
12/14/2020 6:19:53 PM---Messages--:-#####--Claim ID:- 42430: -------#####--Success Factor ID:- 1780--------
12/14/2020 6:19:54 PM---Messages--:-#####--Claim ID:- 41913: -------#####--Success Factor ID:- 1714--------
12/14/2020 6:19:54 PM---Messages--:-#####--Claim ID:- 41910: -------#####--Success Factor ID:- 1714--------
12/14/2020 6:19:54 PM---Messages--:-#####--Claim ID:- 41911: -------#####--Success Factor ID:- 1714--------
12/14/2020 6:19:54 PM---Messages--:-#####--Claim ID:- 41909: -------#####--Success Factor ID:- 1714--------
12/14/2020 6:19:54 PM---Messages--:-#####--Claim ID:- 41978: -------#####--Success Factor ID:- 1714--------
12/14/2020 6:19:54 PM---Messages--:-#####--Claim ID:- 39418: -------#####--Success Factor ID:- 1524--------
12/14/2020 6:19:55 PM---Messages--:-#####--Claim ID:- 41885: -------#####--Success Factor ID:- 872--------
12/14/2020 6:19:55 PM---Messages--:-#####--Claim ID:- 41884: -------#####--Success Factor ID:- 872--------
12/14/2020 6:19:55 PM---Messages--:-#####--Claim ID:- 40608: -------#####--Success Factor ID:- 872--------
12/14/2020 6:19:55 PM---Messages--:-#####--Claim ID:- 41881: -------#####--Success Factor ID:- 872--------
12/14/2020 6:19:55 PM---Messages--:-#####--Claim ID:- 39424: -------#####--Success Factor ID:- 872--------
12/14/2020 6:19:55 PM---Messages--:-#####--Claim ID:- 42101: -------#####--Success Factor ID:- 1778--------
12/14/2020 6:19:56 PM---Messages--:-#####--Claim ID:- 42143: -------#####--Success Factor ID:- 1531--------
12/14/2020 6:19:56 PM---Messages--:-#####--Claim ID:- 42042: -------#####--Success Factor ID:- 1728--------
12/14/2020 6:19:56 PM---Messages--:-#####--Claim ID:- 41567: -------#####--Success Factor ID:- 1723--------
12/14/2020 6:19:56 PM---Messages--:-#####--Claim ID:- 40688: -------#####--Success Factor ID:- 1723--------
12/14/2020 6:19:56 PM---Messages--:-#####--Claim ID:- 39753: -------#####--Success Factor ID:- 1723--------
12/14/2020 6:19:56 PM---Messages--:-#####--Claim ID:- 42266: -------#####--Success Factor ID:- 1723--------
12/14/2020 6:19:56 PM---Messages--:-#####--Claim ID:- 39947: -------#####--Success Factor ID:- CONT-011--------
12/14/2020 6:19:56 PM---Messages--:-#####--Claim ID:- 39945: -------#####--Success Factor ID:- CONT-011--------
12/14/2020 6:19:56 PM---Messages--:-#####--Claim ID:- 41869: -------#####--Success Factor ID:- CONT-011--------
12/14/2020 6:19:57 PM---Messages--:-#####--Claim ID:- 40405: -------#####--Success Factor ID:- 1416--------
12/14/2020 6:19:57 PM---Messages--:-#####--Claim ID:- 39836: -------#####--Success Factor ID:- 1416--------
12/14/2020 6:19:57 PM---Messages--:-#####--Claim ID:- 41712: -------#####--Success Factor ID:- 1416--------
12/14/2020 6:19:57 PM---Messages--:-#####--Claim ID:- 40376: -------#####--Success Factor ID:- 1257--------
12/14/2020 6:19:57 PM---Messages--:-#####--Claim ID:- 41835: -------#####--Success Factor ID:- 1257--------
12/14/2020 6:19:57 PM---Messages--:-#####--Claim ID:- 41875: -------#####--Success Factor ID:- 521--------
12/14/2020 6:19:57 PM---Messages--:-#####--Claim ID:- 39638: -------#####--Success Factor ID:- 1684--------
12/14/2020 6:19:57 PM---Messages--:-#####--Claim ID:- 41628: -------#####--Success Factor ID:- 1684--------
12/14/2020 6:19:57 PM---Messages--:-#####--Claim ID:- 42154: -------#####--Success Factor ID:- 1684--------
12/14/2020 6:19:58 PM---Messages--:-#####--Claim ID:- 42327: -------#####--Success Factor ID:- 1318--------
12/14/2020 6:19:58 PM---Messages--:-#####--Claim ID:- 42263: -------#####--Success Factor ID:- 509--------
12/14/2020 6:19:58 PM---Messages--:-#####--Claim ID:- 42268: -------#####--Success Factor ID:- 769--------
12/14/2020 6:19:58 PM---Messages--:-#####--Claim ID:- 41797: -------#####--Success Factor ID:- 1754--------
12/14/2020 6:19:58 PM---Messages--:-#####--Claim ID:- 41638: -------#####--Success Factor ID:- 1724--------
12/14/2020 6:19:58 PM---Messages--:-#####--Claim ID:- 42115: -------#####--Success Factor ID:- 885--------
12/14/2020 6:19:58 PM---Messages--:-#####--Claim ID:- 42192: -------#####--Success Factor ID:- 1586--------
12/14/2020 6:19:58 PM---Messages--:-#####--Claim ID:- 42130: -------#####--Success Factor ID:- 460--------
12/14/2020 6:19:59 PM---Messages--:-#####--Claim ID:- 41964: -------#####--Success Factor ID:- 1837--------
12/14/2020 6:19:59 PM---Messages--:-#####--Claim ID:- 41996: -------#####--Success Factor ID:- 1698--------
12/14/2020 6:19:59 PM---Messages--:-#####--Claim ID:- 42367: -------#####--Success Factor ID:- 1697--------
12/14/2020 6:19:59 PM---Messages--:-#####--Claim ID:- 42365: -------#####--Success Factor ID:- 1716--------
12/14/2020 6:19:59 PM---Messages--:-#####--Claim ID:- 42252: -------#####--Success Factor ID:- 1729--------
12/14/2020 6:19:59 PM---Messages--:-#####--Claim ID:- 41722: -------#####--Success Factor ID:- 1721--------
12/14/2020 6:19:59 PM---Messages--:-#####--Claim ID:- 41935: -------#####--Success Factor ID:- 1648--------
12/14/2020 6:19:59 PM---Messages--:-#####--Claim ID:- 40715: -------#####--Success Factor ID:- 1046--------
12/14/2020 6:20:00 PM---Messages--:-#####--Claim ID:- 40716: -------#####--Success Factor ID:- 1046--------
12/14/2020 6:20:00 PM---Messages--:-#####--Claim ID:- 40717: -------#####--Success Factor ID:- 1046--------
12/14/2020 6:20:00 PM---Messages--:-#####--Claim ID:- 41655: -------#####--Success Factor ID:- 1742--------
12/14/2020 6:20:00 PM---Messages--:-#####--Claim ID:- 41634: -------#####--Success Factor ID:- 1687--------
12/14/2020 6:20:00 PM---Messages--:-#####--Claim ID:- 42024: -------#####--Success Factor ID:- 1605--------
12/14/2020 6:20:00 PM---Messages--:-#####--Claim ID:- 42026: -------#####--Success Factor ID:- 1500--------
12/14/2020 6:20:00 PM---Messages--:-#####--Claim ID:- 41823: -------#####--Success Factor ID:- 1772--------
12/14/2020 6:20:00 PM---Messages--:-#####--Claim ID:- 42141: -------#####--Success Factor ID:- 374--------
12/14/2020 6:20:00 PM---Messages--:-#####--Claim ID:- 42132: -------#####--Success Factor ID:- 1415--------
12/14/2020 6:20:01 PM---Messages--:-#####--Claim ID:- 41659: -------#####--Success Factor ID:- 1339--------
12/14/2020 6:20:01 PM---Messages--:-#####--Claim ID:- 41821: -------#####--Success Factor ID:- 1828--------
12/14/2020 6:20:01 PM---Messages--:-#####--Claim ID:- 41829: -------#####--Success Factor ID:- 1412--------
12/14/2020 6:20:01 PM---Messages--:-#####--Claim ID:- 42454: -------#####--Success Factor ID:- 1776--------
12/14/2020 6:20:01 PM---Messages--:-#####--Claim ID:- 42123: -------#####--Success Factor ID:- 1774--------
12/14/2020 6:20:01 PM---Messages--:-#####--Claim ID:- 42428: -------#####--Success Factor ID:- 1569--------
12/14/2020 6:20:01 PM---Messages--:-#####--Claim ID:- 42446: -------#####--Success Factor ID:- 1834--------
12/14/2020 6:20:01 PM---Messages--:-#####--Claim ID:- 41988: -------#####--Success Factor ID:- 1745--------
12/14/2020 6:20:02 PM---Messages--:-#####--Claim ID:- 41879: -------#####--Success Factor ID:- 1773--------
12/14/2020 6:20:02 PM---Messages--:-#####--Claim ID:- 42121: -------#####--Success Factor ID:- 1229--------
12/14/2020 6:20:02 PM---Messages--:Adding Success Factor: -------
12/14/2020 6:20:03 PM---Messages--:Success Factor is added successfully: -------------------
