2/8/2021 5:14:03 PM---Messages--:****************************: ################NEW CONNECTION###############***********************
2/8/2021 5:14:03 PM---Messages--:Connected With   : Database :- Z_Test_Company_20_01_2021
2/8/2021 5:14:33 PM---Messages--:-#####--Claim ID:- 44363: -------#####--Success Factor ID:- 1842--------
2/8/2021 5:15:03 PM---Messages--:Main: Column 'From Date-TB_' does not belong to table .
2/8/2021 5:19:22 PM---Messages--:****************************: ################NEW CONNECTION###############***********************
2/8/2021 5:19:22 PM---Messages--:Connected With   : Database :- Z_Test_Company_20_01_2021
2/8/2021 5:19:31 PM---Messages--:-#####--Claim ID:- 44363: -------#####--Success Factor ID:- 1842--------
2/8/2021 5:21:42 PM---Messages--:****************************: ################NEW CONNECTION###############***********************
2/8/2021 5:21:42 PM---Messages--:Connected With   : Database :- Z_Test_Company_20_01_2021
2/8/2021 5:21:48 PM---Messages--:-#####--Claim ID:- 44363: -------#####--Success Factor ID:- 1842--------
2/8/2021 5:22:18 PM---Messages--:****************************: ################NEW CONNECTION###############***********************
2/8/2021 5:22:18 PM---Messages--:Connected With   : Database :- Z_Test_Company_20_01_2021
2/8/2021 5:22:27 PM---Messages--:-#####--Claim ID:- 44363: -------#####--Success Factor ID:- 1842--------
2/8/2021 5:22:28 PM---Messages--:-#####--Claim ID:- 44364: -------#####--Success Factor ID:- 1842--------
2/8/2021 5:22:29 PM---Messages--:-#####--Claim ID:- 44362: -------#####--Success Factor ID:- 1842--------
2/8/2021 5:22:30 PM---Messages--:-#####--Claim ID:- 45220: -------#####--Success Factor ID:- 1212--------
2/8/2021 5:22:30 PM---Messages--:Adding Success Factor: -------
2/8/2021 5:22:38 PM---Messages--:Success Factor is added successfully: -------------------
2/8/2021 5:24:27 PM---Messages--:****************************: ################NEW CONNECTION###############***********************
2/8/2021 5:24:27 PM---Messages--:Connected With   : Database :- TVI_PilotCompany
2/8/2021 5:25:48 PM---Messages--:-#####--Claim ID:- 44363: -------#####--Success Factor ID:- 1842--------
2/8/2021 6:32:22 PM---Messages--:-#####--Claim ID:- 44364: -------#####--Success Factor ID:- 1842--------
2/8/2021 6:32:30 PM---Messages--:-#####--Claim ID:- 44362: -------#####--Success Factor ID:- 1842--------
2/8/2021 6:32:32 PM---Messages--:-#####--Claim ID:- 45220: -------#####--Success Factor ID:- 1212--------
2/8/2021 6:32:32 PM---Messages--:Adding Success Factor: -------
2/8/2021 6:32:35 PM---Messages--:Success Factor is added successfully: -------------------
2/8/2021 6:32:46 PM---Messages--:****************************: ################NEW CONNECTION###############***********************
2/8/2021 6:32:46 PM---Messages--:Connected With   : Database :- TVI_PilotCompany
