8/28/2020 11:24:27 AM-----Error:Database: Connected With
8/28/2020 11:24:51 AM-----Error:1793: Insert Date------------Success Factor ID:--------
8/28/2020 11:24:51 AM-----Error:Preparing For Success Factor Row Addition: ---------
8/28/2020 11:24:51 AM-----Error:884: Insert Date------------Success Factor ID:--------
8/28/2020 11:24:51 AM-----Error:Preparing For Success Factor Row Addition: ---------
8/28/2020 11:24:51 AM-----Error:Preparing For Success Factor Row Addition: ---------
8/28/2020 11:24:51 AM-----Error:Preparing For Success Factor Row Addition: ---------
8/28/2020 11:24:51 AM-----Error:Preparing For Success Factor Row Addition: ---------
8/28/2020 11:24:51 AM-----Error:Preparing For Success Factor Row Addition: ---------
8/28/2020 11:24:51 AM-----Error:Preparing For Success Factor Row Addition: ---------
8/28/2020 11:24:51 AM-----Error:1695: Insert Date------------Success Factor ID:--------
8/28/2020 11:24:51 AM-----Error:Preparing For Success Factor Row Addition: ---------
8/28/2020 11:24:51 AM-----Error:Preparing For Success Factor Row Addition: ---------
8/28/2020 11:24:51 AM-----Error:Preparing For Success Factor Row Addition: ---------
8/28/2020 11:24:52 AM-----Error:1714: Insert Date------------Success Factor ID:--------
8/28/2020 11:24:52 AM-----Error:Preparing For Success Factor Row Addition: ---------
8/28/2020 11:24:52 AM-----Error:1596: Insert Date------------Success Factor ID:--------
8/28/2020 11:24:52 AM-----Error:Preparing For Success Factor Row Addition: ---------
8/28/2020 11:24:52 AM-----Error:Preparing For Success Factor Row Addition: ---------
8/28/2020 11:24:52 AM-----Error:986: Insert Date------------Success Factor ID:--------
8/28/2020 11:24:52 AM-----Error:Preparing For Success Factor Row Addition: ---------
8/28/2020 11:24:52 AM-----Error:Preparing For Success Factor Row Addition: ---------
8/28/2020 11:24:52 AM-----Error:1780: Insert Date------------Success Factor ID:--------
8/28/2020 11:24:52 AM-----Error:Preparing For Success Factor Row Addition: ---------
8/28/2020 11:24:52 AM-----Error:1046: Insert Date------------Success Factor ID:--------
8/28/2020 11:24:52 AM-----Error:Preparing For Success Factor Row Addition: ---------
8/28/2020 11:24:52 AM-----Error:Preparing For Success Factor Row Addition: ---------
8/28/2020 11:24:52 AM-----Error:Preparing For Success Factor Row Addition: ---------
8/28/2020 11:24:52 AM-----Error:Preparing For Success Factor Row Addition: ---------
8/28/2020 11:24:52 AM-----Error:Preparing For Success Factor Row Addition: ---------
8/28/2020 11:24:52 AM-----Error:1786: Insert Date------------Success Factor ID:--------
8/28/2020 11:24:52 AM-----Error:Preparing For Success Factor Row Addition: ---------
8/28/2020 11:24:52 AM-----Error:Preparing For Success Factor Row Addition: ---------
8/28/2020 11:24:52 AM-----Error:1815: Insert Date------------Success Factor ID:--------
8/28/2020 11:24:52 AM-----Error:Preparing For Success Factor Row Addition: ---------
8/28/2020 11:24:52 AM-----Error:Preparing For Success Factor Row Addition: ---------
8/28/2020 11:24:52 AM-----Error:1579: Insert Date------------Success Factor ID:--------
8/28/2020 11:24:52 AM-----Error:Preparing For Success Factor Row Addition: ---------
8/28/2020 11:24:53 AM-----Error:Preparing For Success Factor Row Addition: ---------
8/28/2020 11:24:53 AM-----Error:Preparing For Success Factor Row Addition: ---------
8/28/2020 11:24:53 AM-----Error:466: Insert Date------------Success Factor ID:--------
8/28/2020 11:24:53 AM-----Error:Preparing For Success Factor Row Addition: ---------
8/28/2020 11:24:53 AM-----Error:Preparing For Success Factor Row Addition: ---------
8/28/2020 11:24:53 AM-----Error:1810: Insert Date------------Success Factor ID:--------
8/28/2020 11:24:53 AM-----Error:Preparing For Success Factor Row Addition: ---------
8/28/2020 11:24:53 AM-----Error:Preparing For Success Factor Row Addition: ---------
8/28/2020 11:24:53 AM-----Error:1227: Insert Date------------Success Factor ID:--------
8/28/2020 11:24:53 AM-----Error:Preparing For Success Factor Row Addition: ---------
8/28/2020 11:24:53 AM-----Error:1421: Insert Date------------Success Factor ID:--------
8/28/2020 11:24:53 AM-----Error:Preparing For Success Factor Row Addition: ---------
8/28/2020 11:24:53 AM-----Error:Preparing For Success Factor Row Addition: ---------
8/28/2020 11:24:53 AM-----Error:1822: Insert Date------------Success Factor ID:--------
8/28/2020 11:24:53 AM-----Error:Preparing For Success Factor Row Addition: ---------
8/28/2020 11:24:53 AM-----Error:Preparing For Success Factor Row Addition: ---------
8/28/2020 11:24:53 AM-----Error:1510: Insert Date------------Success Factor ID:--------
8/28/2020 11:24:54 AM-----Error:Preparing For Success Factor Row Addition: ---------
8/28/2020 11:24:54 AM-----Error:Preparing For Success Factor Row Addition: ---------
8/28/2020 11:24:54 AM-----Error:1824: Insert Date------------Success Factor ID:--------
8/28/2020 11:24:54 AM-----Error:Preparing For Success Factor Row Addition: ---------
8/28/2020 11:24:54 AM-----Error:Preparing For Success Factor Row Addition: ---------
8/28/2020 11:24:54 AM-----Error:Preparing For Success Factor Row Addition: ---------
8/28/2020 11:24:54 AM-----Error:1698: Insert Date------------Success Factor ID:--------
8/28/2020 11:24:54 AM-----Error:Preparing For Success Factor Row Addition: ---------
8/28/2020 11:24:54 AM-----Error:Preparing For Success Factor Row Addition: ---------
8/28/2020 11:24:54 AM-----Error:1359: Insert Date------------Success Factor ID:--------
8/28/2020 11:24:54 AM-----Error:Preparing For Success Factor Row Addition: ---------
8/28/2020 11:24:54 AM-----Error:1702: Insert Date------------Success Factor ID:--------
8/28/2020 11:24:54 AM-----Error:Preparing For Success Factor Row Addition: ---------
8/28/2020 11:24:54 AM-----Error:1572: Insert Date------------Success Factor ID:--------
8/28/2020 11:24:54 AM-----Error:Preparing For Success Factor Row Addition: ---------
8/28/2020 11:24:54 AM-----Error:1569: Insert Date------------Success Factor ID:--------
8/28/2020 11:24:54 AM-----Error:Preparing For Success Factor Row Addition: ---------
8/28/2020 11:24:54 AM-----Error:1322: Insert Date------------Success Factor ID:--------
8/28/2020 11:24:54 AM-----Error:Preparing For Success Factor Row Addition: ---------
8/28/2020 11:24:54 AM-----Error:1754: Insert Date------------Success Factor ID:--------
8/28/2020 11:24:55 AM-----Error:Preparing For Success Factor Row Addition: ---------
8/28/2020 11:24:55 AM-----Error:1365: Insert Date------------Success Factor ID:--------
8/28/2020 11:24:55 AM-----Error:Preparing For Success Factor Row Addition: ---------
8/28/2020 11:24:55 AM-----Error:Preparing For Success Factor Row Addition: ---------
8/28/2020 11:24:55 AM-----Error:769: Insert Date------------Success Factor ID:--------
8/28/2020 11:24:55 AM-----Error:Preparing For Success Factor Row Addition: ---------
8/28/2020 11:24:55 AM-----Error:1532: Insert Date------------Success Factor ID:--------
8/28/2020 11:24:55 AM-----Error:Preparing For Success Factor Row Addition: ---------
8/28/2020 11:24:55 AM-----Error:1722: Insert Date------------Success Factor ID:--------
8/28/2020 11:24:55 AM-----Error:Preparing For Success Factor Row Addition: ---------
8/28/2020 11:24:55 AM-----Error:1384: Insert Date------------Success Factor ID:--------
8/28/2020 11:24:55 AM-----Error:Preparing For Success Factor Row Addition: ---------
8/28/2020 11:24:55 AM-----Error:1758: Insert Date------------Success Factor ID:--------
8/28/2020 11:24:55 AM-----Error:Preparing For Success Factor Row Addition: ---------
8/28/2020 11:24:55 AM-----Error:509: Insert Date------------Success Factor ID:--------
8/28/2020 11:24:55 AM-----Error:Preparing For Success Factor Row Addition: ---------
8/28/2020 11:24:55 AM-----Error:1586: Insert Date------------Success Factor ID:--------
8/28/2020 11:24:55 AM-----Error:Preparing For Success Factor Row Addition: ---------
8/28/2020 11:24:55 AM-----Error:1195: Insert Date------------Success Factor ID:--------
8/28/2020 11:24:56 AM-----Error:Preparing For Success Factor Row Addition: ---------
8/28/2020 11:24:56 AM-----Error:1697: Insert Date------------Success Factor ID:--------
8/28/2020 11:24:56 AM-----Error:Preparing For Success Factor Row Addition: ---------
8/28/2020 11:24:56 AM-----Error:1716: Insert Date------------Success Factor ID:--------
8/28/2020 11:24:56 AM-----Error:Preparing For Success Factor Row Addition: ---------
8/28/2020 11:24:56 AM-----Error:1212: Insert Date------------Success Factor ID:--------
8/28/2020 11:24:56 AM-----Error:Preparing For Success Factor Row Addition: ---------
8/28/2020 11:24:56 AM-----Error:1506: Insert Date------------Success Factor ID:--------
8/28/2020 11:24:56 AM-----Error:Preparing For Success Factor Row Addition: ---------
8/28/2020 11:24:56 AM-----Error:1747: Insert Date------------Success Factor ID:--------
8/28/2020 11:24:56 AM-----Error:Preparing For Success Factor Row Addition: ---------
8/28/2020 11:24:56 AM-----Error:1348: Insert Date------------Success Factor ID:--------
8/28/2020 11:24:56 AM-----Error:Preparing For Success Factor Row Addition: ---------
8/28/2020 11:24:56 AM-----Error:1745: Insert Date------------Success Factor ID:--------
8/28/2020 11:24:56 AM-----Error:Preparing For Success Factor Row Addition: ---------
8/28/2020 11:24:56 AM-----Error:1602: Insert Date------------Success Factor ID:--------
8/28/2020 11:24:56 AM-----Error:Preparing For Success Factor Row Addition: ---------
8/28/2020 11:24:56 AM-----Error:1775: Insert Date------------Success Factor ID:--------
8/28/2020 11:24:57 AM-----Error:Preparing For Success Factor Row Addition: ---------
8/28/2020 11:24:57 AM-----Error:1415: Insert Date------------Success Factor ID:--------
8/28/2020 11:24:57 AM-----Error:Preparing For Success Factor Row Addition: ---------
8/28/2020 11:24:57 AM-----Error:1817: Insert Date------------Success Factor ID:--------
8/28/2020 11:24:57 AM-----Error:Preparing For Success Factor Row Addition: ---------
8/28/2020 11:24:57 AM-----Error:1706: Insert Date------------Success Factor ID:--------
8/28/2020 11:24:57 AM-----Error:Preparing For Success Factor Row Addition: ---------
8/28/2020 11:24:57 AM-----Error:1593: Insert Date------------Success Factor ID:--------
8/28/2020 11:24:57 AM-----Error:Preparing For Success Factor Row Addition: ---------
8/28/2020 11:24:57 AM-----Error:1197: Insert Date------------Success Factor ID:--------
8/28/2020 11:24:57 AM-----Error:Preparing For Success Factor Row Addition: ---------
8/28/2020 11:24:57 AM-----Error:1666: Insert Date------------Success Factor ID:--------
8/28/2020 11:24:57 AM-----Error:Preparing For Success Factor Row Addition: ---------
8/28/2020 11:24:57 AM-----Error:1733: Insert Date------------Success Factor ID:--------
8/28/2020 11:24:57 AM-----Error:Preparing For Success Factor Row Addition: ---------
8/28/2020 11:24:57 AM-----Error:1823: Insert Date------------Success Factor ID:--------
8/28/2020 11:24:58 AM-----Error:Preparing For Success Factor Row Addition: ---------
8/28/2020 11:24:58 AM-----Error:1016: Insert Date------------Success Factor ID:--------
8/28/2020 11:24:58 AM-----Error:Preparing For Success Factor Row Addition: ---------
8/28/2020 11:24:58 AM-----Error:1511: Insert Date------------Success Factor ID:--------
8/28/2020 11:24:58 AM-----Error:Preparing For Success Factor Row Addition: ---------
8/28/2020 11:24:58 AM-----Error:1811: Insert Date------------Success Factor ID:--------
8/28/2020 11:24:58 AM-----Error:Preparing For Success Factor Row Addition: ---------
8/28/2020 11:24:58 AM-----Error:1623: Insert Date------------Success Factor ID:--------
8/28/2020 11:24:58 AM-----Error:Preparing For Success Factor Row Addition: ---------
8/28/2020 11:24:58 AM-----Error:1664: Insert Date------------Success Factor ID:--------
8/28/2020 11:24:58 AM-----Error:Preparing For Success Factor Row Addition: ---------
8/28/2020 11:24:58 AM-----Error:1652: Insert Date------------Success Factor ID:--------
8/28/2020 11:24:58 AM-----Error:Preparing For Success Factor Row Addition: ---------
8/28/2020 11:24:58 AM-----Error:374: Insert Date------------Success Factor ID:--------
8/28/2020 11:24:58 AM-----Error:Preparing For Success Factor Row Addition: ---------
8/28/2020 11:24:58 AM-----Error:1830: Insert Date------------Success Factor ID:--------
8/28/2020 11:24:58 AM-----Error:Preparing For Success Factor Row Addition: ---------
8/28/2020 11:24:58 AM-----Error:Preparing For Success Factor Row Addition: ---------
8/28/2020 11:24:58 AM-----Error:1768: Insert Date------------Success Factor ID:--------
8/28/2020 11:24:59 AM-----Error:Preparing For Success Factor Row Addition: ---------
8/28/2020 11:24:59 AM-----Error:1755: Insert Date------------Success Factor ID:--------
8/28/2020 11:24:59 AM-----Error:Preparing For Success Factor Row Addition: ---------
8/28/2020 11:24:59 AM-----Error:1048: Insert Date------------Success Factor ID:--------
8/28/2020 11:24:59 AM-----Error:Preparing For Success Factor Row Addition: ---------
8/28/2020 11:24:59 AM-----Error:1404: Insert Date------------Success Factor ID:--------
8/28/2020 11:24:59 AM-----Error:Preparing For Success Factor Row Addition: ---------
8/28/2020 11:24:59 AM-----Error:1406: Insert Date------------Success Factor ID:--------
8/28/2020 11:24:59 AM-----Error:Preparing For Success Factor Row Addition: ---------
8/28/2020 11:24:59 AM-----Error:1226: Insert Date------------Success Factor ID:--------
8/28/2020 11:24:59 AM-----Error:Preparing For Success Factor Row Addition: ---------
8/28/2020 11:24:59 AM-----Error:Adding Success Factor: -------
8/28/2020 11:25:00 AM-----Error:Success Factor is added successfully: -------------------
9/10/2020 3:59:39 PM-----Error:Database: Connected With
9/10/2020 4:00:37 PM-----Error:1822: Insert Date------------Success Factor ID:--------
9/10/2020 4:00:38 PM-----Error:Preparing For Success Factor Row Addition: ---------
9/10/2020 4:00:38 PM-----Error:Preparing For Success Factor Row Addition: ---------
9/10/2020 4:00:38 PM-----Error:1509: Insert Date------------Success Factor ID:--------
9/10/2020 4:00:38 PM-----Error:Preparing For Success Factor Row Addition: ---------
9/10/2020 4:00:38 PM-----Error:Preparing For Success Factor Row Addition: ---------
9/10/2020 4:00:38 PM-----Error:Preparing For Success Factor Row Addition: ---------
9/10/2020 4:00:38 PM-----Error:1828: Insert Date------------Success Factor ID:--------
9/10/2020 4:00:38 PM-----Error:Preparing For Success Factor Row Addition: ---------
9/10/2020 4:00:38 PM-----Error:Preparing For Success Factor Row Addition: ---------
9/10/2020 4:00:38 PM-----Error:1768: Insert Date------------Success Factor ID:--------
9/10/2020 4:00:38 PM-----Error:Preparing For Success Factor Row Addition: ---------
9/10/2020 4:00:38 PM-----Error:Preparing For Success Factor Row Addition: ---------
9/10/2020 4:00:38 PM-----Error:Preparing For Success Factor Row Addition: ---------
9/10/2020 4:00:38 PM-----Error:1791: Insert Date------------Success Factor ID:--------
9/10/2020 4:00:38 PM-----Error:Preparing For Success Factor Row Addition: ---------
9/10/2020 4:00:38 PM-----Error:1529: Insert Date------------Success Factor ID:--------
9/10/2020 4:00:39 PM-----Error:Preparing For Success Factor Row Addition: ---------
9/10/2020 4:00:39 PM-----Error:Preparing For Success Factor Row Addition: ---------
9/10/2020 4:00:39 PM-----Error:Preparing For Success Factor Row Addition: ---------
9/10/2020 4:00:39 PM-----Error:Preparing For Success Factor Row Addition: ---------
9/10/2020 4:00:39 PM-----Error:Preparing For Success Factor Row Addition: ---------
9/10/2020 4:00:39 PM-----Error:1211: Insert Date------------Success Factor ID:--------
9/10/2020 4:00:39 PM-----Error:Preparing For Success Factor Row Addition: ---------
9/10/2020 4:00:39 PM-----Error:Preparing For Success Factor Row Addition: ---------
9/10/2020 4:00:39 PM-----Error:Preparing For Success Factor Row Addition: ---------
9/10/2020 4:00:39 PM-----Error:1793: Insert Date------------Success Factor ID:--------
9/10/2020 4:00:39 PM-----Error:Preparing For Success Factor Row Addition: ---------
9/10/2020 4:00:39 PM-----Error:1796: Insert Date------------Success Factor ID:--------
9/10/2020 4:00:39 PM-----Error:Preparing For Success Factor Row Addition: ---------
9/10/2020 4:00:39 PM-----Error:Preparing For Success Factor Row Addition: ---------
9/10/2020 4:00:39 PM-----Error:Preparing For Success Factor Row Addition: ---------
9/10/2020 4:00:39 PM-----Error:Preparing For Success Factor Row Addition: ---------
9/10/2020 4:00:39 PM-----Error:Preparing For Success Factor Row Addition: ---------
9/10/2020 4:00:39 PM-----Error:1348: Insert Date------------Success Factor ID:--------
9/10/2020 4:00:39 PM-----Error:Preparing For Success Factor Row Addition: ---------
9/10/2020 4:00:39 PM-----Error:1700: Insert Date------------Success Factor ID:--------
9/10/2020 4:00:39 PM-----Error:Preparing For Success Factor Row Addition: ---------
9/10/2020 4:00:39 PM-----Error:1384: Insert Date------------Success Factor ID:--------
9/10/2020 4:00:40 PM-----Error:Preparing For Success Factor Row Addition: ---------
9/10/2020 4:00:40 PM-----Error:1722: Insert Date------------Success Factor ID:--------
9/10/2020 4:00:40 PM-----Error:Preparing For Success Factor Row Addition: ---------
9/10/2020 4:00:40 PM-----Error:1808: Insert Date------------Success Factor ID:--------
9/10/2020 4:00:40 PM-----Error:Preparing For Success Factor Row Addition: ---------
9/10/2020 4:00:40 PM-----Error:1457: Insert Date------------Success Factor ID:--------
9/10/2020 4:00:40 PM-----Error:Preparing For Success Factor Row Addition: ---------
9/10/2020 4:00:40 PM-----Error:1773: Insert Date------------Success Factor ID:--------
9/10/2020 4:00:40 PM-----Error:Preparing For Success Factor Row Addition: ---------
9/10/2020 4:00:40 PM-----Error:935: Insert Date------------Success Factor ID:--------
9/10/2020 4:00:40 PM-----Error:Preparing For Success Factor Row Addition: ---------
9/10/2020 4:00:40 PM-----Error:1257: Insert Date------------Success Factor ID:--------
9/10/2020 4:00:40 PM-----Error:Preparing For Success Factor Row Addition: ---------
9/10/2020 4:00:40 PM-----Error:872: Insert Date------------Success Factor ID:--------
9/10/2020 4:00:40 PM-----Error:Preparing For Success Factor Row Addition: ---------
9/10/2020 4:00:40 PM-----Error:Preparing For Success Factor Row Addition: ---------
9/10/2020 4:00:40 PM-----Error:Preparing For Success Factor Row Addition: ---------
9/10/2020 4:00:40 PM-----Error:1699: Insert Date------------Success Factor ID:--------
9/10/2020 4:00:40 PM-----Error:Preparing For Success Factor Row Addition: ---------
9/10/2020 4:00:40 PM-----Error:1723: Insert Date------------Success Factor ID:--------
9/10/2020 4:00:41 PM-----Error:Preparing For Success Factor Row Addition: ---------
9/10/2020 4:00:41 PM-----Error:Preparing For Success Factor Row Addition: ---------
9/10/2020 4:00:41 PM-----Error:1416: Insert Date------------Success Factor ID:--------
9/10/2020 4:00:41 PM-----Error:Preparing For Success Factor Row Addition: ---------
9/10/2020 4:00:41 PM-----Error:Preparing For Success Factor Row Addition: ---------
9/10/2020 4:00:41 PM-----Error:1809: Insert Date------------Success Factor ID:--------
9/10/2020 4:00:41 PM-----Error:Preparing For Success Factor Row Addition: ---------
9/10/2020 4:00:41 PM-----Error:1684: Insert Date------------Success Factor ID:--------
9/10/2020 4:00:41 PM-----Error:Preparing For Success Factor Row Addition: ---------
9/10/2020 4:00:41 PM-----Error:1537: Insert Date------------Success Factor ID:--------
9/10/2020 4:00:41 PM-----Error:Preparing For Success Factor Row Addition: ---------
9/10/2020 4:00:41 PM-----Error:1698: Insert Date------------Success Factor ID:--------
9/10/2020 4:00:41 PM-----Error:Preparing For Success Factor Row Addition: ---------
9/10/2020 4:00:41 PM-----Error:1776: Insert Date------------Success Factor ID:--------
9/10/2020 4:00:41 PM-----Error:Preparing For Success Factor Row Addition: ---------
9/10/2020 4:00:41 PM-----Error:Adding Success Factor: -------
9/10/2020 4:00:42 PM-----Error:Success Factor is added successfully: -------------------
9/10/2020 4:19:03 PM-----Error:Database: Connected With
9/10/2020 4:19:27 PM-----Error:Adding Success Factor: -------
9/10/2020 4:19:27 PM-----Error:ExecuteDataSet: Incorrect syntax near 'VALUES'.
9/10/2020 4:19:28 PM-----Error:ExecuteDataSet: Incorrect syntax near 'VALUES'.
9/10/2020 4:19:28 PM-----Error:Success Factor is added successfully: -------------------
9/11/2020 1:39:00 PM-----Error:Database: Connected With
9/11/2020 1:42:27 PM-----Error:Database: Connected With
9/11/2020 1:43:45 PM-----Error:Database: Connected With
9/11/2020 1:45:17 PM-----Error:Database: Connected With
9/11/2020 1:45:41 PM-----Error:Database: Connected With
9/11/2020 1:47:24 PM-----Error:Database: Connected With
9/11/2020 1:54:53 PM-----Error:Database: Connected With
9/11/2020 1:57:11 PM-----Error:Database: Connected With
9/11/2020 1:57:37 PM-----Error:Main: Exception from HRESULT: 0x800A03EC
9/11/2020 1:59:26 PM-----Error:Database: Connected With
9/11/2020 2:00:07 PM-----Error:Main: Exception from HRESULT: 0x800A03EC
9/11/2020 2:27:50 PM-----Error:Database: Connected With
9/11/2020 2:28:47 PM-----Error:Main: Column 'Benefit Employee Claim ID-TAD' does not belong to table .
9/11/2020 2:28:54 PM-----Error:Database: Connected With
9/11/2020 2:29:22 PM-----Error:Main: Object reference not set to an instance of an object.
9/11/2020 2:29:28 PM-----Error:Database: Connected With
9/11/2020 2:29:41 PM-----Error:Main: Object reference not set to an instance of an object.
9/11/2020 2:29:47 PM-----Error:Database: Connected With
9/11/2020 2:30:06 PM-----Error:Database: Connected With
9/11/2020 2:31:05 PM-----Error:Database: Connected With
9/11/2020 2:32:46 PM-----Error:Database: Connected With
9/14/2020 11:43:18 AM-----Error:Database: Connected With
9/14/2020 11:43:42 AM-----Error:Database: Connected With
9/14/2020 11:44:16 AM-----Error:Main: Column 'Benefit Employee Claim ID-TAD' does not belong to table .
9/14/2020 11:44:37 AM-----Error:Database: Connected With
9/14/2020 11:44:46 AM-----Error:Main: Object reference not set to an instance of an object.
9/14/2020 11:46:04 AM-----Error:Database: Connected With
9/14/2020 11:56:15 AM-----Error:Database: Connected With
9/14/2020 11:57:06 AM-----Error:1531: Insert Date------------Success Factor ID:--------
9/14/2020 11:57:06 AM-----Error:Main: Column 'Remarks' does not belong to table .
9/14/2020 12:13:45 PM-----Error:Database: Connected With
9/14/2020 12:13:56 PM-----Error:1531: Insert Date------------Success Factor ID:--------
9/14/2020 12:13:56 PM-----Error:Preparing For Success Factor Row Addition: ---------
9/14/2020 12:13:56 PM-----Error:1645: Insert Date------------Success Factor ID:--------
9/14/2020 12:13:56 PM-----Error:Preparing For Success Factor Row Addition: ---------
9/14/2020 12:13:57 PM-----Error:Preparing For Success Factor Row Addition: ---------
9/14/2020 12:13:57 PM-----Error:Preparing For Success Factor Row Addition: ---------
9/14/2020 12:13:57 PM-----Error:1648: Insert Date------------Success Factor ID:--------
9/14/2020 12:13:57 PM-----Error:Preparing For Success Factor Row Addition: ---------
9/14/2020 12:13:57 PM-----Error:1696: Insert Date------------Success Factor ID:--------
9/14/2020 12:13:57 PM-----Error:Preparing For Success Factor Row Addition: ---------
9/14/2020 12:13:57 PM-----Error:1768: Insert Date------------Success Factor ID:--------
9/14/2020 12:13:57 PM-----Error:Preparing For Success Factor Row Addition: ---------
9/14/2020 12:13:57 PM-----Error:Preparing For Success Factor Row Addition: ---------
9/14/2020 12:13:57 PM-----Error:Preparing For Success Factor Row Addition: ---------
9/14/2020 12:13:57 PM-----Error:Preparing For Success Factor Row Addition: ---------
9/14/2020 12:13:57 PM-----Error:Preparing For Success Factor Row Addition: ---------
9/14/2020 12:13:57 PM-----Error:Preparing For Success Factor Row Addition: ---------
9/14/2020 12:13:57 PM-----Error:374: Insert Date------------Success Factor ID:--------
9/14/2020 12:13:57 PM-----Error:Preparing For Success Factor Row Addition: ---------
9/14/2020 12:13:58 PM-----Error:1822: Insert Date------------Success Factor ID:--------
9/14/2020 12:13:58 PM-----Error:Preparing For Success Factor Row Addition: ---------
9/14/2020 12:13:58 PM-----Error:Adding Success Factor: -------
9/14/2020 12:13:58 PM-----Error:Success Factor is added successfully: -------------------
10/8/2020 7:44:47 PM-----Error:Database: Connected With
10/8/2020 7:45:38 PM-----Error:Database: Connected With
10/8/2020 7:48:54 PM-----Error:1537: Insert Date------------Success Factor ID:--------
10/8/2020 7:48:55 PM-----Error:Preparing For Success Factor Row Addition: ---------
10/8/2020 7:48:55 PM-----Error:Preparing For Success Factor Row Addition: ---------
10/8/2020 7:48:55 PM-----Error:Preparing For Success Factor Row Addition: ---------
10/8/2020 7:48:55 PM-----Error:Preparing For Success Factor Row Addition: ---------
10/8/2020 7:48:55 PM-----Error:Preparing For Success Factor Row Addition: ---------
10/8/2020 7:48:55 PM-----Error:1827: Insert Date------------Success Factor ID:--------
10/8/2020 7:48:55 PM-----Error:Preparing For Success Factor Row Addition: ---------
10/8/2020 7:48:55 PM-----Error:Preparing For Success Factor Row Addition: ---------
10/8/2020 7:48:55 PM-----Error:1285: Insert Date------------Success Factor ID:--------
10/8/2020 7:48:56 PM-----Error:Preparing For Success Factor Row Addition: ---------
10/8/2020 7:48:56 PM-----Error:1525: Insert Date------------Success Factor ID:--------
10/8/2020 7:48:56 PM-----Error:Preparing For Success Factor Row Addition: ---------
10/8/2020 7:48:56 PM-----Error:1833: Insert Date------------Success Factor ID:--------
10/8/2020 7:48:56 PM-----Error:Preparing For Success Factor Row Addition: ---------
10/8/2020 7:48:56 PM-----Error:Preparing For Success Factor Row Addition: ---------
10/8/2020 7:48:56 PM-----Error:Preparing For Success Factor Row Addition: ---------
10/8/2020 7:48:56 PM-----Error:1659: Insert Date------------Success Factor ID:--------
10/8/2020 7:48:56 PM-----Error:Preparing For Success Factor Row Addition: ---------
10/8/2020 7:48:56 PM-----Error:Preparing For Success Factor Row Addition: ---------
10/8/2020 7:48:56 PM-----Error:Preparing For Success Factor Row Addition: ---------
10/8/2020 7:48:56 PM-----Error:Preparing For Success Factor Row Addition: ---------
10/8/2020 7:48:56 PM-----Error:Preparing For Success Factor Row Addition: ---------
10/8/2020 7:48:56 PM-----Error:1509: Insert Date------------Success Factor ID:--------
10/8/2020 7:48:56 PM-----Error:Preparing For Success Factor Row Addition: ---------
10/8/2020 7:48:56 PM-----Error:Preparing For Success Factor Row Addition: ---------
10/8/2020 7:48:56 PM-----Error:885: Insert Date------------Success Factor ID:--------
10/8/2020 7:48:56 PM-----Error:Preparing For Success Factor Row Addition: ---------
10/8/2020 7:48:56 PM-----Error:Preparing For Success Factor Row Addition: ---------
10/8/2020 7:48:57 PM-----Error:Preparing For Success Factor Row Addition: ---------
10/8/2020 7:48:57 PM-----Error:Preparing For Success Factor Row Addition: ---------
10/8/2020 7:48:57 PM-----Error:Preparing For Success Factor Row Addition: ---------
10/8/2020 7:48:57 PM-----Error:Preparing For Success Factor Row Addition: ---------
10/8/2020 7:48:57 PM-----Error:Preparing For Success Factor Row Addition: ---------
10/8/2020 7:48:57 PM-----Error:Preparing For Success Factor Row Addition: ---------
10/8/2020 7:48:57 PM-----Error:1318: Insert Date------------Success Factor ID:--------
10/8/2020 7:48:57 PM-----Error:Preparing For Success Factor Row Addition: ---------
10/8/2020 7:48:57 PM-----Error:1524: Insert Date------------Success Factor ID:--------
10/8/2020 7:48:57 PM-----Error:Preparing For Success Factor Row Addition: ---------
10/8/2020 7:48:57 PM-----Error:1791: Insert Date------------Success Factor ID:--------
10/8/2020 7:48:57 PM-----Error:Preparing For Success Factor Row Addition: ---------
10/8/2020 7:48:57 PM-----Error:Preparing For Success Factor Row Addition: ---------
10/8/2020 7:48:57 PM-----Error:Preparing For Success Factor Row Addition: ---------
10/8/2020 7:48:57 PM-----Error:Preparing For Success Factor Row Addition: ---------
10/8/2020 7:48:57 PM-----Error:1763: Insert Date------------Success Factor ID:--------
10/8/2020 7:48:57 PM-----Error:Preparing For Success Factor Row Addition: ---------
10/8/2020 7:48:57 PM-----Error:1705: Insert Date------------Success Factor ID:--------
10/8/2020 7:48:57 PM-----Error:Preparing For Success Factor Row Addition: ---------
10/8/2020 7:48:57 PM-----Error:1702: Insert Date------------Success Factor ID:--------
10/8/2020 7:48:58 PM-----Error:Preparing For Success Factor Row Addition: ---------
10/8/2020 7:48:58 PM-----Error:Preparing For Success Factor Row Addition: ---------
10/8/2020 7:48:58 PM-----Error:1611: Insert Date------------Success Factor ID:--------
10/8/2020 7:48:58 PM-----Error:Preparing For Success Factor Row Addition: ---------
10/8/2020 7:48:58 PM-----Error:Preparing For Success Factor Row Addition: ---------
10/8/2020 7:48:58 PM-----Error:1648: Insert Date------------Success Factor ID:--------
10/8/2020 7:48:58 PM-----Error:Preparing For Success Factor Row Addition: ---------
10/8/2020 7:48:58 PM-----Error:1830: Insert Date------------Success Factor ID:--------
10/8/2020 7:48:58 PM-----Error:Preparing For Success Factor Row Addition: ---------
10/8/2020 7:48:58 PM-----Error:460: Insert Date------------Success Factor ID:--------
10/8/2020 7:48:58 PM-----Error:Preparing For Success Factor Row Addition: ---------
10/8/2020 7:48:58 PM-----Error:1793: Insert Date------------Success Factor ID:--------
10/8/2020 7:48:58 PM-----Error:Preparing For Success Factor Row Addition: ---------
10/8/2020 7:48:58 PM-----Error:Preparing For Success Factor Row Addition: ---------
10/8/2020 7:48:58 PM-----Error:1016: Insert Date------------Success Factor ID:--------
10/8/2020 7:48:58 PM-----Error:Preparing For Success Factor Row Addition: ---------
10/8/2020 7:48:58 PM-----Error:1480: Insert Date------------Success Factor ID:--------
10/8/2020 7:48:59 PM-----Error:Preparing For Success Factor Row Addition: ---------
10/8/2020 7:48:59 PM-----Error:1421: Insert Date------------Success Factor ID:--------
10/8/2020 7:48:59 PM-----Error:Preparing For Success Factor Row Addition: ---------
10/8/2020 7:48:59 PM-----Error:1761: Insert Date------------Success Factor ID:--------
10/8/2020 7:48:59 PM-----Error:Preparing For Success Factor Row Addition: ---------
10/8/2020 7:48:59 PM-----Error:1689: Insert Date------------Success Factor ID:--------
10/8/2020 7:48:59 PM-----Error:Preparing For Success Factor Row Addition: ---------
10/8/2020 7:48:59 PM-----Error:1704: Insert Date------------Success Factor ID:--------
10/8/2020 7:48:59 PM-----Error:Preparing For Success Factor Row Addition: ---------
10/8/2020 7:48:59 PM-----Error:1197: Insert Date------------Success Factor ID:--------
10/8/2020 7:48:59 PM-----Error:Preparing For Success Factor Row Addition: ---------
10/8/2020 7:48:59 PM-----Error:1817: Insert Date------------Success Factor ID:--------
10/8/2020 7:48:59 PM-----Error:Preparing For Success Factor Row Addition: ---------
10/8/2020 7:48:59 PM-----Error:1706: Insert Date------------Success Factor ID:--------
10/8/2020 7:48:59 PM-----Error:Preparing For Success Factor Row Addition: ---------
10/8/2020 7:48:59 PM-----Error:1773: Insert Date------------Success Factor ID:--------
10/8/2020 7:49:00 PM-----Error:Preparing For Success Factor Row Addition: ---------
10/8/2020 7:49:00 PM-----Error:1532: Insert Date------------Success Factor ID:--------
10/8/2020 7:49:00 PM-----Error:Preparing For Success Factor Row Addition: ---------
10/8/2020 7:49:00 PM-----Error:Adding Success Factor: -------
10/8/2020 7:49:00 PM-----Error:Success Factor is added successfully: -------------------
10/8/2020 8:05:18 PM-----Error:Database: Connected With
10/8/2020 8:06:26 PM-----Error:Database: Connected With
10/8/2020 8:06:53 PM-----Error:1537: Insert Date------------Success Factor ID:--------
10/8/2020 8:06:53 PM-----Error:Preparing For Success Factor Row Addition: ---------
10/8/2020 8:06:53 PM-----Error:Preparing For Success Factor Row Addition: ---------
10/8/2020 8:06:53 PM-----Error:Preparing For Success Factor Row Addition: ---------
10/8/2020 8:06:53 PM-----Error:Preparing For Success Factor Row Addition: ---------
10/8/2020 8:06:53 PM-----Error:Preparing For Success Factor Row Addition: ---------
10/8/2020 8:06:53 PM-----Error:1827: Insert Date------------Success Factor ID:--------
10/8/2020 8:06:53 PM-----Error:Preparing For Success Factor Row Addition: ---------
10/8/2020 8:06:53 PM-----Error:Preparing For Success Factor Row Addition: ---------
10/8/2020 8:06:53 PM-----Error:1285: Insert Date------------Success Factor ID:--------
10/8/2020 8:06:53 PM-----Error:Preparing For Success Factor Row Addition: ---------
10/8/2020 8:06:53 PM-----Error:1525: Insert Date------------Success Factor ID:--------
10/8/2020 8:06:53 PM-----Error:Preparing For Success Factor Row Addition: ---------
10/8/2020 8:06:53 PM-----Error:1833: Insert Date------------Success Factor ID:--------
10/8/2020 8:06:53 PM-----Error:Preparing For Success Factor Row Addition: ---------
10/8/2020 8:06:53 PM-----Error:Preparing For Success Factor Row Addition: ---------
10/8/2020 8:06:53 PM-----Error:Preparing For Success Factor Row Addition: ---------
10/8/2020 8:06:53 PM-----Error:1659: Insert Date------------Success Factor ID:--------
10/8/2020 8:06:54 PM-----Error:Preparing For Success Factor Row Addition: ---------
10/8/2020 8:06:54 PM-----Error:Preparing For Success Factor Row Addition: ---------
10/8/2020 8:06:54 PM-----Error:Preparing For Success Factor Row Addition: ---------
10/8/2020 8:06:54 PM-----Error:Preparing For Success Factor Row Addition: ---------
10/8/2020 8:06:54 PM-----Error:Preparing For Success Factor Row Addition: ---------
10/8/2020 8:06:54 PM-----Error:1509: Insert Date------------Success Factor ID:--------
10/8/2020 8:06:54 PM-----Error:Preparing For Success Factor Row Addition: ---------
10/8/2020 8:06:54 PM-----Error:Preparing For Success Factor Row Addition: ---------
10/8/2020 8:06:54 PM-----Error:885: Insert Date------------Success Factor ID:--------
10/8/2020 8:06:54 PM-----Error:Preparing For Success Factor Row Addition: ---------
10/8/2020 8:06:54 PM-----Error:Preparing For Success Factor Row Addition: ---------
10/8/2020 8:06:54 PM-----Error:Preparing For Success Factor Row Addition: ---------
10/8/2020 8:06:54 PM-----Error:Preparing For Success Factor Row Addition: ---------
10/8/2020 8:06:54 PM-----Error:Preparing For Success Factor Row Addition: ---------
10/8/2020 8:06:54 PM-----Error:Preparing For Success Factor Row Addition: ---------
10/8/2020 8:06:54 PM-----Error:Preparing For Success Factor Row Addition: ---------
10/8/2020 8:06:54 PM-----Error:Preparing For Success Factor Row Addition: ---------
10/8/2020 8:06:54 PM-----Error:1318: Insert Date------------Success Factor ID:--------
10/8/2020 8:06:54 PM-----Error:Preparing For Success Factor Row Addition: ---------
10/8/2020 8:06:54 PM-----Error:1524: Insert Date------------Success Factor ID:--------
10/8/2020 8:06:54 PM-----Error:Preparing For Success Factor Row Addition: ---------
10/8/2020 8:06:54 PM-----Error:1791: Insert Date------------Success Factor ID:--------
10/8/2020 8:06:55 PM-----Error:Preparing For Success Factor Row Addition: ---------
10/8/2020 8:06:55 PM-----Error:Preparing For Success Factor Row Addition: ---------
10/8/2020 8:06:55 PM-----Error:Preparing For Success Factor Row Addition: ---------
10/8/2020 8:06:55 PM-----Error:Preparing For Success Factor Row Addition: ---------
10/8/2020 8:06:55 PM-----Error:1763: Insert Date------------Success Factor ID:--------
10/8/2020 8:06:55 PM-----Error:Preparing For Success Factor Row Addition: ---------
10/8/2020 8:06:55 PM-----Error:1705: Insert Date------------Success Factor ID:--------
10/8/2020 8:06:55 PM-----Error:Preparing For Success Factor Row Addition: ---------
10/8/2020 8:06:55 PM-----Error:1702: Insert Date------------Success Factor ID:--------
10/8/2020 8:06:55 PM-----Error:Preparing For Success Factor Row Addition: ---------
10/8/2020 8:06:55 PM-----Error:Preparing For Success Factor Row Addition: ---------
10/8/2020 8:06:55 PM-----Error:1611: Insert Date------------Success Factor ID:--------
10/8/2020 8:06:55 PM-----Error:Preparing For Success Factor Row Addition: ---------
10/8/2020 8:06:55 PM-----Error:Preparing For Success Factor Row Addition: ---------
10/8/2020 8:06:55 PM-----Error:1648: Insert Date------------Success Factor ID:--------
10/8/2020 8:06:55 PM-----Error:Preparing For Success Factor Row Addition: ---------
10/8/2020 8:06:55 PM-----Error:1830: Insert Date------------Success Factor ID:--------
10/8/2020 8:06:55 PM-----Error:Preparing For Success Factor Row Addition: ---------
10/8/2020 8:06:55 PM-----Error:460: Insert Date------------Success Factor ID:--------
10/8/2020 8:06:56 PM-----Error:Preparing For Success Factor Row Addition: ---------
10/8/2020 8:06:56 PM-----Error:1793: Insert Date------------Success Factor ID:--------
10/8/2020 8:06:56 PM-----Error:Preparing For Success Factor Row Addition: ---------
10/8/2020 8:06:56 PM-----Error:Preparing For Success Factor Row Addition: ---------
10/8/2020 8:06:56 PM-----Error:1016: Insert Date------------Success Factor ID:--------
10/8/2020 8:06:56 PM-----Error:Preparing For Success Factor Row Addition: ---------
10/8/2020 8:06:56 PM-----Error:1480: Insert Date------------Success Factor ID:--------
10/8/2020 8:06:56 PM-----Error:Preparing For Success Factor Row Addition: ---------
10/8/2020 8:06:56 PM-----Error:1421: Insert Date------------Success Factor ID:--------
10/8/2020 8:06:56 PM-----Error:Preparing For Success Factor Row Addition: ---------
10/8/2020 8:06:56 PM-----Error:1761: Insert Date------------Success Factor ID:--------
10/8/2020 8:06:56 PM-----Error:Preparing For Success Factor Row Addition: ---------
10/8/2020 8:06:56 PM-----Error:1689: Insert Date------------Success Factor ID:--------
10/8/2020 8:06:56 PM-----Error:Preparing For Success Factor Row Addition: ---------
10/8/2020 8:06:56 PM-----Error:1704: Insert Date------------Success Factor ID:--------
10/8/2020 8:06:56 PM-----Error:Preparing For Success Factor Row Addition: ---------
10/8/2020 8:06:56 PM-----Error:1197: Insert Date------------Success Factor ID:--------
10/8/2020 8:06:56 PM-----Error:Preparing For Success Factor Row Addition: ---------
10/8/2020 8:06:57 PM-----Error:1817: Insert Date------------Success Factor ID:--------
10/8/2020 8:06:57 PM-----Error:Preparing For Success Factor Row Addition: ---------
10/8/2020 8:06:57 PM-----Error:1706: Insert Date------------Success Factor ID:--------
10/8/2020 8:06:57 PM-----Error:Preparing For Success Factor Row Addition: ---------
10/8/2020 8:06:57 PM-----Error:1773: Insert Date------------Success Factor ID:--------
10/8/2020 8:06:57 PM-----Error:Preparing For Success Factor Row Addition: ---------
10/8/2020 8:06:57 PM-----Error:1532: Insert Date------------Success Factor ID:--------
10/8/2020 8:06:57 PM-----Error:Preparing For Success Factor Row Addition: ---------
10/8/2020 8:06:57 PM-----Error:Adding Success Factor: -------
10/8/2020 8:06:57 PM-----Error:Success Factor is added successfully: -------------------
