12/1/2022 9:56:15 AM---Messages--:****************************: ################NEW CONNECTION###############***********************
12/1/2022 9:56:15 AM---Messages--:Connected With   : Database :- TVI_PilotCompany
12/1/2022 9:56:30 AM---Messages--:Adding Success Factor: -------
12/1/2022 9:56:47 AM---Messages--:ExecuteDataSet: Incorrect syntax near 'VALUES'.
12/1/2022 9:57:00 AM---Messages--:ExecuteDataSet: Incorrect syntax near 'VALUES'.
12/1/2022 9:57:17 AM---Messages--:Success Factor is added successfully: -------------------
12/1/2022 9:58:34 AM---Messages--:****************************: ################NEW CONNECTION###############***********************
12/1/2022 9:58:34 AM---Messages--:Connected With   : Database :- TVI_PilotCompany
12/1/2022 10:00:00 AM---Messages--:****************************: ################NEW CONNECTION###############***********************
12/1/2022 10:00:00 AM---Messages--:Connected With   : Database :- TVI_PilotCompany
12/1/2022 10:00:39 AM---Messages--:****************************: ################NEW CONNECTION###############***********************
12/1/2022 10:00:39 AM---Messages--:Connected With   : Database :- TVI_PilotCompany
12/1/2022 10:01:17 AM---Messages--:Adding Success Factor: -------
12/1/2022 10:01:38 AM---Messages--:ExecuteDataSet: Incorrect syntax near 'VALUES'.
12/1/2022 10:01:57 AM---Messages--:ExecuteDataSet: Incorrect syntax near 'VALUES'.
12/1/2022 10:02:19 AM---Messages--:Success Factor is added successfully: -------------------
12/1/2022 10:04:55 AM---Messages--:****************************: ################NEW CONNECTION###############***********************
12/1/2022 10:04:55 AM---Messages--:Connected With   : Database :- TVI_PilotCompany
12/1/2022 10:05:11 AM---Messages--:Adding Success Factor: -------
12/1/2022 10:05:13 AM---Messages--:ExecuteDataSet: Incorrect syntax near 'VALUES'.
12/1/2022 10:05:13 AM---Messages--:ExecuteDataSet: Incorrect syntax near 'VALUES'.
12/1/2022 10:05:13 AM---Messages--:Success Factor is added successfully: -------------------
