4/26/2021 11:10:29 AM---Messages--:****************************: ################NEW CONNECTION###############***********************
4/26/2021 11:10:29 AM---Messages--:Connected With   : Database :- ZTVI_TestCompany
4/26/2021 11:11:25 AM---Messages--:-#####--Claim ID:- 48201: -------#####--Success Factor ID:- 1711--------
4/26/2021 11:11:30 AM---Messages--:-#####--Claim ID:- 50011: -------#####--Success Factor ID:- 1200--------
4/26/2021 11:11:30 AM---Messages--:-#####--Claim ID:- 49637: -------#####--Success Factor ID:- 1390--------
4/26/2021 11:11:30 AM---Messages--:-#####--Claim ID:- 49942: -------#####--Success Factor ID:- 1390--------
4/26/2021 11:11:30 AM---Messages--:-#####--Claim ID:- 49513: -------#####--Success Factor ID:- DT149--------
4/26/2021 11:11:30 AM---Messages--:-#####--Claim ID:- 48829: -------#####--Success Factor ID:- DT210--------
4/26/2021 11:11:30 AM---Messages--:-#####--Claim ID:- 49953: -------#####--Success Factor ID:- SRMT101--------
4/26/2021 11:11:30 AM---Messages--:-#####--Claim ID:- 49789: -------#####--Success Factor ID:- SRMT345--------
4/26/2021 11:11:31 AM---Messages--:-#####--Claim ID:- 49696: -------#####--Success Factor ID:- SRMT291--------
4/26/2021 11:11:31 AM---Messages--:-#####--Claim ID:- 48997: -------#####--Success Factor ID:- SRMT319--------
4/26/2021 11:11:31 AM---Messages--:-#####--Claim ID:- 48921: -------#####--Success Factor ID:- DT214--------
4/26/2021 11:11:31 AM---Messages--:-#####--Claim ID:- 46069: -------#####--Success Factor ID:- DT214--------
4/26/2021 11:11:31 AM---Messages--:-#####--Claim ID:- 46070: -------#####--Success Factor ID:- DT214--------
4/26/2021 11:11:31 AM---Messages--:-#####--Claim ID:- 47864: -------#####--Success Factor ID:- SRMT351--------
4/26/2021 11:11:31 AM---Messages--:-#####--Claim ID:- 48777: -------#####--Success Factor ID:- SRMT334--------
4/26/2021 11:11:31 AM---Messages--:-#####--Claim ID:- 48781: -------#####--Success Factor ID:- SRMT334--------
4/26/2021 11:11:31 AM---Messages--:-#####--Claim ID:- 50301: -------#####--Success Factor ID:- SRMT334--------
4/26/2021 11:11:31 AM---Messages--:-#####--Claim ID:- 50302: -------#####--Success Factor ID:- SRMT334--------
4/26/2021 11:11:31 AM---Messages--:-#####--Claim ID:- 50303: -------#####--Success Factor ID:- SRMT334--------
4/26/2021 11:11:31 AM---Messages--:-#####--Claim ID:- 50304: -------#####--Success Factor ID:- SRMT334--------
4/26/2021 11:11:31 AM---Messages--:-#####--Claim ID:- 49152: -------#####--Success Factor ID:- DT115--------
4/26/2021 11:11:31 AM---Messages--:-#####--Claim ID:- 48817: -------#####--Success Factor ID:- DT171--------
4/26/2021 11:11:32 AM---Messages--:-#####--Claim ID:- 49331: -------#####--Success Factor ID:- DT058--------
4/26/2021 11:11:32 AM---Messages--:-#####--Claim ID:- 49700: -------#####--Success Factor ID:- DT183--------
4/26/2021 11:11:32 AM---Messages--:-#####--Claim ID:- 48195: -------#####--Success Factor ID:- 49--------
4/26/2021 11:11:32 AM---Messages--:-#####--Claim ID:- 48900: -------#####--Success Factor ID:- 1656--------
4/26/2021 11:11:32 AM---Messages--:-#####--Claim ID:- 49045: -------#####--Success Factor ID:- 1823--------
4/26/2021 11:11:32 AM---Messages--:-#####--Claim ID:- 48652: -------#####--Success Factor ID:- 1837--------
4/26/2021 11:11:32 AM---Messages--:-#####--Claim ID:- 49815: -------#####--Success Factor ID:- 1837--------
4/26/2021 11:11:32 AM---Messages--:-#####--Claim ID:- 49257: -------#####--Success Factor ID:- 1402--------
4/26/2021 11:11:32 AM---Messages--:-#####--Claim ID:- 49019: -------#####--Success Factor ID:- 1453--------
4/26/2021 11:11:32 AM---Messages--:-#####--Claim ID:- 48609: -------#####--Success Factor ID:- 1510--------
4/26/2021 11:11:32 AM---Messages--:-#####--Claim ID:- 48378: -------#####--Success Factor ID:- 1560--------
4/26/2021 11:11:32 AM---Messages--:-#####--Claim ID:- 48697: -------#####--Success Factor ID:- 1698--------
4/26/2021 11:11:33 AM---Messages--:-#####--Claim ID:- 48279: -------#####--Success Factor ID:- 1212--------
4/26/2021 11:11:33 AM---Messages--:-#####--Claim ID:- 48290: -------#####--Success Factor ID:- 1529--------
4/26/2021 11:11:33 AM---Messages--:-#####--Claim ID:- 50015: -------#####--Success Factor ID:- 1351--------
4/26/2021 11:11:33 AM---Messages--:-#####--Claim ID:- 49698: -------#####--Success Factor ID:- 1845--------
4/26/2021 11:11:33 AM---Messages--:-#####--Claim ID:- 48494: -------#####--Success Factor ID:- 1793--------
4/26/2021 11:11:33 AM---Messages--:-#####--Claim ID:- 48241: -------#####--Success Factor ID:- 1593--------
4/26/2021 11:11:33 AM---Messages--:-#####--Claim ID:- 49803: -------#####--Success Factor ID:- 1153--------
4/26/2021 11:11:33 AM---Messages--:-#####--Claim ID:- 49097: -------#####--Success Factor ID:- 1509--------
4/26/2021 11:11:33 AM---Messages--:-#####--Claim ID:- 49935: -------#####--Success Factor ID:- 1579--------
4/26/2021 11:11:33 AM---Messages--:-#####--Claim ID:- 49136: -------#####--Success Factor ID:- 1503--------
4/26/2021 11:11:34 AM---Messages--:-#####--Claim ID:- 49635: -------#####--Success Factor ID:- 1229--------
4/26/2021 11:11:34 AM---Messages--:-#####--Claim ID:- 49559: -------#####--Success Factor ID:- 1655--------
4/26/2021 11:11:34 AM---Messages--:-#####--Claim ID:- 47767: -------#####--Success Factor ID:- TF33--------
4/26/2021 11:11:34 AM---Messages--:-#####--Claim ID:- 49710: -------#####--Success Factor ID:- DT146--------
4/26/2021 11:11:34 AM---Messages--:-#####--Claim ID:- 46855: -------#####--Success Factor ID:- AGIL059--------
4/26/2021 11:11:34 AM---Messages--:-#####--Claim ID:- 49413: -------#####--Success Factor ID:- AGIL059--------
4/26/2021 11:11:34 AM---Messages--:-#####--Claim ID:- 49646: -------#####--Success Factor ID:- DT042--------
4/26/2021 11:11:34 AM---Messages--:-#####--Claim ID:- 49676: -------#####--Success Factor ID:- DT042--------
4/26/2021 11:11:34 AM---Messages--:-#####--Claim ID:- 49148: -------#####--Success Factor ID:- 1502--------
4/26/2021 11:11:34 AM---Messages--:-#####--Claim ID:- 49177: -------#####--Success Factor ID:- 1416--------
4/26/2021 11:11:34 AM---Messages--:-#####--Claim ID:- 49187: -------#####--Success Factor ID:- 1227--------
4/26/2021 11:11:35 AM---Messages--:-#####--Claim ID:- 49731: -------#####--Success Factor ID:- 1664--------
4/26/2021 11:11:35 AM---Messages--:-#####--Claim ID:- 49729: -------#####--Success Factor ID:- 1664--------
4/26/2021 11:11:35 AM---Messages--:-#####--Claim ID:- 49962: -------#####--Success Factor ID:- 1599--------
4/26/2021 11:11:35 AM---Messages--:-#####--Claim ID:- 49887: -------#####--Success Factor ID:- 1867--------
4/26/2021 11:11:35 AM---Messages--:Adding Success Factor: -------
4/26/2021 11:12:56 AM---Messages--:ExecuteDataSet: Incorrect syntax near 's'.
Unclosed quotation mark after the character string ')'.
4/26/2021 11:12:56 AM---Messages--:Success Factor is added successfully: -------------------
4/26/2021 11:34:10 AM---Messages--:****************************: ################NEW CONNECTION###############***********************
4/26/2021 11:34:10 AM---Messages--:Connected With   : Database :- TVI_PilotCompany
4/26/2021 11:34:38 AM---Messages--:Adding Success Factor: -------
4/26/2021 11:34:52 AM---Messages--:ExecuteDataSet: Incorrect syntax near 'VALUES'.
4/26/2021 11:34:55 AM---Messages--:ExecuteDataSet: Incorrect syntax near 'VALUES'.
4/26/2021 11:34:55 AM---Messages--:Success Factor is added successfully: -------------------
4/26/2021 11:39:04 AM---Messages--:****************************: ################NEW CONNECTION###############***********************
4/26/2021 11:39:04 AM---Messages--:Connected With   : Database :- TVI_PilotCompany
4/26/2021 11:39:27 AM---Messages--:Adding Success Factor: -------
4/26/2021 11:39:30 AM---Messages--:ExecuteDataSet: Incorrect syntax near 'VALUES'.
4/26/2021 11:39:53 AM---Messages--:ExecuteDataSet: Incorrect syntax near 'VALUES'.
4/26/2021 11:39:53 AM---Messages--:Success Factor is added successfully: -------------------
4/26/2021 11:40:43 AM---Messages--:****************************: ################NEW CONNECTION###############***********************
4/26/2021 11:40:43 AM---Messages--:Connected With   : Database :- TVI_PilotCompany
4/26/2021 11:41:13 AM---Messages--:Adding Success Factor: -------
4/26/2021 11:41:18 AM---Messages--:ExecuteDataSet: Incorrect syntax near 'VALUES'.
4/26/2021 11:41:23 AM---Messages--:ExecuteDataSet: Incorrect syntax near 'VALUES'.
4/26/2021 11:41:23 AM---Messages--:Success Factor is added successfully: -------------------
