5/26/2022 2:10:05 PM---Messages--:****************************: ################NEW CONNECTION###############***********************
5/26/2022 2:10:05 PM---Messages--:Connected With   : Database :- TVI_PilotCompany
5/26/2022 2:10:18 PM---Messages--:-#####--Claim ID:- 71489: -------#####--Success Factor ID:- 1861--------
5/26/2022 2:10:19 PM---Messages--:-#####--Claim ID:- 71490: -------#####--Success Factor ID:- 1861--------
5/26/2022 2:10:19 PM---Messages--:-#####--Claim ID:- 71491: -------#####--Success Factor ID:- 1861--------
5/26/2022 2:10:19 PM---Messages--:-#####--Claim ID:- 71492: -------#####--Success Factor ID:- 1861--------
5/26/2022 2:10:19 PM---Messages--:-#####--Claim ID:- 71494: -------#####--Success Factor ID:- 1861--------
5/26/2022 2:10:19 PM---Messages--:-#####--Claim ID:- 71672: -------#####--Success Factor ID:- 1779--------
5/26/2022 2:10:19 PM---Messages--:-#####--Claim ID:- 71673: -------#####--Success Factor ID:- 1779--------
5/26/2022 2:10:19 PM---Messages--:-#####--Claim ID:- 71674: -------#####--Success Factor ID:- 1779--------
5/26/2022 2:10:19 PM---Messages--:-#####--Claim ID:- 71675: -------#####--Success Factor ID:- 1779--------
5/26/2022 2:10:19 PM---Messages--:-#####--Claim ID:- 71676: -------#####--Success Factor ID:- 1779--------
5/26/2022 2:10:19 PM---Messages--:-#####--Claim ID:- 72020: -------#####--Success Factor ID:- 1779--------
5/26/2022 2:10:20 PM---Messages--:-#####--Claim ID:- 71767: -------#####--Success Factor ID:- 1779--------
5/26/2022 2:10:20 PM---Messages--:-#####--Claim ID:- 71768: -------#####--Success Factor ID:- 1779--------
5/26/2022 2:10:20 PM---Messages--:-#####--Claim ID:- 71769: -------#####--Success Factor ID:- 1779--------
5/26/2022 2:10:20 PM---Messages--:-#####--Claim ID:- 71770: -------#####--Success Factor ID:- 1779--------
5/26/2022 2:10:20 PM---Messages--:-#####--Claim ID:- 71801: -------#####--Success Factor ID:- 1938--------
5/26/2022 2:10:20 PM---Messages--:-#####--Claim ID:- 71802: -------#####--Success Factor ID:- 1938--------
5/26/2022 2:10:20 PM---Messages--:-#####--Claim ID:- 71804: -------#####--Success Factor ID:- 1938--------
5/26/2022 2:10:20 PM---Messages--:-#####--Claim ID:- 71703: -------#####--Success Factor ID:- 1691--------
5/26/2022 2:10:20 PM---Messages--:-#####--Claim ID:- 71701: -------#####--Success Factor ID:- 1691--------
5/26/2022 2:10:20 PM---Messages--:-#####--Claim ID:- 71738: -------#####--Success Factor ID:- 1691--------
5/26/2022 2:10:20 PM---Messages--:-#####--Claim ID:- 71736: -------#####--Success Factor ID:- 1691--------
5/26/2022 2:10:21 PM---Messages--:-#####--Claim ID:- 71792: -------#####--Success Factor ID:- 1853--------
5/26/2022 2:10:21 PM---Messages--:-#####--Claim ID:- 71838: -------#####--Success Factor ID:- 1853--------
5/26/2022 2:10:21 PM---Messages--:-#####--Claim ID:- 71150: -------#####--Success Factor ID:- 1431--------
5/26/2022 2:10:21 PM---Messages--:-#####--Claim ID:- 71147: -------#####--Success Factor ID:- 1431--------
5/26/2022 2:10:21 PM---Messages--:-#####--Claim ID:- 71144: -------#####--Success Factor ID:- 1431--------
5/26/2022 2:10:21 PM---Messages--:-#####--Claim ID:- 71148: -------#####--Success Factor ID:- 1431--------
5/26/2022 2:10:21 PM---Messages--:-#####--Claim ID:- 71759: -------#####--Success Factor ID:- 1756--------
5/26/2022 2:10:21 PM---Messages--:-#####--Claim ID:- 71760: -------#####--Success Factor ID:- 1756--------
5/26/2022 2:10:21 PM---Messages--:-#####--Claim ID:- 71761: -------#####--Success Factor ID:- 1756--------
5/26/2022 2:10:21 PM---Messages--:-#####--Claim ID:- 71762: -------#####--Success Factor ID:- 1756--------
5/26/2022 2:10:21 PM---Messages--:-#####--Claim ID:- 71752: -------#####--Success Factor ID:- 1756--------
5/26/2022 2:10:21 PM---Messages--:-#####--Claim ID:- 71754: -------#####--Success Factor ID:- 1756--------
5/26/2022 2:10:22 PM---Messages--:-#####--Claim ID:- 70922: -------#####--Success Factor ID:- 885--------
5/26/2022 2:10:22 PM---Messages--:-#####--Claim ID:- 70923: -------#####--Success Factor ID:- 885--------
5/26/2022 2:10:22 PM---Messages--:-#####--Claim ID:- 70924: -------#####--Success Factor ID:- 885--------
5/26/2022 2:10:22 PM---Messages--:-#####--Claim ID:- 70925: -------#####--Success Factor ID:- 885--------
5/26/2022 2:10:22 PM---Messages--:-#####--Claim ID:- 70926: -------#####--Success Factor ID:- 885--------
5/26/2022 2:10:22 PM---Messages--:-#####--Claim ID:- 72005: -------#####--Success Factor ID:- 1952--------
5/26/2022 2:10:22 PM---Messages--:-#####--Claim ID:- 72006: -------#####--Success Factor ID:- 1952--------
5/26/2022 2:10:22 PM---Messages--:-#####--Claim ID:- 72007: -------#####--Success Factor ID:- 1952--------
5/26/2022 2:10:22 PM---Messages--:-#####--Claim ID:- 72008: -------#####--Success Factor ID:- 1952--------
5/26/2022 2:10:22 PM---Messages--:-#####--Claim ID:- 72016: -------#####--Success Factor ID:- 1952--------
5/26/2022 2:10:22 PM---Messages--:-#####--Claim ID:- 72015: -------#####--Success Factor ID:- 1952--------
5/26/2022 2:10:22 PM---Messages--:-#####--Claim ID:- 72014: -------#####--Success Factor ID:- 1952--------
5/26/2022 2:10:22 PM---Messages--:-#####--Claim ID:- 72018: -------#####--Success Factor ID:- 1952--------
5/26/2022 2:10:22 PM---Messages--:-#####--Claim ID:- 71658: -------#####--Success Factor ID:- 601--------
5/26/2022 2:10:22 PM---Messages--:-#####--Claim ID:- 71727: -------#####--Success Factor ID:- 814--------
5/26/2022 2:10:22 PM---Messages--:-#####--Claim ID:- 71728: -------#####--Success Factor ID:- 814--------
5/26/2022 2:10:22 PM---Messages--:-#####--Claim ID:- 71729: -------#####--Success Factor ID:- 814--------
5/26/2022 2:10:22 PM---Messages--:-#####--Claim ID:- 71730: -------#####--Success Factor ID:- 814--------
5/26/2022 2:10:22 PM---Messages--:-#####--Claim ID:- 71705: -------#####--Success Factor ID:- 814--------
5/26/2022 2:10:22 PM---Messages--:-#####--Claim ID:- 71268: -------#####--Success Factor ID:- 1537--------
5/26/2022 2:10:22 PM---Messages--:-#####--Claim ID:- 71258: -------#####--Success Factor ID:- 1537--------
5/26/2022 2:10:23 PM---Messages--:-#####--Claim ID:- 71264: -------#####--Success Factor ID:- 1537--------
5/26/2022 2:10:23 PM---Messages--:-#####--Claim ID:- 71260: -------#####--Success Factor ID:- 1537--------
5/26/2022 2:10:23 PM---Messages--:-#####--Claim ID:- 71266: -------#####--Success Factor ID:- 1537--------
5/26/2022 2:10:23 PM---Messages--:-#####--Claim ID:- 71471: -------#####--Success Factor ID:- 1942--------
5/26/2022 2:10:23 PM---Messages--:-#####--Claim ID:- 71472: -------#####--Success Factor ID:- 1942--------
5/26/2022 2:10:23 PM---Messages--:-#####--Claim ID:- 71528: -------#####--Success Factor ID:- 1942--------
5/26/2022 2:10:23 PM---Messages--:-#####--Claim ID:- 71475: -------#####--Success Factor ID:- 1942--------
5/26/2022 2:10:23 PM---Messages--:-#####--Claim ID:- 71476: -------#####--Success Factor ID:- 1942--------
5/26/2022 2:10:23 PM---Messages--:-#####--Claim ID:- 71478: -------#####--Success Factor ID:- 1942--------
5/26/2022 2:10:23 PM---Messages--:-#####--Claim ID:- 72188: -------#####--Success Factor ID:- 1942--------
5/26/2022 2:10:23 PM---Messages--:-#####--Claim ID:- 72189: -------#####--Success Factor ID:- 1942--------
5/26/2022 2:10:23 PM---Messages--:-#####--Claim ID:- 72190: -------#####--Success Factor ID:- 1942--------
5/26/2022 2:10:23 PM---Messages--:-#####--Claim ID:- 72191: -------#####--Success Factor ID:- 1942--------
5/26/2022 2:10:23 PM---Messages--:-#####--Claim ID:- 72192: -------#####--Success Factor ID:- 1942--------
5/26/2022 2:10:24 PM---Messages--:-#####--Claim ID:- 71812: -------#####--Success Factor ID:- 1942--------
5/26/2022 2:10:24 PM---Messages--:-#####--Claim ID:- 71811: -------#####--Success Factor ID:- 1942--------
5/26/2022 2:10:24 PM---Messages--:-#####--Claim ID:- 71810: -------#####--Success Factor ID:- 1942--------
5/26/2022 2:10:24 PM---Messages--:-#####--Claim ID:- 71809: -------#####--Success Factor ID:- 1942--------
5/26/2022 2:10:24 PM---Messages--:-#####--Claim ID:- 71844: -------#####--Success Factor ID:- 688--------
5/26/2022 2:10:24 PM---Messages--:-#####--Claim ID:- 71840: -------#####--Success Factor ID:- 688--------
5/26/2022 2:10:24 PM---Messages--:-#####--Claim ID:- 71842: -------#####--Success Factor ID:- 688--------
5/26/2022 2:10:24 PM---Messages--:-#####--Claim ID:- 71606: -------#####--Success Factor ID:- 1791--------
5/26/2022 2:10:24 PM---Messages--:-#####--Claim ID:- 71604: -------#####--Success Factor ID:- 1791--------
5/26/2022 2:10:25 PM---Messages--:-#####--Claim ID:- 71818: -------#####--Success Factor ID:- 1631--------
5/26/2022 2:10:25 PM---Messages--:-#####--Claim ID:- 71666: -------#####--Success Factor ID:- 1631--------
5/26/2022 2:10:25 PM---Messages--:-#####--Claim ID:- 71854: -------#####--Success Factor ID:- 1943--------
5/26/2022 2:10:25 PM---Messages--:-#####--Claim ID:- 71874: -------#####--Success Factor ID:- 1943--------
5/26/2022 2:10:25 PM---Messages--:-#####--Claim ID:- 72026: -------#####--Success Factor ID:- 1943--------
5/26/2022 2:10:25 PM---Messages--:-#####--Claim ID:- 71949: -------#####--Success Factor ID:- 415--------
5/26/2022 2:10:25 PM---Messages--:-#####--Claim ID:- 71950: -------#####--Success Factor ID:- 415--------
5/26/2022 2:10:25 PM---Messages--:-#####--Claim ID:- 71940: -------#####--Success Factor ID:- 415--------
5/26/2022 2:10:25 PM---Messages--:-#####--Claim ID:- 72310: -------#####--Success Factor ID:- 1764--------
5/26/2022 2:10:26 PM---Messages--:-#####--Claim ID:- 72307: -------#####--Success Factor ID:- 1764--------
5/26/2022 2:10:26 PM---Messages--:-#####--Claim ID:- 72306: -------#####--Success Factor ID:- 1764--------
5/26/2022 2:10:26 PM---Messages--:-#####--Claim ID:- 72202: -------#####--Success Factor ID:- 1780--------
5/26/2022 2:10:26 PM---Messages--:-#####--Claim ID:- 71740: -------#####--Success Factor ID:- 1656--------
5/26/2022 2:10:26 PM---Messages--:-#####--Claim ID:- 71238: -------#####--Success Factor ID:- 1656--------
5/26/2022 2:10:26 PM---Messages--:-#####--Claim ID:- 71237: -------#####--Success Factor ID:- 1656--------
5/26/2022 2:10:26 PM---Messages--:-#####--Claim ID:- 71232: -------#####--Success Factor ID:- 1656--------
5/26/2022 2:10:26 PM---Messages--:-#####--Claim ID:- 71795: -------#####--Success Factor ID:- 1258--------
5/26/2022 2:10:26 PM---Messages--:-#####--Claim ID:- 71608: -------#####--Success Factor ID:- 1258--------
5/26/2022 2:10:26 PM---Messages--:-#####--Claim ID:- 72028: -------#####--Success Factor ID:- 1442--------
5/26/2022 2:10:27 PM---Messages--:-#####--Claim ID:- 71914: -------#####--Success Factor ID:- 1442--------
5/26/2022 2:10:27 PM---Messages--:-#####--Claim ID:- 72034: -------#####--Success Factor ID:- 1810--------
5/26/2022 2:10:27 PM---Messages--:-#####--Claim ID:- 72032: -------#####--Success Factor ID:- 1810--------
5/26/2022 2:10:27 PM---Messages--:-#####--Claim ID:- 71200: -------#####--Success Factor ID:- 1985--------
5/26/2022 2:10:27 PM---Messages--:-#####--Claim ID:- 71384: -------#####--Success Factor ID:- 1985--------
5/26/2022 2:10:27 PM---Messages--:-#####--Claim ID:- 71382: -------#####--Success Factor ID:- 1985--------
5/26/2022 2:10:27 PM---Messages--:-#####--Claim ID:- 71198: -------#####--Success Factor ID:- 1985--------
5/26/2022 2:10:27 PM---Messages--:-#####--Claim ID:- 71376: -------#####--Success Factor ID:- 1985--------
5/26/2022 2:10:27 PM---Messages--:-#####--Claim ID:- 71434: -------#####--Success Factor ID:- 1937--------
5/26/2022 2:10:27 PM---Messages--:-#####--Claim ID:- 71432: -------#####--Success Factor ID:- 1937--------
5/26/2022 2:10:27 PM---Messages--:-#####--Claim ID:- 71428: -------#####--Success Factor ID:- 1937--------
5/26/2022 2:10:27 PM---Messages--:-#####--Claim ID:- 72182: -------#####--Success Factor ID:- 1634--------
5/26/2022 2:10:27 PM---Messages--:-#####--Claim ID:- 72208: -------#####--Success Factor ID:- 1634--------
5/26/2022 2:10:27 PM---Messages--:-#####--Claim ID:- 71034: -------#####--Success Factor ID:- 1921--------
5/26/2022 2:10:27 PM---Messages--:-#####--Claim ID:- 71466: -------#####--Success Factor ID:- 1921--------
5/26/2022 2:10:27 PM---Messages--:-#####--Claim ID:- 71036: -------#####--Success Factor ID:- 1921--------
5/26/2022 2:10:27 PM---Messages--:-#####--Claim ID:- 71444: -------#####--Success Factor ID:- 1921--------
5/26/2022 2:10:27 PM---Messages--:-#####--Claim ID:- 71032: -------#####--Success Factor ID:- 1921--------
5/26/2022 2:10:28 PM---Messages--:-#####--Claim ID:- 71380: -------#####--Success Factor ID:- 1509--------
5/26/2022 2:10:28 PM---Messages--:-#####--Claim ID:- 71374: -------#####--Success Factor ID:- 1509--------
5/26/2022 2:10:28 PM---Messages--:-#####--Claim ID:- 71378: -------#####--Success Factor ID:- 1509--------
5/26/2022 2:10:28 PM---Messages--:-#####--Claim ID:- 71925: -------#####--Success Factor ID:- 1980--------
5/26/2022 2:10:28 PM---Messages--:-#####--Claim ID:- 71926: -------#####--Success Factor ID:- 1980--------
5/26/2022 2:10:28 PM---Messages--:-#####--Claim ID:- 71927: -------#####--Success Factor ID:- 1980--------
5/26/2022 2:10:28 PM---Messages--:-#####--Claim ID:- 71928: -------#####--Success Factor ID:- 1980--------
5/26/2022 2:10:28 PM---Messages--:-#####--Claim ID:- 71929: -------#####--Success Factor ID:- 1980--------
5/26/2022 2:10:28 PM---Messages--:-#####--Claim ID:- 71930: -------#####--Success Factor ID:- 1980--------
5/26/2022 2:10:29 PM---Messages--:-#####--Claim ID:- 71943: -------#####--Success Factor ID:- 1910--------
5/26/2022 2:10:29 PM---Messages--:-#####--Claim ID:- 71944: -------#####--Success Factor ID:- 1910--------
5/26/2022 2:10:29 PM---Messages--:-#####--Claim ID:- 71952: -------#####--Success Factor ID:- 1910--------
5/26/2022 2:10:29 PM---Messages--:-#####--Claim ID:- 72316: -------#####--Success Factor ID:- 1496--------
5/26/2022 2:10:29 PM---Messages--:-#####--Claim ID:- 71342: -------#####--Success Factor ID:- 1496--------
5/26/2022 2:10:29 PM---Messages--:-#####--Claim ID:- 71344: -------#####--Success Factor ID:- 1496--------
5/26/2022 2:10:29 PM---Messages--:-#####--Claim ID:- 72314: -------#####--Success Factor ID:- 1496--------
5/26/2022 2:10:29 PM---Messages--:-#####--Claim ID:- 71340: -------#####--Success Factor ID:- 1496--------
5/26/2022 2:10:29 PM---Messages--:-#####--Claim ID:- 71586: -------#####--Success Factor ID:- 265--------
5/26/2022 2:10:29 PM---Messages--:-#####--Claim ID:- 71161: -------#####--Success Factor ID:- 265--------
5/26/2022 2:10:30 PM---Messages--:-#####--Claim ID:- 71746: -------#####--Success Factor ID:- 374--------
5/26/2022 2:10:30 PM---Messages--:-#####--Claim ID:- 71436: -------#####--Success Factor ID:- 374--------
5/26/2022 2:10:30 PM---Messages--:-#####--Claim ID:- 71133: -------#####--Success Factor ID:- 1669--------
5/26/2022 2:10:30 PM---Messages--:-#####--Claim ID:- 71786: -------#####--Success Factor ID:- 1048--------
5/26/2022 2:10:30 PM---Messages--:-#####--Claim ID:- 69883: -------#####--Success Factor ID:- 1702--------
5/26/2022 2:10:30 PM---Messages--:-#####--Claim ID:- 71502: -------#####--Success Factor ID:- 1702--------
5/26/2022 2:10:30 PM---Messages--:-#####--Claim ID:- 71538: -------#####--Success Factor ID:- 1873--------
5/26/2022 2:10:31 PM---Messages--:-#####--Claim ID:- 71868: -------#####--Success Factor ID:- 1916--------
5/26/2022 2:10:31 PM---Messages--:-#####--Claim ID:- 71582: -------#####--Success Factor ID:- 1195--------
5/26/2022 2:10:31 PM---Messages--:-#####--Claim ID:- 72194: -------#####--Success Factor ID:- 1934--------
5/26/2022 2:10:31 PM---Messages--:-#####--Claim ID:- 70762: -------#####--Success Factor ID:- 1227--------
5/26/2022 2:10:31 PM---Messages--:-#####--Claim ID:- 71426: -------#####--Success Factor ID:- 1296--------
5/26/2022 2:10:32 PM---Messages--:-#####--Claim ID:- 71456: -------#####--Success Factor ID:- 1653--------
5/26/2022 2:10:32 PM---Messages--:-#####--Claim ID:- 71512: -------#####--Success Factor ID:- 1226--------
5/26/2022 2:10:32 PM---Messages--:-#####--Claim ID:- 71742: -------#####--Success Factor ID:- 1774--------
5/26/2022 2:10:32 PM---Messages--:-#####--Claim ID:- 71468: -------#####--Success Factor ID:- 1928--------
5/26/2022 2:10:32 PM---Messages--:-#####--Claim ID:- 71544: -------#####--Success Factor ID:- 1506--------
5/26/2022 2:10:32 PM---Messages--:-#####--Claim ID:- 71558: -------#####--Success Factor ID:- 1716--------
5/26/2022 2:10:32 PM---Messages--:-#####--Claim ID:- 71898: -------#####--Success Factor ID:- 1891--------
5/26/2022 2:10:32 PM---Messages--:-#####--Claim ID:- 71900: -------#####--Success Factor ID:- 1817--------
5/26/2022 2:10:33 PM---Messages--:-#####--Claim ID:- 71986: -------#####--Success Factor ID:- 1895--------
5/26/2022 2:10:33 PM---Messages--:-#####--Claim ID:- 71416: -------#####--Success Factor ID:- 1415--------
5/26/2022 2:10:33 PM---Messages--:-#####--Claim ID:- 71517: -------#####--Success Factor ID:- 1700--------
5/26/2022 2:10:33 PM---Messages--:-#####--Claim ID:- 71550: -------#####--Success Factor ID:- 1755--------
5/26/2022 2:10:33 PM---Messages--:-#####--Claim ID:- 71645: -------#####--Success Factor ID:- 769--------
5/26/2022 2:10:34 PM---Messages--:-#####--Claim ID:- 71936: -------#####--Success Factor ID:- 1837--------
5/26/2022 2:10:34 PM---Messages--:-#####--Claim ID:- 71446: -------#####--Success Factor ID:- 1927--------
5/26/2022 2:10:34 PM---Messages--:-#####--Claim ID:- 72206: -------#####--Success Factor ID:- 766--------
5/26/2022 2:10:34 PM---Messages--:-#####--Claim ID:- 71647: -------#####--Success Factor ID:- 1406--------
5/26/2022 2:10:35 PM---Messages--:-#####--Claim ID:- 71662: -------#####--Success Factor ID:- 1566--------
5/26/2022 2:10:35 PM---Messages--:-#####--Claim ID:- 71772: -------#####--Success Factor ID:- 1745--------
5/26/2022 2:10:35 PM---Messages--:-#####--Claim ID:- 71876: -------#####--Success Factor ID:- 1514--------
5/26/2022 2:10:35 PM---Messages--:-#####--Claim ID:- 71934: -------#####--Success Factor ID:- 1808--------
5/26/2022 2:10:36 PM---Messages--:-#####--Claim ID:- 70563: -------#####--Success Factor ID:- 1572--------
5/26/2022 2:10:36 PM---Messages--:-#####--Claim ID:- 71001: -------#####--Success Factor ID:- CONT-016--------
5/26/2022 2:10:36 PM---Messages--:-#####--Claim ID:- 71790: -------#####--Success Factor ID:- 1949--------
5/26/2022 2:10:36 PM---Messages--:-#####--Claim ID:- 71244: -------#####--Success Factor ID:- 1878--------
5/26/2022 2:10:36 PM---Messages--:-#####--Claim ID:- 71718: -------#####--Success Factor ID:- 976--------
5/26/2022 2:10:36 PM---Messages--:-#####--Claim ID:- 71902: -------#####--Success Factor ID:- 1714--------
5/26/2022 2:10:36 PM---Messages--:-#####--Claim ID:- 71896: -------#####--Success Factor ID:- 1626--------
5/26/2022 2:10:37 PM---Messages--:-#####--Claim ID:- 71956: -------#####--Success Factor ID:- 1384--------
5/26/2022 2:10:37 PM---Messages--:-#####--Claim ID:- 72055: -------#####--Success Factor ID:- 1722--------
5/26/2022 2:10:37 PM---Messages--:-#####--Claim ID:- 72067: -------#####--Success Factor ID:- 1410--------
5/26/2022 2:10:37 PM---Messages--:-#####--Claim ID:- 71689: -------#####--Success Factor ID:- 1970--------
5/26/2022 2:10:37 PM---Messages--:-#####--Claim ID:- 71464: -------#####--Success Factor ID:- 1737--------
5/26/2022 2:10:37 PM---Messages--:-#####--Claim ID:- 71536: -------#####--Success Factor ID:- 1893--------
5/26/2022 2:10:37 PM---Messages--:-#####--Claim ID:- 72342: -------#####--Success Factor ID:- 1023--------
5/26/2022 2:10:37 PM---Messages--:-#####--Claim ID:- 71684: -------#####--Success Factor ID:- 1966--------
5/26/2022 2:10:38 PM---Messages--:-#####--Claim ID:- 72600: -------#####--Success Factor ID:- 32--------
5/26/2022 2:10:38 PM---Messages--:-#####--Claim ID:- 71506: -------#####--Success Factor ID:- 1515--------
5/26/2022 2:10:38 PM---Messages--:-#####--Claim ID:- 71621: -------#####--Success Factor ID:- 1404--------
5/26/2022 2:10:38 PM---Messages--:-#####--Claim ID:- 71625: -------#####--Success Factor ID:- 1222--------
5/26/2022 2:10:38 PM---Messages--:Adding Success Factor: -------
5/26/2022 2:10:53 PM---Messages--:Success Factor is added successfully: -------------------
5/26/2022 2:10:59 PM---Messages--:Main: Object reference not set to an instance of an object.
