12/8/2020 4:32:11 PM---Messages--:****************************: ################NEW CONNECTION###############***********************
12/8/2020 4:32:11 PM---Messages--:Connected With   : Database :- Z_TEST_Company_31_10_2020
12/8/2020 4:32:44 PM---Messages--:-#####--Claim ID:- 41475: -------#####--Success Factor ID:- 1734--------
12/8/2020 4:32:45 PM---Messages--:-#####--Claim ID:- 41473: -------#####--Success Factor ID:- 1517--------
12/8/2020 4:32:45 PM---Messages--:-#####--Claim ID:- 40986: -------#####--Success Factor ID:- 1723--------
12/8/2020 4:32:45 PM---Messages--:-#####--Claim ID:- 41008: -------#####--Success Factor ID:- 1529--------
12/8/2020 4:32:45 PM---Messages--:-#####--Claim ID:- 41073: -------#####--Success Factor ID:- 1684--------
12/8/2020 4:32:45 PM---Messages--:-#####--Claim ID:- 41071: -------#####--Success Factor ID:- 1684--------
12/8/2020 4:32:45 PM---Messages--:-#####--Claim ID:- 41405: -------#####--Success Factor ID:- 1611--------
12/8/2020 4:32:45 PM---Messages--:-#####--Claim ID:- 41488: -------#####--Success Factor ID:- 1793--------
12/8/2020 4:32:45 PM---Messages--:-#####--Claim ID:- 41492: -------#####--Success Factor ID:- 1793--------
12/8/2020 4:32:45 PM---Messages--:-#####--Claim ID:- 41486: -------#####--Success Factor ID:- 1793--------
12/8/2020 4:32:45 PM---Messages--:-#####--Claim ID:- 41358: -------#####--Success Factor ID:- 1831--------
12/8/2020 4:32:45 PM---Messages--:-#####--Claim ID:- 41467: -------#####--Success Factor ID:- 1831--------
12/8/2020 4:32:45 PM---Messages--:-#####--Claim ID:- 41477: -------#####--Success Factor ID:- 1818--------
12/8/2020 4:32:46 PM---Messages--:-#####--Claim ID:- 41479: -------#####--Success Factor ID:- DT186--------
12/8/2020 4:32:46 PM---Messages--:-#####--Claim ID:- 42046: -------#####--Success Factor ID:- 1195--------
12/8/2020 4:32:46 PM---Messages--:-#####--Claim ID:- 41620: -------#####--Success Factor ID:- 1830--------
12/8/2020 4:32:46 PM---Messages--:-#####--Claim ID:- 41626: -------#####--Success Factor ID:- 1830--------
12/8/2020 4:32:46 PM---Messages--:-#####--Claim ID:- 41565: -------#####--Success Factor ID:- 1696--------
12/8/2020 4:32:46 PM---Messages--:-#####--Claim ID:- 42006: -------#####--Success Factor ID:- 1705--------
12/8/2020 4:32:46 PM---Messages--:-#####--Claim ID:- 41710: -------#####--Success Factor ID:- 1704--------
12/8/2020 4:32:46 PM---Messages--:-#####--Claim ID:- 41401: -------#####--Success Factor ID:- 1505--------
12/8/2020 4:32:46 PM---Messages--:-#####--Claim ID:- 41853: -------#####--Success Factor ID:- 1824--------
12/8/2020 4:32:46 PM---Messages--:-#####--Claim ID:- 41851: -------#####--Success Factor ID:- 1824--------
12/8/2020 4:32:47 PM---Messages--:-#####--Claim ID:- 41494: -------#####--Success Factor ID:- 1226--------
12/8/2020 4:32:47 PM---Messages--:-#####--Claim ID:- 41708: -------#####--Success Factor ID:- 1374--------
12/8/2020 4:32:47 PM---Messages--:-#####--Claim ID:- 41801: -------#####--Success Factor ID:- 1228--------
12/8/2020 4:32:47 PM---Messages--:-#####--Claim ID:- 41803: -------#####--Success Factor ID:- 976--------
12/8/2020 4:32:47 PM---Messages--:-#####--Claim ID:- 41817: -------#####--Success Factor ID:- 766--------
12/8/2020 4:32:47 PM---Messages--:-#####--Claim ID:- 41831: -------#####--Success Factor ID:- 1324--------
12/8/2020 4:32:47 PM---Messages--:-#####--Claim ID:- 41857: -------#####--Success Factor ID:- 1222--------
12/8/2020 4:32:47 PM---Messages--:-#####--Claim ID:- 41871: -------#####--Success Factor ID:- 1328--------
12/8/2020 4:32:48 PM---Messages--:-#####--Claim ID:- 41873: -------#####--Success Factor ID:- 1328--------
12/8/2020 4:32:48 PM---Messages--:-#####--Claim ID:- 41341: -------#####--Success Factor ID:- 526--------
12/8/2020 4:32:48 PM---Messages--:-#####--Claim ID:- 41425: -------#####--Success Factor ID:- 1709--------
12/8/2020 4:32:48 PM---Messages--:-#####--Claim ID:- 41809: -------#####--Success Factor ID:- 1814--------
12/8/2020 4:32:48 PM---Messages--:-#####--Claim ID:- 41833: -------#####--Success Factor ID:- 32--------
12/8/2020 4:32:48 PM---Messages--:-#####--Claim ID:- 41859: -------#####--Success Factor ID:- 1626--------
12/8/2020 4:32:48 PM---Messages--:-#####--Claim ID:- 41899: -------#####--Success Factor ID:- 1655--------
12/8/2020 4:32:48 PM---Messages--:-#####--Claim ID:- 41904: -------#####--Success Factor ID:- 1655--------
12/8/2020 4:32:48 PM---Messages--:-#####--Claim ID:- 41901: -------#####--Success Factor ID:- 1655--------
12/8/2020 4:32:48 PM---Messages--:-#####--Claim ID:- 41897: -------#####--Success Factor ID:- 1655--------
12/8/2020 4:32:48 PM---Messages--:-#####--Claim ID:- 41933: -------#####--Success Factor ID:- 1348--------
12/8/2020 4:32:49 PM---Messages--:-#####--Claim ID:- 41449: -------#####--Success Factor ID:- 1240--------
12/8/2020 4:32:49 PM---Messages--:-#####--Claim ID:- 41465: -------#####--Success Factor ID:- 1240--------
12/8/2020 4:32:49 PM---Messages--:-#####--Claim ID:- 41455: -------#####--Success Factor ID:- 1240--------
12/8/2020 4:32:49 PM---Messages--:-#####--Claim ID:- 41490: -------#####--Success Factor ID:- 1404--------
12/8/2020 4:32:49 PM---Messages--:-#####--Claim ID:- 41527: -------#####--Success Factor ID:- 1755--------
12/8/2020 4:32:49 PM---Messages--:-#####--Claim ID:- 41543: -------#####--Success Factor ID:- 1747--------
12/8/2020 4:32:49 PM---Messages--:-#####--Claim ID:- 41716: -------#####--Success Factor ID:- 1406--------
12/8/2020 4:32:49 PM---Messages--:-#####--Claim ID:- 41917: -------#####--Success Factor ID:- 1700--------
12/8/2020 4:32:49 PM---Messages--:-#####--Claim ID:- 41498: -------#####--Success Factor ID:- 1700--------
12/8/2020 4:32:49 PM---Messages--:-#####--Claim ID:- 41441: -------#####--Success Factor ID:- 1722--------
12/8/2020 4:32:49 PM---Messages--:-#####--Claim ID:- 40615: -------#####--Success Factor ID:- 1722--------
12/8/2020 4:32:50 PM---Messages--:-#####--Claim ID:- 41444: -------#####--Success Factor ID:- 1384--------
12/8/2020 4:32:50 PM---Messages--:-#####--Claim ID:- 40868: -------#####--Success Factor ID:- 1384--------
12/8/2020 4:32:50 PM---Messages--:-#####--Claim ID:- 41508: -------#####--Success Factor ID:- 1808--------
12/8/2020 4:32:50 PM---Messages--:-#####--Claim ID:- 40292: -------#####--Success Factor ID:- 1808--------
12/8/2020 4:32:50 PM---Messages--:-#####--Claim ID:- 41557: -------#####--Success Factor ID:- 1809--------
12/8/2020 4:32:50 PM---Messages--:-#####--Claim ID:- 41110: -------#####--Success Factor ID:- 1809--------
12/8/2020 4:32:50 PM---Messages--:-#####--Claim ID:- 41531: -------#####--Success Factor ID:- 1457--------
12/8/2020 4:32:50 PM---Messages--:-#####--Claim ID:- 41669: -------#####--Success Factor ID:- 1775--------
12/8/2020 4:32:50 PM---Messages--:-#####--Claim ID:- 41728: -------#####--Success Factor ID:- 1510--------
12/8/2020 4:32:50 PM---Messages--:-#####--Claim ID:- 41730: -------#####--Success Factor ID:- 1510--------
12/8/2020 4:32:50 PM---Messages--:-#####--Claim ID:- 41726: -------#####--Success Factor ID:- 1510--------
12/8/2020 4:32:50 PM---Messages--:-#####--Claim ID:- 41748: -------#####--Success Factor ID:- 884--------
12/8/2020 4:32:51 PM---Messages--:-#####--Claim ID:- 41756: -------#####--Success Factor ID:- 884--------
12/8/2020 4:32:51 PM---Messages--:-#####--Claim ID:- 41757: -------#####--Success Factor ID:- 884--------
12/8/2020 4:32:51 PM---Messages--:-#####--Claim ID:- 41758: -------#####--Success Factor ID:- 884--------
12/8/2020 4:32:51 PM---Messages--:-#####--Claim ID:- 41759: -------#####--Success Factor ID:- 884--------
12/8/2020 4:32:51 PM---Messages--:-#####--Claim ID:- 41760: -------#####--Success Factor ID:- 884--------
12/8/2020 4:32:51 PM---Messages--:-#####--Claim ID:- 41755: -------#####--Success Factor ID:- 884--------
12/8/2020 4:32:51 PM---Messages--:-#####--Claim ID:- 41403: -------#####--Success Factor ID:- 1442--------
12/8/2020 4:32:51 PM---Messages--:-#####--Claim ID:- 41435: -------#####--Success Factor ID:- 1048--------
12/8/2020 4:32:51 PM---Messages--:-#####--Claim ID:- 41510: -------#####--Success Factor ID:- 1634--------
12/8/2020 4:32:51 PM---Messages--:-#####--Claim ID:- 41514: -------#####--Success Factor ID:- 1634--------
12/8/2020 4:32:51 PM---Messages--:-#####--Claim ID:- 41512: -------#####--Success Factor ID:- 1634--------
12/8/2020 4:32:51 PM---Messages--:-#####--Claim ID:- 41700: -------#####--Success Factor ID:- 1810--------
12/8/2020 4:32:51 PM---Messages--:-#####--Claim ID:- 41814: -------#####--Success Factor ID:- 1810--------
12/8/2020 4:32:51 PM---Messages--:-#####--Claim ID:- 41539: -------#####--Success Factor ID:- 1514--------
12/8/2020 4:32:52 PM---Messages--:-#####--Claim ID:- 41718: -------#####--Success Factor ID:- 1410--------
12/8/2020 4:32:52 PM---Messages--:-#####--Claim ID:- 41746: -------#####--Success Factor ID:- 1365--------
12/8/2020 4:32:52 PM---Messages--:-#####--Claim ID:- 41807: -------#####--Success Factor ID:- 1701--------
12/8/2020 4:32:52 PM---Messages--:-#####--Claim ID:- 41778: -------#####--Success Factor ID:- 1400--------
12/8/2020 4:32:52 PM---Messages--:-#####--Claim ID:- 41770: -------#####--Success Factor ID:- 1504--------
12/8/2020 4:32:52 PM---Messages--:-#####--Claim ID:- 41399: -------#####--Success Factor ID:- 1672--------
12/8/2020 4:32:52 PM---Messages--:-#####--Claim ID:- 41447: -------#####--Success Factor ID:- 1506--------
12/8/2020 4:32:52 PM---Messages--:-#####--Claim ID:- 41469: -------#####--Success Factor ID:- 1566--------
12/8/2020 4:32:53 PM---Messages--:-#####--Claim ID:- 41522: -------#####--Success Factor ID:- 539--------
12/8/2020 4:32:53 PM---Messages--:-#####--Claim ID:- 41524: -------#####--Success Factor ID:- 539--------
12/8/2020 4:32:53 PM---Messages--:-#####--Claim ID:- 41541: -------#####--Success Factor ID:- 134--------
12/8/2020 4:32:53 PM---Messages--:-#####--Claim ID:- 41545: -------#####--Success Factor ID:- 1716--------
12/8/2020 4:32:53 PM---Messages--:-#####--Claim ID:- 41616: -------#####--Success Factor ID:- 1688--------
12/8/2020 4:32:53 PM---Messages--:-#####--Claim ID:- 41416: -------#####--Success Factor ID:- 1779--------
12/8/2020 4:32:53 PM---Messages--:-#####--Claim ID:- 41415: -------#####--Success Factor ID:- 1779--------
12/8/2020 4:32:53 PM---Messages--:-#####--Claim ID:- 41419: -------#####--Success Factor ID:- 1779--------
12/8/2020 4:32:53 PM---Messages--:-#####--Claim ID:- 41414: -------#####--Success Factor ID:- 1779--------
12/8/2020 4:32:53 PM---Messages--:-#####--Claim ID:- 41418: -------#####--Success Factor ID:- 1779--------
12/8/2020 4:32:53 PM---Messages--:-#####--Claim ID:- 41417: -------#####--Success Factor ID:- 1779--------
12/8/2020 4:32:53 PM---Messages--:-#####--Claim ID:- 41361: -------#####--Success Factor ID:- 1779--------
12/8/2020 4:32:53 PM---Messages--:-#####--Claim ID:- 40395: -------#####--Success Factor ID:- 1430--------
12/8/2020 4:32:54 PM---Messages--:-#####--Claim ID:- 41085: -------#####--Success Factor ID:- 1326--------
12/8/2020 4:32:54 PM---Messages--:-#####--Claim ID:- 41356: -------#####--Success Factor ID:- 1822--------
12/8/2020 4:32:54 PM---Messages--:-#####--Claim ID:- 41022: -------#####--Success Factor ID:- 1768--------
12/8/2020 4:32:54 PM---Messages--:-#####--Claim ID:- 41587: -------#####--Success Factor ID:- 1750--------
12/8/2020 4:32:54 PM---Messages--:-#####--Claim ID:- 41585: -------#####--Success Factor ID:- 1750--------
12/8/2020 4:32:54 PM---Messages--:-#####--Claim ID:- 41573: -------#####--Success Factor ID:- 1643--------
12/8/2020 4:32:54 PM---Messages--:-#####--Claim ID:- 41941: -------#####--Success Factor ID:- 1643--------
12/8/2020 4:32:54 PM---Messages--:-#####--Claim ID:- 41940: -------#####--Success Factor ID:- 1643--------
12/8/2020 4:32:54 PM---Messages--:-#####--Claim ID:- 41576: -------#####--Success Factor ID:- 1643--------
12/8/2020 4:32:54 PM---Messages--:-#####--Claim ID:- 41577: -------#####--Success Factor ID:- 1643--------
12/8/2020 4:32:54 PM---Messages--:-#####--Claim ID:- 41550: -------#####--Success Factor ID:- 1839--------
12/8/2020 4:32:54 PM---Messages--:-#####--Claim ID:- 41551: -------#####--Success Factor ID:- 1839--------
12/8/2020 4:32:54 PM---Messages--:-#####--Claim ID:- 41547: -------#####--Success Factor ID:- 1839--------
12/8/2020 4:32:54 PM---Messages--:-#####--Claim ID:- 41555: -------#####--Success Factor ID:- 1839--------
12/8/2020 4:32:55 PM---Messages--:-#####--Claim ID:- 40696: -------#####--Success Factor ID:- 1811--------
12/8/2020 4:32:55 PM---Messages--:-#####--Claim ID:- 40694: -------#####--Success Factor ID:- 1811--------
12/8/2020 4:32:55 PM---Messages--:-#####--Claim ID:- 40692: -------#####--Success Factor ID:- 1811--------
12/8/2020 4:32:55 PM---Messages--:-#####--Claim ID:- 40686: -------#####--Success Factor ID:- 1805--------
12/8/2020 4:32:55 PM---Messages--:-#####--Claim ID:- 40683: -------#####--Success Factor ID:- 1805--------
12/8/2020 4:32:55 PM---Messages--:-#####--Claim ID:- 40681: -------#####--Success Factor ID:- 1805--------
12/8/2020 4:32:55 PM---Messages--:-#####--Claim ID:- 41529: -------#####--Success Factor ID:- 1494--------
12/8/2020 4:32:55 PM---Messages--:-#####--Claim ID:- 41289: -------#####--Success Factor ID:- 1656--------
12/8/2020 4:32:55 PM---Messages--:-#####--Claim ID:- 40175: -------#####--Success Factor ID:- 1656--------
12/8/2020 4:32:55 PM---Messages--:-#####--Claim ID:- 41287: -------#####--Success Factor ID:- 1656--------
12/8/2020 4:32:55 PM---Messages--:-#####--Claim ID:- 41895: -------#####--Success Factor ID:- 1503--------
12/8/2020 4:32:55 PM---Messages--:-#####--Claim ID:- 41893: -------#####--Success Factor ID:- 1503--------
12/8/2020 4:32:55 PM---Messages--:-#####--Claim ID:- 41265: -------#####--Success Factor ID:- 597--------
12/8/2020 4:32:55 PM---Messages--:-#####--Claim ID:- 41258: -------#####--Success Factor ID:- 597--------
12/8/2020 4:32:55 PM---Messages--:-#####--Claim ID:- 41260: -------#####--Success Factor ID:- 597--------
12/8/2020 4:32:56 PM---Messages--:-#####--Claim ID:- 41254: -------#####--Success Factor ID:- 1574--------
12/8/2020 4:32:56 PM---Messages--:-#####--Claim ID:- 41252: -------#####--Success Factor ID:- 1574--------
12/8/2020 4:32:56 PM---Messages--:-#####--Claim ID:- 41251: -------#####--Success Factor ID:- 1574--------
12/8/2020 4:32:56 PM---Messages--:-#####--Claim ID:- 41867: -------#####--Success Factor ID:- 1227--------
12/8/2020 4:32:56 PM---Messages--:-#####--Claim ID:- 41865: -------#####--Success Factor ID:- 1227--------
12/8/2020 4:32:56 PM---Messages--:-#####--Claim ID:- 41863: -------#####--Success Factor ID:- 1227--------
12/8/2020 4:32:56 PM---Messages--:-#####--Claim ID:- 41433: -------#####--Success Factor ID:- 1552--------
12/8/2020 4:32:56 PM---Messages--:-#####--Claim ID:- 41393: -------#####--Success Factor ID:- 1569--------
12/8/2020 4:32:56 PM---Messages--:-#####--Claim ID:- 41983: -------#####--Success Factor ID:- 1375--------
12/8/2020 4:32:56 PM---Messages--:-#####--Claim ID:- 41397: -------#####--Success Factor ID:- DT099--------
12/8/2020 4:32:56 PM---Messages--:-#####--Claim ID:- 40866: -------#####--Success Factor ID:- SRMT337--------
12/8/2020 4:32:57 PM---Messages--:-#####--Claim ID:- 39551: -------#####--Success Factor ID:- 1511--------
12/8/2020 4:32:57 PM---Messages--:-#####--Claim ID:- 40598: -------#####--Success Factor ID:- 1689--------
12/8/2020 4:32:57 PM---Messages--:-#####--Claim ID:- 41970: -------#####--Success Factor ID:- 1836--------
12/8/2020 4:32:57 PM---Messages--:-#####--Claim ID:- 40842: -------#####--Success Factor ID:- 1745--------
12/8/2020 4:32:57 PM---Messages--:-#####--Claim ID:- 40399: -------#####--Success Factor ID:- 1774--------
12/8/2020 4:32:57 PM---Messages--:-#####--Claim ID:- 41349: -------#####--Success Factor ID:- 1212--------
12/8/2020 4:32:57 PM---Messages--:-#####--Claim ID:- 41395: -------#####--Success Factor ID:- 1586--------
12/8/2020 4:32:57 PM---Messages--:-#####--Claim ID:- 41553: -------#####--Success Factor ID:- 1652--------
12/8/2020 4:32:58 PM---Messages--:-#####--Claim ID:- 41481: -------#####--Success Factor ID:- 1515--------
12/8/2020 4:32:58 PM---Messages--:-#####--Claim ID:- 41537: -------#####--Success Factor ID:- 1322--------
12/8/2020 4:32:58 PM---Messages--:-#####--Claim ID:- 40872: -------#####--Success Factor ID:- 1532--------
12/8/2020 4:32:58 PM---Messages--:-#####--Claim ID:- 41391: -------#####--Success Factor ID:- 1415--------
12/8/2020 4:32:58 PM---Messages--:-#####--Claim ID:- 41407: -------#####--Success Factor ID:- 374--------
12/8/2020 4:32:58 PM---Messages--:-#####--Claim ID:- 41423: -------#####--Success Factor ID:- 769--------
12/8/2020 4:32:58 PM---Messages--:-#####--Claim ID:- 41439: -------#####--Success Factor ID:- 1531--------
12/8/2020 4:32:58 PM---Messages--:-#####--Claim ID:- 40719: -------#####--Success Factor ID:- 1016--------
12/8/2020 4:32:59 PM---Messages--:-#####--Claim ID:- 40705: -------#####--Success Factor ID:- 1421--------
12/8/2020 4:32:59 PM---Messages--:-#####--Claim ID:- 41677: -------#####--Success Factor ID:- 1817--------
12/8/2020 4:32:59 PM---Messages--:-#####--Claim ID:- 41389: -------#####--Success Factor ID:- 1823--------
12/8/2020 4:32:59 PM---Messages--:-#####--Claim ID:- 41686: -------#####--Success Factor ID:- 1697--------
12/8/2020 4:32:59 PM---Messages--:-#####--Claim ID:- 41877: -------#####--Success Factor ID:- 1845--------
12/8/2020 4:32:59 PM---Messages--:-#####--Claim ID:- 41714: -------#####--Success Factor ID:- 1502--------
12/8/2020 4:32:59 PM---Messages--:-#####--Claim ID:- 41471: -------#####--Success Factor ID:- 1296--------
12/8/2020 4:33:00 PM---Messages--:-#####--Claim ID:- 41787: -------#####--Success Factor ID:- 1182--------
12/8/2020 4:33:00 PM---Messages--:-#####--Claim ID:- 41429: -------#####--Success Factor ID:- 509--------
12/8/2020 4:33:00 PM---Messages--:Adding Success Factor: -------
12/8/2020 4:33:01 PM---Messages--:Success Factor is added successfully: -------------------
12/8/2020 4:52:44 PM---Messages--:****************************: ################NEW CONNECTION###############***********************
12/8/2020 4:52:44 PM---Messages--:Connected With   : Database :- Z_TEST_Company_31_10_2020
12/8/2020 4:52:58 PM---Messages--:Adding Success Factor: -------
12/8/2020 4:52:58 PM---Messages--:ExecuteDataSet: Incorrect syntax near 'VALUES'.
12/8/2020 4:52:58 PM---Messages--:ExecuteDataSet: Incorrect syntax near 'VALUES'.
12/8/2020 4:52:58 PM---Messages--:Success Factor is added successfully: -------------------
12/8/2020 5:07:19 PM---Messages--:****************************: ################NEW CONNECTION###############***********************
12/8/2020 5:07:20 PM---Messages--:Connected With   : Database :- Z_TEST_Company_31_10_2020
12/8/2020 5:08:52 PM---Messages--:Adding Success Factor: -------
12/8/2020 5:08:52 PM---Messages--:ExecuteDataSet: Incorrect syntax near 'VALUES'.
12/8/2020 5:08:52 PM---Messages--:ExecuteDataSet: Incorrect syntax near 'VALUES'.
12/8/2020 5:08:52 PM---Messages--:Success Factor is added successfully: -------------------
12/8/2020 5:21:55 PM---Messages--:****************************: ################NEW CONNECTION###############***********************
12/8/2020 5:21:55 PM---Messages--:Connected With   : Database :- Z_TEST_Company_31_10_2020
